iteration,date,time,measurement_period,machine/VNF,sys_cpu,totalmem,availablemem,percentmem,usedmem,freemem,activemem,inactivemem,buffers,cached,shared
0,2022-01-25,17:24:32,0.5,LocalHost,11.4,16664068096,757243904,95.5,14877179904,167268352,5813788672,571777024,111554560,1508065280,694693888
1,2022-01-25,17:24:33,0.5,LocalHost,12.8,16664068096,755974144,95.5,14880542720,399097856,5816045568,340877312,111583232,1272844288,694677504
2,2022-01-25,17:24:33,0.5,LocalHost,15.5,16664068096,758874112,95.4,14876717056,398102528,5813248000,343793664,112132096,1277116416,694943744
3,2022-01-25,17:24:34,0.5,LocalHost,15.8,16664068096,752906240,95.5,14882586624,383537152,5821644800,351719424,112422912,1285521408,695275520
4,2022-01-25,17:24:34,0.5,LocalHost,21.2,16664068096,751431680,95.5,14883926016,378851328,5824622592,353611776,113168384,1288122368,695275520
5,2022-01-25,17:24:35,0.5,LocalHost,19.8,16664068096,751083520,95.5,14884810752,374374400,5827043328,356188160,113594368,1291288576,695275520
6,2022-01-25,17:24:35,0.5,LocalHost,14.1,16664068096,742490112,95.5,14893043712,359464960,5836337152,361353216,113610752,1297948672,695275520
7,2022-01-25,17:24:36,0.5,LocalHost,14.3,16664068096,737693696,95.6,14897758208,347873280,5841723392,367104000,113614848,1304821760,695275520
8,2022-01-25,17:24:36,0.5,LocalHost,13.6,16664068096,722026496,95.7,14913314816,327962624,5857882112,370135040,113627136,1309163520,695275520
9,2022-01-25,17:24:37,0.5,LocalHost,13.2,16664068096,719757312,95.7,14916026368,320770048,5861916672,373772288,113934336,1313337344,695275520
10,2022-01-25,17:24:37,0.5,LocalHost,10.3,16664068096,717377536,95.7,14917844992,313417728,5864099840,377356288,114233344,1318572032,695275520
11,2022-01-25,17:24:38,0.5,LocalHost,9.4,16664068096,730341376,95.6,14903992320,323100672,5855752192,375910400,114397184,1322577920,695275520
12,2022-01-25,17:24:38,0.5,LocalHost,16.8,16664068096,729853952,95.6,14903808000,319676416,5857558528,376934400,114536448,1326047232,695275520
13,2022-01-25,17:24:39,0.5,LocalHost,12.1,16664068096,740327424,95.6,14894841856,326569984,5861613568,377671680,114655232,1328001024,694472704
14,2022-01-25,17:24:39,0.5,LocalHost,17.5,16664068096,735207424,95.6,14899093504,309182464,5875257344,377647104,114663424,1341128704,695005184
15,2022-01-25,17:24:40,0.5,LocalHost,20.7,16664068096,733261824,95.6,14901063680,287076352,5905231872,372178944,114671616,1361256448,695271424
16,2022-01-25,17:24:40,0.5,LocalHost,24.2,16664068096,728473600,95.6,14905847808,282288128,5938245632,343957504,114671616,1361260544,695271424
17,2022-01-25,17:24:41,0.5,LocalHost,17.9,16664068096,1032372224,93.8,14592647168,585547776,5633175552,332591104,115097600,1370775552,704245760
18,2022-01-25,17:24:41,0.5,LocalHost,22.4,16664068096,1029115904,93.8,14596177920,581279744,5635018752,332689408,115798016,1370812416,704274432
19,2022-01-25,17:24:42,0.5,LocalHost,35.7,16664068096,1021665280,93.9,14595866624,572461056,5635760128,333017088,116228096,1379512320,712261632
20,2022-01-25,17:24:42,0.5,LocalHost,38.0,16664068096,1020346368,93.9,14597185536,571142144,5635760128,333017088,116244480,1379495936,712261632
21,2022-01-25,17:24:43,0.5,LocalHost,35.6,16664068096,1021755392,93.9,14595661824,572190720,5636317184,333312000,116281344,1379934208,712376320
22,2022-01-25,17:24:43,0.5,LocalHost,38.1,16664068096,1018753024,93.9,14598000640,569188352,5635518464,333312000,116281344,1380597760,712642560
23,2022-01-25,17:24:44,0.5,LocalHost,36.3,16664068096,1026396160,93.8,14598082560,576405504,5636444160,333455360,116281344,1373298688,705183744
24,2022-01-25,17:24:44,0.5,LocalHost,34.2,16664068096,1025937408,93.8,14597763072,572751872,5639639040,333721600,116281344,1377271808,705183744
25,2022-01-25,17:24:45,0.5,LocalHost,39.9,16664068096,1026793472,93.8,14598762496,571731968,5641080832,334352384,116281344,1377292288,704237568
26,2022-01-25,17:24:45,0.5,LocalHost,44.4,16664068096,995811328,94.0,14604345344,536489984,5647736832,338612224,116289536,1406943232,728997888
27,2022-01-25,17:24:46,0.5,LocalHost,48.4,16664068096,972324864,94.2,14603546624,511930368,5648281600,339570688,116293632,1432297472,753922048
28,2022-01-25,17:24:46,0.5,LocalHost,35.5,16664068096,969142272,94.2,14604599296,508747776,5648015360,339570688,116293632,1434427392,755785728
29,2022-01-25,17:24:47,0.5,LocalHost,17.2,16664068096,978898944,94.1,14605328384,518336512,5647110144,339759104,116293632,1424109568,745537536
30,2022-01-25,17:24:47,0.5,LocalHost,17.8,16664068096,970936320,94.2,14605144064,510267392,5647155200,339824640,116318208,1432338432,753364992
31,2022-01-25,17:24:48,0.5,LocalHost,12.0,16664068096,969179136,94.2,14606999552,507731968,5647609856,340586496,116342784,1432993792,753557504
32,2022-01-25,17:24:48,0.5,LocalHost,21.1,16664068096,981049344,94.1,14605058048,517541888,5673086976,316481536,116367360,1425100800,743759872
33,2022-01-25,17:24:49,0.5,LocalHost,10.9,16664068096,979124224,94.1,14606917632,514543616,5673811968,317153280,116367360,1426239488,743702528
34,2022-01-25,17:24:49,0.5,LocalHost,9.9,16664068096,1005010944,94.0,14607118336,540430336,5673811968,317153280,116367360,1400152064,717611008
35,2022-01-25,17:24:50,0.5,LocalHost,11.5,16664068096,993501184,94.0,14606409728,528719872,5673738240,317349888,116367360,1412571136,729657344
36,2022-01-25,17:24:50,0.5,LocalHost,17.5,16664068096,993001472,94.0,14605172736,527335424,5673840640,318459904,116367360,1415192576,731533312
37,2022-01-25,17:24:51,0.5,LocalHost,13.9,16664068096,992849920,94.0,14605111296,526761984,5673943040,318636032,116367360,1415827456,731611136
38,2022-01-25,17:24:51,0.5,LocalHost,12.3,16664068096,1017368576,93.9,14606450688,551358464,5673582592,318898176,116379648,1389879296,705712128
39,2022-01-25,17:24:52,0.5,LocalHost,21.6,16664068096,999591936,94.0,14605488128,533098496,5673992192,319201280,116379648,1409101824,724574208
40,2022-01-25,17:24:52,0.5,LocalHost,17.4,16664068096,1009876992,93.9,14603157504,542707712,5673648128,320208896,116379648,1401823232,715608064
41,2022-01-25,17:24:53,0.5,LocalHost,19.5,16664068096,999346176,94.0,14604509184,530051072,5674160128,321761280,116535296,1412972544,725823488
42,2022-01-25,17:24:53,0.5,LocalHost,21.7,16664068096,999272448,94.0,14603800576,528883712,5674569728,322445312,116686848,1414696960,725823488
43,2022-01-25,17:24:54,0.5,LocalHost,15.8,16664068096,993800192,94.0,14603001856,522117120,5675188224,323244032,116719616,1422229504,732839936
44,2022-01-25,17:24:54,0.5,LocalHost,12.8,16664068096,993972224,94.0,14602817536,522280960,5674921984,323252224,116719616,1422249984,732839936
45,2022-01-25,17:24:55,0.5,LocalHost,5.9,16664068096,994029568,94.0,14602768384,522182656,5674926080,323375104,116719616,1422397440,732839936
46,2022-01-25,17:24:55,0.5,LocalHost,8.0,16664068096,1021931520,93.9,14605377536,550424576,5674905600,323379200,116703232,1391562752,702488576
47,2022-01-25,17:24:56,0.5,LocalHost,9.2,16664068096,1021644800,93.9,14605557760,550117376,5674921984,323293184,116703232,1391689728,702472192
48,2022-01-25,17:24:56,0.5,LocalHost,9.4,16664068096,1008619520,93.9,14605008896,537063424,5674774528,323321856,116703232,1405292544,716050432
49,2022-01-25,17:24:57,0.5,LocalHost,10.5,16664068096,1005518848,94.0,14605283328,533700608,5674926080,323563520,116719616,1408364544,718868480
50,2022-01-25,17:24:57,0.5,LocalHost,11.6,16664068096,1006178304,94.0,14604648448,534237184,5674926080,323686400,116719616,1408462848,718872576
51,2022-01-25,17:24:58,0.5,LocalHost,8.8,16664068096,1005719552,94.0,14605152256,533385216,5674774528,324079616,116719616,1408811008,718872576
52,2022-01-25,17:24:58,0.5,LocalHost,10.7,16664068096,1008087040,94.0,14605398016,535752704,5675040768,324079616,116736000,1406181376,716210176
53,2022-01-25,17:24:59,0.5,LocalHost,19.3,16664068096,999874560,94.0,14608097280,525623296,5679775744,321581056,116752384,1413595136,721391616
54,2022-01-25,17:24:59,0.5,LocalHost,14.3,16664068096,1000329216,94.0,14607663104,525660160,5679599616,322072576,116776960,1413967872,721530880
55,2022-01-25,17:25:00,0.5,LocalHost,14.6,16664068096,999981056,94.0,14606774272,523665408,5679415296,322473984,116776960,1416851456,721911808
56,2022-01-25,17:25:00,0.5,LocalHost,17.2,16664068096,1000611840,94.0,14606585856,524632064,5678370816,322482176,116768768,1416081408,721379328
57,2022-01-25,17:25:01,0.5,LocalHost,17.9,16664068096,1000333312,94.0,14606475264,524394496,5678297088,322560000,116768768,1416429568,721993728
58,2022-01-25,17:25:01,0.5,LocalHost,18.3,16664068096,1020530688,93.9,14606737408,545423360,5677740032,322560000,116768768,1395138560,702291968
59,2022-01-25,17:25:02,0.5,LocalHost,15.2,16664068096,1003118592,94.0,14604804096,528113664,5678174208,322314240,116768768,1414381568,721444864
60,2022-01-25,17:25:02,0.5,LocalHost,18.6,16664068096,1021087744,93.9,14605946880,543186944,5677584384,325545984,116912128,1398022144,702279680
61,2022-01-25,17:25:03,0.5,LocalHost,15.4,16664068096,1042984960,93.7,14583087104,564781056,5655183360,325713920,116912128,1399287808,703180800
62,2022-01-25,17:25:03,0.5,LocalHost,9.0,16664068096,1043263488,93.7,14582800384,564903936,5655183360,325869568,116920320,1399443456,703180800
63,2022-01-25,17:25:04,0.5,LocalHost,11.4,16664068096,1029050368,93.8,14583447552,550518784,5655326720,326021120,116936704,1413165056,716877824
64,2022-01-25,17:25:04,0.5,LocalHost,12.8,16664068096,1029713920,93.8,14583316480,551182336,5655326720,326021120,116953088,1412616192,716345344
65,2022-01-25,17:25:05,0.5,LocalHost,18.8,16664068096,1029820416,93.8,14583529472,551251968,5655359488,326037504,116977664,1412308992,716025856
66,2022-01-25,17:25:05,0.5,LocalHost,22.2,16664068096,1043185664,93.7,14584635392,565321728,5655060480,326037504,116973568,1397137408,702181376
67,2022-01-25,17:25:06,0.5,LocalHost,15.5,16664068096,1026228224,93.8,14584676352,548483072,5655154688,325816320,116973568,1413935104,718798848
68,2022-01-25,17:25:06,0.5,LocalHost,13.8,16664068096,1042903040,93.7,14584840192,565624832,5654818816,325816320,116973568,1396629504,702291968
69,2022-01-25,17:25:07,0.5,LocalHost,7.9,16664068096,1028423680,93.8,14585118720,551321600,5654929408,325607424,116973568,1410654208,716292096
70,2022-01-25,17:25:07,0.5,LocalHost,19.4,16664068096,1028866048,93.8,14582820864,552075264,5654589440,325607424,116969472,1412202496,718569472
71,2022-01-25,17:25:08,0.5,LocalHost,9.1,16664068096,1028272128,93.8,14582714368,551612416,5654519808,325484544,116985856,1412755456,718807040
72,2022-01-25,17:25:08,0.5,LocalHost,12.6,16664068096,1043329024,93.7,14584025088,567341056,5654241280,325132288,116981760,1395720192,702300160
73,2022-01-25,17:25:09,0.5,LocalHost,12.6,16664068096,1043406848,93.7,14583959552,567304192,5654179840,325128192,116989952,1395814400,702443520
74,2022-01-25,17:25:09,0.5,LocalHost,20.7,16664068096,1041985536,93.7,14584721408,564408320,5655244800,326590464,116998144,1397940224,702443520
75,2022-01-25,17:25:10,0.5,LocalHost,10.2,16664068096,1023602688,93.9,14582583296,544894976,5655285760,327024640,117161984,1419427840,723615744
76,2022-01-25,17:25:10,0.5,LocalHost,19.7,16664068096,1025314816,93.8,14582894592,546914304,5655011328,327028736,117174272,1417084928,721801216
77,2022-01-25,17:25:11,0.5,LocalHost,17.0,16664068096,1024761856,93.9,14582931456,546635776,5655252992,326811648,117174272,1417326592,722194432
78,2022-01-25,17:25:11,0.5,LocalHost,16.1,16664068096,1025224704,93.8,14582439936,547098624,5655044096,326811648,117174272,1417355264,722223104
79,2022-01-25,17:25:12,0.5,LocalHost,12.8,16664068096,1025224704,93.8,14582448128,547090432,5655203840,326811648,117174272,1417355264,722223104
80,2022-01-25,17:25:12,0.5,LocalHost,18.0,16664068096,1018482688,93.9,14582546432,540348416,5655203840,326811648,117174272,1423998976,728866816
81,2022-01-25,17:25:13,0.5,LocalHost,8.7,16664068096,1018568704,93.9,14582431744,540434432,5655187456,326811648,117174272,1424027648,728895488
82,2022-01-25,17:25:13,0.5,LocalHost,9.0,16664068096,1044221952,93.7,14583246848,566775808,5654585344,326463488,117186560,1396858880,702537728
83,2022-01-25,17:25:14,0.5,LocalHost,15.3,16664068096,1044099072,93.7,14583410688,566702080,5654409216,326328320,117186560,1396768768,702447616
84,2022-01-25,17:25:14,0.5,LocalHost,8.4,16664068096,1044090880,93.7,14583304192,566693888,5654532096,326328320,117186560,1396883456,702562304
85,2022-01-25,17:25:15,0.5,LocalHost,10.2,16664068096,1043681280,93.7,14583427072,566284288,5654618112,326328320,117194752,1397161984,702836736
86,2022-01-25,17:25:15,0.5,LocalHost,16.1,16664068096,1043812352,93.7,14583287808,566415360,5654618112,326328320,117227520,1397137408,702836736
87,2022-01-25,17:25:16,0.5,LocalHost,15.7,16664068096,1043587072,93.7,14583304192,566169600,5654470656,326332416,117227520,1397366784,703041536
88,2022-01-25,17:25:17,0.5,LocalHost,10.8,16664068096,1043804160,93.7,14583328768,566386688,5654257664,326332416,117235712,1397116928,702799872
89,2022-01-25,17:25:17,0.5,LocalHost,13.1,16664068096,1043501056,93.7,14583394304,566059008,5654622208,326332416,117235712,1397379072,703053824
90,2022-01-25,17:25:18,0.5,LocalHost,10.6,16664068096,1043931136,93.7,14582964224,566489088,5654622208,326332416,117235712,1397379072,703053824
91,2022-01-25,17:25:18,0.5,LocalHost,11.1,16664068096,1028280320,93.8,14582816768,550838272,5654573056,326332416,117235712,1413177344,718852096
92,2022-01-25,17:25:19,0.5,LocalHost,17.8,16664068096,1029967872,93.8,14583099392,553148416,5654269952,326045696,117231616,1410588672,717058048
93,2022-01-25,17:25:19,0.5,LocalHost,6.9,16664068096,1029828608,93.8,14582247424,553078784,5653979136,326041600,117239808,1411502080,717864960
94,2022-01-25,17:25:20,0.5,LocalHost,13.7,16664068096,1017462784,93.9,14582317056,540712960,5653979136,326041600,117252096,1423785984,730152960
95,2022-01-25,17:25:20,0.5,LocalHost,18.4,16664068096,1018421248,93.9,14581190656,540114944,5657157632,325111808,117252096,1425510400,730554368
96,2022-01-25,17:25:21,0.5,LocalHost,13.2,16664068096,1017102336,93.9,14583738368,538386432,5657255936,325414912,117260288,1424683008,728969216
97,2022-01-25,17:25:21,0.5,LocalHost,13.8,16664068096,1017417728,93.9,14581567488,538439680,5657104384,325632000,117293056,1426767872,730796032
98,2022-01-25,17:25:22,0.5,LocalHost,8.9,16664068096,1017389056,93.9,14581657600,538411008,5657124864,325632000,117293056,1426706432,730726400
99,2022-01-25,17:25:22,0.5,LocalHost,14.6,16664068096,1015435264,93.9,14582829056,536453120,5657059328,325636096,117301248,1427484672,731500544
100,2022-01-25,17:25:23,0.5,LocalHost,16.4,16664068096,1043992576,93.7,14584004608,565362688,5656973312,325636096,117305344,1397395456,701947904
101,2022-01-25,17:25:23,0.5,LocalHost,12.1,16664068096,1031385088,93.8,14583496704,552472576,5657718784,325984256,117448704,1410650112,715001856
102,2022-01-25,17:25:24,0.5,LocalHost,21.2,16664068096,1026822144,93.8,14582931456,548245504,5657419776,325984256,117444608,1415446528,720592896
103,2022-01-25,17:25:24,0.5,LocalHost,16.7,16664068096,1025646592,93.8,14582849536,547536896,5657075712,325763072,117444608,1416237056,721518592
104,2022-01-25,17:25:25,0.5,LocalHost,15.6,16664068096,1042681856,93.7,14585339904,564903936,5656764416,325767168,117448704,1396375552,702447616
105,2022-01-25,17:25:25,0.5,LocalHost,12.5,16664068096,1043410944,93.7,14584020992,565981184,5656629248,325550080,117448704,1396617216,702582784
106,2022-01-25,17:25:26,0.5,LocalHost,7.4,16664068096,1025396736,93.8,14583930880,547966976,5656363008,325550080,117448704,1414721536,720687104
107,2022-01-25,17:25:26,0.5,LocalHost,10.7,16664068096,1019854848,93.9,14583885824,542425088,5656301568,325550080,117456896,1420300288,726265856
108,2022-01-25,17:25:27,0.5,LocalHost,8.8,16664068096,1043062784,93.7,14585331712,566095872,5656002560,325545984,117469184,1395171328,702214144
109,2022-01-25,17:25:27,0.5,LocalHost,14.6,16664068096,1025630208,93.8,14584004608,549007360,5655891968,325324800,117477376,1413578752,720502784
110,2022-01-25,17:25:28,0.5,LocalHost,18.8,16664068096,1022955520,93.9,14583840768,546623488,5654757376,325427200,117481472,1416122368,723218432
111,2022-01-25,17:25:28,0.5,LocalHost,11.8,16664068096,1022631936,93.9,14583701504,546078720,5654790144,325632000,117481472,1416806400,723820544
112,2022-01-25,17:25:29,0.5,LocalHost,10.9,16664068096,1043468288,93.7,14584487936,567107584,5654511616,325636096,117477376,1394995200,702255104
113,2022-01-25,17:25:29,0.5,LocalHost,10.7,16664068096,1025122304,93.8,14582620160,549101568,5654450176,325414912,117477376,1414868992,722255872
114,2022-01-25,17:25:30,0.5,LocalHost,8.4,16664068096,1045532672,93.7,14582542336,569827328,5654138880,325414912,117469184,1394229248,702402560
115,2022-01-25,17:25:30,0.5,LocalHost,18.0,16664068096,1045340160,93.7,14582214656,569884672,5654056960,325300224,117485568,1394483200,702431232
116,2022-01-25,17:25:31,0.5,LocalHost,15.5,16664068096,1045962752,93.7,14581211136,567468032,5654093824,328040448,117485568,1397903360,702435328
117,2022-01-25,17:25:31,0.5,LocalHost,15.4,16664068096,1044668416,93.7,14582603776,565354496,5654634496,328540160,117485568,1398624256,702636032
118,2022-01-25,17:25:32,0.5,LocalHost,15.2,16664068096,1044897792,93.7,14582366208,565583872,5654634496,328540160,117501952,1398616064,702636032
119,2022-01-25,17:25:32,0.5,LocalHost,12.9,16664068096,1044676608,93.7,14582562816,565354496,5654540288,328540160,117526528,1398624256,702636032
120,2022-01-25,17:25:33,0.5,LocalHost,18.3,16664068096,1025662976,93.8,14583558144,547119104,5654327296,328216576,117530624,1415860224,720945152
121,2022-01-25,17:25:33,0.5,LocalHost,13.2,16664068096,1025236992,93.8,14583259136,546672640,5654499328,328085504,117547008,1416589312,721555456
122,2022-01-25,17:25:34,0.5,LocalHost,15.8,16664068096,1026990080,93.8,14582140928,549113856,5654241280,327737344,117542912,1415270400,720764928
123,2022-01-25,17:25:34,0.5,LocalHost,16.3,16664068096,1026457600,93.8,14582173696,548597760,5654081536,327798784,117542912,1415753728,721444864
124,2022-01-25,17:25:35,0.5,LocalHost,15.5,16664068096,1044512768,93.7,14583398400,567341056,5653475328,327450624,117538816,1395789824,702275584
125,2022-01-25,17:25:35,0.5,LocalHost,14.6,16664068096,1029918720,93.8,14581411840,552812544,5653671936,327327744,117538816,1412304896,718745600
126,2022-01-25,17:25:36,0.5,LocalHost,13.8,16664068096,1029316608,93.8,14581735424,551936000,5653762048,327327744,117555200,1412841472,718745600
127,2022-01-25,17:25:36,0.5,LocalHost,23.0,16664068096,1011728384,93.9,14581436416,534323200,5654544384,327327744,117587968,1430720512,736219136
128,2022-01-25,17:25:37,0.5,LocalHost,20.6,16664068096,1044336640,93.7,14583676928,567545856,5654380544,327041024,117596160,1395249152,701816832
129,2022-01-25,17:25:37,0.5,LocalHost,29.2,16664068096,1034915840,93.8,14583009280,556490752,5655248896,328712192,117612544,1406955520,711942144
130,2022-01-25,17:25:38,0.5,LocalHost,20.5,16664068096,1033555968,93.8,14583169024,553316352,5656215552,330510336,117665792,1409916928,712474624
131,2022-01-25,17:25:38,0.5,LocalHost,25.6,16664068096,1009111040,93.9,14583615488,526221312,5657341952,332701696,117841920,1436389376,736612352
132,2022-01-25,17:25:39,0.5,LocalHost,25.7,16664068096,1037369344,93.8,14585724928,553861120,5660045312,333545472,118030336,1406451712,705720320
133,2022-01-25,17:25:39,0.5,LocalHost,23.0,16664068096,1032998912,93.8,14590181376,547094528,5665275904,335048704,119115776,1407676416,706342912
134,2022-01-25,17:25:40,0.5,LocalHost,26.2,16664068096,1030336512,93.8,14592151552,543039488,5668159488,335056896,120770560,1408106496,706342912
135,2022-01-25,17:25:40,0.5,LocalHost,25.2,16664068096,1044803584,93.7,14581981184,555466752,5658873856,335622144,120770560,1405849600,702881792
136,2022-01-25,17:25:41,0.5,LocalHost,18.8,16664068096,1045811200,93.7,14581211136,556474368,5657759744,335622144,120770560,1405612032,702644224
137,2022-01-25,17:25:41,0.5,LocalHost,25.1,16664068096,1031925760,93.8,14594924544,540352512,5670572032,337772544,120786944,1408004096,702771200
138,2022-01-25,17:25:42,0.5,LocalHost,20.5,16664068096,1043533824,93.7,14583369728,551821312,5659582464,335765504,120803328,1408073728,702791680
139,2022-01-25,17:25:42,0.5,LocalHost,22.5,16664068096,1043759104,93.7,14583156736,551600128,5659402240,335941632,120803328,1408507904,702787584
140,2022-01-25,17:25:43,0.5,LocalHost,21.6,16664068096,1043042304,93.7,14583607296,550883328,5659262976,335941632,120803328,1408774144,703053824
141,2022-01-25,17:25:43,0.5,LocalHost,26.5,16664068096,1033527296,93.8,14584242176,541347840,5659291648,335945728,120811520,1417666560,711946240
142,2022-01-25,17:25:44,0.5,LocalHost,28.2,16664068096,1041354752,93.8,14585303040,549609472,5658857472,336211968,120823808,1408331776,702361600
143,2022-01-25,17:25:44,0.5,LocalHost,30.2,16664068096,1034235904,93.8,14584844288,541962240,5659066368,336699392,120832000,1416429568,710717440
144,2022-01-25,17:25:45,0.5,LocalHost,27.3,16664068096,1032863744,93.8,14585798656,540581888,5659078656,336699392,120832000,1416855552,711143424
145,2022-01-25,17:25:45,0.5,LocalHost,25.0,16664068096,1026600960,93.8,14584102912,534315008,5659078656,336703488,120832000,1424818176,719101952
146,2022-01-25,17:25:46,0.5,LocalHost,23.6,16664068096,1028472832,93.8,14583541760,536739840,5658923008,336687104,120827904,1422958592,718036992
147,2022-01-25,17:25:46,0.5,LocalHost,21.3,16664068096,1026834432,93.8,14583918592,535416832,5658525696,336302080,120836096,1423896576,719052800
148,2022-01-25,17:25:47,0.5,LocalHost,25.6,16664068096,1042509824,93.7,14583300096,551743488,5658185728,336257024,120848384,1408176128,704143360
149,2022-01-25,17:25:47,0.5,LocalHost,25.4,16664068096,1041465344,93.8,14583439360,550821888,5658177536,335966208,120848384,1408958464,704983040
150,2022-01-25,17:25:48,0.5,LocalHost,24.2,16664068096,1040764928,93.8,14582865920,550113280,5658185728,335966208,120848384,1410240512,706265088
151,2022-01-25,17:25:48,0.5,LocalHost,33.4,16664068096,1034027008,93.8,14581776384,543375360,5658230784,335966208,120848384,1418067968,714092544
152,2022-01-25,17:25:49,0.5,LocalHost,31.6,16664068096,1043931136,93.7,14583631872,553615360,5657694208,335966208,120852480,1405968384,702529536
153,2022-01-25,17:25:49,0.5,LocalHost,26.8,16664068096,1042206720,93.7,14583357440,552148992,5657837568,335749120,120860672,1407700992,704315392
154,2022-01-25,17:25:50,0.5,LocalHost,26.0,16664068096,1041440768,93.8,14582722560,551374848,5657849856,335749120,120868864,1409101824,705716224
155,2022-01-25,17:25:50,0.5,LocalHost,28.6,16664068096,1040707584,93.8,14583152640,550633472,5657931776,335749120,120868864,1409413120,706027520
156,2022-01-25,17:25:51,0.5,LocalHost,31.3,16664068096,1018785792,93.9,14583242752,528429056,5657960448,335749120,120868864,1431527424,727592960
157,2022-01-25,17:25:51,0.5,LocalHost,29.4,16664068096,1018544128,93.9,14583267328,528183296,5657870336,335749120,120868864,1431748608,727810048
158,2022-01-25,17:25:52,0.5,LocalHost,32.3,16664068096,1023107072,93.9,14591279104,532291584,5664714752,336814080,120872960,1419624448,715030528
159,2022-01-25,17:25:52,0.5,LocalHost,33.9,16664068096,1027710976,93.8,14586257408,535191552,5659926528,336367616,120889344,1421729792,715309056
160,2022-01-25,17:25:53,0.5,LocalHost,24.0,16664068096,1026789376,93.8,14586105856,534085632,5660114944,336400384,120889344,1422987264,716513280
161,2022-01-25,17:25:53,0.5,LocalHost,27.2,16664068096,1029918720,93.8,14585909248,536838144,5659897856,336519168,121024512,1420296192,713764864
162,2022-01-25,17:25:54,0.5,LocalHost,28.4,16664068096,1024962560,93.8,14585483264,532205568,5659832320,336519168,121016320,1425362944,719089664
163,2022-01-25,17:25:54,0.5,LocalHost,18.0,16664068096,1024557056,93.9,14585806848,531980288,5659312128,336437248,121032704,1425248256,719241216
164,2022-01-25,17:25:55,0.5,LocalHost,21.6,16664068096,1023971328,93.9,14585856000,531394560,5659312128,336437248,121049088,1425768448,719773696
165,2022-01-25,17:25:55,0.5,LocalHost,21.0,16664068096,1033007104,93.8,14585683968,540397568,5659402240,336441344,121065472,1416921088,710909952
166,2022-01-25,17:25:56,0.5,LocalHost,25.5,16664068096,1028984832,93.8,14586404864,536244224,5659578368,336453632,121204736,1420214272,714203136
167,2022-01-25,17:25:56,0.5,LocalHost,22.7,16664068096,1025245184,93.8,14585544704,532422656,5659418624,336506880,121204736,1424896000,718819328
168,2022-01-25,17:25:57,0.5,LocalHost,23.2,16664068096,1041788928,93.7,14585446400,549728256,5659217920,336224256,121200640,1407692800,702676992
169,2022-01-25,17:25:57,0.5,LocalHost,25.4,16664068096,1040547840,93.8,14585159680,548708352,5658927104,336273408,121225216,1408974848,704102400
170,2022-01-25,17:25:58,0.5,LocalHost,21.9,16664068096,1040183296,93.8,14584664064,548331520,5658767360,336277504,121233408,1409839104,704970752
171,2022-01-25,17:25:58,0.5,LocalHost,30.8,16664068096,1040248832,93.8,14584496128,548372480,5658644480,336265216,121233408,1409966080,705089536
172,2022-01-25,17:25:59,0.5,LocalHost,35.5,16664068096,1032286208,93.8,14584737792,540409856,5658644480,336265216,121233408,1417687040,712810496
173,2022-01-25,17:25:59,0.5,LocalHost,17.3,16664068096,1032142848,93.8,14584221696,540168192,5658525696,336265216,121233408,1418444800,713371648
174,2022-01-25,17:26:00,0.5,LocalHost,24.7,16664068096,1031524352,93.8,14584446976,539140096,5658566656,336265216,121249792,1419231232,713342976
175,2022-01-25,17:26:00,0.5,LocalHost,23.8,16664068096,1030942720,93.8,14584283136,537825280,5658591232,336343040,121266176,1420693504,713424896
176,2022-01-25,17:26:01,0.5,LocalHost,31.2,16664068096,1031421952,93.8,14584590336,538304512,5658591232,336609280,121282560,1419890688,712638464
177,2022-01-25,17:26:01,0.5,LocalHost,23.2,16664068096,1030991872,93.8,14585389056,537817088,5658447872,336343040,121282560,1419579392,712302592
178,2022-01-25,17:26:02,0.5,LocalHost,23.6,16664068096,1031364608,93.8,14585016320,538189824,5658447872,336343040,121282560,1419579392,712302592
179,2022-01-25,17:26:02,0.5,LocalHost,29.3,16664068096,1028018176,93.8,14586515456,534843392,5658873856,336289792,121282560,1421426688,714149888
180,2022-01-25,17:26:03,0.5,LocalHost,28.4,16664068096,1035833344,93.8,14586765312,543145984,5661777920,334073856,121303040,1412853760,705761280
181,2022-01-25,17:26:03,0.5,LocalHost,20.7,16664068096,1037299712,93.8,14585700352,543318016,5661057024,335290368,121311232,1413738496,706199552
182,2022-01-25,17:26:04,0.5,LocalHost,21.5,16664068096,1037049856,93.8,14585352192,543068160,5660880896,335290368,121311232,1414336512,706789376
183,2022-01-25,17:26:04,0.5,LocalHost,20.4,16664068096,1037291520,93.8,14585909248,543309824,5661155328,335290368,121311232,1413537792,705990656
184,2022-01-25,17:26:05,0.5,LocalHost,23.3,16664068096,1032613888,93.8,14586826752,539357184,5660409856,335327232,121307136,1416577024,709550080
185,2022-01-25,17:26:05,0.5,LocalHost,26.7,16664068096,1032753152,93.8,14586470400,539463680,5660262400,335200256,121323520,1416810496,709980160
186,2022-01-25,17:26:06,0.5,LocalHost,20.7,16664068096,1032658944,93.8,14586032128,539369472,5660262400,335200256,121339904,1417326592,710512640
187,2022-01-25,17:26:06,0.5,LocalHost,24.6,16664068096,1022459904,93.9,14585790464,529154048,5660229632,335204352,121356288,1427767296,720654336
188,2022-01-25,17:26:07,0.5,LocalHost,29.0,16664068096,1042862080,93.7,14585139200,551686144,5658456064,335204352,121348096,1405894656,701980672
189,2022-01-25,17:26:07,0.5,LocalHost,37.7,16664068096,1041940480,93.7,14584770560,550928384,5659119616,334782464,121348096,1407021056,703172608
190,2022-01-25,17:26:08,0.5,LocalHost,35.9,16664068096,1041182720,93.8,14584438784,550146048,5659119616,334782464,121356288,1408126976,704237568
191,2022-01-25,17:26:08,0.5,LocalHost,22.2,16664068096,1040887808,93.8,14584934400,549847040,5659189248,334786560,121380864,1407905792,704024576
192,2022-01-25,17:26:09,0.5,LocalHost,11.0,16664068096,1040875520,93.8,14584946688,549818368,5659246592,334807040,121380864,1407922176,704024576
193,2022-01-25,17:26:09,0.5,LocalHost,14.9,16664068096,1025765376,93.8,14583644160,534290432,5660786688,333451264,121663488,1424470016,720318464
194,2022-01-25,17:26:10,0.5,LocalHost,24.1,16664068096,1040252928,93.8,14587187200,548847616,5662097408,333828096,122380288,1405652992,702095360
195,2022-01-25,17:26:10,0.5,LocalHost,26.5,16664068096,1038491648,93.8,14587838464,543424512,5665116160,336142336,123219968,1409585152,702701568
196,2022-01-25,17:26:11,0.5,LocalHost,17.7,16664068096,1035833344,93.8,14589956096,538931200,5667753984,337166336,124227584,1410953216,703234048
197,2022-01-25,17:26:11,0.5,LocalHost,26.5,16664068096,1034821632,93.8,14591541248,535130112,5670285312,339443712,124444672,1412952064,703459328
198,2022-01-25,17:26:12,0.5,LocalHost,19.6,16664068096,1032454144,93.8,14593564672,530206720,5673848832,341700608,124805120,1415491584,703459328
199,2022-01-25,17:26:12,0.5,LocalHost,20.3,16664068096,1040265216,93.8,14587052032,537993216,5665394688,341651456,124952576,1414070272,702861312
200,2022-01-25,17:26:13,0.5,LocalHost,24.5,16664068096,1037524992,93.8,14589177856,535347200,5665742848,341762048,124960768,1414582272,703160320
201,2022-01-25,17:26:13,0.5,LocalHost,20.7,16664068096,1032962048,93.8,14593396736,528232448,5672427520,344047616,124960768,1417478144,703381504
202,2022-01-25,17:26:14,0.5,LocalHost,16.3,16664068096,1035780096,93.8,14590619648,530870272,5667561472,343113728,124985344,1417592832,703377408
203,2022-01-25,17:26:14,0.5,LocalHost,14.7,16664068096,1037058048,93.8,14589808640,531668992,5666906112,343470080,124985344,1417605120,702930944
204,2022-01-25,17:26:15,0.5,LocalHost,17.0,16664068096,1037307904,93.8,14589022208,531918848,5666779136,343470080,124985344,1418141696,703463424
205,2022-01-25,17:26:15,0.5,LocalHost,13.0,16664068096,1037168640,93.8,14589161472,531779584,5666902016,343470080,124985344,1418141696,703463424
206,2022-01-25,17:26:16,0.5,LocalHost,15.4,16664068096,1019887616,93.9,14589145088,514490368,5666926592,343470080,124985344,1435447296,720769024
207,2022-01-25,17:26:16,0.5,LocalHost,13.2,16664068096,1020014592,93.9,14588874752,514609152,5666934784,343478272,124993536,1435590656,720916480
208,2022-01-25,17:26:17,0.5,LocalHost,11.2,16664068096,1038225408,93.8,14588637184,533229568,5666508800,343560192,124997632,1417203712,702574592
209,2022-01-25,17:26:17,0.5,LocalHost,15.6,16664068096,1039015936,93.8,14587944960,533434368,5666869248,343740416,125005824,1417682944,702787584
210,2022-01-25,17:26:18,0.5,LocalHost,15.1,16664068096,1038049280,93.8,14588784640,532430848,5666873344,343777280,125005824,1417846784,702951424
211,2022-01-25,17:26:18,0.5,LocalHost,14.5,16664068096,1038336000,93.8,14588108800,532660224,5666926592,343814144,125014016,1418285056,703377408
212,2022-01-25,17:26:19,0.5,LocalHost,18.9,16664068096,1038401536,93.8,14588026880,532725760,5666770944,343814144,125014016,1418301440,703393792
213,2022-01-25,17:26:19,0.5,LocalHost,17.3,16664068096,1037721600,93.8,14588162048,532037632,5666910208,343822336,125046784,1418821632,703930368
214,2022-01-25,17:26:20,0.5,LocalHost,21.7,16664068096,1038123008,93.8,14587768832,532430848,5666926592,343822336,125046784,1418821632,703930368
215,2022-01-25,17:26:20,0.5,LocalHost,23.0,16664068096,1032941568,93.8,14587490304,527138816,5666951168,343908352,125067264,1424371712,709373952
216,2022-01-25,17:26:21,0.5,LocalHost,20.2,16664068096,1032650752,93.8,14587740160,526848000,5666951168,343908352,125067264,1424412672,709386240
217,2022-01-25,17:26:21,0.5,LocalHost,11.7,16664068096,1039675392,93.8,14588276736,534839296,5666365440,343592960,125063168,1415888896,701919232
218,2022-01-25,17:26:22,0.5,LocalHost,8.5,16664068096,1037807616,93.8,14587908096,532971520,5666365440,343592960,125071360,1418117120,704155648
219,2022-01-25,17:26:22,0.5,LocalHost,15.6,16664068096,989855744,94.1,14626635776,484986880,5707526144,340389888,125218816,1427226624,713146368
220,2022-01-25,17:26:23,0.5,LocalHost,21.8,16664068096,970760192,94.2,14656954368,460488704,5738795008,345726976,125235200,1421389824,702029824
221,2022-01-25,17:26:23,0.5,LocalHost,17.9,16664068096,954040320,94.3,14673874944,436297728,5755580416,352997376,125243392,1428652032,702042112
222,2022-01-25,17:26:24,0.5,LocalHost,23.3,16664068096,929964032,94.4,14697033728,403185664,5779578880,362033152,125243392,1438605312,702308352
223,2022-01-25,17:26:24,0.5,LocalHost,19.3,16664068096,925278208,94.4,14701707264,393281536,5786075136,364580864,125243392,1443835904,702754816
224,2022-01-25,17:26:25,0.5,LocalHost,23.9,16664068096,906588160,94.6,14720344064,365363200,5805944832,373862400,125267968,1453092864,702754816
225,2022-01-25,17:26:25,0.5,LocalHost,22.9,16664068096,886611968,94.7,14740287488,336097280,5826613248,382939136,125267968,1462415360,702771200
226,2022-01-25,17:26:26,0.5,LocalHost,23.1,16664068096,865533952,94.8,14761279488,305967104,5847523328,391991296,125267968,1471553536,702771200
227,2022-01-25,17:26:26,0.5,LocalHost,22.9,16664068096,843587584,94.9,14783397888,274063360,5869756416,401940480,125267968,1481338880,702816256
228,2022-01-25,17:26:27,0.5,LocalHost,21.4,16664068096,824303616,95.1,14802665472,246972416,5892939776,405753856,125267968,1489162240,702816256
229,2022-01-25,17:26:27,0.5,LocalHost,21.3,16664068096,1031798784,93.8,14586408960,454213632,5693931520,388435968,125284352,1498161152,711581696
230,2022-01-25,17:26:28,0.5,LocalHost,15.3,16664068096,1030963200,93.8,14587826176,454901760,5692477440,388358144,125292544,1496047616,711315456
231,2022-01-25,17:26:28,0.5,LocalHost,14.9,16664068096,1031065600,93.8,14587531264,455319552,5692661760,388247552,125317120,1495900160,711233536
232,2022-01-25,17:26:29,0.5,LocalHost,11.4,16664068096,1040093184,93.8,14587092992,465125376,5691998208,387973120,125313024,1486536704,702681088
233,2022-01-25,17:26:29,0.5,LocalHost,7.3,16664068096,1040117760,93.8,14587097088,465223680,5691695104,388001792,125313024,1486434304,702525440
234,2022-01-25,17:26:30,0.5,LocalHost,8.9,16664068096,1039482880,93.8,14587199488,464588800,5691457536,388001792,125313024,1486966784,703057920
235,2022-01-25,17:26:30,0.5,LocalHost,13.3,16664068096,1039278080,93.8,14587199488,464384000,5691584512,388001792,125337600,1487147008,703254528
236,2022-01-25,17:26:31,0.5,LocalHost,16.3,16664068096,1039654912,93.8,14587015168,464744448,5691600896,388001792,125337600,1486970880,703062016
237,2022-01-25,17:26:31,0.5,LocalHost,17.0,16664068096,1039687680,93.8,14586769408,464777216,5691555840,388001792,125337600,1487183872,703275008
238,2022-01-25,17:26:32,0.5,LocalHost,14.2,16664068096,1039298560,93.8,14587125760,464388096,5691715584,388001792,125337600,1487216640,703307776
239,2022-01-25,17:26:32,0.5,LocalHost,15.6,16664068096,1039671296,93.8,14586769408,464744448,5691740160,388001792,125337600,1487216640,703307776
240,2022-01-25,17:26:33,0.5,LocalHost,15.4,16664068096,1039564800,93.8,14586859520,464637952,5691863040,388001792,125353984,1487216640,703307776
241,2022-01-25,17:26:33,0.5,LocalHost,15.1,16664068096,1038962688,93.8,14587461632,464035840,5691727872,388001792,125370368,1487200256,703307776
242,2022-01-25,17:26:34,0.5,LocalHost,20.2,16664068096,1012752384,93.9,14587756544,438566912,5691158528,388001792,125374464,1512370176,729264128
243,2022-01-25,17:26:34,0.5,LocalHost,17.7,16664068096,1010094080,93.9,14590078976,435056640,5693739008,388820992,125374464,1513558016,729448448
244,2022-01-25,17:26:35,0.5,LocalHost,15.5,16664068096,1039241216,93.8,14588063744,462811136,5692665856,389419008,125370368,1487822848,702029824
245,2022-01-25,17:26:35,0.5,LocalHost,12.1,16664068096,1040023552,93.8,14587543552,463204352,5692424192,389545984,125370368,1487949824,702267392
246,2022-01-25,17:26:36,0.5,LocalHost,28.0,16664068096,987230208,94.1,14587969536,411357184,5691822080,389414912,125390848,1539350528,754692096
247,2022-01-25,17:26:36,0.5,LocalHost,21.8,16664068096,986607616,94.1,14588100608,410722304,5691953152,389419008,125390848,1539854336,755183616
248,2022-01-25,17:26:37,0.5,LocalHost,11.7,16664068096,1032949760,93.8,14586511360,458104832,5690015744,389058560,125386752,1494065152,710455296
249,2022-01-25,17:26:37,0.5,LocalHost,11.8,16664068096,1032843264,93.8,14586396672,457977856,5689618432,388993024,125386752,1494306816,710578176
250,2022-01-25,17:26:38,0.5,LocalHost,13.4,16664068096,1032224768,93.8,14586347520,457359360,5689569280,388993024,125386752,1494974464,711245824
251,2022-01-25,17:26:38,0.5,LocalHost,18.5,16664068096,1032523776,93.8,14586048512,457658368,5689462784,388993024,125394944,1494966272,711245824
252,2022-01-25,17:26:39,0.5,LocalHost,21.2,16664068096,1041055744,93.8,14586036224,466182144,5689470976,388997120,125419520,1486430208,702726144
253,2022-01-25,17:26:39,0.5,LocalHost,19.2,16664068096,1041469440,93.8,14585708544,466587648,5689413632,388997120,125435904,1486336000,702615552
254,2022-01-25,17:26:40,0.5,LocalHost,17.8,16664068096,1041408000,93.8,14585765888,466522112,5689741312,388993024,125435904,1486344192,702615552
255,2022-01-25,17:26:40,0.5,LocalHost,13.3,16664068096,1023950848,93.9,14585036800,448958464,5689356288,388988928,125435904,1504636928,720756736
256,2022-01-25,17:26:41,0.5,LocalHost,9.7,16664068096,1031299072,93.8,14582923264,457351168,5688807424,388694016,125431808,1498361856,715534336
257,2022-01-25,17:26:41,0.5,LocalHost,19.1,16664068096,1004855296,94.0,14583787520,430858240,5689012224,388685824,125456384,1523965952,741167104
258,2022-01-25,17:26:42,0.5,LocalHost,7.4,16664068096,1043828736,93.7,14584340480,470503424,5688713216,388341760,125448192,1483776000,701751296
259,2022-01-25,17:26:42,0.5,LocalHost,16.4,16664068096,1019699200,93.9,14584414208,446513152,5688709120,388337664,125448192,1507692544,725704704
260,2022-01-25,17:26:43,0.5,LocalHost,15.8,16664068096,1031970816,93.8,14585372672,459624448,5687848960,388079616,125444096,1493626880,712474624
261,2022-01-25,17:26:43,0.5,LocalHost,16.9,16664068096,1020878848,93.9,14586138624,448421888,5688795136,388190208,125460480,1504047104,722800640
262,2022-01-25,17:26:44,0.5,LocalHost,28.2,16664068096,1017765888,93.9,14585602048,447610880,5694365696,380014592,125456384,1505398784,726540288
263,2022-01-25,17:26:44,0.5,LocalHost,12.9,16664068096,1016623104,93.9,14586265600,447365120,5694832640,379600896,125460480,1504976896,727130112
264,2022-01-25,17:26:45,0.5,LocalHost,21.1,16664068096,969142272,94.2,14640955392,399769600,5751779328,380067840,125472768,1497870336,718970880
265,2022-01-25,17:26:45,0.5,LocalHost,23.8,16664068096,943652864,94.3,14667120640,369385472,5779484672,384622592,125472768,1502089216,719925248
266,2022-01-25,17:26:46,0.5,LocalHost,22.4,16664068096,945266688,94.3,14682820608,369192960,5794713600,384774144,125468672,1486585856,702046208
267,2022-01-25,17:26:46,0.5,LocalHost,21.8,16664068096,925102080,94.4,14702583808,348950528,5820489728,378765312,125485056,1487048704,702308352
268,2022-01-25,17:26:47,0.5,LocalHost,22.9,16664068096,906502144,94.6,14720917504,330350592,5848977408,370245632,125501440,1487298560,702574592
269,2022-01-25,17:26:47,0.5,LocalHost,23.2,16664068096,886038528,94.7,14741086208,309854208,5877760000,361238528,125501440,1487626240,702869504
270,2022-01-25,17:26:48,0.5,LocalHost,21.6,16664068096,866168832,94.8,14760914944,289984512,5906489344,352452608,125501440,1487667200,702910464
271,2022-01-25,17:26:48,0.5,LocalHost,21.9,16664068096,846442496,94.9,14780641280,270258176,5934358528,343851008,125501440,1487667200,702910464
272,2022-01-25,17:26:49,0.5,LocalHost,25.8,16664068096,828002304,95.0,14799081472,251817984,5960450048,336130048,125509632,1487659008,702910464
273,2022-01-25,17:26:49,0.5,LocalHost,40.2,16664068096,795791360,95.2,14803824640,220364800,5964787712,335900672,125513728,1514364928,730136576
274,2022-01-25,17:26:50,0.5,LocalHost,40.3,16664068096,804651008,95.2,14807666688,230670336,5968478208,335458304,125521920,1500209152,717312000
275,2022-01-25,17:26:50,0.5,LocalHost,45.2,16664068096,1020411904,93.9,14584418304,446492672,5743669248,335200256,125530112,1507627008,725164032
276,2022-01-25,17:26:51,0.5,LocalHost,38.1,16664068096,1022726144,93.9,14581641216,449175552,5743312896,334934016,125526016,1507725312,725516288
277,2022-01-25,17:26:51,0.5,LocalHost,34.3,16664068096,1020706816,93.9,14582996992,447246336,5743972352,334733312,125526016,1508298752,726020096
278,2022-01-25,17:26:52,0.5,LocalHost,35.9,16664068096,1045745664,93.7,14581682176,472780800,5743239168,334733312,125538304,1484066816,702590976
279,2022-01-25,17:26:52,0.5,LocalHost,34.6,16664068096,1028739072,93.8,14581800960,456056832,5742780416,334536704,125546496,1500663808,719421440
280,2022-01-25,17:26:53,0.5,LocalHost,38.3,16664068096,1028599808,93.8,14582865920,456380416,5743312896,334213120,125542400,1499279360,718397440
281,2022-01-25,17:26:53,0.5,LocalHost,39.2,16664068096,1043922944,93.7,14583717888,472059904,5742284800,334209024,125538304,1482752000,702373888
282,2022-01-25,17:26:54,0.5,LocalHost,34.6,16664068096,1043501056,93.7,14583857152,471633920,5742354432,334209024,125546496,1483030528,702656512
283,2022-01-25,17:26:54,0.5,LocalHost,32.4,16664068096,1041948672,93.7,14584459264,470253568,5742440448,334024704,125546496,1483808768,703447040
284,2022-01-25,17:26:55,0.5,LocalHost,32.3,16664068096,1042522112,93.7,14583885824,470818816,5742592000,334020608,125562880,1483800576,703447040
285,2022-01-25,17:26:55,0.5,LocalHost,19.5,16664068096,1033187328,93.8,14580625408,461430784,5741936640,334061568,125571072,1496440832,716038144
286,2022-01-25,17:26:56,0.5,LocalHost,18.5,16664068096,1023385600,93.9,14582149120,451334144,5742796800,334336000,125579264,1505005568,724180992
287,2022-01-25,17:26:56,0.5,LocalHost,22.1,16664068096,1015259136,93.9,14590529536,440127488,5751861248,337391616,125579264,1507831808,723574784
288,2022-01-25,17:26:57,0.5,LocalHost,25.9,16664068096,1022390272,93.9,14585810944,448126976,5746032640,332984320,125571072,1504559104,721653760
289,2022-01-25,17:26:57,0.5,LocalHost,14.4,16664068096,1022210048,93.9,14585163776,447557632,5745451008,333332480,125587456,1505759232,722710528
290,2022-01-25,17:26:58,0.5,LocalHost,13.5,16664068096,1042849792,93.7,14585290752,468885504,5745082368,333012992,125591552,1484300288,702054400
291,2022-01-25,17:26:58,0.5,LocalHost,19.1,16664068096,1039339520,93.8,14584832000,465379328,5745221632,333008896,125591552,1488265216,705900544
292,2022-01-25,17:26:59,0.5,LocalHost,17.2,16664068096,1039548416,93.8,14584320000,465567744,5745246208,333004800,125599744,1488580608,706215936
293,2022-01-25,17:26:59,0.5,LocalHost,14.8,16664068096,1038925824,93.8,14584717312,464826368,5745221632,333008896,125599744,1488924672,706338816
294,2022-01-25,17:27:00,0.5,LocalHost,18.8,16664068096,1037824000,93.8,14584864768,462770176,5745221632,333008896,125599744,1490833408,706338816
295,2022-01-25,17:27:00,0.5,LocalHost,8.0,16664068096,1041170432,93.8,14584872960,465985536,5745070080,333074432,125607936,1487601664,702906368
296,2022-01-25,17:27:01,0.5,LocalHost,8.1,16664068096,1040953344,93.8,14585073664,465768448,5745070080,333074432,125616128,1487609856,702906368
297,2022-01-25,17:27:01,0.5,LocalHost,7.6,16664068096,1041797120,93.7,14584229888,466612224,5745192960,333119488,125624320,1487601664,702906368
298,2022-01-25,17:27:02,0.5,LocalHost,9.0,16664068096,1041571840,93.7,14584455168,466386944,5745192960,333119488,125624320,1487601664,702906368
299,2022-01-25,17:27:02,0.5,LocalHost,9.7,16664068096,1041297408,93.8,14584700928,466059264,5745291264,333111296,125624320,1487683584,702971904
300,2022-01-25,17:27:03,0.5,LocalHost,11.7,16664068096,1041653760,93.7,14584328192,466415616,5745291264,333111296,125640704,1487683584,702971904
301,2022-01-25,17:27:03,0.5,LocalHost,19.0,16664068096,1041428480,93.8,14584532992,466165760,5745319936,333111296,125648896,1487720448,703008768
302,2022-01-25,17:27:04,0.5,LocalHost,11.1,16664068096,1041817600,93.7,14584139776,466554880,5745373184,333111296,125648896,1487724544,703008768
303,2022-01-25,17:27:04,0.5,LocalHost,12.5,16664068096,1044332544,93.7,14583263232,470347776,5744918528,332931072,125652992,1484804096,701976576
304,2022-01-25,17:27:05,0.5,LocalHost,14.0,16664068096,1042112512,93.7,14582906880,468123648,5745119232,332931072,125652992,1487384576,704561152
305,2022-01-25,17:27:05,0.5,LocalHost,12.6,16664068096,1041698816,93.7,14582341632,467709952,5744906240,332931072,125652992,1488363520,705540096
306,2022-01-25,17:27:06,0.5,LocalHost,13.3,16664068096,1041014784,93.8,14583046144,467025920,5744906240,332931072,125669376,1488326656,705511424
307,2022-01-25,17:27:06,0.5,LocalHost,15.2,16664068096,1041428480,93.8,14583406592,467439616,5744599040,332931072,125685760,1487536128,704712704
308,2022-01-25,17:27:07,0.5,LocalHost,11.4,16664068096,1044381696,93.7,14580088832,467648512,5747400704,332931072,125693952,1490636800,704905216
309,2022-01-25,17:27:07,0.5,LocalHost,13.9,16664068096,1045147648,93.7,14580895744,468389888,5747822592,333021184,125693952,1489088512,703569920
310,2022-01-25,17:27:08,0.5,LocalHost,15.5,16664068096,1044578304,93.7,14580674560,467820544,5747396608,332775424,125693952,1489879040,704360448
311,2022-01-25,17:27:08,0.5,LocalHost,16.2,16664068096,1044561920,93.7,14581186560,467804160,5747417088,332775424,125710336,1489367040,703848448
312,2022-01-25,17:27:09,0.5,LocalHost,20.1,16664068096,1044422656,93.7,14581301248,467664896,5747417088,332775424,125718528,1489383424,703864832
313,2022-01-25,17:27:09,0.5,LocalHost,19.9,16664068096,1044332544,93.7,14581354496,467574784,5747572736,332775424,125718528,1489420288,703893504
314,2022-01-25,17:27:10,0.5,LocalHost,13.5,16664068096,1044197376,93.7,14581506048,467419136,5747867648,332775424,125726720,1489416192,703893504
315,2022-01-25,17:27:10,0.5,LocalHost,11.9,16664068096,1044688896,93.7,14581018624,467881984,5747683328,332783616,125726720,1489440768,703893504
316,2022-01-25,17:27:11,0.5,LocalHost,14.6,16664068096,1044041728,93.7,14581653504,467230720,5747499008,332787712,125726720,1489457152,703909888
317,2022-01-25,17:27:11,0.5,LocalHost,9.6,16664068096,1044148224,93.7,14581563392,467333120,5747535872,332787712,125743104,1489428480,703893504
318,2022-01-25,17:27:12,0.5,LocalHost,16.6,16664068096,1035030528,93.8,14581592064,458199040,5747752960,332791808,125751296,1498525696,712974336
319,2022-01-25,17:27:12,0.5,LocalHost,11.1,16664068096,1035108352,93.8,14581506048,458084352,5747908608,332935168,125759488,1498718208,712982528
320,2022-01-25,17:27:13,0.5,LocalHost,14.2,16664068096,1035083776,93.8,14581538816,458043392,5747924992,332935168,125759488,1498726400,712982528
321,2022-01-25,17:27:13,0.5,LocalHost,13.0,16664068096,1044434944,93.7,14581506048,467394560,5747802112,332935168,125759488,1489408000,703664128
322,2022-01-25,17:27:14,0.5,LocalHost,17.0,16664068096,1043898368,93.7,14581514240,466857984,5747810304,332713984,125767680,1489928192,704184320
323,2022-01-25,17:27:14,0.5,LocalHost,18.2,16664068096,1042415616,93.7,14584782848,466063360,5747085312,332877824,125771776,1487450112,702398464
324,2022-01-25,17:27:15,0.5,LocalHost,15.9,16664068096,1043365888,93.7,14583742464,467013632,5747105792,332877824,125779968,1487532032,702480384
325,2022-01-25,17:27:15,0.5,LocalHost,15.8,16664068096,1042911232,93.7,14583717888,466550784,5747208192,332877824,125779968,1488019456,702959616
326,2022-01-25,17:27:16,0.5,LocalHost,12.7,16664068096,1036492800,93.8,14583554048,460132352,5747163136,332877824,125779968,1494601728,709541888
327,2022-01-25,17:27:16,0.5,LocalHost,12.6,16664068096,1036333056,93.8,14583980032,459972608,5747171328,332877824,125779968,1494335488,709275648
328,2022-01-25,17:27:17,0.5,LocalHost,10.7,16664068096,1036357632,93.8,14584127488,459878400,5747236864,332689408,125927424,1494134784,709083136
329,2022-01-25,17:27:17,0.5,LocalHost,16.9,16664068096,1041461248,93.8,14585036800,464519168,5750300672,331096064,126078976,1488433152,702955520
330,2022-01-25,17:27:18,0.5,LocalHost,24.1,16664068096,957046784,94.3,14643269632,377749504,5809446912,333320192,126095360,1516953600,729067520
331,2022-01-25,17:27:18,0.5,LocalHost,26.9,16664068096,936550400,94.4,14663536640,347201536,5830234112,343326720,126095360,1527234560,729395200
332,2022-01-25,17:27:19,0.5,LocalHost,26.4,16664068096,942563328,94.3,14684495872,344227840,5850718208,352813056,126091264,1509253120,702771200
333,2022-01-25,17:27:19,0.5,LocalHost,27.7,16664068096,921247744,94.5,14705307648,313126912,5871386624,362598400,126107648,1519525888,703303680
334,2022-01-25,17:27:20,0.5,LocalHost,26.4,16664068096,908656640,94.5,14717636608,296079360,5900181504,350834688,126115840,1524236288,703385600
335,2022-01-25,17:27:20,0.5,LocalHost,31.1,16664068096,1020702720,93.9,14582644736,408109056,5783822336,333262848,126124032,1547190272,726339584
336,2022-01-25,17:27:21,0.5,LocalHost,46.4,16664068096,1043324928,93.7,14584057856,431681536,5784010752,332795904,126115840,1522212864,702382080
337,2022-01-25,17:27:21,0.5,LocalHost,37.0,16664068096,1041903616,93.7,14584717312,430256128,5784260608,332791808,126115840,1522978816,703143936
338,2022-01-25,17:27:22,0.5,LocalHost,37.4,16664068096,1041268736,93.8,14585147392,429604864,5783957504,332804096,126119936,1523195904,703348736
339,2022-01-25,17:27:22,0.5,LocalHost,39.9,16664068096,1033031680,93.8,14584967168,421367808,5784109056,332800000,126136320,1531596800,711766016
340,2022-01-25,17:27:23,0.5,LocalHost,38.8,16664068096,1043722240,93.7,14583881728,432906240,5783465984,332451840,126140416,1521139712,702189568
341,2022-01-25,17:27:23,0.5,LocalHost,39.8,16664068096,1041965056,93.7,14585372672,431149056,5783367680,332451840,126156800,1521389568,702455808
342,2022-01-25,17:27:24,0.5,LocalHost,37.5,16664068096,1042767872,93.7,14584401920,431943680,5783691264,332451840,126156800,1521565696,702623744
343,2022-01-25,17:27:24,0.5,LocalHost,40.0,16664068096,1043165184,93.7,14583840768,432328704,5783314432,332447744,126156800,1521741824,702787584
344,2022-01-25,17:27:25,0.5,LocalHost,40.6,16664068096,1042620416,93.7,14584381440,431771648,5783474176,332447744,126164992,1521750016,702791680
345,2022-01-25,17:27:25,0.5,LocalHost,33.7,16664068096,1026879488,93.8,14582300672,416026624,5783617536,332447744,126189568,1539551232,720613376
346,2022-01-25,17:27:26,0.5,LocalHost,15.9,16664068096,1045204992,93.7,14582538240,435204096,5782056960,332255232,126177280,1520148480,702046208
347,2022-01-25,17:27:26,0.5,LocalHost,23.7,16664068096,1045467136,93.7,14581739520,435458048,5781856256,332255232,126177280,1520693248,702578688
348,2022-01-25,17:27:27,0.5,LocalHost,22.5,16664068096,1088561152,93.5,14520356864,478056448,5724274688,332591104,126193664,1539461120,720818176
349,2022-01-25,17:27:27,0.5,LocalHost,26.0,16664068096,1087352832,93.5,14521184256,472096768,5730226176,334188544,126193664,1544593408,721010688
350,2022-01-25,17:27:28,0.5,LocalHost,28.1,16664068096,1088806912,93.5,14519349248,470974464,5735211008,329027584,126201856,1547542528,721010688
351,2022-01-25,17:27:28,0.5,LocalHost,28.2,16664068096,1105944576,93.4,14520377344,487231488,5735190528,329543680,126218240,1530241024,703172608
352,2022-01-25,17:27:29,0.5,LocalHost,23.6,16664068096,1093947392,93.4,14515458048,475000832,5733203968,329695232,126365696,1547243520,720162816
353,2022-01-25,17:27:29,0.5,LocalHost,22.4,16664068096,1092988928,93.4,14513197056,471920640,5732646912,331804672,126365696,1552584704,723308544
354,2022-01-25,17:27:30,0.5,LocalHost,20.6,16664068096,1158709248,93.0,14468268032,533401600,5686583296,336846848,126353408,1536045056,702578688
355,2022-01-25,17:27:30,0.5,LocalHost,18.8,16664068096,1158610944,93.0,14467792896,533024768,5686046720,337125376,126369792,1536880640,703299584
356,2022-01-25,17:27:31,0.5,LocalHost,24.5,16664068096,1638703104,90.2,13985374208,1009864704,5205745664,340332544,126382080,1542447104,705409024
357,2022-01-25,17:27:31,0.5,LocalHost,22.5,16664068096,1635966976,90.2,13985402880,1006456832,5203660800,340590592,126402560,1545805824,708571136
358,2022-01-25,17:27:32,0.5,LocalHost,21.4,16664068096,1636601856,90.2,13984923648,1006817280,5204230144,340615168,126406656,1545920512,708493312
359,2022-01-25,17:27:32,0.5,LocalHost,21.3,16664068096,1638817792,90.2,13984796672,1009016832,5204590592,340619264,126435328,1543819264,706396160
360,2022-01-25,17:27:33,0.5,LocalHost,20.8,16664068096,1656164352,90.1,13967302656,1025830912,5187694592,340672512,126582784,1544351744,706547712
361,2022-01-25,17:27:33,0.5,LocalHost,17.7,16664068096,1659658240,90.0,13967269888,1029324800,5187817472,340672512,126590976,1540882432,703086592
362,2022-01-25,17:27:34,0.5,LocalHost,22.3,16664068096,1659953152,90.0,13967142912,1029476352,5187878912,340697088,126607360,1540841472,702877696
363,2022-01-25,17:27:34,0.5,LocalHost,21.3,16664068096,1657380864,90.1,13966192640,1026895872,5188026368,340697088,126623744,1544355840,706408448
364,2022-01-25,17:27:35,0.5,LocalHost,17.7,16664068096,1657425920,90.1,13966036992,1026895872,5188005888,340717568,126623744,1544511488,706547712
365,2022-01-25,17:27:35,0.5,LocalHost,22.0,16664068096,1641308160,90.2,13965115392,1010778112,5188538368,340717568,126640128,1561534464,723587072
366,2022-01-25,17:27:36,0.5,LocalHost,24.3,16664068096,1641541632,90.1,13964627968,1010872320,5188771840,340783104,126640128,1561927680,723795968
367,2022-01-25,17:27:36,0.5,LocalHost,21.9,16664068096,1644441600,90.1,13965135872,1013751808,5188796416,340779008,126656512,1558523904,720392192
368,2022-01-25,17:27:37,0.5,LocalHost,20.1,16664068096,1644429312,90.1,13964992512,1013710848,5188833280,340783104,126656512,1558708224,720572416
369,2022-01-25,17:27:37,0.5,LocalHost,21.5,16664068096,1640837120,90.2,13965053952,1010118656,5188853760,340783104,126656512,1562238976,724103168
370,2022-01-25,17:27:38,0.5,LocalHost,22.4,16664068096,1638051840,90.2,13967699968,1007198208,5189029888,340860928,126668800,1562501120,724246528
371,2022-01-25,17:27:38,0.5,LocalHost,25.8,16664068096,1651752960,90.1,13970743296,1020710912,5190877184,339705856,126668800,1545945088,707473408
372,2022-01-25,17:27:39,0.5,LocalHost,21.1,16664068096,1652330496,90.1,13970321408,1020788736,5190488064,340008960,126685184,1546272768,707317760
373,2022-01-25,17:27:39,0.5,LocalHost,19.5,16664068096,1656213504,90.1,13970300928,1024659456,5190500352,340008960,126701568,1542406144,703467520
374,2022-01-25,17:27:40,0.5,LocalHost,21.2,16664068096,1657372672,90.1,13969096704,1025757184,5190508544,340008960,126717952,1542496256,703467520
375,2022-01-25,17:27:40,0.5,LocalHost,23.1,16664068096,1641598976,90.1,13967659008,1009975296,5190516736,340008960,126717952,1559715840,720678912
376,2022-01-25,17:27:41,0.5,LocalHost,20.7,16664068096,1641545728,90.1,13967581184,1009913856,5190574080,340008960,126726144,1559846912,720818176
377,2022-01-25,17:27:41,0.5,LocalHost,21.5,16664068096,1637679104,90.2,13967978496,1006047232,5190696960,340017152,126726144,1563316224,724287488
378,2022-01-25,17:27:42,0.5,LocalHost,19.6,16664068096,1637679104,90.2,13967732736,1006047232,5190512640,340017152,126734336,1563553792,724516864
379,2022-01-25,17:27:42,0.5,LocalHost,18.5,16664068096,1653686272,90.1,13969072128,1022054400,5190512640,340017152,126734336,1546207232,707170304
380,2022-01-25,17:27:43,0.5,LocalHost,21.7,16664068096,1653436416,90.1,13969182720,1021796352,5190520832,340017152,126742528,1546346496,707309568
381,2022-01-25,17:27:43,0.5,LocalHost,21.7,16664068096,1653452800,90.1,13969203200,1021796352,5190537216,340017152,126742528,1546326016,707289088
382,2022-01-25,17:27:44,0.5,LocalHost,21.3,16664068096,1653710848,90.1,13968945152,1022054400,5190512640,340017152,126742528,1546326016,707289088
383,2022-01-25,17:27:44,0.5,LocalHost,21.9,16664068096,1653968896,90.1,13968822272,1022312448,5190656000,340017152,126758912,1546174464,707145728
384,2022-01-25,17:27:45,0.5,LocalHost,20.1,16664068096,1653989376,90.1,13968646144,1022312448,5190414336,340021248,126775296,1546334208,707297280
385,2022-01-25,17:27:45,0.5,LocalHost,20.8,16664068096,1653473280,90.1,13969371136,1021796352,5190549504,340021248,126783488,1546117120,707088384
386,2022-01-25,17:27:46,0.5,LocalHost,20.7,16664068096,1652969472,90.1,13969469440,1021280256,5190500352,340017152,126783488,1546534912,707497984
387,2022-01-25,17:27:46,0.5,LocalHost,23.6,16664068096,1653485568,90.1,13968953344,1021796352,5190422528,340017152,126791680,1546526720,707497984
388,2022-01-25,17:27:47,0.5,LocalHost,20.2,16664068096,1653751808,90.1,13968809984,1022062592,5189722112,340017152,126791680,1546403840,707366912
389,2022-01-25,17:27:47,0.5,LocalHost,20.8,16664068096,1656954880,90.1,13969334272,1025265664,5189906432,340017152,126808064,1542660096,703639552
390,2022-01-25,17:27:48,0.5,LocalHost,20.0,16664068096,1657679872,90.1,13968740352,1025957888,5189660672,340041728,126816256,1542553600,703524864
391,2022-01-25,17:27:48,0.5,LocalHost,22.3,16664068096,1647661056,90.1,13968531456,1015799808,5190017024,340172800,126816256,1552920576,713302016
392,2022-01-25,17:27:49,0.5,LocalHost,20.4,16664068096,1646931968,90.1,13969362944,1014501376,5190045696,340484096,126816256,1553387520,713650176
393,2022-01-25,17:27:49,0.5,LocalHost,22.8,16664068096,1646931968,90.1,13969362944,1014501376,5190045696,340484096,126816256,1553387520,713650176
394,2022-01-25,17:27:50,0.5,LocalHost,21.4,16664068096,1647448064,90.1,13968838656,1015017472,5190029312,340484096,126824448,1553387520,713650176
395,2022-01-25,17:27:50,0.5,LocalHost,22.4,16664068096,1659576320,90.0,13970345984,1027145728,5190078464,340484096,126832640,1539743744,700014592
396,2022-01-25,17:27:51,0.5,LocalHost,19.9,16664068096,1660108800,90.0,13969858560,1027670016,5190131712,340484096,126849024,1539690496,699949056
397,2022-01-25,17:27:51,0.5,LocalHost,21.3,16664068096,1645211648,90.1,13967831040,1012752384,5190172672,340488192,126849024,1556635648,716894208
398,2022-01-25,17:27:52,0.5,LocalHost,21.3,16664068096,1645203456,90.1,13967831040,1012744192,5190189056,340488192,126865408,1556627456,716894208
399,2022-01-25,17:27:52,0.5,LocalHost,21.7,16664068096,1649082368,90.1,13967679488,1016614912,5190184960,340488192,126865408,1552908288,713166848
400,2022-01-25,17:27:53,0.5,LocalHost,19.5,16664068096,1649098752,90.1,13967613952,1016614912,5190234112,340488192,126873600,1552965632,713224192
401,2022-01-25,17:27:53,0.5,LocalHost,21.1,16664068096,1664581632,90.0,13969068032,1032097792,5190258688,340488192,126881792,1536020480,696279040
402,2022-01-25,17:27:54,0.5,LocalHost,21.2,16664068096,1664323584,90.0,13969326080,1031839744,5190242304,340488192,126881792,1536020480,696279040
403,2022-01-25,17:27:54,0.5,LocalHost,21.2,16664068096,1647448064,90.1,13969571840,1014964224,5190303744,340488192,126881792,1552650240,712908800
404,2022-01-25,17:27:55,0.5,LocalHost,20.7,16664068096,1647321088,90.1,13969547264,1014829056,5190320128,340488192,126881792,1552809984,713068544
405,2022-01-25,17:27:55,0.5,LocalHost,23.8,16664068096,1647587328,90.1,13969141760,1015087104,5190279168,340488192,126898176,1552941056,713207808
406,2022-01-25,17:27:56,0.5,LocalHost,18.8,16664068096,1647595520,90.1,13969117184,1015087104,5190311936,340488192,126914560,1552949248,713207808
407,2022-01-25,17:27:56,0.5,LocalHost,21.3,16664068096,1643618304,90.1,13969408000,1011101696,5189611520,340488192,126922752,1556635648,716902400
408,2022-01-25,17:27:57,0.5,LocalHost,22.0,16664068096,1643732992,90.1,13969285120,1011216384,5189562368,340488192,126922752,1556643840,716902400
409,2022-01-25,17:27:57,0.5,LocalHost,20.7,16664068096,1643393024,90.1,13969498112,1010876416,5189484544,340488192,126939136,1556754432,717029376
410,2022-01-25,17:27:58,0.5,LocalHost,22.7,16664068096,1642983424,90.1,13969424384,1010466816,5189545984,340488192,126939136,1557237760,717496320
411,2022-01-25,17:27:58,0.5,LocalHost,23.2,16664068096,1660223488,90.0,13969530880,1027706880,5189488640,340488192,126963712,1539866624,700141568
412,2022-01-25,17:27:59,0.5,LocalHost,24.3,16664068096,1651470336,90.1,13969899520,1018535936,5189943296,340992000,126963712,1548668928,708534272
413,2022-01-25,17:27:59,0.5,LocalHost,21.5,16664068096,1652244480,90.1,13969846272,1019310080,5190066176,340459520,126963712,1547948032,707813376
414,2022-01-25,17:28:00,0.5,LocalHost,22.1,16664068096,1651843072,90.1,13969645568,1018494976,5189898240,340512768,126963712,1548963840,708026368
415,2022-01-25,17:28:00,0.5,LocalHost,21.5,16664068096,1662783488,90.0,13970178048,1029410816,5189853184,340537344,126963712,1537515520,696578048
416,2022-01-25,17:28:01,0.5,LocalHost,20.9,16664068096,1663221760,90.0,13969940480,1029849088,5189951488,340537344,126980096,1537298432,696360960
417,2022-01-25,17:28:01,0.5,LocalHost,19.5,16664068096,1659625472,90.0,13970059264,1026236416,5189902336,340537344,126988288,1540784128,699846656
418,2022-01-25,17:28:02,0.5,LocalHost,19.0,16664068096,1659224064,90.0,13970157568,1025376256,5190868992,340574208,127143936,1541390336,699985920
419,2022-01-25,17:28:02,0.5,LocalHost,21.0,16664068096,1657262080,90.1,13971562496,1022238720,5192994816,341671936,127553536,1542713344,699998208
420,2022-01-25,17:28:03,0.5,LocalHost,20.2,16664068096,1686859776,89.9,13937213440,1050087424,5184839680,334688256,127602688,1549164544,705318912
421,2022-01-25,17:28:03,0.5,LocalHost,28.8,16664068096,2999844864,82.0,12620238848,2362519552,5160427520,334692352,127918080,1553391616,709046272
422,2022-01-25,17:28:04,0.5,LocalHost,21.1,16664068096,3002363904,82.0,12617953280,2364571648,5161472000,334319616,127918080,1553625088,709091328
423,2022-01-25,17:28:04,0.5,LocalHost,27.6,16664068096,3003695104,82.0,12616638464,2365902848,5159522304,334319616,127918080,1553608704,709074944
424,2022-01-25,17:28:05,0.5,LocalHost,20.2,16664068096,3006365696,82.0,12617641984,2368573440,5159550976,334319616,127918080,1549934592,705396736
425,2022-01-25,17:28:05,0.5,LocalHost,22.2,16664068096,3008929792,81.9,12616183808,2371137536,5158731776,326594560,127930368,1548816384,704286720
426,2022-01-25,17:28:06,0.5,LocalHost,27.2,16664068096,4777234432,71.3,10872762368,4139356160,5118324736,318271488,127959040,1523990528,679411712
427,2022-01-25,17:28:06,0.5,LocalHost,18.3,16664068096,4781809664,71.3,10868183040,4143894528,5118169088,318246912,127987712,1524002816,679391232
428,2022-01-25,17:28:07,0.5,LocalHost,21.1,16664068096,6222155776,62.7,9435062272,5584179200,5076275200,310280192,128000000,1516826624,672194560
429,2022-01-25,17:28:07,0.5,LocalHost,18.7,16664068096,6229524480,62.6,9434619904,5591543808,5076115456,310284288,128024576,1509879808,665264128
430,2022-01-25,17:28:08,0.5,LocalHost,22.8,16664068096,9507823616,42.9,6161158144,8869535744,5043568640,302284800,128053248,1505320960,660709376
431,2022-01-25,17:28:08,0.5,LocalHost,12.9,16664068096,10845257728,34.9,4822941696,10207215616,4997758976,302260224,128053248,1505857536,661250048
432,2022-01-25,17:28:09,0.5,LocalHost,18.1,16664068096,10844139520,34.9,4823887872,10206064640,4998197248,302112768,128053248,1506062336,661438464
433,2022-01-25,17:28:09,0.5,LocalHost,18.4,16664068096,10843586560,34.9,4824969216,10204905472,5001314304,302243840,128487424,1505705984,660865024
434,2022-01-25,17:28:10,0.5,LocalHost,32.2,16664068096,10847502336,34.9,4821020672,10208550912,4998742016,302157824,128528384,1505968128,660926464
435,2022-01-25,17:28:10,0.5,LocalHost,26.1,16664068096,10846052352,34.9,4821757952,10206994432,4999335936,302190592,128552960,1506762752,661594112
436,2022-01-25,17:28:11,0.5,LocalHost,11.8,16664068096,10846330880,34.9,4821540864,10207129600,4999634944,302104576,128552960,1506844672,661594112
437,2022-01-25,17:28:11,0.5,LocalHost,13.5,16664068096,10842177536,34.9,4826415104,10202976256,5002883072,302104576,128552960,1506123776,660873216
438,2022-01-25,17:28:12,0.5,LocalHost,14.6,16664068096,10816212992,35.1,4852363264,10175066112,5017178112,303996928,128565248,1508073472,660877312
439,2022-01-25,17:28:12,0.5,LocalHost,19.3,16664068096,10781401088,35.3,4888043520,10139373568,5028638720,304619520,128593920,1508057088,660017152
440,2022-01-25,17:28:13,0.5,LocalHost,20.2,16664068096,10681622528,35.9,4987691008,10039513088,5072879616,302800896,128606208,1508257792,660131840
441,2022-01-25,17:28:13,0.5,LocalHost,20.8,16664068096,10586476544,36.5,5082324992,9944829952,5102653440,302854144,128618496,1508294656,660144128
442,2022-01-25,17:28:14,0.5,LocalHost,24.3,16664068096,10500149248,37.0,5165211648,9857798144,5136900096,303009792,128630784,1512427520,664068096
443,2022-01-25,17:28:14,0.5,LocalHost,12.7,16664068096,10500427776,37.0,5164781568,9857880064,5137338368,303104000,128630784,1512775680,664195072
444,2022-01-25,17:28:15,0.5,LocalHost,15.8,16664068096,10501042176,37.0,5168918528,9857146880,5138558976,303255552,128638976,1509363712,659402752
445,2022-01-25,17:28:15,0.5,LocalHost,26.1,16664068096,10427367424,37.4,5239132160,9783472128,5138558976,303255552,128638976,1512824832,662863872
446,2022-01-25,17:28:16,0.5,LocalHost,44.3,16664068096,10314887168,38.1,5354242048,9670934528,5138665472,303255552,128638976,1510252544,660287488
447,2022-01-25,17:28:16,0.5,LocalHost,62.3,16664068096,10162675712,39.0,5506453504,9518723072,5138665472,303255552,128638976,1510252544,660287488
448,2022-01-25,17:28:17,0.5,LocalHost,72.0,16664068096,9941544960,40.3,5731328000,9297543168,5139734528,303292416,128638976,1506557952,656592896
449,2022-01-25,17:28:17,0.5,LocalHost,71.7,16664068096,9575751680,42.5,6097121280,8931749888,5139734528,303292416,128638976,1506557952,656592896
450,2022-01-25,17:28:18,0.5,LocalHost,64.2,16664068096,8983773184,46.1,6689308672,8339771392,5139910656,303292416,128638976,1506349056,656384000
451,2022-01-25,17:28:18,0.5,LocalHost,71.8,16664068096,8424353792,49.4,7248728064,7780352000,5139922944,303292416,128638976,1506349056,656384000
452,2022-01-25,17:28:19,0.5,LocalHost,62.7,16664068096,7955316736,52.3,7717761024,7311306752,5145034752,303296512,128647168,1506353152,656384000
453,2022-01-25,17:28:19,0.5,LocalHost,53.2,16664068096,7747837952,53.5,7925305344,7103631360,5140467712,303472640,128647168,1506484224,656384000
454,2022-01-25,17:28:20,0.5,LocalHost,43.5,16664068096,7734730752,53.6,7938347008,7090372608,5142016000,303628288,128655360,1506693120,656384000
455,2022-01-25,17:28:20,0.5,LocalHost,32.9,16664068096,7714713600,53.7,7958351872,7070355456,5147385856,303628288,128720896,1506639872,656384000
456,2022-01-25,17:28:21,0.5,LocalHost,35.3,16664068096,7707697152,53.7,7965380608,7063248896,5148327936,303648768,128753664,1506684928,656384000
457,2022-01-25,17:28:21,0.5,LocalHost,59.9,16664068096,7663828992,54.0,8009248768,7019376640,5158187008,303652864,128950272,1506492416,656384000
458,2022-01-25,17:28:22,0.5,LocalHost,75.1,16664068096,7621484544,54.3,8051556352,6976761856,5164068864,303661056,129024000,1506725888,656400384
459,2022-01-25,17:28:22,0.5,LocalHost,85.2,16664068096,7575793664,54.5,8097226752,6931017728,5167398912,303689728,129130496,1506693120,656420864
460,2022-01-25,17:28:23,0.5,LocalHost,70.7,16664068096,7472029696,55.2,8200896512,6827151360,5171957760,303824896,129130496,1506889728,656523264
461,2022-01-25,17:28:23,0.5,LocalHost,63.5,16664068096,7404855296,55.6,8268066816,6759976960,5171945472,303828992,129130496,1506893824,656527360
462,2022-01-25,17:28:24,0.5,LocalHost,52.2,16664068096,7338721280,56.0,8334102528,6693810176,5172551680,303915008,129138688,1507016704,656642048
463,2022-01-25,17:28:24,0.5,LocalHost,23.3,16664068096,7320850432,56.1,8351629312,6675939328,5172715520,304119808,129138688,1507360768,656986112
464,2022-01-25,17:28:25,0.5,LocalHost,15.1,16664068096,7319044096,56.1,8352661504,6674132992,5174054912,304934912,129138688,1508134912,657760256
465,2022-01-25,17:28:25,0.5,LocalHost,17.7,16664068096,7303688192,56.2,8367054848,6658777088,5174145024,305807360,129138688,1509097472,658722816
466,2022-01-25,17:28:26,0.5,LocalHost,37.6,16664068096,7206481920,56.8,8462970880,6561538048,5173284864,306950144,129204224,1510354944,659996672
467,2022-01-25,17:28:26,0.5,LocalHost,67.2,16664068096,7038271488,57.8,8626810880,6393311232,5173444608,307585024,129228800,1514717184,664383488
468,2022-01-25,17:28:27,0.5,LocalHost,74.3,16664068096,6992588800,58.0,8670744576,6347415552,5174525952,309538816,129482752,1516425216,666099712
469,2022-01-25,17:28:27,0.5,LocalHost,86.1,16664068096,6933344256,58.4,8729034752,6288162816,5173739520,310095872,129695744,1517174784,666656768
470,2022-01-25,17:28:28,0.5,LocalHost,82.1,16664068096,6874726400,58.7,8790110208,6229118976,5173346304,311554048,129957888,1514881024,664629248
471,2022-01-25,17:28:28,0.5,LocalHost,76.9,16664068096,6686859264,59.9,8973717504,6041251840,5173612544,312352768,130162688,1518936064,668889088
472,2022-01-25,17:28:29,0.5,LocalHost,68.3,16664068096,6634385408,60.2,9024765952,5988249600,5173927936,313729024,130736128,1520316416,670302208
473,2022-01-25,17:28:29,0.5,LocalHost,60.9,16664068096,6582820864,60.5,9074339840,5936644096,5175914496,314425344,131137536,1521946624,670965760
474,2022-01-25,17:28:30,0.5,LocalHost,51.3,16664068096,6481960960,61.1,9178587136,5834555392,5176524800,316461056,131284992,1519640576,668798976
475,2022-01-25,17:28:30,0.5,LocalHost,39.7,16664068096,6471389184,61.2,9188016128,5823877120,5176844288,316960768,131629056,1520545792,669052928
476,2022-01-25,17:28:31,0.5,LocalHost,31.4,16664068096,6471200768,61.2,9187323904,5823094784,5176500224,318582784,131719168,1521930240,670908416
477,2022-01-25,17:28:31,0.5,LocalHost,17.5,16664068096,6464974848,61.2,9188675584,5816868864,5176528896,319799296,131719168,1526804480,675782656
478,2022-01-25,17:28:32,0.5,LocalHost,13.8,16664068096,6464352256,61.2,9188200448,5816246272,5176381440,320851968,131719168,1527902208,676880384
479,2022-01-25,17:28:32,0.5,LocalHost,14.4,16664068096,6463909888,61.2,9187799040,5815803904,5176344576,321925120,131719168,1528745984,677724160
480,2022-01-25,17:28:33,0.5,LocalHost,14.0,16664068096,6465437696,61.2,9188470784,5817327616,5176508416,323055616,131719168,1526550528,675524608
481,2022-01-25,17:28:33,0.5,LocalHost,12.8,16664068096,6464770048,61.2,9188081664,5816659968,5176389632,324100096,131719168,1527607296,676581376
482,2022-01-25,17:28:34,0.5,LocalHost,12.4,16664068096,6464020480,61.2,9187885056,5815910400,5176541184,325206016,131727360,1528545280,677519360
483,2022-01-25,17:28:34,0.5,LocalHost,12.7,16664068096,6463414272,61.2,9187696640,5815287808,5176741888,325988352,131735552,1529348096,678322176
484,2022-01-25,17:28:35,0.5,LocalHost,12.7,16664068096,6461759488,61.2,9188147200,5813633024,5176627200,327159808,131743744,1530544128,679518208
485,2022-01-25,17:28:35,0.5,LocalHost,11.5,16664068096,6457221120,61.3,9188089856,5809094656,5176500224,328146944,131760128,1535123456,684113920
486,2022-01-25,17:28:36,0.5,LocalHost,13.5,16664068096,6455697408,61.3,9188270080,5807546368,5176819712,329506816,131760128,1536491520,685465600
487,2022-01-25,17:28:36,0.5,LocalHost,11.0,16664068096,6454923264,61.3,9188225024,5806772224,5176819712,330215424,131760128,1537310720,686284800
488,2022-01-25,17:28:37,0.5,LocalHost,13.1,16664068096,6453133312,61.3,9188638720,5804965888,5176811520,331632640,131776512,1538686976,687661056
489,2022-01-25,17:28:37,0.5,LocalHost,13.4,16664068096,6454423552,61.3,9190051840,5806256128,5176877056,332681216,131776512,1535983616,684957696
490,2022-01-25,17:28:38,0.5,LocalHost,9.9,16664068096,6453481472,61.3,9189912576,5805314048,5177135104,333758464,131776512,1537064960,686039040
491,2022-01-25,17:28:38,0.5,LocalHost,12.0,16664068096,6450028544,61.3,9188888576,5801861120,5176975360,334839808,131776512,1541541888,690515968
492,2022-01-25,17:28:39,0.5,LocalHost,13.3,16664068096,6449295360,61.3,9188675584,5801127936,5177253888,335527936,131776512,1542488064,691462144
493,2022-01-25,17:28:39,0.5,LocalHost,17.3,16664068096,6433701888,61.4,9203998720,5785489408,5187534848,335896576,131784704,1542795264,691695616
494,2022-01-25,17:28:40,0.5,LocalHost,15.9,16664068096,6445518848,61.3,9195474944,5797195776,5179224064,336011264,131784704,1539612672,688361472
495,2022-01-25,17:28:40,0.5,LocalHost,21.0,16664068096,6407520256,61.5,9195995136,5759201280,5179465728,336007168,131784704,1577086976,725835776
496,2022-01-25,17:28:41,0.5,LocalHost,15.3,16664068096,6406643712,61.6,9195294720,5758324736,5180252160,336007168,131784704,1578663936,727412736
497,2022-01-25,17:28:41,0.5,LocalHost,20.0,16664068096,6406062080,61.6,9195585536,5757743104,5180755968,336007168,131784704,1578954752,727703552
498,2022-01-25,17:28:42,0.5,LocalHost,23.0,16664068096,6396383232,61.6,9197936640,5748064256,5182201856,336007168,131788800,1586278400,735031296
499,2022-01-25,17:28:42,0.5,LocalHost,16.3,16664068096,6396178432,61.6,9197776896,5747855360,5183008768,336007168,131788800,1586647040,735395840
500,2022-01-25,17:28:43,0.5,LocalHost,12.6,16664068096,6433370112,61.4,9199292416,5785047040,5183737856,336007168,131788800,1547939840,696688640
501,2022-01-25,17:28:43,0.5,LocalHost,12.6,16664068096,6433128448,61.4,9199792128,5784805376,5184573440,336007168,131788800,1547681792,696434688
502,2022-01-25,17:28:44,0.5,LocalHost,13.2,16664068096,6432346112,61.4,9200840704,5784023040,5185273856,336056320,131788800,1547415552,696168448
503,2022-01-25,17:28:44,0.5,LocalHost,15.1,16664068096,6406193152,61.6,9200820224,5757861888,5185724416,335912960,131796992,1573588992,722341888
504,2022-01-25,17:28:45,0.5,LocalHost,14.2,16664068096,6395719680,61.6,9201532928,5747388416,5186297856,336007168,131796992,1583349760,732102656
505,2022-01-25,17:28:45,0.5,LocalHost,13.3,16664068096,6395355136,61.6,9200566272,5747023872,5186154496,336007168,131796992,1584680960,733433856
506,2022-01-25,17:28:46,0.5,LocalHost,12.7,16664068096,6416244736,61.5,9201668096,5767913472,5186379776,336007168,131796992,1562689536,711442432
507,2022-01-25,17:28:46,0.5,LocalHost,12.1,16664068096,6412644352,61.5,9201938432,5764313088,5186265088,336007168,131796992,1566019584,714772480
508,2022-01-25,17:28:47,0.5,LocalHost,13.8,16664068096,6427668480,61.4,9201881088,5779337216,5186412544,336007168,131796992,1551052800,699805696
509,2022-01-25,17:28:47,0.5,LocalHost,12.9,16664068096,6427418624,61.4,9202126848,5779087360,5186535424,336007168,131796992,1551056896,699805696
510,2022-01-25,17:28:48,0.5,LocalHost,13.0,16664068096,6430494720,61.4,9202552832,5782163456,5186387968,336007168,131796992,1547554816,696303616
511,2022-01-25,17:28:48,0.5,LocalHost,12.5,16664068096,6430306304,61.4,9202950144,5781975040,5186539520,336007168,131796992,1547345920,696094720
512,2022-01-25,17:28:49,0.5,LocalHost,12.2,16664068096,6430568448,61.4,9202688000,5782233088,5186146304,336011264,131796992,1547350016,696098816
513,2022-01-25,17:28:49,0.5,LocalHost,12.9,16664068096,6430568448,61.4,9202688000,5782233088,5186174976,336011264,131805184,1547341824,696098816
514,2022-01-25,17:28:50,0.5,LocalHost,20.0,16664068096,6429024256,61.4,9204170752,5780123648,5186932736,336216064,131805184,1547968512,696098816
515,2022-01-25,17:28:50,0.5,LocalHost,11.8,16664068096,6426353664,61.4,9203437568,5777473536,5186437120,336211968,131805184,1551351808,699555840
516,2022-01-25,17:28:51,0.5,LocalHost,13.9,16664068096,6426353664,61.4,9203228672,5777473536,5186453504,336211968,131805184,1551560704,699764736
517,2022-01-25,17:28:51,0.5,LocalHost,14.5,16664068096,6426353664,61.4,9203228672,5777473536,5186453504,336211968,131805184,1551560704,699764736
518,2022-01-25,17:28:52,0.5,LocalHost,11.8,16664068096,6429274112,61.4,9203769344,5780393984,5186433024,336211968,131805184,1548099584,696303616
519,2022-01-25,17:28:52,0.5,LocalHost,11.3,16664068096,6426353664,61.4,9203437568,5777473536,5186445312,336211968,131805184,1551351808,699555840
520,2022-01-25,17:28:53,0.5,LocalHost,14.4,16664068096,6412677120,61.5,9203273728,5763796992,5186576384,336211968,131805184,1565192192,713396224
521,2022-01-25,17:28:53,0.5,LocalHost,17.7,16664068096,6403493888,61.6,9203281920,5754613760,5186629632,336211968,131805184,1574367232,722571264
522,2022-01-25,17:28:54,0.5,LocalHost,14.3,16664068096,6400548864,61.6,9203511296,5751668736,5186764800,336211968,131805184,1577082880,725286912
523,2022-01-25,17:28:54,0.5,LocalHost,12.6,16664068096,6400581632,61.6,9203642368,5751701504,5186764800,336211968,131805184,1576919040,725123072
524,2022-01-25,17:28:55,0.5,LocalHost,13.5,16664068096,6428962816,61.4,9204109312,5780082688,5186625536,336211968,131813376,1548062720,696266752
525,2022-01-25,17:28:55,0.5,LocalHost,11.5,16664068096,6426648576,61.4,9202962432,5777768448,5186625536,336211968,131813376,1551523840,699727872
526,2022-01-25,17:28:56,0.5,LocalHost,16.5,16664068096,6412292096,61.5,9203171328,5763403776,5187063808,336211968,131821568,1565671424,713875456
527,2022-01-25,17:28:56,0.5,LocalHost,15.7,16664068096,6403461120,61.6,9203056640,5754523648,5186678784,336261120,131821568,1574666240,722821120
528,2022-01-25,17:28:57,0.5,LocalHost,14.9,16664068096,6406852608,61.6,9203056640,5757894656,5186621440,336281600,131821568,1571295232,719429632
529,2022-01-25,17:28:57,0.5,LocalHost,16.5,16664068096,6406520832,61.6,9203605504,5757530112,5186920448,336306176,131821568,1571110912,719220736
530,2022-01-25,17:28:58,0.5,LocalHost,13.8,16664068096,6415671296,61.5,9203240960,5766680576,5186719744,336306176,131821568,1562324992,710434816
531,2022-01-25,17:28:58,0.5,LocalHost,15.9,16664068096,6415671296,61.5,9203240960,5766680576,5186842624,336306176,131821568,1562324992,710434816
532,2022-01-25,17:28:59,0.5,LocalHost,13.7,16664068096,6410465280,61.5,9202450432,5761474560,5186826240,336306176,131821568,1568321536,716431360
533,2022-01-25,17:28:59,0.5,LocalHost,12.8,16664068096,6410465280,61.5,9202708480,5761474560,5186830336,336306176,131821568,1568063488,716173312
534,2022-01-25,17:29:00,0.5,LocalHost,17.0,16664068096,6418092032,61.5,9214967808,5768994816,5199265792,336404480,131821568,1548283904,696254464
535,2022-01-25,17:29:00,0.5,LocalHost,15.0,16664068096,6399270912,61.6,9204441088,5750083584,5186838528,336420864,131821568,1577721856,725635072
536,2022-01-25,17:29:01,0.5,LocalHost,19.3,16664068096,6386020352,61.7,9204346880,5736927232,5186822144,336404480,131829760,1590964224,739069952
537,2022-01-25,17:29:01,0.5,LocalHost,16.3,16664068096,6378536960,61.7,9204469760,5729443840,5186764800,336404480,131829760,1598324736,746422272
538,2022-01-25,17:29:02,0.5,LocalHost,18.3,16664068096,6401888256,61.6,9203826688,5752791040,5186781184,336420864,131829760,1575620608,723709952
539,2022-01-25,17:29:02,0.5,LocalHost,14.0,16664068096,6401703936,61.6,9204228096,5752594432,5186768896,336424960,131829760,1575415808,723505152
540,2022-01-25,17:29:03,0.5,LocalHost,16.6,16664068096,6409809920,61.5,9203605504,5760700416,5186572288,336429056,131829760,1567932416,716021760
541,2022-01-25,17:29:03,0.5,LocalHost,13.1,16664068096,6409551872,61.5,9203863552,5760442368,5186633728,336429056,131829760,1567932416,716021760
542,2022-01-25,17:29:04,0.5,LocalHost,18.6,16664068096,6408679424,61.5,9204195328,5759561728,5186781184,336429056,131854336,1568456704,716546048
543,2022-01-25,17:29:04,0.5,LocalHost,12.8,16664068096,6408712192,61.5,9204162560,5759594496,5186514944,336429056,131854336,1568456704,716546048
544,2022-01-25,17:29:05,0.5,LocalHost,16.3,16664068096,6397640704,61.6,9204137984,5748506624,5186711552,336429056,131854336,1579569152,727658496
545,2022-01-25,17:29:05,0.5,LocalHost,16.7,16664068096,6379171840,61.7,9206124544,5729652736,5189062656,336814080,131887104,1596403712,744140800
546,2022-01-25,17:29:06,0.5,LocalHost,21.7,16664068096,6401724416,61.6,9202892800,5752557568,5188108288,335937536,131895296,1576722432,724811776
547,2022-01-25,17:29:06,0.5,LocalHost,19.9,16664068096,6382313472,61.7,9202946048,5732241408,5188210688,336834560,131903488,1596977152,744263680
548,2022-01-25,17:29:07,0.5,LocalHost,16.8,16664068096,6404132864,61.6,9203011584,5753917440,5188333568,336961536,131903488,1575235584,722292736
549,2022-01-25,17:29:07,0.5,LocalHost,20.9,16664068096,6402584576,61.6,9202917376,5752369152,5188333568,336961536,131907584,1576873984,723914752
550,2022-01-25,17:29:08,0.5,LocalHost,20.5,16664068096,6440849408,61.3,9194749952,5790339072,5179301888,336732160,131911680,1547067392,693809152
551,2022-01-25,17:29:08,0.5,LocalHost,30.3,16664068096,6442409984,61.3,9194438656,5791899648,5179064320,336728064,131911680,1545818112,692293632
552,2022-01-25,17:29:09,0.5,LocalHost,20.9,16664068096,6423072768,61.5,9193467904,5772103680,5179486208,337035264,131911680,1566584832,712818688
553,2022-01-25,17:29:09,0.5,LocalHost,19.2,16664068096,6423011328,61.5,9193283584,5771997184,5179437056,337080320,131911680,1566875648,713109504
554,2022-01-25,17:29:10,0.5,LocalHost,24.6,16664068096,6417879040,61.5,9191534592,5766811648,5180067840,337129472,131911680,1573810176,719953920
555,2022-01-25,17:29:10,0.5,LocalHost,20.6,16664068096,6409441280,61.5,9195134976,5758193664,5180129280,337195008,131911680,1578827776,724267008
556,2022-01-25,17:29:11,0.5,LocalHost,18.3,16664068096,6411608064,61.5,9194848256,5759995904,5179392000,337571840,131919872,1577304064,722972672
557,2022-01-25,17:29:11,0.5,LocalHost,18.0,16664068096,6410027008,61.5,9196204032,5758414848,5182132224,337571840,131919872,1577529344,723197952
558,2022-01-25,17:29:12,0.5,LocalHost,13.5,16664068096,6422663168,61.5,9195544576,5771042816,5187481600,331112448,131928064,1565552640,711229440
559,2022-01-25,17:29:12,0.5,LocalHost,13.5,16664068096,6422921216,61.5,9195286528,5771300864,5187182592,331112448,131928064,1565552640,711229440
560,2022-01-25,17:29:13,0.5,LocalHost,15.2,16664068096,6439968768,61.4,9195372544,5788340224,5187117056,331104256,131928064,1548427264,694095872
561,2022-01-25,17:29:13,0.5,LocalHost,12.6,16664068096,6439968768,61.4,9195372544,5788340224,5187141632,331104256,131928064,1548427264,694095872
562,2022-01-25,17:29:14,0.5,LocalHost,15.0,16664068096,6439649280,61.4,9195958272,5788020736,5187526656,331104256,131928064,1548161024,693829632
563,2022-01-25,17:29:14,0.5,LocalHost,14.8,16664068096,6439550976,61.4,9196171264,5787922432,5187379200,331104256,131928064,1548046336,693714944
564,2022-01-25,17:29:15,0.5,LocalHost,14.2,16664068096,6422519808,61.5,9196429312,5770891264,5187407872,331104256,131928064,1564819456,710488064
565,2022-01-25,17:29:15,0.5,LocalHost,15.9,16664068096,6422519808,61.5,9196425216,5770891264,5187301376,331104256,131928064,1564823552,710488064
566,2022-01-25,17:29:16,0.5,LocalHost,13.7,16664068096,6439436288,61.4,9196146688,5787803648,5187481600,331108352,131936256,1548181504,693846016
567,2022-01-25,17:29:16,0.5,LocalHost,13.5,16664068096,6439587840,61.4,9195995136,5787955200,5187383296,331108352,131936256,1548181504,693846016
568,2022-01-25,17:29:17,0.5,LocalHost,14.2,16664068096,6439661568,61.4,9195921408,5788028928,5187444736,331108352,131936256,1548181504,693846016
569,2022-01-25,17:29:17,0.5,LocalHost,14.3,16664068096,6439927808,61.4,9195651072,5788286976,5187395584,331108352,131936256,1548193792,693858304
570,2022-01-25,17:29:18,0.5,LocalHost,17.8,16664068096,6439972864,61.4,9195900928,5788332032,5187395584,331108352,131936256,1547898880,693563392
571,2022-01-25,17:29:18,0.5,LocalHost,11.7,16664068096,6439821312,61.4,9195888640,5788180480,5187432448,331120640,131936256,1548062720,693727232
572,2022-01-25,17:29:19,0.5,LocalHost,13.2,16664068096,6440079360,61.4,9195630592,5788438528,5187461120,331120640,131936256,1548062720,693727232
573,2022-01-25,17:29:19,0.5,LocalHost,13.5,16664068096,6440079360,61.4,9195630592,5788438528,5187416064,331120640,131936256,1548062720,693727232
574,2022-01-25,17:29:20,0.5,LocalHost,13.7,16664068096,6440353792,61.4,9195356160,5788712960,5187543040,331120640,131936256,1548062720,693727232
575,2022-01-25,17:29:20,0.5,LocalHost,18.5,16664068096,6439706624,61.4,9196265472,5787799552,5187407872,331390976,131936256,1548066816,693731328
576,2022-01-25,17:29:21,0.5,LocalHost,15.4,16664068096,6438662144,61.4,9197047808,5786697728,5187592192,331317248,131944448,1548378112,693727232
577,2022-01-25,17:29:21,0.5,LocalHost,16.5,16664068096,6438662144,61.4,9197047808,5786697728,5187715072,331317248,131944448,1548378112,693727232
578,2022-01-25,17:29:22,0.5,LocalHost,13.5,16664068096,6438449152,61.4,9197252608,5786484736,5187588096,331317248,131944448,1548386304,693727232
579,2022-01-25,17:29:22,0.5,LocalHost,11.8,16664068096,6435360768,61.4,9196679168,5783388160,5187702784,331317248,131944448,1552056320,697397248
580,2022-01-25,17:29:23,0.5,LocalHost,12.6,16664068096,6435622912,61.4,9196417024,5783633920,5187571712,331317248,131960832,1552056320,697397248
581,2022-01-25,17:29:23,0.5,LocalHost,13.7,16664068096,6435397632,61.4,9196642304,5783408640,5187395584,331317248,131960832,1552056320,697397248
582,2022-01-25,17:29:24,0.5,LocalHost,15.2,16664068096,6438752256,61.4,9196748800,5786763264,5187633152,331317248,131960832,1548595200,693936128
583,2022-01-25,17:29:24,0.5,LocalHost,13.8,16664068096,6436323328,61.4,9195716608,5784334336,5187633152,331317248,131960832,1552056320,697397248
584,2022-01-25,17:29:25,0.5,LocalHost,18.2,16664068096,6435876864,61.4,9195343872,5890605056,5082501120,329183232,131981312,1446137856,698216448
585,2022-01-25,17:29:25,0.5,LocalHost,13.2,16664068096,6435254272,61.4,9195540480,5889982464,5082566656,329183232,131981312,1446563840,698642432
586,2022-01-25,17:29:26,0.5,LocalHost,14.3,16664068096,6440173568,61.4,9195765760,5894901760,5082382336,329183232,131981312,1441419264,693497856
587,2022-01-25,17:29:26,0.5,LocalHost,11.5,16664068096,6437335040,61.4,9195143168,5892063232,5082406912,329183232,131981312,1444880384,696958976
588,2022-01-25,17:29:27,0.5,LocalHost,16.0,16664068096,6437060608,61.4,9195474944,5891788800,5082537984,329183232,131981312,1444823040,696901632
589,2022-01-25,17:29:27,0.5,LocalHost,14.8,16664068096,6422134784,61.5,9194901504,5876862976,5082320896,329183232,131981312,1460322304,712400896
590,2022-01-25,17:29:28,0.5,LocalHost,17.8,16664068096,6421692416,61.5,9196769280,5876420608,5084573696,329117696,131993600,1458884608,710975488
591,2022-01-25,17:29:28,0.5,LocalHost,16.7,16664068096,6422663168,61.5,9196007424,5877379072,5083955200,329117696,131993600,1458688000,710766592
592,2022-01-25,17:29:29,0.5,LocalHost,14.9,16664068096,6422564864,61.5,9196105728,5877280768,5083770880,329117696,131993600,1458688000,710766592
593,2022-01-25,17:29:30,0.5,LocalHost,13.3,16664068096,6420082688,61.5,9195089920,5874798592,5083688960,329117696,131993600,1462185984,714264576
594,2022-01-25,17:29:30,0.5,LocalHost,16.8,16664068096,6420344832,61.5,9194655744,5875056640,5083684864,329121792,131993600,1462362112,714436608
595,2022-01-25,17:29:31,0.5,LocalHost,16.5,16664068096,6420344832,61.5,9194655744,5875056640,5083578368,329121792,131993600,1462362112,714436608
596,2022-01-25,17:29:31,0.5,LocalHost,20.3,16664068096,6438494208,61.4,9197268992,5892620288,5084508160,329609216,132001792,1442177024,693682176
597,2022-01-25,17:29:32,0.5,LocalHost,12.7,16664068096,6438739968,61.4,9196937216,5892907008,5083750400,329576448,132001792,1442222080,693678080
598,2022-01-25,17:29:32,0.5,LocalHost,13.3,16664068096,6439264256,61.4,9196412928,5893431296,5083729920,329576448,132001792,1442222080,693678080
599,2022-01-25,17:29:33,0.5,LocalHost,15.2,16664068096,6445719552,61.3,9189957632,5899882496,5078077440,328880128,132001792,1442226176,693678080
