iteration,date,time,measurement_period,machine/VNF,sys_cpu,totalmem,availablemem,percentmem,usedmem,freemem,activemem,inactivemem,buffers,cached,shared
0,2022-01-23,20:15:27,0.5,LocalHost,93.7,16664068096,2067701760,87.6,13357486080,802947072,7568752640,646500352,354832384,2148802560,888762368
1,2022-01-23,20:15:27,0.5,LocalHost,97.3,16664068096,2000261120,88.0,13424926720,735408128,7568691200,646594560,354832384,2148900864,888762368
2,2022-01-23,20:15:28,0.5,LocalHost,95.6,16664068096,1949696000,88.3,13474160640,684843008,7569235968,646594560,354832384,2150232064,890093568
3,2022-01-23,20:15:28,0.5,LocalHost,86.1,16664068096,1942364160,88.3,13481230336,677400576,7569174528,646696960,354832384,2150604800,890335232
4,2022-01-23,20:15:29,0.5,LocalHost,51.7,16664068096,1935425536,88.4,13488238592,670355456,7569420288,646803456,354832384,2150641664,890335232
5,2022-01-23,20:15:29,0.5,LocalHost,25.1,16664068096,1935519744,88.4,13488099328,670396416,7569346560,646840320,354832384,2150739968,890335232
6,2022-01-23,20:15:30,0.5,LocalHost,24.4,16664068096,1935409152,88.4,13488209920,670253056,7569121280,646873088,354840576,2150764544,890335232
7,2022-01-23,20:15:30,0.5,LocalHost,28.4,16664068096,1935761408,88.4,13489188864,670535680,7570001920,646922240,354840576,2149502976,889004032
8,2022-01-23,20:15:31,0.5,LocalHost,25.6,16664068096,1936646144,88.4,13488541696,671399936,7570370560,646942720,354840576,2149285888,888762368
9,2022-01-23,20:15:31,0.5,LocalHost,27.6,16664068096,1935495168,88.4,13489692672,670113792,7570059264,647036928,354840576,2149421056,888762368
10,2022-01-23,20:15:32,0.5,LocalHost,27.2,16664068096,1936388096,88.4,13488787456,670945280,7570071552,647057408,354914304,2149421056,888762368
11,2022-01-23,20:15:32,0.5,LocalHost,27.9,16664068096,1935642624,88.4,13489545216,670093312,7570550784,647127040,354914304,2149515264,888762368
12,2022-01-23,20:15:33,0.5,LocalHost,25.9,16664068096,1935261696,88.4,13489926144,669700096,7570464768,647139328,354914304,2149527552,888762368
13,2022-01-23,20:15:33,0.5,LocalHost,26.9,16664068096,1935716352,88.4,13489459200,670056448,7570784256,647225344,354914304,2149638144,888762368
14,2022-01-23,20:15:34,0.5,LocalHost,26.4,16664068096,1935904768,88.4,13489270784,670208000,7570972672,647262208,354914304,2149675008,888762368
15,2022-01-23,20:15:34,0.5,LocalHost,27.6,16664068096,1935486976,88.4,13489700864,669732864,7570345984,647319552,354914304,2149720064,888762368
16,2022-01-23,20:15:35,0.5,LocalHost,27.8,16664068096,1935302656,88.4,13489885184,669470720,7570366464,647385088,354922496,2149789696,888762368
17,2022-01-23,20:15:35,0.5,LocalHost,27.9,16664068096,1935310848,88.4,13489868800,669450240,7570759680,647413760,354922496,2149826560,888762368
18,2022-01-23,20:15:36,0.5,LocalHost,26.7,16664068096,1935446016,88.4,13489741824,669540352,7570550784,647458816,354922496,2149863424,888762368
19,2022-01-23,20:15:36,0.5,LocalHost,29.0,16664068096,1934925824,88.4,13490266112,668962816,7570739200,647516160,354922496,2149916672,888762368
20,2022-01-23,20:15:37,0.5,LocalHost,30.3,16664068096,1934950400,88.4,13490241536,668975104,7570907136,647528448,354930688,2149920768,888762368
21,2022-01-23,20:15:37,0.5,LocalHost,29.2,16664068096,1934450688,88.4,13490733056,668356608,7570894848,647614464,354971648,2150006784,888762368
22,2022-01-23,20:15:38,0.5,LocalHost,26.8,16664068096,1934135296,88.4,13491048448,668012544,7571578880,647643136,354971648,2150035456,888762368
23,2022-01-23,20:15:38,0.5,LocalHost,30.4,16664068096,1934471168,88.4,13490720768,668246016,7570677760,647712768,354971648,2150129664,888762368
24,2022-01-23,20:15:39,0.5,LocalHost,31.9,16664068096,1932406784,88.4,13492781056,666009600,7571816448,647884800,354971648,2150305792,888766464
25,2022-01-23,20:15:39,0.5,LocalHost,26.5,16664068096,1932464128,88.4,13492723712,665759744,7570812928,648085504,354971648,2150612992,888762368
26,2022-01-23,20:15:40,0.5,LocalHost,26.8,16664068096,1932746752,88.4,13492441088,665997312,7571103744,648126464,354979840,2150649856,888762368
27,2022-01-23,20:15:40,0.5,LocalHost,28.4,16664068096,1933172736,88.4,13492019200,666357760,7570960384,648187904,354979840,2150711296,888762368
28,2022-01-23,20:15:41,0.5,LocalHost,26.2,16664068096,1933193216,88.4,13491994624,666370048,7571038208,648196096,354979840,2150723584,888762368
29,2022-01-23,20:15:41,0.5,LocalHost,26.1,16664068096,1933737984,88.4,13491449856,666824704,7570956288,648282112,354979840,2150813696,888762368
30,2022-01-23,20:15:42,0.5,LocalHost,27.2,16664068096,1933377536,88.4,13491806208,666406912,7570595840,648335360,354979840,2150875136,888762368
31,2022-01-23,20:15:42,0.5,LocalHost,28.1,16664068096,1933160448,88.4,13492023296,666148864,7571173376,648376320,354996224,2150899712,888762368
32,2022-01-23,20:15:43,0.5,LocalHost,26.2,16664068096,1933389824,88.4,13491781632,666279936,7571312640,648417280,355028992,2150977536,888762368
33,2022-01-23,20:15:43,0.5,LocalHost,23.5,16664068096,1933066240,88.4,13492125696,665882624,7571382272,648486912,355028992,2151030784,888762368
34,2022-01-23,20:15:44,0.5,LocalHost,24.9,16664068096,1933103104,88.4,13492088832,665886720,7571419136,648519680,355028992,2151063552,888762368
35,2022-01-23,20:15:44,0.5,LocalHost,25.2,16664068096,1933574144,88.4,13491617792,666308608,7571496960,648568832,355028992,2151112704,888762368
36,2022-01-23,20:15:45,0.5,LocalHost,25.0,16664068096,1933271040,88.4,13491916800,665956352,7571410944,648613888,355037184,2151157760,888762368
37,2022-01-23,20:15:45,0.5,LocalHost,27.1,16664068096,1933303808,88.4,13491879936,665927680,7571173376,648671232,355037184,2151223296,888762368
38,2022-01-23,20:15:46,0.5,LocalHost,25.9,16664068096,1933488128,88.4,13491703808,666058752,7571505152,648720384,355037184,2151268352,888762368
39,2022-01-23,20:15:46,0.5,LocalHost,29.4,16664068096,1933750272,88.4,13491429376,666275840,7571017728,648765440,355037184,2151325696,888762368
40,2022-01-23,20:15:47,0.5,LocalHost,29.2,16664068096,1933615104,88.4,13491576832,666083328,7571587072,648822784,355037184,2151370752,888762368
41,2022-01-23,20:15:47,0.5,LocalHost,24.0,16664068096,1933848576,88.4,13491339264,666279936,7571726336,648859648,355037184,2151411712,888762368
42,2022-01-23,20:15:48,0.5,LocalHost,23.5,16664068096,1933500416,88.4,13491679232,665866240,7571980288,648912896,355045376,2151477248,888762368
43,2022-01-23,20:15:48,0.5,LocalHost,27.0,16664068096,1933381632,88.4,13491810304,665714688,7572172800,648945664,355102720,2151440384,888762368
44,2022-01-23,20:15:49,0.5,LocalHost,24.0,16664068096,1933516800,88.4,13491675136,665751552,7572217856,648994816,355102720,2151538688,888762368
45,2022-01-23,20:15:49,0.5,LocalHost,28.1,16664068096,1930326016,88.4,13494808576,662388736,7572959232,649134080,355102720,2151768064,888766464
46,2022-01-23,20:15:50,0.5,LocalHost,22.6,16664068096,1931681792,88.4,13493501952,663646208,7572447232,649220096,355110912,2151809024,888762368
47,2022-01-23,20:15:50,0.5,LocalHost,22.4,16664068096,1931264000,88.4,13493927936,663162880,7572815872,649269248,355110912,2151866368,888762368
48,2022-01-23,20:15:51,0.5,LocalHost,23.1,16664068096,1931169792,88.4,13494018048,663031808,7572115456,649306112,355110912,2151907328,888762368
49,2022-01-23,20:15:51,0.5,LocalHost,22.6,16664068096,1931210752,88.4,13493972992,663027712,7572443136,649351168,355110912,2151956480,888762368
50,2022-01-23,20:15:52,0.5,LocalHost,21.1,16664068096,1930952704,88.4,13494239232,662679552,7572398080,649437184,355110912,2152038400,888762368
51,2022-01-23,20:15:52,0.5,LocalHost,23.0,16664068096,1929945088,88.4,13495242752,661659648,7572574208,649449472,355110912,2152054784,888762368
52,2022-01-23,20:15:53,0.5,LocalHost,21.8,16664068096,1930522624,88.4,13494661120,662196224,7572467712,649490432,355110912,2152099840,888762368
53,2022-01-23,20:15:53,0.5,LocalHost,21.1,16664068096,1930752000,88.4,13494439936,662339584,7572549632,649564160,355119104,2152169472,888762368
54,2022-01-23,20:15:54,0.5,LocalHost,22.1,16664068096,1930993664,88.4,13494190080,662548480,7572938752,649596928,355151872,2152177664,888762368
55,2022-01-23,20:15:54,0.5,LocalHost,20.6,16664068096,1931288576,88.4,13493895168,662757376,7573028864,649650176,355151872,2152263680,888762368
56,2022-01-23,20:15:55,0.5,LocalHost,20.8,16664068096,1932689408,88.4,13492494336,664109056,7572754432,649699328,355160064,2152304640,888762368
57,2022-01-23,20:15:55,0.5,LocalHost,23.6,16664068096,1932337152,88.4,13492854784,663674880,7572729856,649773056,355160064,2152378368,888762368
58,2022-01-23,20:15:56,0.5,LocalHost,28.5,16664068096,1911111680,88.5,13514072064,642408448,7572496384,649814016,355160064,2152427520,888762368
59,2022-01-23,20:15:56,0.5,LocalHost,21.7,16664068096,1910071296,88.5,13515108352,641331200,7572824064,649850880,355160064,2152468480,888762368
60,2022-01-23,20:15:57,0.5,LocalHost,20.3,16664068096,1908834304,88.5,13516357632,640045056,7572606976,649900032,355160064,2152505344,888762368
61,2022-01-23,20:15:57,0.5,LocalHost,19.5,16664068096,1909407744,88.5,13515780096,640569344,7572885504,649949184,355160064,2152558592,888762368
62,2022-01-23,20:15:58,0.5,LocalHost,18.7,16664068096,1909051392,88.5,13516136448,640147456,7573446656,650006528,355160064,2152624128,888762368
63,2022-01-23,20:15:58,0.5,LocalHost,21.4,16664068096,1908121600,88.5,13517062144,639188992,7573700608,650031104,355160064,2152656896,888762368
64,2022-01-23,20:15:59,0.5,LocalHost,18.5,16664068096,1908076544,88.5,13517111296,639066112,7573336064,650092544,355176448,2152714240,888762368
65,2022-01-23,20:15:59,0.5,LocalHost,24.3,16664068096,1904857088,88.6,13520060416,636006400,7573270528,649924608,355225600,2152775680,888762368
66,2022-01-23,20:16:00,0.5,LocalHost,23.3,16664068096,1887170560,88.7,13522067456,617635840,7578091520,650547200,355233792,2169131008,904605696
67,2022-01-23,20:16:00,0.5,LocalHost,17.6,16664068096,1886744576,88.7,13522558976,617054208,7578329088,650657792,355233792,2169221120,904638464
68,2022-01-23,20:16:01,0.5,LocalHost,18.1,16664068096,1886732288,88.7,13522579456,616992768,7578345472,650698752,355233792,2169262080,904638464
69,2022-01-23,20:16:01,0.5,LocalHost,17.3,16664068096,1906892800,88.6,13518385152,637108224,7573581824,650743808,355233792,2153340928,888664064
70,2022-01-23,20:16:02,0.5,LocalHost,19.2,16664068096,1908092928,88.5,13517225984,638238720,7573176320,650813440,355233792,2153369600,888623104
71,2022-01-23,20:16:02,0.5,LocalHost,18.8,16664068096,1907990528,88.6,13517340672,638078976,7574065152,650866688,355233792,2153414656,888623104
72,2022-01-23,20:16:03,0.5,LocalHost,18.8,16664068096,1907429376,88.6,13517893632,637440000,7574077440,650936320,355233792,2153500672,888623104
73,2022-01-23,20:16:03,0.5,LocalHost,18.9,16664068096,1907437568,88.6,13517889536,637419520,7573757952,650964992,355233792,2153525248,888623104
74,2022-01-23,20:16:04,0.5,LocalHost,16.4,16664068096,1907920896,88.6,13517410304,637841408,7573454848,651026432,355233792,2153582592,888623104
75,2022-01-23,20:16:04,0.5,LocalHost,18.3,16664068096,1907654656,88.6,13517676544,637517824,7574048768,651067392,355250176,2153623552,888623104
76,2022-01-23,20:16:05,0.5,LocalHost,18.8,16664068096,1908252672,88.5,13517037568,638070784,7573716992,651112448,355307520,2153652224,888623104
77,2022-01-23,20:16:05,0.5,LocalHost,17.4,16664068096,1908240384,88.5,13517070336,637976576,7573766144,651149312,355315712,2153705472,888623104
78,2022-01-23,20:16:06,0.5,LocalHost,18.1,16664068096,1907847168,88.6,13517475840,637472768,7574036480,651235328,355315712,2153803776,888623104
79,2022-01-23,20:16:06,0.5,LocalHost,17.9,16664068096,1908269056,88.5,13517062144,637861888,7573676032,651268096,355315712,2153828352,888623104
80,2022-01-23,20:16:07,0.5,LocalHost,17.0,16664068096,1908383744,88.5,13516943360,637939712,7573467136,651304960,355315712,2153869312,888623104
81,2022-01-23,20:16:07,0.5,LocalHost,17.5,16664068096,1908310016,88.5,13517017088,637825024,7574032384,651345920,355315712,2153910272,888623104
82,2022-01-23,20:16:08,0.5,LocalHost,23.3,16664068096,1908174848,88.5,13517156352,637620224,7574425600,651415552,355315712,2153975808,888623104
83,2022-01-23,20:16:08,0.5,LocalHost,22.6,16664068096,1906479104,88.6,13518852096,635883520,7574659072,651452416,355315712,2154016768,888623104
84,2022-01-23,20:16:09,0.5,LocalHost,18.7,16664068096,1906503680,88.6,13518827520,635822080,7574405120,651534336,355315712,2154102784,888623104
85,2022-01-23,20:16:09,0.5,LocalHost,16.7,16664068096,1906499584,88.6,13518831616,635801600,7574716416,651550720,355315712,2154119168,888623104
86,2022-01-23,20:16:10,0.5,LocalHost,22.9,16664068096,1904615424,88.6,13520715776,633667584,7574364160,651505664,355332096,2154352640,888623104
87,2022-01-23,20:16:10,0.5,LocalHost,18.2,16664068096,1904861184,88.6,13520465920,634003456,7574323200,651530240,355356672,2154242048,888623104
88,2022-01-23,20:16:11,0.5,LocalHost,17.5,16664068096,1905061888,88.6,13520265216,634138624,7574499328,651579392,355364864,2154299392,888623104
89,2022-01-23,20:16:11,0.5,LocalHost,19.3,16664068096,1905717248,88.6,13519609856,634744832,7574851584,651620352,355364864,2154348544,888623104
90,2022-01-23,20:16:12,0.5,LocalHost,18.3,16664068096,1905745920,88.6,13519585280,634703872,7574908928,651689984,355364864,2154414080,888623104
91,2022-01-23,20:16:12,0.5,LocalHost,17.0,16664068096,1905434624,88.6,13519892480,634359808,7575166976,651722752,355364864,2154450944,888623104
92,2022-01-23,20:16:13,0.5,LocalHost,16.9,16664068096,1905668096,88.6,13519654912,634535936,7575441408,651780096,355364864,2154512384,888623104
93,2022-01-23,20:16:13,0.5,LocalHost,17.0,16664068096,1905569792,88.6,13519757312,634404864,7575007232,651812864,355364864,2154541056,888623104
94,2022-01-23,20:16:14,0.5,LocalHost,16.8,16664068096,1905885184,88.6,13519446016,634630144,7574974464,651902976,355364864,2154627072,888623104
95,2022-01-23,20:16:14,0.5,LocalHost,16.4,16664068096,1906319360,88.6,13519007744,635056128,7575388160,651911168,355364864,2154639360,888623104
96,2022-01-23,20:16:15,0.5,LocalHost,17.1,16664068096,1906413568,88.6,13518913536,635060224,7575199744,651984896,355373056,2154721280,888623104
97,2022-01-23,20:16:15,0.5,LocalHost,16.5,16664068096,1906450432,88.6,13518880768,635043840,7575146496,652029952,355389440,2154754048,888623104
98,2022-01-23,20:16:16,0.5,LocalHost,17.8,16664068096,1907343360,88.6,13517983744,635830272,7574974464,652087296,355430400,2154823680,888623104
99,2022-01-23,20:16:16,0.5,LocalHost,18.1,16664068096,1906888704,88.6,13518434304,635367424,7575134208,652091392,355438592,2154827776,888623104
100,2022-01-23,20:16:17,0.5,LocalHost,16.1,16664068096,1906294784,88.6,13519032320,634687488,7575314432,652173312,355438592,2154909696,888623104
101,2022-01-23,20:16:17,0.5,LocalHost,18.5,16664068096,1906610176,88.6,13518704640,634974208,7575711744,652201984,355438592,2154950656,888623104
102,2022-01-23,20:16:18,0.5,LocalHost,17.2,16664068096,1906708480,88.6,13518618624,634994688,7575863296,652271616,355438592,2155016192,888623104
103,2022-01-23,20:16:18,0.5,LocalHost,21.0,16664068096,1906089984,88.6,13519237120,634339328,7575810048,652308480,355438592,2155053056,888623104
104,2022-01-23,20:16:19,0.5,LocalHost,17.5,16664068096,1905729536,88.6,13519601664,633925632,7575547904,652361728,355438592,2155102208,888623104
105,2022-01-23,20:16:19,0.5,LocalHost,17.0,16664068096,1905967104,88.6,13519364096,634109952,7575908352,652410880,355438592,2155155456,888623104
106,2022-01-23,20:16:20,0.5,LocalHost,21.4,16664068096,1905385472,88.6,13519937536,633126912,7575805952,652713984,355446784,2155556864,888623104
107,2022-01-23,20:16:20,0.5,LocalHost,19.2,16664068096,1893515264,88.6,13520093184,621244416,7576010752,652726272,355446784,2167283712,900337664
108,2022-01-23,20:16:21,0.5,LocalHost,19.0,16664068096,1893822464,88.6,13519339520,621432832,7575855104,652828672,355454976,2167840768,900788224
109,2022-01-23,20:16:21,0.5,LocalHost,16.1,16664068096,1893314560,88.6,13519847424,620892160,7576059904,652845056,355487744,2167840768,900788224
110,2022-01-23,20:16:22,0.5,LocalHost,18.1,16664068096,1894739968,88.6,13518422016,622202880,7575826432,652935168,355495936,2167947264,900788224
111,2022-01-23,20:16:22,0.5,LocalHost,18.8,16664068096,1898127360,88.6,13519839232,625569792,7576268800,652705792,355495936,2163163136,895979520
112,2022-01-23,20:16:23,0.5,LocalHost,16.6,16664068096,1897869312,88.6,13520097280,625246208,7576129536,653021184,355495936,2163228672,895983616
113,2022-01-23,20:16:23,0.5,LocalHost,17.0,16664068096,1898496000,88.6,13519466496,625852416,7576391680,653041664,355495936,2163253248,895983616
114,2022-01-23,20:16:24,0.5,LocalHost,19.8,16664068096,1898475520,88.6,13519482880,625754112,7576190976,653119488,355495936,2163335168,895983616
115,2022-01-23,20:16:24,0.5,LocalHost,20.0,16664068096,1899249664,88.6,13518721024,626487296,7576248320,653160448,355495936,2163363840,895983616
116,2022-01-23,20:16:25,0.5,LocalHost,16.5,16664068096,1899020288,88.6,13518950400,626176000,7576219648,653234176,355504128,2163437568,895979520
117,2022-01-23,20:16:25,0.5,LocalHost,14.8,16664068096,1898848256,88.6,13519114240,625995776,7576276992,653242368,355504128,2163453952,895979520
118,2022-01-23,20:16:26,0.5,LocalHost,18.0,16664068096,1898872832,88.6,13519089664,625954816,7576182784,653307904,355504128,2163519488,895979520
119,2022-01-23,20:16:26,0.5,LocalHost,17.6,16664068096,1898164224,88.6,13519802368,625197056,7576481792,653340672,355545088,2163523584,895979520
120,2022-01-23,20:16:27,0.5,LocalHost,18.0,16664068096,1898999808,88.6,13518970880,625876992,7576317952,653426688,355586048,2163634176,895979520
121,2022-01-23,20:16:27,0.5,LocalHost,21.1,16664068096,1899163648,88.6,13518807040,626028544,7577419776,653438976,355586048,2163646464,895979520
122,2022-01-23,20:16:28,0.5,LocalHost,16.9,16664068096,1898598400,88.6,13519372288,625393664,7576657920,653488128,355602432,2163699712,895979520
123,2022-01-23,20:16:28,0.5,LocalHost,22.3,16664068096,1881120768,88.7,13536854016,607862784,7594549248,653541376,355602432,2163748864,895979520
124,2022-01-23,20:16:29,0.5,LocalHost,23.2,16664068096,1881997312,88.7,13535969280,608649216,7594516480,653623296,355602432,2163847168,895979520
125,2022-01-23,20:16:29,0.5,LocalHost,22.1,16664068096,1880977408,88.7,13536985088,607604736,7594491904,653647872,355627008,2163851264,895979520
126,2022-01-23,20:16:30,0.5,LocalHost,21.1,16664068096,1875087360,88.7,13542883328,601616384,7601389568,653705216,355627008,2163941376,895979520
127,2022-01-23,20:16:30,0.5,LocalHost,21.1,16664068096,1879552000,88.7,13538525184,605921280,7594381312,653860864,355635200,2163986432,895979520
128,2022-01-23,20:16:31,0.5,LocalHost,18.9,16664068096,1879998464,88.7,13537964032,606416896,7594442752,653807616,355635200,2164051968,895979520
129,2022-01-23,20:16:31,0.5,LocalHost,17.4,16664068096,1879982080,88.7,13537984512,606363648,7594463232,653844480,355667968,2164051968,895979520
130,2022-01-23,20:16:32,0.5,LocalHost,18.3,16664068096,1880260608,88.7,13537705984,606502912,7594672128,653930496,355692544,2164166656,895979520
131,2022-01-23,20:16:32,0.5,LocalHost,18.9,16664068096,1896951808,88.6,13521010688,623173632,7577886720,653946880,355692544,2164191232,895979520
132,2022-01-23,20:16:33,0.5,LocalHost,17.6,16664068096,1897402368,88.6,13520568320,623529984,7577788416,654032896,355700736,2164269056,895979520
133,2022-01-23,20:16:33,0.5,LocalHost,19.5,16664068096,1897107456,88.6,13520867328,623210496,7578316800,654053376,355725312,2164264960,895979520
134,2022-01-23,20:16:34,0.5,LocalHost,16.9,16664068096,1897345024,88.6,13520621568,623382528,7577980928,654090240,355725312,2164338688,895979520
135,2022-01-23,20:16:34,0.5,LocalHost,17.9,16664068096,1897275392,88.6,13520695296,623235072,7577722880,654163968,355725312,2164412416,895979520
136,2022-01-23,20:16:35,0.5,LocalHost,17.1,16664068096,1896927232,88.6,13521039360,622833664,7577673728,654209024,355733504,2164461568,895979520
137,2022-01-23,20:16:35,0.5,LocalHost,17.8,16664068096,1896779776,88.6,13521195008,622653440,7577825280,654241792,355741696,2164477952,895979520
138,2022-01-23,20:16:36,0.5,LocalHost,19.0,16664068096,1897308160,88.6,13520666624,623075328,7577538560,654331904,355741696,2164584448,895979520
139,2022-01-23,20:16:36,0.5,LocalHost,19.3,16664068096,1896931328,88.6,13521043456,622686208,7578275840,654340096,355741696,2164596736,895979520
140,2022-01-23,20:16:37,0.5,LocalHost,18.9,16664068096,1896853504,88.6,13521113088,622518272,7577800704,654430208,355758080,2164678656,895979520
141,2022-01-23,20:16:37,0.5,LocalHost,18.8,16664068096,1897095168,88.6,13520871424,622731264,7577874432,654450688,355766272,2164699136,895979520
142,2022-01-23,20:16:38,0.5,LocalHost,19.6,16664068096,1897152512,88.6,13520822272,622690304,7578234880,654532608,355766272,2164789248,895979520
143,2022-01-23,20:16:38,0.5,LocalHost,20.2,16664068096,1897299968,88.6,13520674816,622825472,7578353664,654536704,355790848,2164776960,895979520
144,2022-01-23,20:16:39,0.5,LocalHost,20.7,16664068096,1897627648,88.6,13520347136,623026176,7578157056,654647296,355790848,2164903936,895979520
145,2022-01-23,20:16:39,0.5,LocalHost,17.5,16664068096,1897025536,88.6,13520945152,622399488,7578542080,654671872,355790848,2164932608,895979520
146,2022-01-23,20:16:40,0.5,LocalHost,17.8,16664068096,1897345024,88.6,13520625664,622653440,7578173440,654733312,355790848,2164998144,895979520
147,2022-01-23,20:16:40,0.5,LocalHost,19.8,16664068096,1896402944,88.6,13521526784,621748224,7579000832,654602240,355815424,2164977664,895979520
148,2022-01-23,20:16:41,0.5,LocalHost,18.1,16664068096,1895653376,88.6,13522317312,620769280,7578394624,654741504,355815424,2165166080,895979520
149,2022-01-23,20:16:41,0.5,LocalHost,18.6,16664068096,1895186432,88.6,13522780160,620285952,7578419200,654757888,355815424,2165186560,895979520
150,2022-01-23,20:16:42,0.5,LocalHost,17.4,16664068096,1896210432,88.6,13521756160,621232128,7578050560,654835712,355815424,2165264384,895979520
151,2022-01-23,20:16:42,0.5,LocalHost,22.1,16664068096,1902817280,88.6,13522509824,627789824,7579029504,654868480,355823616,2157944832,888623104
152,2022-01-23,20:16:43,0.5,LocalHost,23.8,16664068096,1902759936,88.6,13522571264,627646464,7578685440,654942208,355831808,2158018560,888623104
153,2022-01-23,20:16:43,0.5,LocalHost,18.6,16664068096,1903480832,88.6,13521850368,628359168,7579127808,654950400,355831808,2158026752,888623104
154,2022-01-23,20:16:44,0.5,LocalHost,18.2,16664068096,1903370240,88.6,13521940480,628158464,7578939392,655040512,355848192,2158120960,888623104
155,2022-01-23,20:16:44,0.5,LocalHost,18.6,16664068096,1903411200,88.6,13521915904,628158464,7579049984,655065088,355848192,2158145536,888623104
156,2022-01-23,20:16:45,0.5,LocalHost,19.1,16664068096,1903337472,88.6,13521985536,628011008,7578771456,655138816,355848192,2158223360,888623104
157,2022-01-23,20:16:45,0.5,LocalHost,20.1,16664068096,1903939584,88.6,13521383424,628576256,7579287552,655175680,355856384,2158252032,888623104
158,2022-01-23,20:16:46,0.5,LocalHost,18.1,16664068096,1903292416,88.6,13522026496,627838976,7578812416,655237120,355872768,2158329856,888623104
159,2022-01-23,20:16:46,0.5,LocalHost,19.1,16664068096,1904685056,88.6,13520642048,629186560,7578832896,655278080,355872768,2158366720,888623104
160,2022-01-23,20:16:47,0.5,LocalHost,18.7,16664068096,1904656384,88.6,13520670720,629084160,7578820608,655347712,355872768,2158440448,888623104
161,2022-01-23,20:16:47,0.5,LocalHost,17.3,16664068096,1904029696,88.6,13521301504,628424704,7579521024,655380480,355872768,2158469120,888623104
162,2022-01-23,20:16:48,0.5,LocalHost,18.3,16664068096,1903255552,88.6,13522067456,627572736,7579537408,655458304,355889152,2158538752,888623104
163,2022-01-23,20:16:48,0.5,LocalHost,19.2,16664068096,1902845952,88.6,13522481152,627118080,7580516352,655478784,355897344,2158571520,888623104
164,2022-01-23,20:16:49,0.5,LocalHost,20.5,16664068096,1904324608,88.6,13521002496,628531200,7579557888,655544320,355897344,2158637056,888623104
165,2022-01-23,20:16:49,0.5,LocalHost,18.0,16664068096,1903869952,88.6,13521461248,628051968,7579865088,655564800,355921920,2158632960,888623104
166,2022-01-23,20:16:50,0.5,LocalHost,18.2,16664068096,1904955392,88.6,13520371712,629026816,7579357184,655646720,355921920,2158747648,888623104
167,2022-01-23,20:16:50,0.5,LocalHost,20.6,16664068096,1892634624,88.6,13532696576,616697856,7590268928,655654912,355930112,2158743552,888623104
168,2022-01-23,20:16:51,0.5,LocalHost,20.1,16664068096,1901780992,88.6,13523546112,625631232,7579377664,655839232,355930112,2158960640,888623104
169,2022-01-23,20:16:51,0.5,LocalHost,18.3,16664068096,1902051328,88.6,13523279872,625872896,7579561984,655851520,355946496,2158968832,888623104
170,2022-01-23,20:16:52,0.5,LocalHost,16.8,16664068096,1902333952,88.6,13522993152,626065408,7579512832,655941632,355946496,2159063040,888623104
171,2022-01-23,20:16:52,0.5,LocalHost,17.2,16664068096,1903403008,88.6,13521924096,627118080,7580168192,655958016,355946496,2159079424,888623104
172,2022-01-23,20:16:53,0.5,LocalHost,19.1,16664068096,1902989312,88.6,13522333696,626610176,7580024832,656052224,355946496,2159177728,888623104
173,2022-01-23,20:16:53,0.5,LocalHost,17.7,16664068096,1903521792,88.6,13521793024,627126272,7580463104,656068608,355962880,2159185920,888623104
174,2022-01-23,20:16:54,0.5,LocalHost,17.2,16664068096,1903136768,88.6,13522182144,626634752,7580336128,656142336,355971072,2159280128,888623104
175,2022-01-23,20:16:54,0.5,LocalHost,17.7,16664068096,1903665152,88.6,13521649664,627142656,7580413952,656162816,355971072,2159304704,888623104
176,2022-01-23,20:16:55,0.5,LocalHost,16.6,16664068096,1903620096,88.6,13521694720,626995200,7580303360,656244736,356003840,2159374336,888623104
177,2022-01-23,20:16:55,0.5,LocalHost,18.5,16664068096,1903206400,88.6,13522112512,626552832,7580147712,656261120,356012032,2159390720,888623104
178,2022-01-23,20:16:56,0.5,LocalHost,19.4,16664068096,1901998080,88.6,13523329024,625250304,7580065792,656343040,356012032,2159476736,888623104
179,2022-01-23,20:16:56,0.5,LocalHost,20.3,16664068096,1902284800,88.6,13523042304,625512448,7580160000,656367616,356012032,2159501312,888623104
180,2022-01-23,20:16:57,0.5,LocalHost,20.0,16664068096,1902534656,88.6,13522792448,625672192,7580229632,656441344,356028416,2159575040,888623104
181,2022-01-23,20:16:57,0.5,LocalHost,19.8,16664068096,1902616576,88.6,13522710528,625733632,7580532736,656461824,356028416,2159595520,888623104
182,2022-01-23,20:16:58,0.5,LocalHost,19.4,16664068096,1902112768,88.6,13523218432,625152000,7580758016,656535552,356028416,2159669248,888623104
183,2022-01-23,20:16:58,0.5,LocalHost,19.7,16664068096,1902936064,88.6,13522395136,625963008,7581044736,656547840,356028416,2159681536,888623104
184,2022-01-23,20:16:59,0.5,LocalHost,22.3,16664068096,1902620672,88.6,13522710528,625545216,7580471296,656646144,356036608,2159775744,888623104
185,2022-01-23,20:16:59,0.5,LocalHost,18.7,16664068096,1902342144,88.6,13522989056,625242112,7580426240,656658432,356052992,2159783936,888623104
186,2022-01-23,20:17:00,0.5,LocalHost,25.3,16664068096,1901772800,88.6,13523099648,624590848,7580839936,656728064,356052992,2160324608,889020416
187,2022-01-23,20:17:00,0.5,LocalHost,20.2,16664068096,1900187648,88.6,13524156416,622993408,7581163520,656740352,356077568,2160840704,889286656
188,2022-01-23,20:17:01,0.5,LocalHost,22.9,16664068096,1897127936,88.6,13527273472,619560960,7581040640,657289216,356077568,2161156096,889544704
189,2022-01-23,20:17:01,0.5,LocalHost,19.1,16664068096,1898143744,88.6,13526528000,620556288,7580831744,657043456,356077568,2160906240,889278464
190,2022-01-23,20:17:02,0.5,LocalHost,17.7,16664068096,1898921984,88.6,13525925888,621248512,7580442624,657129472,356077568,2160816128,889106432
191,2022-01-23,20:17:02,0.5,LocalHost,17.9,16664068096,1899753472,88.6,13525618688,622071808,7580954624,657137664,356093952,2160283648,888582144
192,2022-01-23,20:17:03,0.5,LocalHost,19.0,16664068096,1899696128,88.6,13525671936,621912064,7581016064,657223680,356093952,2160390144,888582144
193,2022-01-23,20:17:03,0.5,LocalHost,22.4,16664068096,1900097536,88.6,13525274624,622276608,7581171712,657244160,356102144,2160414720,888582144
194,2022-01-23,20:17:04,0.5,LocalHost,22.8,16664068096,1901309952,88.6,13524054016,623415296,7581298688,657313792,356102144,2160496640,888582144
195,2022-01-23,20:17:04,0.5,LocalHost,20.9,16664068096,1900511232,88.6,13524860928,622596096,7581249536,657334272,356110336,2160500736,888582144
196,2022-01-23,20:17:05,0.5,LocalHost,19.2,16664068096,1900580864,88.6,13524791296,622567424,7581126656,657416192,356118528,2160590848,888582144
197,2022-01-23,20:17:05,0.5,LocalHost,21.0,16664068096,1900814336,88.6,13524541440,622792704,7581200384,657424384,356126720,2160607232,888582144
198,2022-01-23,20:17:06,0.5,LocalHost,19.6,16664068096,1901174784,88.6,13524189184,623046656,7581130752,657502208,356143104,2160689152,888582144
199,2022-01-23,20:17:06,0.5,LocalHost,19.5,16664068096,1907064832,88.6,13518299136,628912128,7574876160,657526784,356143104,2160713728,888582144
