iteration,date,time,measurement_period,machine/VNF,sys_cpu,totalmem,availablemem,percentmem,usedmem,freemem,activemem,inactivemem,buffers,cached,shared
0,2022-01-28,08:18:49,0.5,LocalHost,94.7,16664068096,4278468608,74.3,11552563200,429424640,7159324672,1449435136,1366065152,3316015104,482304000
1,2022-01-28,08:18:49,0.5,LocalHost,99.2,16664068096,4159094784,75.0,11671691264,309710848,7159287808,1449553920,1366073344,3316592640,482947072
2,2022-01-28,08:18:50,0.5,LocalHost,81.2,16664068096,4135718912,75.2,11695075328,286265344,7159304192,1449615360,1366073344,3316654080,482947072
3,2022-01-28,08:18:50,0.5,LocalHost,30.9,16664068096,4151771136,75.1,11704033280,302202880,7159619584,1449693184,1366073344,3291758592,457920512
4,2022-01-28,08:18:51,0.5,LocalHost,8.5,16664068096,4152467456,75.1,11703431168,302854144,7159582720,1449738240,1366073344,3291709440,457863168
5,2022-01-28,08:18:51,0.5,LocalHost,13.9,16664068096,4132896768,75.2,11706462208,283205632,7159697408,1449811968,1366073344,3308326912,474370048
6,2022-01-28,08:18:52,0.5,LocalHost,8.9,16664068096,4133625856,75.2,11705593856,283881472,7159640064,1449844736,1366073344,3308519424,474505216
7,2022-01-28,08:18:52,0.5,LocalHost,7.9,16664068096,4133212160,75.2,11705778176,283365376,7159799808,1449943040,1366073344,3308851200,474689536
8,2022-01-28,08:18:53,0.5,LocalHost,10.5,16664068096,4133507072,75.2,11705462784,283590656,7159709696,1450012672,1366073344,3308941312,474689536
9,2022-01-28,08:18:53,0.5,LocalHost,11.4,16664068096,4149387264,75.1,11706433536,299331584,7159705600,1450147840,1366073344,3292229632,457863168
10,2022-01-28,08:18:54,0.5,LocalHost,14.2,16664068096,4149366784,75.1,11706449920,299012096,7159586816,1450442752,1366106112,3292499968,457863168
11,2022-01-28,08:18:54,0.5,LocalHost,11.3,16664068096,4149567488,75.1,11706228736,299089920,7159840768,1450553344,1366138880,3292610560,457863168
12,2022-01-28,08:18:55,0.5,LocalHost,17.4,16664068096,4149538816,75.1,11706142720,299024384,7159820288,1450586112,1366138880,3292762112,457863168
13,2022-01-28,08:18:55,0.5,LocalHost,17.9,16664068096,4141912064,75.1,11713765376,291340288,7167279104,1450643456,1366138880,3292823552,457863168
14,2022-01-28,08:18:56,0.5,LocalHost,13.9,16664068096,4147425280,75.1,11708325888,296718336,7160520704,1450778624,1366138880,3292884992,457863168
15,2022-01-28,08:18:56,0.5,LocalHost,11.2,16664068096,4148510720,75.1,11707301888,297750528,7159894016,1450942464,1366138880,3292876800,457863168
16,2022-01-28,08:18:57,0.5,LocalHost,11.2,16664068096,4148948992,75.1,11706896384,298127360,7159894016,1451003904,1366138880,3292905472,457863168
17,2022-01-28,08:18:57,0.5,LocalHost,11.6,16664068096,4148985856,75.1,11706830848,298041344,7159889920,1451122688,1366138880,3293057024,457863168
18,2022-01-28,08:18:58,0.5,LocalHost,11.3,16664068096,4149256192,75.1,11706540032,298221568,7159926784,1451212800,1366138880,3293167616,457863168
19,2022-01-28,08:18:58,0.5,LocalHost,7.9,16664068096,4148703232,75.1,11706990592,297652224,7159947264,1451225088,1366138880,3293286400,457863168
20,2022-01-28,08:18:59,0.5,LocalHost,9.4,16664068096,4148768768,75.1,11706966016,297582592,7160057856,1451360256,1366138880,3293380608,457863168
21,2022-01-28,08:18:59,0.5,LocalHost,11.4,16664068096,4149178368,75.1,11706634240,297672704,7159869440,1451679744,1366196224,3293564928,457863168
22,2022-01-28,08:19:00,0.5,LocalHost,15.1,16664068096,4149604352,75.1,11705999360,297951232,7159988224,1451745280,1366228992,3293888512,458067968
23,2022-01-28,08:19:00,0.5,LocalHost,10.3,16664068096,4149641216,75.1,11706105856,297783296,7159996416,1451933696,1366228992,3293949952,457863168
24,2022-01-28,08:19:01,0.5,LocalHost,17.8,16664068096,4149682176,75.1,11706089472,297676800,7160053760,1452081152,1366228992,3294072832,457863168
25,2022-01-28,08:19:01,0.5,LocalHost,14.0,16664068096,4149977088,75.1,11705810944,297828352,7160098816,1452220416,1366228992,3294199808,457863168
26,2022-01-28,08:19:02,0.5,LocalHost,19.8,16664068096,4149579776,75.1,11706241024,297369600,7160160256,1452281856,1366228992,3294228480,457863168
27,2022-01-28,08:19:02,0.5,LocalHost,8.8,16664068096,4150292480,75.1,11705466880,297889792,7160172544,1452470272,1366228992,3294482432,457863168
28,2022-01-28,08:19:03,0.5,LocalHost,12.1,16664068096,4150226944,75.1,11705503744,297648128,7160209408,1452642304,1366228992,3294687232,457863168
29,2022-01-28,08:19:03,0.5,LocalHost,20.7,16664068096,4150173696,75.1,11705585664,297517056,7160070144,1452716032,1366228992,3294736384,457863168
30,2022-01-28,08:19:04,0.5,LocalHost,19.7,16664068096,4150435840,75.1,11705380864,297619456,7159959552,1452875776,1366228992,3294838784,457863168
31,2022-01-28,08:19:04,0.5,LocalHost,16.8,16664068096,4150964224,75.1,11704905728,297967616,7160004608,1453043712,1366237184,3294957568,457863168
32,2022-01-28,08:19:05,0.5,LocalHost,10.1,16664068096,4151386112,75.1,11704446976,298323968,7160045568,1453105152,1366286336,3295010816,457863168
33,2022-01-28,08:19:05,0.5,LocalHost,8.2,16664068096,4150972416,75.1,11704807424,297824256,7160066048,1453166592,1366310912,3295125504,457863168
34,2022-01-28,08:19:06,0.5,LocalHost,12.7,16664068096,4148748288,75.1,11706990592,295538688,7160434688,1453228032,1366310912,3295227904,457863168
35,2022-01-28,08:19:06,0.5,LocalHost,11.0,16664068096,4149481472,75.1,11706351616,295968768,7159939072,1453449216,1366310912,3295436800,457863168
36,2022-01-28,08:19:07,0.5,LocalHost,9.2,16664068096,4149628928,75.1,11706187776,295854080,7159914496,1453707264,1366310912,3295715328,457863168
37,2022-01-28,08:19:07,0.5,LocalHost,8.4,16664068096,4149264384,75.1,11706466304,295489536,7159914496,1453707264,1366310912,3295801344,457863168
38,2022-01-28,08:19:08,0.5,LocalHost,11.7,16664068096,4149436416,75.1,11706310656,295555072,7159930880,1453813760,1366310912,3295891456,457863168
39,2022-01-28,08:19:08,0.5,LocalHost,8.8,16664068096,4149895168,75.1,11705901056,295841792,7159791616,1453981696,1366310912,3296014336,457863168
40,2022-01-28,08:19:09,0.5,LocalHost,8.7,16664068096,4149714944,75.1,11706126336,295510016,7159885824,1454133248,1366310912,3296120832,457863168
41,2022-01-28,08:19:09,0.5,LocalHost,10.5,16664068096,4150140928,75.1,11705655296,295895040,7159934976,1454174208,1366319104,3296198656,457863168
42,2022-01-28,08:19:10,0.5,LocalHost,12.5,16664068096,4150280192,75.1,11705524224,295968768,7159816192,1454239744,1366319104,3296256000,457863168
43,2022-01-28,08:19:10,0.5,LocalHost,16.8,16664068096,4150304768,75.1,11705520128,295874560,7159926784,1454342144,1366376448,3296296960,457863168
44,2022-01-28,08:19:11,0.5,LocalHost,20.6,16664068096,4099289088,75.4,11756277760,244551680,7211896832,1454559232,1366409216,3296829440,458158080
45,2022-01-28,08:19:11,0.5,LocalHost,14.6,16664068096,4092055552,75.4,11763527680,237166592,7219261440,1454702592,1366409216,3296964608,458149888
46,2022-01-28,08:19:12,0.5,LocalHost,10.3,16664068096,4092227584,75.4,11763343360,237199360,7219236864,1454833664,1366409216,3297116160,458162176
47,2022-01-28,08:19:12,0.5,LocalHost,8.1,16664068096,4092219392,75.4,11763290112,237113344,7219544064,1454907392,1366409216,3297255424,458178560
48,2022-01-28,08:19:13,0.5,LocalHost,6.1,16664068096,4090765312,75.5,11764752384,235552768,7219572736,1455009792,1366409216,3297353728,458178560
49,2022-01-28,08:19:13,0.5,LocalHost,5.1,16664068096,4091146240,75.4,11764379648,235773952,7219519488,1455169536,1366409216,3297505280,458088448
50,2022-01-28,08:19:14,0.5,LocalHost,5.3,16664068096,4091469824,75.4,11764383744,235884544,7219478528,1455378432,1366409216,3297390592,457846784
51,2022-01-28,08:19:14,0.5,LocalHost,6.1,16664068096,4091432960,75.4,11764404224,235753472,7219503104,1455468544,1366417408,3297492992,457846784
52,2022-01-28,08:19:15,0.5,LocalHost,8.0,16664068096,4091416576,75.4,11764420608,235601920,7219531776,1455599616,1366417408,3297628160,457846784
53,2022-01-28,08:19:15,0.5,LocalHost,5.6,16664068096,4091047936,75.4,11764686848,235171840,7219531776,1455661056,1366417408,3297792000,457846784
54,2022-01-28,08:19:16,0.5,LocalHost,17.7,16664068096,4079915008,75.5,11775864832,223817728,7230693376,1455800320,1366458368,3297927168,457846784
55,2022-01-28,08:19:16,0.5,LocalHost,13.7,16664068096,4088897536,75.5,11766996992,232308736,7220166656,1456095232,1366491136,3298271232,457846784
56,2022-01-28,08:19:17,0.5,LocalHost,4.6,16664068096,4085628928,75.5,11770195968,229158912,7223844864,1456140288,1366491136,3298222080,457846784
57,2022-01-28,08:19:17,0.5,LocalHost,12.0,16664068096,4079812608,75.5,11775950848,223117312,7231401984,1456377856,1366491136,3298508800,457961472
58,2022-01-28,08:19:18,0.5,LocalHost,17.8,16664068096,4079448064,75.5,11776098304,222633984,7231574016,1456467968,1366491136,3298844672,458092544
59,2022-01-28,08:19:18,0.5,LocalHost,5.4,16664068096,4079349760,75.5,11776073728,222404608,7231737856,1456599040,1366491136,3299098624,458104832
60,2022-01-28,08:19:19,0.5,LocalHost,14.4,16664068096,4079706112,75.5,11775782912,222515200,7231696896,1456840704,1366491136,3299278848,458104832
61,2022-01-28,08:19:19,0.5,LocalHost,22.9,16664068096,4079521792,75.5,11776000000,222052352,7231696896,1457111040,1366499328,3299516416,458104832
62,2022-01-28,08:19:20,0.5,LocalHost,20.7,16664068096,4079726592,75.5,11776028672,222117888,7231791104,1457242112,1366499328,3299422208,457846784
63,2022-01-28,08:19:20,0.5,LocalHost,20.7,16664068096,4078661632,75.5,11777167360,220893184,7231991808,1457393664,1366499328,3299508224,457846784
64,2022-01-28,08:19:21,0.5,LocalHost,12.8,16664068096,4079218688,75.5,11776602112,221245440,7231594496,1457594368,1366499328,3299721216,457846784
65,2022-01-28,08:19:21,0.5,LocalHost,11.7,16664068096,4079357952,75.5,11776401408,221286400,7231787008,1457692672,1366548480,3299831808,457846784
66,2022-01-28,08:19:22,0.5,LocalHost,19.2,16664068096,4078833664,75.5,11776905216,220631040,7231606784,1457795072,1366581248,3299950592,457846784
67,2022-01-28,08:19:22,0.5,LocalHost,19.8,16664068096,4079345664,75.5,11776401408,221020160,7231643648,1457885184,1366581248,3300065280,457846784
68,2022-01-28,08:19:23,0.5,LocalHost,18.2,16664068096,4076994560,75.5,11778871296,218419200,7234031616,1458122752,1366581248,3300196352,457846784
69,2022-01-28,08:19:23,0.5,LocalHost,21.3,16664068096,4074696704,75.5,11780960256,215937024,7236104192,1458278400,1366581248,3300589568,458076160
70,2022-01-28,08:19:24,0.5,LocalHost,20.6,16664068096,4074766336,75.5,11780812800,215924736,7236378624,1458360320,1366581248,3300749312,458088448
71,2022-01-28,08:19:24,0.5,LocalHost,20.0,16664068096,4074897408,75.5,11780608000,215891968,7236464640,1458520064,1366589440,3300978688,458088448
72,2022-01-28,08:19:25,0.5,LocalHost,20.3,16664068096,4074991616,75.5,11780501504,215728128,7236325376,1458757632,1366589440,3301249024,458088448
73,2022-01-28,08:19:25,0.5,LocalHost,17.6,16664068096,4075347968,75.5,11780255744,215859200,7236485120,1458978816,1366589440,3301363712,458088448
74,2022-01-28,08:19:26,0.5,LocalHost,10.1,16664068096,4075094016,75.5,11780685824,215437312,7236485120,1459142656,1366589440,3301355520,457846784
75,2022-01-28,08:19:26,0.5,LocalHost,15.7,16664068096,4071542784,75.6,11784204288,211828736,7237160960,1459200000,1366589440,3301445632,457846784
76,2022-01-28,08:19:27,0.5,LocalHost,20.5,16664068096,4072443904,75.6,11783417856,212226048,7236800512,1459552256,1366654976,3301769216,457850880
77,2022-01-28,08:19:27,0.5,LocalHost,18.6,16664068096,4073005056,75.6,11782873088,212549632,7236620288,1459777536,1366671360,3301974016,457846784
78,2022-01-28,08:19:28,0.5,LocalHost,18.9,16664068096,4073127936,75.6,11782660096,212484096,7236554752,1459924992,1366671360,3302252544,457846784
79,2022-01-28,08:19:28,0.5,LocalHost,18.9,16664068096,4072955904,75.6,11782754304,212226048,7236554752,1460011008,1366671360,3302416384,457846784
80,2022-01-28,08:19:29,0.5,LocalHost,19.6,16664068096,4071833600,75.6,11783995392,210743296,7238406144,1460367360,1366671360,3302658048,457846784
81,2022-01-28,08:19:29,0.5,LocalHost,16.3,16664068096,4067082240,75.6,11788718080,205942784,7242399744,1460412416,1366679552,3302727680,457846784
82,2022-01-28,08:19:30,0.5,LocalHost,22.8,16664068096,4067659776,75.6,11787833344,206290944,7242596352,1460629504,1366679552,3303264256,458088448
83,2022-01-28,08:19:30,0.5,LocalHost,20.6,16664068096,4067348480,75.6,11788169216,205877248,7242633216,1460723712,1366679552,3303342080,458072064
84,2022-01-28,08:19:31,0.5,LocalHost,15.0,16664068096,4067557376,75.6,11787915264,205873152,7242674176,1460932608,1366679552,3303600128,458088448
85,2022-01-28,08:19:31,0.5,LocalHost,23.4,16664068096,4067938304,75.6,11787546624,206131200,7242674176,1461055488,1366679552,3303710720,458088448
86,2022-01-28,08:19:32,0.5,LocalHost,16.3,16664068096,4067921920,75.6,11787800576,205840384,7242694656,1461321728,1366679552,3303747584,457846784
87,2022-01-28,08:19:32,0.5,LocalHost,15.8,16664068096,4068073472,75.6,11787677696,205836288,7242735616,1461440512,1366720512,3303833600,457846784
88,2022-01-28,08:19:33,0.5,LocalHost,17.4,16664068096,4068139008,75.6,11787632640,205578240,7242752000,1461731328,1366736896,3304120320,457846784
89,2022-01-28,08:19:33,0.5,LocalHost,17.6,16664068096,4068380672,75.6,11787427840,205721600,7242776576,1461829632,1366736896,3304181760,457846784
90,2022-01-28,08:19:34,0.5,LocalHost,19.1,16664068096,4068659200,75.6,11787202560,205676544,7242727424,1462140928,1366736896,3304452096,457846784
91,2022-01-28,08:19:34,0.5,LocalHost,22.2,16664068096,4068560896,75.6,11787255808,205578240,7242727424,1462140928,1366745088,3304488960,457846784
92,2022-01-28,08:19:35,0.5,LocalHost,22.3,16664068096,4063899648,75.6,11791892480,200716288,7247044608,1462337536,1366745088,3304714240,457846784
93,2022-01-28,08:19:35,0.5,LocalHost,17.5,16664068096,4045078528,75.7,11810689024,181583872,7267053568,1462640640,1366761472,3305033728,457961472
94,2022-01-28,08:19:36,0.5,LocalHost,19.6,16664068096,4044857344,75.7,11810787328,181100544,7267225600,1462857728,1366761472,3305418752,458088448
95,2022-01-28,08:19:36,0.5,LocalHost,24.0,16664068096,4041334784,75.7,11814494208,177246208,7267880960,1463185408,1366761472,3305566208,458088448
96,2022-01-28,08:19:37,0.5,LocalHost,23.8,16664068096,4040499200,75.8,11815047168,176340992,7267422208,1463218176,1366761472,3305918464,458088448
97,2022-01-28,08:19:37,0.5,LocalHost,19.5,16664068096,4040777728,75.8,11814768640,176562176,7267381248,1463275520,1366761472,3305975808,458088448
98,2022-01-28,08:19:38,0.5,LocalHost,18.7,16664068096,4041056256,75.7,11814723584,176463872,7267405824,1463623680,1366827008,3306053632,457846784
99,2022-01-28,08:19:38,0.5,LocalHost,15.9,16664068096,4040658944,75.8,11815120896,175980544,7267426304,1463697408,1366835200,3306131456,457846784
100,2022-01-28,08:19:39,0.5,LocalHost,14.9,16664068096,4041658368,75.7,11814150144,176787456,7267381248,1463865344,1366835200,3306295296,457846784
101,2022-01-28,08:19:39,0.5,LocalHost,14.8,16664068096,4063145984,75.6,11792502784,198205440,7245017088,1463926784,1366835200,3306524672,457846784
102,2022-01-28,08:19:40,0.5,LocalHost,16.6,16664068096,4063358976,75.6,11792068608,198205440,7245045760,1464111104,1366843392,3306950656,458174464
103,2022-01-28,08:19:40,0.5,LocalHost,23.3,16664068096,4063293440,75.6,11792134144,198139904,7245045760,1464111104,1366843392,3306950656,458174464
104,2022-01-28,08:19:41,0.5,LocalHost,26.7,16664068096,4043034624,75.7,11812454400,177819648,7267700736,1464172544,1366843392,3306950656,458174464
105,2022-01-28,08:19:41,0.5,LocalHost,24.5,16664068096,4042055680,75.7,11813494784,176775168,7267991552,1464229888,1366843392,3306954752,458174464
106,2022-01-28,08:19:42,0.5,LocalHost,26.1,16664068096,4040601600,75.8,11812282368,175046656,7268302848,1464500224,1366843392,3309895680,460877824
107,2022-01-28,08:19:42,0.5,LocalHost,23.6,16664068096,4040871936,75.8,11811975168,175435776,7268343808,1464381440,1366843392,3309813760,460886016
108,2022-01-28,08:19:43,0.5,LocalHost,16.3,16664068096,4040265728,75.8,11812593664,174723072,7268352000,1464487936,1366843392,3309907968,460886016
109,2022-01-28,08:19:43,0.5,LocalHost,16.1,16664068096,4042149888,75.7,11813650432,176594944,7268204544,1464500224,1366908928,3306913792,457957376
110,2022-01-28,08:19:44,0.5,LocalHost,16.3,16664068096,4042035200,75.7,11813621760,176369664,7268290560,1464537088,1366917120,3307159552,458121216
111,2022-01-28,08:19:44,0.5,LocalHost,15.1,16664068096,4041584640,75.7,11814137856,175919104,7268306944,1464537088,1366917120,3307094016,458043392
112,2022-01-28,08:19:45,0.5,LocalHost,12.9,16664068096,4042080256,75.7,11813605376,176271360,7268409344,1464676352,1366925312,3307266048,458043392
113,2022-01-28,08:19:45,0.5,LocalHost,14.6,16664068096,4042067968,75.7,11813609472,176238592,7268245504,1464696832,1366925312,3307294720,458043392
114,2022-01-28,08:19:46,0.5,LocalHost,15.2,16664068096,4041551872,75.7,11814121472,175722496,7268282368,1464696832,1366925312,3307298816,458043392
115,2022-01-28,08:19:46,0.5,LocalHost,14.8,16664068096,4041355264,75.7,11814313984,175525888,7268282368,1464696832,1366925312,3307302912,458043392
116,2022-01-28,08:19:47,0.5,LocalHost,17.4,16664068096,4041338880,75.7,11814400000,175366144,7268294656,1464778752,1366925312,3307376640,458043392
117,2022-01-28,08:19:47,0.5,LocalHost,15.0,16664068096,4041990144,75.7,11813748736,176017408,7268417536,1464778752,1366925312,3307376640,458043392
118,2022-01-28,08:19:48,0.5,LocalHost,14.0,16664068096,4041342976,75.7,11814375424,175366144,7268409344,1464778752,1366925312,3307401216,458043392
119,2022-01-28,08:19:48,0.5,LocalHost,19.5,16664068096,4041445376,75.7,11814264832,175468544,7268409344,1464778752,1366925312,3307409408,458043392
120,2022-01-28,08:19:49,0.5,LocalHost,9.8,16664068096,4041342976,75.7,11814330368,175140864,7268442112,1464963072,1366990848,3307606016,458043392
121,2022-01-28,08:19:49,0.5,LocalHost,11.9,16664068096,4041252864,75.7,11814400000,175046656,7268442112,1464963072,1367007232,3307614208,458043392
122,2022-01-28,08:19:50,0.5,LocalHost,12.6,16664068096,4041048064,75.7,11814608896,174817280,7268454400,1464983552,1367015424,3307626496,458043392
123,2022-01-28,08:19:50,0.5,LocalHost,9.4,16664068096,4041916416,75.7,11813740544,175661056,7269040128,1464991744,1367015424,3307651072,458043392
124,2022-01-28,08:19:51,0.5,LocalHost,13.4,16664068096,4041977856,75.7,11813752832,175640576,7268552704,1465020416,1367015424,3307659264,458043392
125,2022-01-28,08:19:51,0.5,LocalHost,11.8,16664068096,4042145792,75.7,11813584896,175804416,7268528128,1465024512,1367015424,3307663360,458043392
126,2022-01-28,08:19:52,0.5,LocalHost,10.1,16664068096,4040728576,75.8,11815186432,174383104,7269457920,1465028608,1367015424,3307483136,457846784
127,2022-01-28,08:19:52,0.5,LocalHost,15.7,16664068096,4027269120,75.8,11816136704,166559744,7265222656,1463943168,1366818816,3314552832,470568960
128,2022-01-28,08:19:53,0.5,LocalHost,19.9,16664068096,4007108608,76.0,11815473152,172883968,7264817152,1463226368,1366790144,3308920832,491098112
129,2022-01-28,08:19:53,0.5,LocalHost,8.4,16664068096,4007428096,76.0,11815170048,173113344,7264870400,1463316480,1366790144,3308994560,491098112
130,2022-01-28,08:19:54,0.5,LocalHost,11.1,16664068096,4007235584,76.0,11815378944,172658688,7264784384,1463574528,1366790144,3309240320,491098112
131,2022-01-28,08:19:54,0.5,LocalHost,6.5,16664068096,4033662976,75.8,11815108608,198950912,7264964608,1463586816,1366847488,3283161088,464957440
132,2022-01-28,08:19:55,0.5,LocalHost,10.1,16664068096,4033667072,75.8,11814961152,198696960,7265087488,1463902208,1366863872,3283546112,465096704
133,2022-01-28,08:19:55,0.5,LocalHost,8.8,16664068096,4033748992,75.8,11814813696,198766592,7265087488,1463910400,1366863872,3283623936,465096704
134,2022-01-28,08:19:56,0.5,LocalHost,9.7,16664068096,4033839104,75.8,11814854656,198463488,7265116160,1464283136,1366863872,3283886080,465014784
135,2022-01-28,08:19:56,0.5,LocalHost,12.1,16664068096,3993088000,76.0,11857035264,196055040,7304409088,1462861824,1365934080,3245043712,463077376
136,2022-01-28,08:19:57,0.5,LocalHost,16.6,16664068096,3979890688,76.1,11869704192,182657024,7317774336,1463459840,1365938176,3245768704,464195584
137,2022-01-28,08:19:57,0.5,LocalHost,8.6,16664068096,3992809472,76.0,11856797696,195358720,7304794112,1463382016,1365938176,3245973504,464412672
138,2022-01-28,08:19:58,0.5,LocalHost,9.6,16664068096,3992158208,76.0,11857133568,194547712,7304536064,1463554048,1365938176,3246448640,464490496
139,2022-01-28,08:19:58,0.5,LocalHost,9.0,16664068096,3992715264,76.0,11856744448,195104768,7304540160,1463554048,1365938176,3246280704,464318464
140,2022-01-28,08:19:59,0.5,LocalHost,9.8,16664068096,3992621056,76.0,11856834560,194998272,7304548352,1463566336,1365938176,3246297088,464318464
141,2022-01-28,08:19:59,0.5,LocalHost,9.1,16664068096,3992817664,76.0,11856646144,195194880,7304548352,1463566336,1365938176,3246288896,464306176
142,2022-01-28,08:20:00,0.5,LocalHost,8.2,16664068096,3992969216,76.0,11856388096,193232896,7304548352,1463676928,1365987328,3248459776,464388096
143,2022-01-28,08:20:00,0.5,LocalHost,6.1,16664068096,3988705280,76.1,11857002496,188919808,7304929280,1463676928,1366020096,3252125696,468058112
144,2022-01-28,08:20:01,0.5,LocalHost,18.1,16664068096,3988152320,76.1,11857518592,188329984,7304630272,1463709696,1366020096,3252199424,468058112
145,2022-01-28,08:20:01,0.5,LocalHost,16.2,16664068096,3988246528,76.1,11857158144,188424192,7304630272,1463709696,1366020096,3252465664,468324352
146,2022-01-28,08:20:02,0.5,LocalHost,11.6,16664068096,3988275200,76.1,11856920576,188297216,7304654848,1463861248,1366020096,3252830208,468541440
147,2022-01-28,08:20:02,0.5,LocalHost,9.4,16664068096,3991457792,76.0,11857424384,191459328,7304675328,1463865344,1366020096,3249164288,464871424
148,2022-01-28,08:20:03,0.5,LocalHost,8.0,16664068096,3991138304,76.0,11857735680,191135744,7304658944,1463869440,1366020096,3249176576,464871424
149,2022-01-28,08:20:03,0.5,LocalHost,11.5,16664068096,3992145920,76.0,11857252352,192139264,7304658944,1463873536,1366020096,3248656384,464347136
150,2022-01-28,08:20:04,0.5,LocalHost,5.1,16664068096,3991867392,76.0,11857526784,191844352,7304691712,1463889920,1366020096,3248676864,464347136
151,2022-01-28,08:20:04,0.5,LocalHost,3.7,16664068096,3991842816,76.0,11857551360,191819776,7304691712,1463889920,1366020096,3248676864,464347136
152,2022-01-28,08:20:05,0.5,LocalHost,5.8,16664068096,3992141824,76.0,11857235968,191942656,7304642560,1464066048,1366020096,3248869376,464347136
153,2022-01-28,08:20:05,0.5,LocalHost,6.2,16664068096,3992285184,76.0,11857080320,192045056,7304663040,1464102912,1366077440,3248865280,464347136
154,2022-01-28,08:20:06,0.5,LocalHost,4.2,16664068096,3992248320,76.0,11857166336,191909888,7304740864,1464123392,1366102016,3248889856,464347136
155,2022-01-28,08:20:06,0.5,LocalHost,4.7,16664068096,3992379392,76.0,11857027072,192040960,7304740864,1464123392,1366102016,3248898048,464347136
156,2022-01-28,08:20:07,0.5,LocalHost,9.1,16664068096,3992338432,76.0,11857031168,191909888,7304609792,1464205312,1366102016,3249025024,464347136
157,2022-01-28,08:20:07,0.5,LocalHost,16.3,16664068096,3988705280,76.1,11860541440,187965440,7305543680,1464500224,1366102016,3249459200,464347136
158,2022-01-28,08:20:08,0.5,LocalHost,8.0,16664068096,3989872640,76.1,11859529728,188784640,7304933376,1464684544,1366102016,3249651712,464347136
159,2022-01-28,08:20:08,0.5,LocalHost,9.2,16664068096,3990118400,76.1,11859263488,189014016,7304933376,1464700928,1366102016,3249688576,464347136
160,2022-01-28,08:20:09,0.5,LocalHost,14.8,16664068096,3990401024,76.1,11858919424,189042688,7304925184,1464950784,1366102016,3250003968,464347136
161,2022-01-28,08:20:09,0.5,LocalHost,10.1,16664068096,3990794240,76.1,11858509824,189435904,7304925184,1464950784,1366102016,3250020352,464347136
162,2022-01-28,08:20:10,0.5,LocalHost,10.8,16664068096,3990736896,76.1,11858530304,189108224,7304912896,1465217024,1366102016,3250327552,464347136
163,2022-01-28,08:20:10,0.5,LocalHost,9.8,16664068096,3990798336,76.1,11858497536,189050880,7304937472,1465335808,1366118400,3250401280,464347136
164,2022-01-28,08:20:11,0.5,LocalHost,10.5,16664068096,3990708224,76.1,11858620416,188784640,7304929280,1465503744,1366126592,3250536448,464347136
165,2022-01-28,08:20:11,0.5,LocalHost,11.1,16664068096,3990814720,76.1,11858518016,188792832,7304966144,1465569280,1366151168,3250606080,464347136
166,2022-01-28,08:20:12,0.5,LocalHost,16.0,16664068096,3964076032,76.2,11885215744,161947648,7304953856,1465663488,1366151168,3250753536,464347136
167,2022-01-28,08:20:12,0.5,LocalHost,12.3,16664068096,3964465152,76.2,11884847104,162275328,7304962048,1465716736,1366151168,3250794496,464347136
168,2022-01-28,08:20:13,0.5,LocalHost,17.3,16664068096,3964264448,76.2,11885002752,161947648,7305003008,1465843712,1366151168,3250966528,464347136
169,2022-01-28,08:20:13,0.5,LocalHost,22.1,16664068096,3964272640,76.2,11884953600,161955840,7305003008,1465843712,1366151168,3251007488,464347136
170,2022-01-28,08:20:14,0.5,LocalHost,19.7,16664068096,3964649472,76.2,11884617728,161980416,7305089024,1466187776,1366151168,3251318784,464347136
171,2022-01-28,08:20:14,0.5,LocalHost,20.3,16664068096,3943190528,76.3,11914223616,170389504,7314976768,1467559936,1363718144,3215736832,456359936
172,2022-01-28,08:20:15,0.5,LocalHost,18.0,16664068096,3907883008,76.5,11946143744,177475584,7304728576,1470431232,1361117184,3179331584,459673600
173,2022-01-28,08:20:15,0.5,LocalHost,14.1,16664068096,3907821568,76.5,11946147840,177381376,7304884224,1470464000,1361125376,3179413504,459673600
174,2022-01-28,08:20:16,0.5,LocalHost,16.4,16664068096,3907313664,76.6,11946139648,176635904,7304966144,1470689280,1361133568,3180158976,460120064
175,2022-01-28,08:20:16,0.5,LocalHost,15.2,16664068096,3910262784,76.5,11946287104,179511296,7304966144,1470763008,1361141760,3177127936,456974336
176,2022-01-28,08:20:17,0.5,LocalHost,15.2,16664068096,3910324224,76.5,11946336256,179183616,7304839168,1471111168,1361166336,3177381888,456974336
177,2022-01-28,08:20:17,0.5,LocalHost,20.3,16664068096,3909316608,76.5,11947520000,177745920,7307501568,1469366272,1361166336,3177635840,456708096
178,2022-01-28,08:20:18,0.5,LocalHost,20.0,16664068096,3908247552,76.5,11948761088,175886336,7307337728,1469833216,1361166336,3178254336,456663040
179,2022-01-28,08:20:18,0.5,LocalHost,16.5,16664068096,3908300800,76.5,11948707840,175919104,7307378688,1469853696,1361166336,3178274816,456663040
180,2022-01-28,08:20:19,0.5,LocalHost,20.1,16664068096,3906899968,76.6,11950096384,174178304,7310315520,1470185472,1361166336,3178627072,456663040
181,2022-01-28,08:20:19,0.5,LocalHost,14.5,16664068096,3906777088,76.6,11949912064,173961216,7310491648,1470275584,1361166336,3179028480,456949760
182,2022-01-28,08:20:20,0.5,LocalHost,15.9,16664068096,3906732032,76.6,11949903872,173694976,7310704640,1470492672,1361166336,3179302912,456949760
183,2022-01-28,08:20:20,0.5,LocalHost,16.9,16664068096,3906187264,76.6,11950587904,172589056,7310835712,1470713856,1361178624,3179712512,456892416
184,2022-01-28,08:20:21,0.5,LocalHost,16.2,16664068096,3905568768,76.6,11951218688,171728896,7312056320,1470935040,1361178624,3179941888,456892416
185,2022-01-28,08:20:21,0.5,LocalHost,14.2,16664068096,3907887104,76.5,11948851200,174034944,7308918784,1470947328,1361186816,3179995136,456892416
186,2022-01-28,08:20:22,0.5,LocalHost,16.7,16664068096,3908489216,76.5,11948163072,174342144,7308849152,1471217664,1361195008,3180367872,456949760
187,2022-01-28,08:20:22,0.5,LocalHost,16.8,16664068096,3908997120,76.5,11947765760,174698496,7308746752,1471332352,1361227776,3180376064,456892416
188,2022-01-28,08:20:23,0.5,LocalHost,17.0,16664068096,3909369856,76.5,11947364352,174825472,7308595200,1471574016,1361227776,3180650496,456892416
189,2022-01-28,08:20:23,0.5,LocalHost,17.8,16664068096,3909046272,76.5,11947700224,174407680,7308742656,1471668224,1361227776,3180732416,456892416
190,2022-01-28,08:20:24,0.5,LocalHost,19.5,16664068096,3908939776,76.5,11948011520,174051328,7308722176,1471913984,1361227776,3180777472,456663040
191,2022-01-28,08:20:24,0.5,LocalHost,18.7,16664068096,3906764800,76.6,11948318720,171778048,7308734464,1472004096,1361227776,3182743552,458526720
192,2022-01-28,08:20:25,0.5,LocalHost,17.5,16664068096,3903971328,76.6,11950878720,168591360,7312969728,1472380928,1361227776,3183370240,458858496
193,2022-01-28,08:20:25,0.5,LocalHost,17.6,16664068096,3904491520,76.6,11950202880,169046016,7313027072,1472446464,1361235968,3183583232,458973184
194,2022-01-28,08:20:26,0.5,LocalHost,15.6,16664068096,3903864832,76.6,11950596096,168206336,7313084416,1472643072,1361235968,3184029696,459145216
195,2022-01-28,08:20:26,0.5,LocalHost,17.0,16664068096,3905191936,76.6,11951439872,169463808,7313084416,1472708608,1361235968,3181928448,456990720
196,2022-01-28,08:20:27,0.5,LocalHost,17.4,16664068096,3905007616,76.6,11951636480,168914944,7313117184,1473052672,1361252352,3182264320,456990720
197,2022-01-28,08:20:27,0.5,LocalHost,18.6,16664068096,3905277952,76.6,11951640576,169046016,7313149952,1473191936,1361268736,3182112768,456761344
198,2022-01-28,08:20:28,0.5,LocalHost,21.9,16664068096,3902832640,76.6,11954368512,193277952,7288680448,1474965504,1359642624,3156779008,456540160
199,2022-01-28,08:20:28,0.5,LocalHost,25.7,16664068096,3902705664,76.6,11954405376,192839680,7288684544,1474994176,1359642624,3157180416,456609792
200,2022-01-28,08:20:29,0.5,LocalHost,24.4,16664068096,3902558208,76.6,11954438144,192417792,7288733696,1475194880,1359642624,3157569536,456634368
201,2022-01-28,08:20:29,0.5,LocalHost,18.4,16664068096,3903135744,76.6,11953881088,192946176,7288737792,1475244032,1359642624,3157598208,456634368
202,2022-01-28,08:20:30,0.5,LocalHost,15.7,16664068096,3902984192,76.6,11954020352,192483328,7288565760,1475551232,1359642624,3157921792,456634368
203,2022-01-28,08:20:30,0.5,LocalHost,18.0,16664068096,3903643648,76.6,11953303552,193138688,7288565760,1475551232,1359650816,3157975040,456634368
204,2022-01-28,08:20:31,0.5,LocalHost,19.3,16664068096,3902763008,76.6,11954241536,191901696,7289700352,1475899392,1359650816,3158274048,456634368
205,2022-01-28,08:20:31,0.5,LocalHost,17.0,16664068096,3902955520,76.6,11953917952,192008192,7290003456,1475985408,1359650816,3158491136,456777728
206,2022-01-28,08:20:32,0.5,LocalHost,17.8,16664068096,3902623744,76.6,11954077696,191361024,7289982976,1476288512,1359650816,3158978560,456949760
207,2022-01-28,08:20:32,0.5,LocalHost,18.1,16664068096,3903008768,76.6,11953668096,191709184,7289982976,1476321280,1359667200,3159023616,456892416
208,2022-01-28,08:20:33,0.5,LocalHost,18.9,16664068096,3902799872,76.6,11953946624,191160320,7290011648,1476640768,1359683584,3159277568,456892416
209,2022-01-28,08:20:33,0.5,LocalHost,18.3,16664068096,3902861312,76.6,11954094080,191168512,7290011648,1476694016,1359708160,3159097344,456663040
210,2022-01-28,08:20:34,0.5,LocalHost,19.7,16664068096,3902902272,76.6,11954114560,190869504,7290028032,1476993024,1359708160,3159375872,456663040
211,2022-01-28,08:20:34,0.5,LocalHost,20.2,16664068096,3902877696,76.6,11954069504,190844928,7290028032,1476993024,1359708160,3159445504,456663040
212,2022-01-28,08:20:35,0.5,LocalHost,25.0,16664068096,3900268544,76.6,11956621312,187805696,7293427712,1477406720,1359708160,3159932928,456835072
213,2022-01-28,08:20:35,0.5,LocalHost,17.3,16664068096,3900530688,76.6,11956350976,188002304,7293427712,1477468160,1359716352,3159998464,456835072
214,2022-01-28,08:20:36,0.5,LocalHost,21.3,16664068096,3899518976,76.6,11957153792,186773504,7293964288,1477681152,1359716352,3160424448,456949760
215,2022-01-28,08:20:36,0.5,LocalHost,19.7,16664068096,3899600896,76.6,11957108736,186781696,7293804544,1477750784,1359716352,3160461312,456892416
216,2022-01-28,08:20:37,0.5,LocalHost,17.7,16664068096,3899604992,76.6,11957026816,186580992,7293857792,1477939200,1359716352,3160743936,456892416
217,2022-01-28,08:20:37,0.5,LocalHost,19.6,16664068096,3894419456,76.6,11961352192,181010432,7295508480,1478324224,1359716352,3161989120,456892416
218,2022-01-28,08:20:38,0.5,LocalHost,23.4,16664068096,3896336384,76.6,11960524800,181436416,7295995904,1479479296,1359724544,3162382336,456769536
219,2022-01-28,08:20:38,0.5,LocalHost,22.6,16664068096,3895726080,76.6,11961061376,180834304,7295414272,1479483392,1359740928,3162431488,456769536
220,2022-01-28,08:20:39,0.5,LocalHost,18.3,16664068096,3896397824,76.6,11960500224,181071872,7295168512,1479880704,1359773696,3162722304,456765440
221,2022-01-28,08:20:39,0.5,LocalHost,22.0,16664068096,3896729600,76.6,11960082432,181395456,7295221760,1479888896,1359773696,3162816512,456765440
222,2022-01-28,08:20:40,0.5,LocalHost,20.9,16664068096,3896623104,76.6,11960201216,181014528,7295234048,1480130560,1359773696,3163078656,456765440
223,2022-01-28,08:20:40,0.5,LocalHost,19.3,16664068096,3896905728,76.6,11959971840,181178368,7295238144,1480249344,1359781888,3163136000,456765440
224,2022-01-28,08:20:41,0.5,LocalHost,19.3,16664068096,3897057280,76.6,11959844864,181014528,7295242240,1480552448,1359781888,3163426816,456765440
225,2022-01-28,08:20:41,0.5,LocalHost,21.8,16664068096,3897335808,76.6,11959590912,181104640,7295242240,1480736768,1359781888,3163590656,456765440
226,2022-01-28,08:20:42,0.5,LocalHost,22.1,16664068096,3896913920,76.6,11959611392,180555776,7295381504,1480855552,1359781888,3164119040,457052160
227,2022-01-28,08:20:42,0.5,LocalHost,20.6,16664068096,3896983552,76.6,11959525376,180621312,7295381504,1480859648,1359781888,3164139520,456994816
228,2022-01-28,08:20:43,0.5,LocalHost,17.5,16664068096,3897348096,76.6,11959316480,180555776,7295344640,1481285632,1359790080,3164405760,456994816
229,2022-01-28,08:20:43,0.5,LocalHost,23.2,16664068096,3899109376,76.6,11957755904,182317056,7293489152,1481285632,1359790080,3164205056,456765440
230,2022-01-28,08:20:44,0.5,LocalHost,19.4,16664068096,3899215872,76.6,11957538816,182329344,7293366272,1481379840,1359806464,3164393472,456904704
231,2022-01-28,08:20:44,0.5,LocalHost,20.9,16664068096,3899277312,76.6,11957497856,182329344,7293399040,1481408512,1359847424,3164393472,456904704
232,2022-01-28,08:20:45,0.5,LocalHost,18.1,16664068096,3899351040,76.6,11957415936,182394880,7293820928,1481408512,1359847424,3164409856,456904704
233,2022-01-28,08:20:45,0.5,LocalHost,20.4,16664068096,3899703296,76.6,11957092352,182652928,7292997632,1481502720,1359855616,3164467200,456937472
234,2022-01-28,08:20:46,0.5,LocalHost,21.8,16664068096,3900203008,76.6,11956396032,183144448,7293169664,1481502720,1359855616,3164672000,457138176
235,2022-01-28,08:20:46,0.5,LocalHost,19.0,16664068096,3900035072,76.6,11956563968,182976512,7293169664,1481502720,1359855616,3164672000,457138176
236,2022-01-28,08:20:47,0.5,LocalHost,16.9,16664068096,3899936768,76.6,11956715520,182878208,7293194240,1481502720,1359855616,3164618752,457080832
237,2022-01-28,08:20:47,0.5,LocalHost,15.3,16664068096,3900002304,76.6,11956649984,182943744,7293194240,1481502720,1359855616,3164618752,457080832
238,2022-01-28,08:20:48,0.5,LocalHost,23.6,16664068096,3891855360,76.6,11965333504,174489600,7301206016,1481785344,1359863808,3164381184,456851456
239,2022-01-28,08:20:48,0.5,LocalHost,19.9,16664068096,3897044992,76.6,11957710848,180244480,7292502016,1481621504,1359863808,3166248960,459046912
240,2022-01-28,08:20:49,0.5,LocalHost,15.5,16664068096,3897319424,76.6,11957506048,180379648,7292227584,1481568256,1359880192,3166302208,458944512
241,2022-01-28,08:20:49,0.5,LocalHost,18.1,16664068096,3897229312,76.6,11957596160,180289536,7292227584,1481568256,1359880192,3166302208,458944512
242,2022-01-28,08:20:50,0.5,LocalHost,19.6,16664068096,3897061376,76.6,11957542912,180064256,7292403712,1481572352,1359921152,3166539776,459177984
243,2022-01-28,08:20:50,0.5,LocalHost,18.5,16664068096,3899453440,76.6,11957280768,182448128,7292661760,1481572352,1359921152,3164418048,457048064
244,2022-01-28,08:20:51,0.5,LocalHost,20.8,16664068096,3916410880,76.5,11937075200,199245824,7272161280,1481572352,1359929344,3167817728,460279808
245,2022-01-28,08:20:51,0.5,LocalHost,21.2,16664068096,3879112704,76.7,11937124352,161914880,7273009152,1481596928,1359929344,3205099520,497541120
246,2022-01-28,08:20:52,0.5,LocalHost,18.7,16664068096,3891683328,76.6,11937734656,177618944,7271489536,1480646656,1359855616,3188858880,484368384
247,2022-01-28,08:20:52,0.5,LocalHost,19.9,16664068096,3891982336,76.6,11937239040,177917952,7271346176,1480646656,1359855616,3189055488,484564992
248,2022-01-28,08:20:53,0.5,LocalHost,18.2,16664068096,3890286592,76.7,11937964032,177643520,7270531072,1479938048,1359831040,3188629504,485535744
249,2022-01-28,08:20:53,0.5,LocalHost,12.1,16664068096,3893043200,76.6,11937869824,180400128,7270584320,1479938048,1359831040,3185967104,482873344
250,2022-01-28,08:20:54,0.5,LocalHost,13.9,16664068096,3892965376,76.6,11937931264,180322304,7270588416,1479938048,1359847424,3185967104,482873344
251,2022-01-28,08:20:54,0.5,LocalHost,13.5,16664068096,3919015936,76.5,11937976320,206364672,7270600704,1479938048,1359855616,3159871488,456781824
252,2022-01-28,08:20:55,0.5,LocalHost,20.1,16664068096,3893678080,76.6,11937161216,180998144,7271165952,1479950336,1359855616,3186053120,482926592
253,2022-01-28,08:20:55,0.5,LocalHost,13.6,16664068096,3894124544,76.6,11936428032,181387264,7271264256,1479983104,1359896576,3186356224,483201024
254,2022-01-28,08:20:56,0.5,LocalHost,15.6,16664068096,3893784576,76.6,11936497664,181030912,7271383040,1479987200,1359904768,3186634752,483467264
255,2022-01-28,08:20:56,0.5,LocalHost,15.2,16664068096,3919351808,76.5,11937030144,206589952,7271424000,1479991296,1359904768,3160543232,457375744
256,2022-01-28,08:20:57,0.5,LocalHost,13.0,16664068096,3919515648,76.5,11937103872,206745600,7271153664,1479991296,1359904768,3160313856,457146368
257,2022-01-28,08:20:57,0.5,LocalHost,12.8,16664068096,3919605760,76.5,11937280000,206835712,7271346176,1479991296,1359904768,3160047616,456880128
258,2022-01-28,08:20:58,0.5,LocalHost,10.0,16664068096,3919613952,76.5,11937398784,206843904,7271317504,1479991296,1359904768,3159920640,456753152
259,2022-01-28,08:20:58,0.5,LocalHost,16.6,16664068096,3916734464,76.5,11940155392,203657216,7272136704,1480298496,1359904768,3160350720,456753152
260,2022-01-28,08:20:59,0.5,LocalHost,10.6,16664068096,3917352960,76.5,11939516416,204046336,7271211008,1480577024,1359904768,3160600576,456916992
261,2022-01-28,08:20:59,0.5,LocalHost,9.8,16664068096,3917938688,76.5,11938918400,204632064,7271211008,1480577024,1359921152,3160596480,456916992
262,2022-01-28,08:21:00,0.5,LocalHost,15.0,16664068096,3917946880,76.5,11938844672,202498048,7271354368,1480642560,1359929344,3162796032,456957952
263,2022-01-28,08:21:00,0.5,LocalHost,6.1,16664068096,3917488128,76.5,11939201024,202022912,7271366656,1480646656,1359929344,3162914816,457076736
264,2022-01-28,08:21:01,0.5,LocalHost,9.0,16664068096,3902824448,76.6,11938680832,187289600,7271727104,1480667136,1359962112,3178135552,472276992
265,2022-01-28,08:21:01,0.5,LocalHost,18.4,16664068096,3907600384,76.6,11935207424,194588672,7265677312,1480097792,1359945728,3174326272,471105536
266,2022-01-28,08:21:02,0.5,LocalHost,9.4,16664068096,3907547136,76.6,11934064640,194519040,7266041856,1480040448,1359945728,3175538688,472174592
267,2022-01-28,08:21:02,0.5,LocalHost,21.6,16664068096,3888492544,76.7,11933839360,175464448,7266050048,1480040448,1359945728,3194818560,491454464
268,2022-01-28,08:21:03,0.5,LocalHost,16.9,16664068096,3888418816,76.7,11933622272,175390720,7266050048,1480040448,1359945728,3195109376,491741184
269,2022-01-28,08:21:03,0.5,LocalHost,12.9,16664068096,3883573248,76.7,11933941760,170545152,7266050048,1480040448,1359945728,3199635456,496267264
270,2022-01-28,08:21:04,0.5,LocalHost,9.2,16664068096,3883454464,76.7,11933556736,170426368,7266107392,1480040448,1359945728,3200139264,496771072
271,2022-01-28,08:21:04,0.5,LocalHost,4.0,16664068096,3896438784,76.6,11933487104,183410688,7266107392,1480040448,1359945728,3187224576,483856384
272,2022-01-28,08:21:05,0.5,LocalHost,5.4,16664068096,3922841600,76.5,11933614080,209788928,7265394688,1480056832,1359953920,3160711168,457330688
273,2022-01-28,08:21:05,0.5,LocalHost,12.0,16664068096,3897978880,76.6,11932610560,184909824,7265185792,1480073216,1359970304,3186577408,483180544
274,2022-01-28,08:21:06,0.5,LocalHost,14.3,16664068096,3897602048,76.6,11932844032,184520704,7265177600,1480077312,1359970304,3186733056,483323904
275,2022-01-28,08:21:06,0.5,LocalHost,13.4,16664068096,3897769984,76.6,11932700672,184688640,7265177600,1480077312,1360011264,3186667520,483266560
276,2022-01-28,08:21:07,0.5,LocalHost,22.0,16664068096,3898028032,76.6,11932426240,184946688,7265177600,1480077312,1360011264,3186683904,483266560
277,2022-01-28,08:21:07,0.5,LocalHost,19.8,16664068096,3907432448,76.6,11933995008,194293760,7266324480,1480085504,1360011264,3175768064,472350720
278,2022-01-28,08:21:08,0.5,LocalHost,17.6,16664068096,3907321856,76.6,11933614080,194195456,7266324480,1480093696,1360019456,3176239104,472842240
279,2022-01-28,08:21:08,0.5,LocalHost,12.0,16664068096,3901034496,76.6,11939901440,187908096,7270850560,1480093696,1360019456,3176239104,472842240
280,2022-01-28,08:21:09,0.5,LocalHost,14.2,16664068096,3921338368,76.5,11934777344,207994880,7266611200,1480212480,1360019456,3161276416,457666560
281,2022-01-28,08:21:09,0.5,LocalHost,9.7,16664068096,3921686528,76.5,11934662656,208338944,7266549760,1480400896,1360019456,3161047040,457437184
282,2022-01-28,08:21:10,0.5,LocalHost,13.0,16664068096,3921469440,76.5,11934638080,208142336,7266512896,1480216576,1360019456,3161268224,457678848
283,2022-01-28,08:21:10,0.5,LocalHost,9.6,16664068096,3899961344,76.6,11933249536,186634240,7266562048,1480216576,1360035840,3184148480,480575488
284,2022-01-28,08:21:11,0.5,LocalHost,17.4,16664068096,3889983488,76.7,11942924288,176611328,7276707840,1480241152,1360052224,3184480256,480870400
285,2022-01-28,08:21:11,0.5,LocalHost,10.9,16664068096,3880329216,76.7,11943591936,166940672,7276589056,1480253440,1360052224,3193483264,489848832
286,2022-01-28,08:21:12,0.5,LocalHost,12.0,16664068096,3897839616,76.6,11943215104,184430592,7276662784,1480273920,1360084992,3176337408,472682496
287,2022-01-28,08:21:12,0.5,LocalHost,11.7,16664068096,3894431744,76.6,11944640512,181006336,7276478464,1480273920,1360084992,3178336256,474681344
288,2022-01-28,08:21:13,0.5,LocalHost,14.3,16664068096,3909746688,76.5,11945050112,196292608,7276691456,1480282112,1360093184,3162632192,458973184
289,2022-01-28,08:21:13,0.5,LocalHost,14.3,16664068096,3909820416,76.5,11944992768,196349952,7276679168,1480282112,1360093184,3162632192,458973184
290,2022-01-28,08:21:14,0.5,LocalHost,12.0,16664068096,3911536640,76.5,11945467904,198062080,7276732416,1480282112,1360097280,3160440832,456781824
291,2022-01-28,08:21:14,0.5,LocalHost,10.4,16664068096,3911966720,76.5,11945037824,198492160,7276732416,1480282112,1360097280,3160440832,456781824
292,2022-01-28,08:21:15,0.5,LocalHost,10.7,16664068096,3911725056,76.5,11945099264,198246400,7276675072,1480286208,1360097280,3160625152,456953856
293,2022-01-28,08:21:15,0.5,LocalHost,13.9,16664068096,3911528448,76.5,11945308160,198012928,7277502464,1480323072,1360097280,3160649728,456945664
294,2022-01-28,08:21:16,0.5,LocalHost,17.7,16664068096,3911675904,76.5,11944894464,198103040,7277924352,1480376320,1360113664,3160956928,457158656
295,2022-01-28,08:21:16,0.5,LocalHost,14.1,16664068096,3911950336,76.5,11944599552,198369280,7277813760,1480384512,1360130048,3160969216,457158656
296,2022-01-28,08:21:17,0.5,LocalHost,18.4,16664068096,3902726144,76.6,11944828928,188956672,7277834240,1480544256,1360130048,3170152448,466128896
297,2022-01-28,08:21:17,0.5,LocalHost,6.5,16664068096,3902791680,76.6,11944738816,189022208,7277834240,1480544256,1360154624,3170152448,466128896
298,2022-01-28,08:21:18,0.5,LocalHost,6.6,16664068096,3910692864,76.5,11946164224,196894720,7277842432,1480572928,1360162816,3160846336,456810496
299,2022-01-28,08:21:18,0.5,LocalHost,23.0,16664068096,3911413760,76.5,11945443328,197615616,7277842432,1480572928,1360162816,3160846336,456810496
300,2022-01-28,08:21:19,0.5,LocalHost,13.9,16664068096,3907661824,76.6,11949170688,193552384,7278661632,1480679424,1360162816,3161182208,456953856
301,2022-01-28,08:21:19,0.5,LocalHost,13.2,16664068096,3908141056,76.5,11948675072,194088960,7278129152,1480679424,1360162816,3161141248,456953856
302,2022-01-28,08:21:20,0.5,LocalHost,8.0,16664068096,3908055040,76.5,11948707840,193765376,7277985792,1480916992,1360162816,3161432064,456953856
303,2022-01-28,08:21:20,0.5,LocalHost,8.9,16664068096,3907825664,76.5,11948990464,193470464,7277965312,1480978432,1360162816,3161444352,456953856
304,2022-01-28,08:21:21,0.5,LocalHost,19.3,16664068096,3900325888,76.6,11947974656,185925632,7277813760,1480990720,1360162816,3170004992,465473536
305,2022-01-28,08:21:21,0.5,LocalHost,19.5,16664068096,3877322752,76.7,11947548672,162910208,7277862912,1481003008,1360179200,3193430016,488902656
306,2022-01-28,08:21:22,0.5,LocalHost,16.2,16664068096,3877220352,76.7,11947323392,162795520,7278051328,1481007104,1360187392,3193761792,489222144
307,2022-01-28,08:21:22,0.5,LocalHost,24.8,16664068096,3877138432,76.7,11947413504,162709504,7278084096,1481011200,1360187392,3193757696,489209856
308,2022-01-28,08:21:23,0.5,LocalHost,18.2,16664068096,3880984576,76.7,11948859392,166518784,7278256128,1481031680,1360228352,3188461568,483897344
309,2022-01-28,08:21:23,0.5,LocalHost,17.6,16664068096,3881455616,76.7,11948371968,166989824,7278256128,1481031680,1360228352,3188477952,483897344
310,2022-01-28,08:21:24,0.5,LocalHost,22.0,16664068096,3907473408,76.6,11949137920,192856064,7278305280,1481166848,1360228352,3161845760,457068544
311,2022-01-28,08:21:24,0.5,LocalHost,22.5,16664068096,3907772416,76.5,11948904448,193134592,7278305280,1481187328,1360228352,3161800704,457019392
312,2022-01-28,08:21:25,0.5,LocalHost,28.1,16664068096,3907756032,76.5,11948929024,193101824,7278174208,1481195520,1360228352,3161808896,457007104
313,2022-01-28,08:21:25,0.5,LocalHost,26.1,16664068096,3907944448,76.5,11948765184,193261568,7278153728,1481224192,1360228352,3161812992,457007104
314,2022-01-28,08:21:26,0.5,LocalHost,26.1,16664068096,3907784704,76.5,11948916736,193093632,7278149632,1481232384,1360228352,3161829376,457007104
315,2022-01-28,08:21:26,0.5,LocalHost,22.5,16664068096,3894272000,76.6,11948875776,179552256,7278170112,1481240576,1360228352,3175411712,470585344
316,2022-01-28,08:21:27,0.5,LocalHost,19.6,16664068096,3893514240,76.6,11949563904,178741248,7278813184,1481277440,1360244736,3175518208,470675456
317,2022-01-28,08:21:27,0.5,LocalHost,20.2,16664068096,3879993344,76.7,11948122112,165199872,7279124480,1481293824,1360252928,3190493184,485650432
318,2022-01-28,08:21:28,0.5,LocalHost,21.7,16664068096,3880116224,76.7,11947577344,165167104,7279665152,1481441280,1360252928,3191070720,486031360
319,2022-01-28,08:21:28,0.5,LocalHost,22.1,16664068096,3880353792,76.7,11947356160,165380096,7279665152,1481465856,1360293888,3191037952,486031360
320,2022-01-28,08:21:29,0.5,LocalHost,20.4,16664068096,3896840192,76.6,11959857152,181575680,7289262080,1481740288,1360293888,3162341376,457277440
321,2022-01-28,08:21:29,0.5,LocalHost,23.0,16664068096,3875590144,76.7,11948351488,160477184,7279640576,1481400320,1360297984,3194941440,489484288
322,2022-01-28,08:21:30,0.5,LocalHost,20.1,16664068096,3907706880,76.6,11949662208,194043904,7278886912,1480560640,1360273408,3160088576,456593408
323,2022-01-28,08:21:30,0.5,LocalHost,18.7,16664068096,3908292608,76.5,11949076480,194629632,7278886912,1480560640,1360273408,3160088576,456593408
324,2022-01-28,08:21:31,0.5,LocalHost,20.3,16664068096,3888029696,76.7,11947806720,174694400,7279083520,1480466432,1360273408,3181293568,477941760
325,2022-01-28,08:21:31,0.5,LocalHost,25.4,16664068096,3888128000,76.7,11947704320,174792704,7279083520,1480466432,1360273408,3181297664,477941760
326,2022-01-28,08:21:32,0.5,LocalHost,23.4,16664068096,3908050944,76.5,11948494848,194572288,7279079424,1480609792,1360273408,3160727552,457175040
327,2022-01-28,08:21:32,0.5,LocalHost,23.7,16664068096,3894804480,76.6,11947294720,181264384,7279190016,1480658944,1360289792,3175219200,471662592
328,2022-01-28,08:21:33,0.5,LocalHost,25.3,16664068096,3887452160,76.7,11947311104,173895680,7279345664,1480671232,1360306176,3182555136,479002624
329,2022-01-28,08:21:33,0.5,LocalHost,19.9,16664068096,3887476736,76.7,11947266048,173920256,7279390720,1480671232,1360314368,3182567424,479002624
330,2022-01-28,08:21:34,0.5,LocalHost,23.9,16664068096,3893866496,76.6,11948064768,180277248,7279411200,1480695808,1360347136,3175378944,471814144
331,2022-01-28,08:21:34,0.5,LocalHost,24.5,16664068096,3886825472,76.7,11947917312,173211648,7280238592,1480695808,1360347136,3182592000,479002624
332,2022-01-28,08:21:35,0.5,LocalHost,26.7,16664068096,3886018560,76.7,11948617728,172380160,7280631808,1480699904,1360347136,3182723072,479121408
333,2022-01-28,08:21:35,0.5,LocalHost,22.1,16664068096,3886252032,76.7,11948638208,172605440,7280672768,1480708096,1360347136,3182477312,478871552
334,2022-01-28,08:21:36,0.5,LocalHost,22.5,16664068096,3885232128,76.7,11948851200,171167744,7280566272,1480876032,1360347136,3183702016,479653888
335,2022-01-28,08:21:36,0.5,LocalHost,22.7,16664068096,3877150720,76.7,11950809088,163086336,7280852992,1480876032,1360347136,3189825536,485777408
336,2022-01-28,08:21:37,0.5,LocalHost,25.6,16664068096,3887259648,76.7,11949481984,173137920,7280525312,1480925184,1360347136,3181101056,477040640
337,2022-01-28,08:21:37,0.5,LocalHost,19.9,16664068096,3887194112,76.7,11949678592,173072384,7280558080,1480925184,1360347136,3180969984,476901376
338,2022-01-28,08:21:38,0.5,LocalHost,16.6,16664068096,3892375552,76.6,11950608384,178245632,7280734208,1480933376,1360355328,3174858752,470777856
339,2022-01-28,08:21:38,0.5,LocalHost,25.5,16664068096,3891150848,76.6,11950768128,177020928,7280734208,1480933376,1360371712,3175907328,471842816
340,2022-01-28,08:21:39,0.5,LocalHost,22.2,16664068096,3891466240,76.6,11950379008,177299456,7280840704,1480957952,1360371712,3176017920,471920640
341,2022-01-28,08:21:39,0.5,LocalHost,27.3,16664068096,3890421760,76.7,11951628288,175779840,7281430528,1481396224,1360404480,3176255488,472051712
342,2022-01-28,08:21:40,0.5,LocalHost,26.1,16664068096,3892203520,76.6,11950825472,177471488,7280828416,1481437184,1360404480,3175366656,470712320
343,2022-01-28,08:21:40,0.5,LocalHost,20.0,16664068096,3892461568,76.6,11950534656,177610752,7280828416,1481551872,1360404480,3175518208,470712320
344,2022-01-28,08:21:41,0.5,LocalHost,22.7,16664068096,3892809728,76.6,11950198784,177930240,7280852992,1481564160,1360404480,3175534592,470712320
345,2022-01-28,08:21:41,0.5,LocalHost,18.8,16664068096,3892559872,76.6,11950407680,177668096,7280877568,1481576448,1360404480,3175587840,470765568
346,2022-01-28,08:21:42,0.5,LocalHost,20.5,16664068096,3892482048,76.6,11950673920,177569792,7280791552,1481596928,1360404480,3175419904,470585344
347,2022-01-28,08:21:42,0.5,LocalHost,19.8,16664068096,3886714880,76.7,11950313472,171802624,7281037312,1481596928,1360404480,3181547520,476708864
348,2022-01-28,08:21:43,0.5,LocalHost,24.3,16664068096,3893727232,76.6,11950309376,178757632,7281500160,1481654272,1360404480,3174596608,469745664
349,2022-01-28,08:21:43,0.5,LocalHost,20.0,16664068096,3894128640,76.6,11950063616,179154944,7281496064,1481658368,1360420864,3174428672,469590016
350,2022-01-28,08:21:44,0.5,LocalHost,20.9,16664068096,3893760000,76.6,11950366720,178634752,7281500160,1481797632,1360429056,3174637568,469590016
351,2022-01-28,08:21:44,0.5,LocalHost,25.9,16664068096,3893071872,76.6,11951075328,177926144,7282044928,1481809920,1360429056,3174637568,469590016
352,2022-01-28,08:21:45,0.5,LocalHost,25.7,16664068096,3885891584,76.7,11951091712,170700800,7282188288,1481854976,1360461824,3181813760,476766208
353,2022-01-28,08:21:45,0.5,LocalHost,22.0,16664068096,3878019072,76.7,11951632384,162811904,7282540544,1481854976,1360461824,3189161984,484106240
354,2022-01-28,08:21:46,0.5,LocalHost,18.2,16664068096,3878285312,76.7,11951132672,163041280,7282610176,1481867264,1360461824,3189432320,484356096
355,2022-01-28,08:21:46,0.5,LocalHost,17.4,16664068096,3878436864,76.7,11950972928,163192832,7282593792,1481867264,1360461824,3189440512,484356096
356,2022-01-28,08:21:47,0.5,LocalHost,17.8,16664068096,3904765952,76.6,11951808512,189517824,7282544640,1481871360,1360461824,3162279936,457191424
357,2022-01-28,08:21:47,0.5,LocalHost,17.2,16664068096,3905077248,76.6,11951706112,189829120,7282561024,1481871360,1360461824,3162071040,456978432
358,2022-01-28,08:21:48,0.5,LocalHost,14.1,16664068096,3904884736,76.6,11951857664,189624320,7282610176,1481875456,1360461824,3162124288,456978432
359,2022-01-28,08:21:48,0.5,LocalHost,14.4,16664068096,3904888832,76.6,11951833088,189562880,7282610176,1481936896,1360470016,3162202112,456978432
360,2022-01-28,08:21:49,0.5,LocalHost,15.1,16664068096,3904999424,76.6,11951722496,189566976,7282667520,1482027008,1360478208,3162300416,456978432
361,2022-01-28,08:21:49,0.5,LocalHost,16.5,16664068096,3892953088,76.6,11963772928,177512448,7293857792,1482035200,1360494592,3162288128,456978432
362,2022-01-28,08:21:50,0.5,LocalHost,17.8,16664068096,3903733760,76.6,11953070080,187686912,7282700288,1482616832,1360494592,3162816512,456978432
363,2022-01-28,08:21:50,0.5,LocalHost,15.1,16664068096,3904368640,76.6,11952435200,188317696,7282880512,1482620928,1360527360,3162787840,456978432
364,2022-01-28,08:21:51,0.5,LocalHost,15.4,16664068096,3903975424,76.6,11952807936,187895808,7282671616,1482637312,1360527360,3162836992,456978432
365,2022-01-28,08:21:51,0.5,LocalHost,13.7,16664068096,3904806912,76.6,11951976448,188723200,7282634752,1482641408,1360527360,3162841088,456978432
366,2022-01-28,08:21:52,0.5,LocalHost,16.4,16664068096,3904344064,76.6,11952414720,188252160,7282585600,1482649600,1360527360,3162873856,456978432
367,2022-01-28,08:21:52,0.5,LocalHost,13.6,16664068096,3904221184,76.6,11952427008,187994112,7282585600,1482780672,1360527360,3163119616,457064448
368,2022-01-28,08:21:53,0.5,LocalHost,18.4,16664068096,3897511936,76.6,11952836608,181219328,7282647040,1482829824,1360527360,3169484800,463405056
369,2022-01-28,08:21:53,0.5,LocalHost,24.2,16664068096,3886800896,76.7,11951603712,186019840,7270539264,1482510336,1359732736,3166711808,475652096
370,2022-01-28,08:21:54,0.5,LocalHost,14.1,16664068096,3885953024,76.7,11951792128,185425920,7269822464,1482407936,1359740928,3167109120,476024832
371,2022-01-28,08:21:54,0.5,LocalHost,15.7,16664068096,3873763328,76.8,11951575040,173236224,7270436864,1482407936,1359757312,3179499520,488431616
372,2022-01-28,08:21:55,0.5,LocalHost,11.7,16664068096,3892453376,76.6,11951652864,191913984,7270371328,1482416128,1359773696,3160727552,469626880
373,2022-01-28,08:21:55,0.5,LocalHost,21.2,16664068096,3889971200,76.7,11952091136,189427712,7270424576,1482420224,1359773696,3162775552,471670784
374,2022-01-28,08:21:56,0.5,LocalHost,16.8,16664068096,3890581504,76.7,11951063040,190009344,7270264832,1482444800,1359806464,3163189248,472096768
375,2022-01-28,08:21:56,0.5,LocalHost,14.7,16664068096,3883081728,76.7,11951337472,182370304,7270510592,1482543104,1359806464,3170553856,479285248
376,2022-01-28,08:21:57,0.5,LocalHost,17.2,16664068096,3877523456,76.7,11951808512,176742400,7270490112,1482604544,1359806464,3175710720,484397056
377,2022-01-28,08:21:57,0.5,LocalHost,10.5,16664068096,3877646336,76.7,11951796224,176758784,7270764544,1482706944,1359814656,3175698432,484286464
378,2022-01-28,08:21:58,0.5,LocalHost,14.1,16664068096,3891986432,76.6,11952136192,191127552,7270715392,1482657792,1359814656,3160989696,469643264
379,2022-01-28,08:21:58,0.5,LocalHost,7.4,16664068096,3892183040,76.6,11951951872,191029248,7270785024,1482665984,1359814656,3161272320,469643264
380,2022-01-28,08:21:59,0.5,LocalHost,13.5,16664068096,3890667520,76.7,11952447488,189444096,7270854656,1482670080,1359814656,3162361856,470659072
381,2022-01-28,08:21:59,0.5,LocalHost,13.1,16664068096,3890507776,76.7,11952611328,189276160,7270731776,1482678272,1359814656,3162365952,470659072
382,2022-01-28,08:22:00,0.5,LocalHost,21.0,16664068096,3888967680,76.7,11953725440,185163776,7272013824,1482883072,1359831040,3165347840,470945792
383,2022-01-28,08:22:00,0.5,LocalHost,16.5,16664068096,3889197056,76.7,11953577984,185139200,7271682048,1482960896,1359839232,3165511680,470945792
384,2022-01-28,08:22:01,0.5,LocalHost,10.9,16664068096,3890507776,76.7,11953602560,186609664,7271518208,1482964992,1359839232,3164016640,469614592
385,2022-01-28,08:22:01,0.5,LocalHost,16.2,16664068096,3883061248,76.7,11953881088,179159040,7271534592,1482969088,1359872000,3171155968,476782592
386,2022-01-28,08:22:02,0.5,LocalHost,12.1,16664068096,3882909696,76.7,11953917952,179122176,7271378944,1483022336,1359872000,3171155968,476934144
387,2022-01-28,08:22:02,0.5,LocalHost,5.8,16664068096,3882762240,76.7,11954065408,178966528,7271526400,1483030528,1359880192,3171155968,476934144
388,2022-01-28,08:22:03,0.5,LocalHost,14.0,16664068096,3902816256,76.6,11953721344,199000064,7271424000,1483034624,1359880192,3151466496,457232384
389,2022-01-28,08:22:04,0.5,LocalHost,15.4,16664068096,3890585600,76.7,11953680384,186765312,7271432192,1483034624,1359880192,3163742208,469499904
390,2022-01-28,08:22:04,0.5,LocalHost,17.3,16664068096,3890606080,76.7,11953590272,186773504,7271448576,1483046912,1359880192,3163824128,469569536
391,2022-01-28,08:22:05,0.5,LocalHost,12.8,16664068096,3890712576,76.7,11953467392,186863616,7271469056,1483059200,1359880192,3163856896,469569536
392,2022-01-28,08:22:05,0.5,LocalHost,13.3,16664068096,3903602688,76.6,11953070080,199602176,7271448576,1483206656,1359880192,3151515648,457056256
393,2022-01-28,08:22:06,0.5,LocalHost,13.5,16664068096,3903778816,76.6,11952971776,199766016,7271452672,1483051008,1359896576,3151433728,456986624
394,2022-01-28,08:22:06,0.5,LocalHost,8.4,16664068096,3903692800,76.6,11953057792,199651328,7271563264,1483247616,1359904768,3151454208,456986624
395,2022-01-28,08:22:07,0.5,LocalHost,8.7,16664068096,3903684608,76.6,11953061888,199639040,7271600128,1483251712,1359904768,3151462400,456986624
396,2022-01-28,08:22:07,0.5,LocalHost,6.3,16664068096,3904135168,76.6,11952623616,200032256,7271505920,1483272192,1359953920,3151458304,456998912
397,2022-01-28,08:22:08,0.5,LocalHost,11.3,16664068096,3879567360,76.7,11952951296,175460352,7271505920,1483272192,1359962112,3175694336,481226752
398,2022-01-28,08:22:08,0.5,LocalHost,18.7,16664068096,3879587840,76.7,11952496640,175075328,7271653376,1483620352,1359962112,3176534016,481439744
399,2022-01-28,08:22:09,0.5,LocalHost,14.1,16664068096,3879600128,76.7,11952308224,174669824,7271649280,1484034048,1359962112,3177127936,481427456
400,2022-01-28,08:22:09,0.5,LocalHost,15.3,16664068096,3873177600,76.8,11952545792,167895040,7271800832,1484357632,1359962112,3183665152,487890944
401,2022-01-28,08:22:10,0.5,LocalHost,14.2,16664068096,3873071104,76.8,11952443392,167727104,7271694336,1484419072,1359962112,3183935488,488108032
402,2022-01-28,08:22:10,0.5,LocalHost,23.1,16664068096,3889377280,76.7,11954483200,199442432,7259930624,1484214272,1359171584,3150970880,470003712
403,2022-01-28,08:22:11,0.5,LocalHost,14.7,16664068096,3890511872,76.7,11953455104,200843264,7260012544,1484210176,1359171584,3150598144,469778432
404,2022-01-28,08:22:11,0.5,LocalHost,14.9,16664068096,3885416448,76.7,11953500160,195661824,7259672576,1484296192,1359179776,3155726336,474845184
405,2022-01-28,08:22:12,0.5,LocalHost,16.9,16664068096,3885338624,76.7,11953561600,195559424,7259754496,1484320768,1359187968,3155759104,474845184
406,2022-01-28,08:22:12,0.5,LocalHost,16.7,16664068096,3902156800,76.6,11954413568,212234240,7259664384,1484455936,1359187968,3138232320,457007104
407,2022-01-28,08:22:13,0.5,LocalHost,15.7,16664068096,3902656512,76.6,11953999872,212557824,7259807744,1484623872,1359220736,3138289664,457007104
408,2022-01-28,08:22:13,0.5,LocalHost,13.7,16664068096,3903090688,76.6,11953528832,212725760,7259824128,1484861440,1359228928,3138584576,456986624
409,2022-01-28,08:22:14,0.5,LocalHost,12.5,16664068096,3903143936,76.6,11953455104,212688896,7259684864,1484931072,1359228928,3138695168,456986624
410,2022-01-28,08:22:14,0.5,LocalHost,13.7,16664068096,3903270912,76.6,11953336320,212447232,7259688960,1485049856,1359228928,3139055616,456986624
411,2022-01-28,08:22:15,0.5,LocalHost,12.7,16664068096,3903336448,76.6,11953283072,212480000,7259684864,1485082624,1359228928,3139076096,456986624
412,2022-01-28,08:22:15,0.5,LocalHost,16.4,16664068096,3903467520,76.6,11953176576,212381696,7259668480,1485303808,1359228928,3139280896,456998912
413,2022-01-28,08:22:16,0.5,LocalHost,16.2,16664068096,3903770624,76.6,11952885760,212643840,7259701248,1485344768,1359228928,3139309568,456998912
414,2022-01-28,08:22:16,0.5,LocalHost,16.0,16664068096,3903983616,76.6,11952574464,212762624,7259672576,1485426688,1359228928,3139502080,456998912
415,2022-01-28,08:22:17,0.5,LocalHost,17.4,16664068096,3892121600,76.6,11952271360,200777728,7259676672,1485545472,1359245312,3151773696,469245952
416,2022-01-28,08:22:17,0.5,LocalHost,14.9,16664068096,3878662144,76.7,11951591424,187002880,7259455488,1485840384,1359253504,3166220288,483074048
417,2022-01-28,08:22:18,0.5,LocalHost,14.1,16664068096,3879026688,76.7,11951235072,187191296,7259549696,1486016512,1359261696,3166380032,483074048
418,2022-01-28,08:22:18,0.5,LocalHost,14.8,16664068096,3878883328,76.7,11951398912,186830848,7259844608,1486213120,1359278080,3166560256,483344384
419,2022-01-28,08:22:19,0.5,LocalHost,15.1,16664068096,3878850560,76.7,11951448064,186707968,7259746304,1486290944,1359286272,3166625792,483315712
420,2022-01-28,08:22:19,0.5,LocalHost,18.5,16664068096,3892338688,76.6,11950669824,200151040,7259774976,1486327808,1359294464,3153952768,470536192
421,2022-01-28,08:22:20,0.5,LocalHost,17.2,16664068096,3884130304,76.7,11951677440,191873024,7259672576,1486397440,1359294464,3161223168,477786112
422,2022-01-28,08:22:20,0.5,LocalHost,17.5,16664068096,3884982272,76.7,11950530560,192282624,7259893760,1486819328,1359294464,3161960448,478138368
423,2022-01-28,08:22:21,0.5,LocalHost,19.9,16664068096,3881517056,76.7,11954049024,188424192,7260917760,1487155200,1359294464,3162300416,478138368
424,2022-01-28,08:22:21,0.5,LocalHost,14.4,16664068096,3888930816,76.7,11954229248,195334144,7260061696,1487499264,1359294464,3155210240,470577152
425,2022-01-28,08:22:22,0.5,LocalHost,11.7,16664068096,3888820224,76.7,11954311168,195219456,7260065792,1487503360,1359294464,3155243008,470577152
426,2022-01-28,08:22:22,0.5,LocalHost,14.5,16664068096,3889324032,76.7,11953651712,195592192,7260045312,1487634432,1359302656,3155521536,470679552
427,2022-01-28,08:22:23,0.5,LocalHost,15.4,16664068096,3889000448,76.7,11953963008,195235840,7260196864,1487667200,1359319040,3155550208,470679552
428,2022-01-28,08:22:23,0.5,LocalHost,14.0,16664068096,3889401856,76.7,11953545216,195469312,7260336128,1487826944,1359319040,3155734528,470679552
429,2022-01-28,08:22:24,0.5,LocalHost,12.2,16664068096,3881717760,76.7,11954044928,187650048,7260381184,1487970304,1359343616,3163029504,477868032
430,2022-01-28,08:22:24,0.5,LocalHost,16.1,16664068096,3881922560,76.7,11953664000,187551744,7260651520,1488236544,1359360000,3163492352,478056448
431,2022-01-28,08:22:25,0.5,LocalHost,19.4,16664068096,3882074112,76.7,11953520640,187625472,7260516352,1488293888,1359360000,3163561984,478056448
432,2022-01-28,08:22:25,0.5,LocalHost,20.6,16664068096,3882119168,76.7,11953471488,187527168,7260721152,1488400384,1359360000,3163709440,478056448
433,2022-01-28,08:22:26,0.5,LocalHost,14.4,16664068096,3882209280,76.7,11953401856,187523072,7260803072,1488494592,1359360000,3163783168,478056448
434,2022-01-28,08:22:26,0.5,LocalHost,10.7,16664068096,3889176576,76.7,11953573888,194424832,7260803072,1488556032,1359360000,3156709376,470880256
435,2022-01-28,08:22:27,0.5,LocalHost,11.7,16664068096,3889545216,76.7,11953487872,194682880,7260827648,1488666624,1359360000,3156537344,470622208
436,2022-01-28,08:22:27,0.5,LocalHost,12.2,16664068096,3903184896,76.6,11953471488,208130048,7260745728,1488867328,1359360000,3143106560,457043968
437,2022-01-28,08:22:28,0.5,LocalHost,14.4,16664068096,3903221760,76.6,11953491968,208068608,7260811264,1488945152,1359376384,3143131136,456982528
438,2022-01-28,08:22:28,0.5,LocalHost,13.4,16664068096,3903074304,76.6,11953610752,207622144,7260971008,1489223680,1359392768,3143442432,456982528
439,2022-01-28,08:22:29,0.5,LocalHost,12.3,16664068096,3903111168,76.6,11953520640,207646720,7260909568,1489235968,1359392768,3143507968,456978432
440,2022-01-28,08:22:29,0.5,LocalHost,17.0,16664068096,3903168512,76.6,11953561600,207454208,7260987392,1489461248,1359409152,3143643136,456978432
441,2022-01-28,08:22:30,0.5,LocalHost,14.4,16664068096,3903143936,76.6,11953487872,207429632,7260987392,1489461248,1359417344,3143733248,456978432
442,2022-01-28,08:22:30,0.5,LocalHost,10.2,16664068096,3903135744,76.6,11953451008,207298560,7260889088,1489559552,1359417344,3143901184,456978432
443,2022-01-28,08:22:31,0.5,LocalHost,13.8,16664068096,3900317696,76.6,11956256768,204464128,7261954048,1489575936,1359417344,3143929856,456978432
444,2022-01-28,08:22:31,0.5,LocalHost,13.1,16664068096,3901227008,76.6,11955548160,205115392,7260999680,1489870848,1359417344,3143987200,456978432
445,2022-01-28,08:22:32,0.5,LocalHost,9.5,16664068096,3901116416,76.6,11955650560,204980224,7261097984,1489895424,1359417344,3144019968,456978432
446,2022-01-28,08:22:32,0.5,LocalHost,17.7,16664068096,3900981248,76.6,11955634176,204759040,7260925952,1489977344,1359417344,3144257536,456978432
447,2022-01-28,08:22:33,0.5,LocalHost,17.3,16664068096,3901186048,76.6,11955458048,204656640,7260938240,1490276352,1359425536,3144527872,456978432
448,2022-01-28,08:22:33,0.5,LocalHost,15.3,16664068096,3901132800,76.6,11955433472,204566528,7260950528,1490305024,1359433728,3144634368,456978432
449,2022-01-28,08:22:34,0.5,LocalHost,14.3,16664068096,3901386752,76.6,11955257344,204722176,7260798976,1490386944,1359441920,3144646656,456978432
450,2022-01-28,08:22:34,0.5,LocalHost,11.4,16664068096,3901706240,76.6,11954941952,204857344,7260954624,1490571264,1359441920,3144826880,456978432
451,2022-01-28,08:22:35,0.5,LocalHost,10.9,16664068096,3901992960,76.6,11954679808,205012992,7260917760,1490694144,1359474688,3144900608,456978432
452,2022-01-28,08:22:35,0.5,LocalHost,9.0,16664068096,3902087168,76.6,11954520064,205045760,7260917760,1490755584,1359482880,3145019392,456978432
453,2022-01-28,08:22:36,0.5,LocalHost,16.1,16664068096,3902287872,76.6,11954368512,205111296,7260942336,1490866176,1359482880,3145105408,456978432
454,2022-01-28,08:22:36,0.5,LocalHost,17.9,16664068096,3902361600,76.6,11954307072,205017088,7260930048,1491017728,1359482880,3145261056,456978432
455,2022-01-28,08:22:37,0.5,LocalHost,16.6,16664068096,3902328832,76.6,11954393088,204890112,7260913664,1491111936,1359482880,3145302016,456978432
456,2022-01-28,08:22:37,0.5,LocalHost,19.4,16664068096,3902328832,76.6,11954290688,204636160,7260913664,1491357696,1359482880,3145658368,456978432
457,2022-01-28,08:22:38,0.5,LocalHost,20.8,16664068096,3902734336,76.6,11953893376,204988416,7260934144,1491398656,1359491072,3145695232,456978432
458,2022-01-28,08:22:38,0.5,LocalHost,21.6,16664068096,3902615552,76.6,11953958912,204759040,7261220864,1491509248,1359491072,3145859072,456978432
459,2022-01-28,08:22:39,0.5,LocalHost,18.7,16664068096,3902599168,76.6,11954028544,204582912,7261216768,1491660800,1359499264,3145957376,456978432
460,2022-01-28,08:22:39,0.5,LocalHost,13.0,16664068096,3902570496,76.6,11954020352,204435456,7261380608,1491767296,1359515648,3146096640,456978432
461,2022-01-28,08:22:40,0.5,LocalHost,12.4,16664068096,3902873600,76.6,11953680384,204722176,7261425664,1491783680,1359515648,3146149888,456978432
462,2022-01-28,08:22:40,0.5,LocalHost,14.1,16664068096,3903139840,76.6,11953434624,204754944,7261417472,1491996672,1359540224,3146338304,456978432
463,2022-01-28,08:22:41,0.5,LocalHost,17.6,16664068096,3902861312,76.6,11953778688,204107776,7261396992,1492312064,1359556608,3146625024,456978432
464,2022-01-28,08:22:41,0.5,LocalHost,19.5,16664068096,3900547072,76.6,11956244480,201265152,7262068736,1492766720,1359556608,3147001856,456978432
465,2022-01-28,08:22:42,0.5,LocalHost,12.5,16664068096,3900944384,76.6,11955843072,201658368,7261945856,1492770816,1359556608,3147010048,456978432
466,2022-01-28,08:22:42,0.5,LocalHost,8.1,16664068096,3901349888,76.6,11955335168,202039296,7261454336,1492840448,1359556608,3147137024,456978432
467,2022-01-28,08:22:43,0.5,LocalHost,9.6,16664068096,3901026304,76.6,11955712000,201580544,7261351936,1492975616,1359564800,3147210752,456978432
468,2022-01-28,08:22:43,0.5,LocalHost,11.3,16664068096,3901382656,76.6,11955245056,201936896,7261413376,1492975616,1359564800,3147321344,456978432
469,2022-01-28,08:22:44,0.5,LocalHost,15.0,16664068096,3901652992,76.6,11954962432,202145792,7261413376,1493037056,1359564800,3147395072,456978432
470,2022-01-28,08:22:44,0.5,LocalHost,13.8,16664068096,3901353984,76.6,11955240960,201682944,7261446144,1493196800,1359581184,3147563008,456978432
471,2022-01-28,08:22:45,0.5,LocalHost,12.3,16664068096,3901227008,76.6,11955372032,201490432,7261446144,1493258240,1359597568,3147608064,456978432
472,2022-01-28,08:22:45,0.5,LocalHost,13.0,16664068096,3901677568,76.6,11954905088,201617408,7261237248,1493565440,1359597568,3147948032,456978432
473,2022-01-28,08:22:46,0.5,LocalHost,10.1,16664068096,3901411328,76.6,11955187712,201289728,7261265920,1493598208,1359622144,3147968512,456978432
474,2022-01-28,08:22:46,0.5,LocalHost,12.5,16664068096,3901489152,76.6,11955159040,201134080,7261433856,1493827584,1359630336,3148144640,456978432
475,2022-01-28,08:22:47,0.5,LocalHost,14.2,16664068096,3901939712,76.6,11954733056,201482240,7261483008,1493921792,1359630336,3148222464,456978432
476,2022-01-28,08:22:47,0.5,LocalHost,10.2,16664068096,3901464576,76.6,11955167232,200876032,7261491200,1494032384,1359630336,3148394496,456978432
477,2022-01-28,08:22:48,0.5,LocalHost,16.5,16664068096,3901960192,76.6,11954667520,201256960,7261630464,1494147072,1359638528,3148505088,456978432
478,2022-01-28,08:22:48,0.5,LocalHost,15.4,16664068096,3901898752,76.6,11954794496,201043968,7261495296,1494290432,1359638528,3148591104,456978432
479,2022-01-28,08:22:49,0.5,LocalHost,13.1,16664068096,3901636608,76.6,11955068928,200458240,7261659136,1494601728,1359638528,3148902400,456978432
480,2022-01-28,08:22:49,0.5,LocalHost,11.3,16664068096,3901370368,76.6,11955310592,200159232,7261478912,1494626304,1359638528,3148959744,456978432
481,2022-01-28,08:22:50,0.5,LocalHost,12.0,16664068096,3901456384,76.6,11955269632,200159232,7261478912,1494712320,1359654912,3148984320,456978432
482,2022-01-28,08:22:50,0.5,LocalHost,17.2,16664068096,3901804544,76.6,11954900992,200323072,7261491200,1494880256,1359671296,3149172736,456978432
483,2022-01-28,08:22:51,0.5,LocalHost,19.9,16664068096,3901231104,76.6,11955494912,199667712,7262519296,1494949888,1359679488,3149225984,456978432
484,2022-01-28,08:22:51,0.5,LocalHost,19.6,16664068096,3899215872,76.6,11957497856,197500928,7262416896,1495076864,1359687680,3149381632,456978432
485,2022-01-28,08:22:52,0.5,LocalHost,15.5,16664068096,3899756544,76.6,11956977664,198012928,7262089216,1495105536,1359695872,3149381632,456978432
486,2022-01-28,08:22:52,0.5,LocalHost,16.3,16664068096,3901087744,76.6,11955552256,198938624,7261560832,1495449600,1359695872,3149881344,456978432
487,2022-01-28,08:22:53,0.5,LocalHost,15.4,16664068096,3900583936,76.6,11956060160,198365184,7261597696,1495511040,1359704064,3149938688,456978432
488,2022-01-28,08:22:53,0.5,LocalHost,17.4,16664068096,3901239296,76.6,11955429376,198647808,7261605888,1495871488,1359704064,3150286848,456978432
489,2022-01-28,08:22:54,0.5,LocalHost,14.7,16664068096,3901177856,76.6,11955470336,198520832,7261663232,1495937024,1359704064,3150372864,456978432
490,2022-01-28,08:22:54,0.5,LocalHost,13.9,16664068096,3901210624,76.6,11955519488,198332416,7261601792,1496150016,1359720448,3150495744,456978432
491,2022-01-28,08:22:55,0.5,LocalHost,14.0,16664068096,3901239296,76.6,11955429376,198324224,7261560832,1496186880,1359720448,3150594048,456978432
492,2022-01-28,08:22:55,0.5,LocalHost,14.1,16664068096,3901304832,76.6,11955298304,198295552,7261618176,1496248320,1359728640,3150745600,456978432
493,2022-01-28,08:22:56,0.5,LocalHost,11.1,16664068096,3901046784,76.6,11955523584,197976064,7261618176,1496309760,1359736832,3150831616,456978432
494,2022-01-28,08:22:56,0.5,LocalHost,12.7,16664068096,3901476864,76.6,11955068928,198291456,7261642752,1496420352,1359753216,3150954496,456978432
495,2022-01-28,08:22:57,0.5,LocalHost,14.9,16664068096,3901943808,76.6,11954688000,198455296,7261536256,1496686592,1359761408,3151163392,456978432
496,2022-01-28,08:22:57,0.5,LocalHost,15.3,16664068096,3902001152,76.6,11954638848,198328320,7261687808,1496866816,1359769600,3151331328,456978432
497,2022-01-28,08:22:58,0.5,LocalHost,18.2,16664068096,3902226432,76.6,11954401280,198488064,7261671424,1496932352,1359769600,3151409152,456978432
498,2022-01-28,08:22:58,0.5,LocalHost,20.6,16664068096,3902287872,76.6,11954343936,198389760,7261671424,1497083904,1359769600,3151564800,456978432
499,2022-01-28,08:22:59,0.5,LocalHost,14.2,16664068096,3902316544,76.6,11954339840,198328320,7261650944,1497174016,1359769600,3151630336,456978432
500,2022-01-28,08:22:59,0.5,LocalHost,13.6,16664068096,3902812160,76.6,11953852416,198619136,7261655040,1497358336,1359777792,3151818752,456978432
501,2022-01-28,08:23:00,0.5,LocalHost,17.3,16664068096,3902640128,76.6,11954020352,197615616,7261655040,1497370624,1359777792,3152654336,456978432
502,2022-01-28,08:23:00,0.5,LocalHost,16.8,16664068096,3902713856,76.6,11953872896,196661248,7261667328,1497575424,1359777792,3153756160,457019392
503,2022-01-28,08:23:01,0.5,LocalHost,17.4,16664068096,3903066112,76.6,11953520640,196726784,7261667328,1497849856,1359785984,3154034688,457019392
504,2022-01-28,08:23:01,0.5,LocalHost,16.5,16664068096,3902492672,76.6,11954110464,196022272,7261609984,1497968640,1359802368,3154132992,457019392
505,2022-01-28,08:23:02,0.5,LocalHost,19.8,16664068096,3900719104,76.6,11956035584,193888256,7261966336,1498173440,1359831040,3154313216,457019392
506,2022-01-28,08:23:02,0.5,LocalHost,14.9,16664068096,3900518400,76.6,11956219904,193576960,7261794304,1498189824,1359847424,3154423808,456978432
507,2022-01-28,08:23:03,0.5,LocalHost,12.8,16664068096,3901198336,76.6,11955539968,194129920,7261896704,1498300416,1359855616,3154542592,456978432
508,2022-01-28,08:23:03,0.5,LocalHost,13.9,16664068096,3900899328,76.6,11955699712,193802240,7261896704,1498316800,1359855616,3154710528,456978432
509,2022-01-28,08:23:04,0.5,LocalHost,18.6,16664068096,3901136896,76.6,11955482624,193966080,7261908992,1498386432,1359855616,3154763776,456978432
510,2022-01-28,08:23:04,0.5,LocalHost,17.9,16664068096,3901603840,76.6,11955073024,194248704,7261794304,1498566656,1359855616,3154890752,456978432
511,2022-01-28,08:23:05,0.5,LocalHost,17.7,16664068096,3901386752,76.6,11955265536,194023424,7261773824,1498574848,1359855616,3154923520,456978432
512,2022-01-28,08:23:05,0.5,LocalHost,18.1,16664068096,3901779968,76.6,11954884608,194064384,7261847552,1498918912,1359855616,3155263488,456978432
513,2022-01-28,08:23:06,0.5,LocalHost,20.2,16664068096,3901759488,76.6,11954946048,193933312,7261798400,1499025408,1359855616,3155333120,456978432
514,2022-01-28,08:23:06,0.5,LocalHost,20.7,16664068096,3901964288,76.6,11954708480,194023424,7261990912,1499140096,1359880192,3155456000,456978432
515,2022-01-28,08:23:07,0.5,LocalHost,20.2,16664068096,3902177280,76.6,11954499584,194199552,7261978624,1499168768,1359888384,3155480576,456978432
516,2022-01-28,08:23:07,0.5,LocalHost,18.8,16664068096,3902107648,76.6,11954528256,193925120,7262093312,1499336704,1359896576,3155718144,456978432
517,2022-01-28,08:23:08,0.5,LocalHost,19.7,16664068096,3902377984,76.6,11954266112,194129920,7262093312,1499398144,1359921152,3155750912,456978432
518,2022-01-28,08:23:08,0.5,LocalHost,15.6,16664068096,3902472192,76.6,11954163712,194056192,7262130176,1499557888,1359921152,3155927040,456978432
519,2022-01-28,08:23:09,0.5,LocalHost,23.8,16664068096,3902697472,76.6,11953938432,194158592,7262171136,1499652096,1359921152,3156049920,456978432
520,2022-01-28,08:23:09,0.5,LocalHost,15.8,16664068096,3902652416,76.6,11953922048,193925120,7262175232,1499832320,1359921152,3156299776,456978432
521,2022-01-28,08:23:10,0.5,LocalHost,21.8,16664068096,3902771200,76.6,11953803264,193990656,7262310400,1499881472,1359921152,3156353024,456978432
522,2022-01-28,08:23:10,0.5,LocalHost,22.0,16664068096,3903246336,76.6,11953381376,194256896,7262167040,1500090368,1359921152,3156508672,456978432
523,2022-01-28,08:23:11,0.5,LocalHost,19.4,16664068096,3903352832,76.6,11953262592,194314240,7262167040,1500131328,1359921152,3156570112,456978432
524,2022-01-28,08:23:11,0.5,LocalHost,19.9,16664068096,3903369216,76.6,11953213440,194150400,7262048256,1500307456,1359921152,3156783104,456978432
525,2022-01-28,08:23:12,0.5,LocalHost,21.2,16664068096,3900211200,76.6,11956490240,190849024,7262867456,1500442624,1359945728,3156783104,456978432
526,2022-01-28,08:23:12,0.5,LocalHost,19.7,16664068096,3901190144,76.6,11955552256,191426560,7262048256,1500663808,1359945728,3157143552,456978432
527,2022-01-28,08:23:13,0.5,LocalHost,17.2,16664068096,3901939712,76.6,11954819072,192114688,7261970432,1500725248,1359953920,3157180416,456978432
528,2022-01-28,08:23:13,0.5,LocalHost,18.5,16664068096,3902525440,76.6,11954204672,192548864,7261954048,1500864512,1359970304,3157344256,456978432
529,2022-01-28,08:23:14,0.5,LocalHost,16.7,16664068096,3902873600,76.6,11953778688,192679936,7261974528,1501052928,1359970304,3157639168,456978432
530,2022-01-28,08:23:14,0.5,LocalHost,25.7,16664068096,3902803968,76.6,11953893376,192458752,7262072832,1501200384,1359970304,3157745664,456978432
531,2022-01-28,08:23:15,0.5,LocalHost,26.2,16664068096,3903062016,76.6,11953618944,192712704,7262130176,1501204480,1359970304,3157766144,456978432
532,2022-01-28,08:23:15,0.5,LocalHost,23.4,16664068096,3902730240,76.6,11953971200,192159744,7262011392,1501417472,1359970304,3157966848,456978432
533,2022-01-28,08:23:16,0.5,LocalHost,11.3,16664068096,3902898176,76.6,11953762304,192323584,7262031872,1501421568,1359970304,3158011904,456978432
534,2022-01-28,08:23:16,0.5,LocalHost,11.2,16664068096,3902877696,76.6,11953770496,192131072,7262052352,1501585408,1359970304,3158196224,456978432
535,2022-01-28,08:23:17,0.5,LocalHost,26.7,16664068096,3902808064,76.6,11953827840,192008192,7262027776,1501634560,1359978496,3158253568,456978432
536,2022-01-28,08:23:17,0.5,LocalHost,17.4,16664068096,3885707264,76.7,11954036736,174743552,7262040064,1501790208,1360003072,3175284736,473485312
537,2022-01-28,08:23:18,0.5,LocalHost,16.1,16664068096,3886026752,76.7,11953766400,174784512,7262044160,1502044160,1360003072,3175514112,473481216
538,2022-01-28,08:23:18,0.5,LocalHost,28.9,16664068096,3886317568,76.7,11953307648,174809088,7262105600,1502302208,1360011264,3175940096,474030080
539,2022-01-28,08:23:19,0.5,LocalHost,27.8,16664068096,3886530560,76.7,11953070080,174972928,7262232576,1502343168,1360027648,3175997440,474030080
540,2022-01-28,08:23:19,0.5,LocalHost,23.8,16664068096,3903471616,76.6,11953106944,191807488,7262105600,1502437376,1360027648,3159126016,456990720
541,2022-01-28,08:23:20,0.5,LocalHost,14.2,16664068096,3903488000,76.6,11953201152,191680512,7262105600,1502572544,1360027648,3159158784,456974336
542,2022-01-28,08:23:20,0.5,LocalHost,12.5,16664068096,3903262720,76.6,11953483776,191356928,7262117888,1502666752,1360027648,3159199744,456933376
543,2022-01-28,08:23:21,0.5,LocalHost,16.0,16664068096,3907325952,76.6,11949207552,195334144,7256248320,1502752768,1360027648,3159498752,457199616
544,2022-01-28,08:23:21,0.5,LocalHost,23.0,16664068096,3908063232,76.5,11948421120,195710976,7255654400,1503100928,1360027648,3159908352,457236480
545,2022-01-28,08:23:22,0.5,LocalHost,15.2,16664068096,3905212416,76.6,11951271936,192860160,7258316800,1503100928,1360039936,3159896064,457236480
546,2022-01-28,08:23:22,0.5,LocalHost,17.1,16664068096,3908685824,76.5,11948150784,195895296,7255654400,1503432704,1360039936,3159982080,456949760
547,2022-01-28,08:23:23,0.5,LocalHost,15.1,16664068096,3909378048,76.5,11947372544,196587520,7255687168,1503412224,1360056320,3160051712,456949760
548,2022-01-28,08:23:23,0.5,LocalHost,15.8,16664068096,3909005312,76.5,11947728896,196132864,7255699456,1503494144,1360056320,3160150016,456949760
549,2022-01-28,08:23:24,0.5,LocalHost,16.2,16664068096,3909025792,76.5,11947757568,196038656,7255711744,1503600640,1360064512,3160207360,456949760
550,2022-01-28,08:23:24,0.5,LocalHost,10.9,16664068096,3909144576,76.5,11947499520,196030464,7255789568,1503698944,1360089088,3160449024,456949760
551,2022-01-28,08:23:25,0.5,LocalHost,18.4,16664068096,3908800512,76.5,11947913216,195551232,7255711744,1503834112,1360089088,3160514560,456949760
552,2022-01-28,08:23:25,0.5,LocalHost,16.0,16664068096,3909062656,76.5,11947671552,195547136,7255760896,1504092160,1360089088,3160760320,456949760
553,2022-01-28,08:23:26,0.5,LocalHost,13.5,16664068096,3908501504,76.5,11948179456,194965504,7255760896,1504108544,1360089088,3160834048,456949760
554,2022-01-28,08:23:26,0.5,LocalHost,12.0,16664068096,3909083136,76.5,11947532288,195481600,7255760896,1504169984,1360089088,3160965120,456949760
555,2022-01-28,08:23:27,0.5,LocalHost,13.0,16664068096,3909144576,76.5,11947487232,195457024,7255896064,1504256000,1360097280,3161026560,456949760
556,2022-01-28,08:23:27,0.5,LocalHost,14.0,16664068096,3909398528,76.5,11947339776,195514368,7255793664,1504448512,1360097280,3161116672,456949760
557,2022-01-28,08:23:28,0.5,LocalHost,12.7,16664068096,3909115904,76.5,11947601920,195231744,7255793664,1504448512,1360097280,3161137152,456949760
558,2022-01-28,08:23:28,0.5,LocalHost,11.9,16664068096,3909668864,76.5,11947069440,195358720,7255834624,1504849920,1360113664,3161526272,456949760
559,2022-01-28,08:23:29,0.5,LocalHost,11.2,16664068096,3909586944,76.5,11947151360,195227648,7255994368,1504899072,1360113664,3161575424,456949760
560,2022-01-28,08:23:29,0.5,LocalHost,9.7,16664068096,3909615616,76.5,11947077632,195158016,7255846912,1504980992,1360130048,3161702400,456949760
561,2022-01-28,08:23:30,0.5,LocalHost,9.9,16664068096,3909427200,76.5,11947286528,194932736,7255801856,1505009664,1360154624,3161694208,456949760
562,2022-01-28,08:23:30,0.5,LocalHost,9.9,16664068096,3909799936,76.5,11946913792,195067904,7255773184,1505234944,1360154624,3161931776,456949760
563,2022-01-28,08:23:31,0.5,LocalHost,9.5,16664068096,3909615616,76.5,11947073536,194867200,7255769088,1505251328,1360154624,3161972736,456949760
564,2022-01-28,08:23:31,0.5,LocalHost,17.6,16664068096,3909513216,76.5,11947044864,194740224,7255818240,1505263616,1360154624,3162128384,456949760
565,2022-01-28,08:23:32,0.5,LocalHost,16.9,16664068096,3909697536,76.5,11946893312,194818048,7255826432,1505361920,1360162816,3162193920,456949760
566,2022-01-28,08:23:32,0.5,LocalHost,22.9,16664068096,3907010560,76.6,11949752320,191823872,7256432640,1505656832,1360162816,3162329088,456949760
567,2022-01-28,08:23:33,0.5,LocalHost,11.8,16664068096,3907571712,76.6,11949166592,192385024,7256432640,1505656832,1360162816,3162353664,456949760
568,2022-01-28,08:23:33,0.5,LocalHost,13.6,16664068096,3908530176,76.5,11948208128,193007616,7255859200,1506091008,1360162816,3162689536,456949760
569,2022-01-28,08:23:34,0.5,LocalHost,15.8,16664068096,3908460544,76.5,11948261376,192909312,7255654400,1506119680,1360179200,3162718208,456949760
570,2022-01-28,08:23:34,0.5,LocalHost,13.2,16664068096,3908370432,76.5,11948306432,192684032,7255851008,1506222080,1360179200,3162898432,456949760
571,2022-01-28,08:23:35,0.5,LocalHost,12.6,16664068096,3908481024,76.5,11948175360,192724992,7255904256,1506291712,1360195584,3162972160,456949760
572,2022-01-28,08:23:35,0.5,LocalHost,15.5,16664068096,3908800512,76.5,11947945984,192786432,7255924736,1506533376,1360211968,3163123712,456949760
573,2022-01-28,08:23:36,0.5,LocalHost,16.1,16664068096,3909074944,76.5,11947655168,193048576,7255883776,1506545664,1360211968,3163152384,456949760
574,2022-01-28,08:23:36,0.5,LocalHost,22.3,16664068096,3909222400,76.5,11947487232,193044480,7255920640,1506693120,1360211968,3163324416,456949760
575,2022-01-28,08:23:37,0.5,LocalHost,20.8,16664068096,3908636672,76.5,11948081152,192417792,7256125440,1506729984,1360220160,3163348992,456949760
576,2022-01-28,08:23:37,0.5,LocalHost,13.8,16664068096,3909029888,76.5,11947646976,192520192,7255859200,1506996224,1360220160,3163680768,456949760
577,2022-01-28,08:23:38,0.5,LocalHost,14.8,16664068096,3909332992,76.5,11947364352,192716800,7255863296,1507098624,1360220160,3163766784,456949760
578,2022-01-28,08:23:38,0.5,LocalHost,13.1,16664068096,3909484544,76.5,11947204608,192786432,7255908352,1507176448,1360220160,3163856896,456949760
579,2022-01-28,08:23:39,0.5,LocalHost,15.4,16664068096,3909931008,76.5,11946770432,193179648,7255871488,1507229696,1360220160,3163897856,456949760
580,2022-01-28,08:23:39,0.5,LocalHost,14.9,16664068096,3909881856,76.5,11946799104,192974848,7255871488,1507377152,1360244736,3164049408,456949760
581,2022-01-28,08:23:40,0.5,LocalHost,16.0,16664068096,3909660672,76.5,11947003904,192684032,7255871488,1507446784,1360244736,3164135424,456949760
582,2022-01-28,08:23:40,0.5,LocalHost,16.3,16664068096,3909718016,76.5,11947003904,192487424,7256043520,1507676160,1360261120,3164315648,456949760
583,2022-01-28,08:23:41,0.5,LocalHost,12.8,16664068096,3909955584,76.5,11946741760,192495616,7256055808,1507880960,1360277504,3164553216,456949760
584,2022-01-28,08:23:41,0.5,LocalHost,16.2,16664068096,3910266880,76.5,11946414080,192757760,7255953408,1507930112,1360277504,3164618752,456949760
585,2022-01-28,08:23:42,0.5,LocalHost,14.2,16664068096,3910193152,76.5,11946438656,192622592,7255949312,1507975168,1360285696,3164721152,456949760
586,2022-01-28,08:23:42,0.5,LocalHost,19.0,16664068096,3902562304,76.6,11954102272,184840192,7263191040,1508114432,1360285696,3164839936,456949760
587,2022-01-28,08:23:43,0.5,LocalHost,12.0,16664068096,3908435968,76.5,11948351488,190541824,7256027136,1508274176,1360285696,3164889088,456945664
588,2022-01-28,08:23:43,0.5,LocalHost,19.3,16664068096,3908939776,76.5,11947794432,190935040,7255932928,1508388864,1360285696,3165052928,456949760
589,2022-01-28,08:23:44,0.5,LocalHost,20.1,16664068096,3908816896,76.5,11947945984,190746624,7255932928,1508450304,1360285696,3165089792,456949760
590,2022-01-28,08:23:44,0.5,LocalHost,18.5,16664068096,3908435968,76.5,11948261376,190296064,7255994368,1508511744,1360285696,3165224960,456949760
591,2022-01-28,08:23:45,0.5,LocalHost,15.3,16664068096,3908837376,76.5,11947839488,190418944,7255887872,1508782080,1360310272,3165499392,456949760
592,2022-01-28,08:23:45,0.5,LocalHost,13.3,16664068096,3909070848,76.5,11947606016,190500864,7256055808,1508900864,1360310272,3165650944,456949760
593,2022-01-28,08:23:46,0.5,LocalHost,9.4,16664068096,3909197824,76.5,11947503616,190566400,7256064000,1508954112,1360326656,3165671424,456949760
594,2022-01-28,08:23:46,0.5,LocalHost,13.8,16664068096,3909095424,76.5,11947589632,190312448,7256043520,1509101568,1360343040,3165822976,456949760
595,2022-01-28,08:23:47,0.5,LocalHost,16.1,16664068096,3908997120,76.5,11947659264,190185472,7255871488,1509130240,1360351232,3165872128,456949760
596,2022-01-28,08:23:47,0.5,LocalHost,8.9,16664068096,3909058560,76.5,11947610112,190111744,7256018944,1509261312,1360351232,3165995008,456949760
597,2022-01-28,08:23:48,0.5,LocalHost,9.5,16664068096,3909259264,76.5,11947409408,190251008,7256039424,1509302272,1360351232,3166056448,456949760
598,2022-01-28,08:23:48,0.5,LocalHost,11.4,16664068096,3909410816,76.5,11947290624,190177280,7256068096,1509507072,1360351232,3166248960,456949760
599,2022-01-28,08:23:49,0.5,LocalHost,21.9,16664068096,3904974848,76.6,11942711296,185462784,7249649664,1509715968,1360457728,3175436288,465739776
