iteration,date,time,measurement_period,machine/VNF,sys_cpu,totalmem,availablemem,percentmem,usedmem,freemem,activemem,inactivemem,buffers,cached,shared
0,2022-02-02,12:35:04,0.5,LocalHost,97.5,16664068096,3811479552,77.1,11981885440,307503104,7230922752,1487851520,1052311552,3322368000,520278016
1,2022-02-02,12:35:05,0.5,LocalHost,97.5,16664068096,3732586496,77.6,12069650432,261365760,7223152640,1483116544,1051746304,3281305600,511758336
2,2022-02-02,12:35:05,0.5,LocalHost,76.5,16664068096,3682353152,77.9,12120121344,223944704,7214645248,1479532544,1050677248,3269324800,511311872
3,2022-02-02,12:35:06,0.5,LocalHost,36.7,16664068096,3672612864,78.0,12128989184,220573696,7212126208,1477312512,1050046464,3264458752,511045632
4,2022-02-02,12:35:06,0.5,LocalHost,24.0,16664068096,3654979584,78.1,12148314112,199864320,7222116352,1481441280,1049960448,3265929216,511049728
5,2022-02-02,12:35:07,0.5,LocalHost,20.0,16664068096,3665993728,78.0,12136333312,210853888,7211421696,1481281536,1049972736,3266908160,511045632
6,2022-02-02,12:35:07,0.5,LocalHost,20.0,16664068096,3648253952,78.1,12137725952,193990656,7209938944,1480818688,1049886720,3282464768,527732736
7,2022-02-02,12:35:08,0.5,LocalHost,14.0,16664068096,3647504384,78.1,12137938944,193228800,7210188800,1480830976,1049886720,3283013632,528281600
8,2022-02-02,12:35:08,0.5,LocalHost,17.9,16664068096,3646410752,78.1,12138647552,192086016,7210229760,1480859648,1049886720,3283447808,528719872
9,2022-02-02,12:35:09,0.5,LocalHost,18.1,16664068096,3645968384,78.1,12139089920,191643648,7210237952,1480859648,1049886720,3283447808,528719872
10,2022-02-02,12:35:09,0.5,LocalHost,16.9,16664068096,3645571072,78.1,12139159552,191246336,7210119168,1480859648,1049935872,3283726336,529047552
11,2022-02-02,12:35:10,0.5,LocalHost,16.3,16664068096,3660820480,78.0,12140683264,206446592,7210209280,1480859648,1049935872,3267002368,512274432
12,2022-02-02,12:35:10,0.5,LocalHost,16.8,16664068096,3660910592,78.0,12140621824,206536704,7210119168,1480859648,1049935872,3266973696,512245760
13,2022-02-02,12:35:11,0.5,LocalHost,15.0,16664068096,3661008896,78.0,12140523520,206635008,7210119168,1480859648,1049935872,3266973696,512245760
14,2022-02-02,12:35:11,0.5,LocalHost,13.3,16664068096,3660845056,78.0,12140687360,206471168,7210180608,1480859648,1049935872,3266973696,512245760
15,2022-02-02,12:35:12,0.5,LocalHost,11.5,16664068096,3661176832,78.0,12140355584,206802944,7210180608,1480859648,1049935872,3266973696,512245760
16,2022-02-02,12:35:12,0.5,LocalHost,11.4,16664068096,3660754944,78.0,12140777472,206376960,7210176512,1480859648,1049939968,3266973696,512245760
17,2022-02-02,12:35:13,0.5,LocalHost,13.0,16664068096,3660423168,78.0,12141109248,206045184,7210176512,1480859648,1049939968,3266973696,512245760
18,2022-02-02,12:35:13,0.5,LocalHost,10.7,16664068096,3660431360,78.0,12141101056,206053376,7210237952,1480859648,1049939968,3266973696,512245760
19,2022-02-02,12:35:14,0.5,LocalHost,15.0,16664068096,3660496896,78.0,12141035520,205840384,7210237952,1480859648,1049939968,3267252224,512245760
20,2022-02-02,12:35:14,0.5,LocalHost,12.9,16664068096,3660132352,78.0,12141400064,205459456,7210278912,1480859648,1049964544,3267244032,512245760
21,2022-02-02,12:35:15,0.5,LocalHost,16.2,16664068096,3659812864,78.0,12141699072,205107200,7210311680,1480859648,1050013696,3267248128,512245760
22,2022-02-02,12:35:15,0.5,LocalHost,12.1,16664068096,3660046336,78.0,12141486080,205299712,7210516480,1480859648,1050013696,3267268608,512245760
23,2022-02-02,12:35:16,0.5,LocalHost,10.6,16664068096,3659927552,78.0,12141604864,205180928,7210516480,1480859648,1050013696,3267268608,512245760
24,2022-02-02,12:35:16,0.5,LocalHost,11.7,16664068096,3660648448,78.0,12140883968,205901824,7210520576,1480859648,1050013696,3267268608,512245760
25,2022-02-02,12:35:17,0.5,LocalHost,16.4,16664068096,3656572928,78.1,12145225728,201269248,7214456832,1477963776,1050013696,3267559424,512245760
26,2022-02-02,12:35:17,0.5,LocalHost,15.1,16664068096,3656781824,78.1,12144750592,201478144,7214096384,1477910528,1050013696,3267825664,512245760
27,2022-02-02,12:35:18,0.5,LocalHost,14.3,16664068096,3656536064,78.1,12144992256,201232384,7214096384,1477910528,1050017792,3267825664,512245760
28,2022-02-02,12:35:18,0.5,LocalHost,14.7,16664068096,3656839168,78.1,12144689152,201531392,7214100480,1477914624,1050017792,3267829760,512245760
29,2022-02-02,12:35:19,0.5,LocalHost,12.5,16664068096,3656773632,78.1,12144758784,201461760,7213977600,1477914624,1050017792,3267829760,512245760
30,2022-02-02,12:35:19,0.5,LocalHost,10.4,16664068096,3657330688,78.1,12144201728,202018816,7214313472,1477914624,1050025984,3267821568,512245760
31,2022-02-02,12:35:20,0.5,LocalHost,11.1,16664068096,3657347072,78.1,12144177152,202031104,7214317568,1477914624,1050034176,3267825664,512245760
32,2022-02-02,12:35:20,0.5,LocalHost,11.1,16664068096,3657506816,78.1,12143996928,202190848,7214383104,1477914624,1050058752,3267821568,512245760
33,2022-02-02,12:35:21,0.5,LocalHost,9.1,16664068096,3657539584,78.1,12143955968,202223616,7214383104,1477914624,1050058752,3267829760,512245760
34,2022-02-02,12:35:21,0.5,LocalHost,13.5,16664068096,3657883648,78.0,12143628288,202235904,7214571520,1477914624,1050058752,3268145152,512245760
35,2022-02-02,12:35:22,0.5,LocalHost,10.6,16664068096,3657981952,78.0,12143529984,202334208,7214456832,1477914624,1050058752,3268145152,512245760
36,2022-02-02,12:35:22,0.5,LocalHost,12.9,16664068096,3625578496,78.2,12175835136,169889792,7247556608,1477935104,1050058752,3268284416,512364544
37,2022-02-02,12:35:23,0.5,LocalHost,10.8,16664068096,3625193472,78.2,12176220160,169504768,7247659008,1477935104,1050062848,3268280320,512364544
38,2022-02-02,12:35:23,0.5,LocalHost,7.9,16664068096,3625295872,78.2,12176117760,169603072,7247519744,1477935104,1050062848,3268284416,512364544
39,2022-02-02,12:35:24,0.5,LocalHost,11.1,16664068096,3624914944,78.2,12176498688,169222144,7247519744,1477935104,1050062848,3268284416,512364544
40,2022-02-02,12:35:24,0.5,LocalHost,12.0,16664068096,3624390656,78.3,12176859136,168697856,7247831040,1477935104,1050071040,3268440064,512528384
41,2022-02-02,12:35:25,0.5,LocalHost,15.5,16664068096,3624787968,78.2,12176728064,169095168,7247863808,1477935104,1050071040,3268173824,512262144
42,2022-02-02,12:35:25,0.5,LocalHost,11.3,16664068096,3624906752,78.2,12176601088,169205760,7247482880,1477935104,1050087424,3268173824,512253952
43,2022-02-02,12:35:26,0.5,LocalHost,17.7,16664068096,3615711232,78.3,12178395136,164483072,7245090816,1475973120,1049501696,3271688192,519708672
44,2022-02-02,12:35:26,0.5,LocalHost,10.5,16664068096,3614855168,78.3,12178370560,164892672,7245041664,1475989504,1049501696,3271303168,520523776
45,2022-02-02,12:35:27,0.5,LocalHost,20.6,16664068096,3614810112,78.3,12187299840,176537600,7247101952,1472356352,1046507520,3253723136,511537152
46,2022-02-02,12:35:27,0.5,LocalHost,12.1,16664068096,3614486528,78.3,12178923520,177635328,7237177344,1472634880,1046507520,3261001728,520368128
47,2022-02-02,12:35:28,0.5,LocalHost,9.0,16664068096,3614691328,78.3,12178554880,177840128,7237124096,1472634880,1046507520,3261165568,520531968
48,2022-02-02,12:35:28,0.5,LocalHost,12.0,16664068096,3602518016,78.4,12199403520,181026816,7251394560,1467883520,1043693568,3239944192,511852544
49,2022-02-02,12:35:29,0.5,LocalHost,13.3,16664068096,3593764864,78.4,12199559168,172261376,7251394560,1467895808,1043693568,3248553984,520454144
50,2022-02-02,12:35:29,0.5,LocalHost,8.3,16664068096,3594063872,78.4,12198948864,172478464,7251357696,1467895808,1043693568,3248947200,520765440
51,2022-02-02,12:35:30,0.5,LocalHost,9.2,16664068096,3593871360,78.4,12199133184,172285952,7251349504,1467895808,1043701760,3248947200,520765440
52,2022-02-02,12:35:30,0.5,LocalHost,12.9,16664068096,3602186240,78.4,12199071744,180600832,7251349504,1467895808,1043701760,3240693760,512512000
53,2022-02-02,12:35:31,0.5,LocalHost,17.2,16664068096,3602731008,78.4,12198756352,181133312,7251361792,1467895808,1043718144,3240460288,512282624
54,2022-02-02,12:35:31,0.5,LocalHost,13.9,16664068096,3601911808,78.4,12199038976,180314112,7251394560,1467895808,1043759104,3240955904,512548864
55,2022-02-02,12:35:32,0.5,LocalHost,14.0,16664068096,3601625088,78.4,12199256064,180015104,7251464192,1467895808,1043759104,3241037824,512630784
56,2022-02-02,12:35:32,0.5,LocalHost,10.0,16664068096,3601453056,78.4,12199399424,179834880,7251345408,1467895808,1043759104,3241074688,512888832
57,2022-02-02,12:35:33,0.5,LocalHost,17.0,16664068096,3601281024,78.4,12199436288,179662848,7251357696,1467895808,1043759104,3241209856,513024000
58,2022-02-02,12:35:33,0.5,LocalHost,11.7,16664068096,3602104320,78.4,12199145472,180477952,7251214336,1467895808,1043767296,3240677376,512491520
59,2022-02-02,12:35:34,0.5,LocalHost,12.2,16664068096,3602337792,78.4,12198912000,180711424,7251214336,1467895808,1043767296,3240677376,512491520
60,2022-02-02,12:35:34,0.5,LocalHost,15.7,16664068096,3589632000,78.5,12211437568,167960576,7264063488,1467904000,1043767296,3240902656,512696320
61,2022-02-02,12:35:35,0.5,LocalHost,14.6,16664068096,3589779456,78.5,12211331072,168103936,7264067584,1467908096,1043767296,3240865792,512659456
62,2022-02-02,12:35:35,0.5,LocalHost,13.6,16664068096,3589550080,78.5,12211560448,167870464,7264112640,1467912192,1043767296,3240869888,512659456
63,2022-02-02,12:35:36,0.5,LocalHost,14.2,16664068096,3589595136,78.5,12211736576,167915520,7264120832,1467912192,1043775488,3240640512,512430080
64,2022-02-02,12:35:36,0.5,LocalHost,14.2,16664068096,3589234688,78.5,12212088832,167555072,7264305152,1467912192,1043783680,3240640512,512430080
65,2022-02-02,12:35:37,0.5,LocalHost,13.7,16664068096,3589455872,78.5,12211924992,167768064,7264354304,1467920384,1043816448,3240558592,512380928
66,2022-02-02,12:35:37,0.5,LocalHost,17.1,16664068096,3587510272,78.5,12213616640,179286016,7257722880,1463513088,1040998400,3230167040,512118784
67,2022-02-02,12:35:38,0.5,LocalHost,14.1,16664068096,3587555328,78.5,12213608448,179314688,7257845760,1463545856,1040998400,3230146560,512114688
68,2022-02-02,12:35:38,0.5,LocalHost,12.5,16664068096,3587997696,78.5,12213514240,179560448,7257706496,1463603200,1040998400,3229995008,512262144
69,2022-02-02,12:35:39,0.5,LocalHost,9.8,16664068096,3588136960,78.5,12213374976,179699712,7257706496,1463603200,1041006592,3229986816,512262144
70,2022-02-02,12:35:39,0.5,LocalHost,11.8,16664068096,3587940352,78.5,12213567488,179499008,7257751552,1463607296,1041006592,3229995008,512262144
71,2022-02-02,12:35:40,0.5,LocalHost,22.8,16664068096,3587522560,78.5,12213985280,179081216,7257751552,1463607296,1041006592,3229995008,512262144
72,2022-02-02,12:35:40,0.5,LocalHost,20.0,16664068096,3583590400,78.5,12217626624,175149056,7263141888,1463607296,1041006592,3230285824,512544768
73,2022-02-02,12:35:41,0.5,LocalHost,16.5,16664068096,3583107072,78.5,12218109952,174657536,7263268864,1463615488,1041006592,3230294016,512544768
74,2022-02-02,12:35:41,0.5,LocalHost,11.5,16664068096,3583447040,78.5,12217769984,174977024,7263465472,1463627776,1041022976,3230298112,512544768
75,2022-02-02,12:35:42,0.5,LocalHost,12.7,16664068096,3583254528,78.5,12217954304,174784512,7263363072,1463627776,1041031168,3230298112,512544768
76,2022-02-02,12:35:42,0.5,LocalHost,9.4,16664068096,3583414272,78.5,12218089472,174927872,7263469568,1463627776,1041055744,3229995008,512266240
77,2022-02-02,12:35:43,0.5,LocalHost,8.8,16664068096,3583410176,78.5,12218073088,174923776,7263469568,1463627776,1041055744,3230015488,512266240
78,2022-02-02,12:35:43,0.5,LocalHost,11.5,16664068096,3583074304,78.5,12218404864,174587904,7263531008,1463627776,1041055744,3230019584,512266240
79,2022-02-02,12:35:44,0.5,LocalHost,15.0,16664068096,3583307776,78.5,12218171392,174821376,7263531008,1463627776,1041059840,3230015488,512266240
80,2022-02-02,12:35:44,0.5,LocalHost,15.2,16664068096,3583504384,78.5,12218003456,174952448,7263555584,1463627776,1041059840,3230052352,512266240
81,2022-02-02,12:35:45,0.5,LocalHost,23.8,16664068096,3583180800,78.5,12218327040,174628864,7263555584,1463627776,1041059840,3230052352,512266240
82,2022-02-02,12:35:45,0.5,LocalHost,20.7,16664068096,3583885312,78.5,12217622528,175333376,7263494144,1463627776,1041059840,3230052352,512266240
83,2022-02-02,12:35:46,0.5,LocalHost,15.4,16664068096,3583438848,78.5,12218068992,174886912,7263494144,1463627776,1041059840,3230052352,512266240
84,2022-02-02,12:35:46,0.5,LocalHost,11.6,16664068096,3578540032,78.5,12222681088,169984000,7268212736,1463631872,1041059840,3230343168,512544768
85,2022-02-02,12:35:47,0.5,LocalHost,12.5,16664068096,3577884672,78.5,12223336448,169328640,7268261888,1463631872,1041076224,3230326784,512544768
86,2022-02-02,12:35:47,0.5,LocalHost,11.9,16664068096,3578580992,78.5,12222636032,170008576,7268528128,1463631872,1041076224,3230347264,512544768
87,2022-02-02,12:35:48,0.5,LocalHost,12.8,16664068096,3577815040,78.5,12224249856,182534144,7262855168,1458720768,1038307328,3218976768,511479808
88,2022-02-02,12:35:48,0.5,LocalHost,11.2,16664068096,3578683392,78.5,12222889984,182382592,7262015488,1459408896,1038307328,3220488192,512196608
89,2022-02-02,12:35:49,0.5,LocalHost,6.6,16664068096,3578880000,78.5,12222693376,182579200,7262015488,1459408896,1038307328,3220488192,512196608
90,2022-02-02,12:35:49,0.5,LocalHost,12.0,16664068096,3579006976,78.5,12222492672,182706176,7262015488,1459408896,1038315520,3220553728,512262144
91,2022-02-02,12:35:50,0.5,LocalHost,14.2,16664068096,3578327040,78.5,12223172608,182026240,7262015488,1459408896,1038315520,3220553728,512262144
92,2022-02-02,12:35:50,0.5,LocalHost,10.7,16664068096,3578556416,78.5,12222951424,182247424,7261876224,1459408896,1038315520,3220553728,512262144
93,2022-02-02,12:35:51,0.5,LocalHost,9.1,16664068096,3578687488,78.5,12222820352,182362112,7261876224,1459408896,1038315520,3220570112,512262144
94,2022-02-02,12:35:51,0.5,LocalHost,10.1,16664068096,3577933824,78.5,12223582208,181444608,7262617600,1459400704,1038315520,3220725760,512262144
95,2022-02-02,12:35:52,0.5,LocalHost,13.0,16664068096,3578159104,78.5,12223356928,181665792,7262236672,1459404800,1038315520,3220729856,512262144
96,2022-02-02,12:35:52,0.5,LocalHost,18.5,16664068096,3562967040,78.6,12230266880,166457344,7268921344,1459412992,1038331904,3229011968,520531968
97,2022-02-02,12:35:53,0.5,LocalHost,10.5,16664068096,3563360256,78.6,12229873664,166850560,7268532224,1459412992,1038331904,3229011968,520531968
98,2022-02-02,12:35:53,0.5,LocalHost,8.3,16664068096,3563413504,78.6,12229431296,166883328,7268712448,1459425280,1038356480,3229396992,520933376
99,2022-02-02,12:35:54,0.5,LocalHost,10.1,16664068096,3563376640,78.6,12229468160,166846464,7268749312,1459425280,1038356480,3229396992,520933376
100,2022-02-02,12:35:54,0.5,LocalHost,13.1,16664068096,3570397184,78.6,12231098368,173850624,7268847616,1459429376,1038364672,3220754432,512266240
101,2022-02-02,12:35:55,0.5,LocalHost,12.8,16664068096,3570577408,78.6,12230918144,174030848,7268847616,1459429376,1038364672,3220754432,512266240
102,2022-02-02,12:35:55,0.5,LocalHost,13.9,16664068096,3877933056,76.7,11915489280,481361920,6953377792,1451008000,1038372864,3228844032,520347648
103,2022-02-02,12:35:56,0.5,LocalHost,8.0,16664068096,3867873280,76.8,11915415552,471289856,6953537536,1451003904,1038372864,3238989824,530489344
104,2022-02-02,12:35:56,0.5,LocalHost,4.0,16664068096,3868102656,76.8,11914960896,471519232,6953373696,1450893312,1038372864,3239215104,530714624
105,2022-02-02,12:35:57,0.5,LocalHost,4.3,16664068096,3868463104,76.8,11914600448,471879680,6953201664,1450893312,1038372864,3239215104,530714624
106,2022-02-02,12:35:57,0.5,LocalHost,10.9,16664068096,3888295936,76.7,11915268096,491700224,6953361408,1450672128,1038381056,3218718720,510214144
107,2022-02-02,12:35:58,0.5,LocalHost,7.7,16664068096,3888439296,76.7,11915153408,491843584,6953361408,1450586112,1038397440,3218673664,510169088
108,2022-02-02,12:35:58,0.5,LocalHost,22.3,16664068096,3888824320,76.7,11914780672,491270144,6954225664,1451118592,1038397440,3219619840,510173184
109,2022-02-02,12:35:59,0.5,LocalHost,23.2,16664068096,3888418816,76.7,11915186176,490864640,6954369024,1451118592,1038438400,3219578880,510173184
110,2022-02-02,12:35:59,0.5,LocalHost,16.6,16664068096,3888865280,76.7,11914702848,491454464,6953967616,1451118592,1038438400,3219472384,510169088
111,2022-02-02,12:36:00,0.5,LocalHost,14.0,16664068096,3888648192,76.7,11914928128,490405888,6953967616,1451118592,1038438400,3220295680,510160896
112,2022-02-02,12:36:00,0.5,LocalHost,14.8,16664068096,3888246784,76.7,11915284480,489189376,6954024960,1451155456,1038438400,3221155840,510201856
113,2022-02-02,12:36:01,0.5,LocalHost,8.6,16664068096,3888185344,76.7,11915341824,489127936,6953857024,1451155456,1038442496,3221155840,510201856
114,2022-02-02,12:36:01,0.5,LocalHost,9.4,16664068096,3888381952,76.7,11915149312,489320448,6953979904,1451155456,1038442496,3221155840,510201856
115,2022-02-02,12:36:02,0.5,LocalHost,15.0,16664068096,3888545792,76.7,11915026432,489484288,6954004480,1451155456,1038442496,3221114880,510160896
116,2022-02-02,12:36:02,0.5,LocalHost,10.9,16664068096,3888414720,76.7,11915157504,489353216,6954004480,1451155456,1038442496,3221114880,510160896
117,2022-02-02,12:36:03,0.5,LocalHost,11.9,16664068096,3888439296,76.7,11915132928,489377792,6954057728,1451155456,1038467072,3221090304,510160896
118,2022-02-02,12:36:03,0.5,LocalHost,14.4,16664068096,3888287744,76.7,11915321344,489164800,6954074112,1451200512,1038467072,3221114880,510160896
119,2022-02-02,12:36:04,0.5,LocalHost,14.4,16664068096,3889094656,76.7,11914514432,489971712,6954074112,1451200512,1038483456,3221098496,510160896
120,2022-02-02,12:36:04,0.5,LocalHost,9.3,16664068096,3888611328,76.7,11914981376,489484288,6954029056,1451196416,1038499840,3221102592,510160896
121,2022-02-02,12:36:05,0.5,LocalHost,6.5,16664068096,3888648192,76.7,11914940416,489517056,6954029056,1451200512,1038508032,3221102592,510160896
122,2022-02-02,12:36:05,0.5,LocalHost,7.1,16664068096,3888689152,76.7,11914899456,489545728,6953902080,1451200512,1038508032,3221114880,510160896
123,2022-02-02,12:36:06,0.5,LocalHost,6.6,16664068096,3888918528,76.7,11914661888,489775104,6954024960,1451200512,1038516224,3221114880,510160896
124,2022-02-02,12:36:06,0.5,LocalHost,9.0,16664068096,3889012736,76.7,11914567680,489869312,6954061824,1451200512,1038516224,3221114880,510160896
125,2022-02-02,12:36:07,0.5,LocalHost,8.2,16664068096,3889176576,76.7,11914403840,490033152,6954061824,1451200512,1038516224,3221114880,510160896
126,2022-02-02,12:36:07,0.5,LocalHost,7.5,16664068096,3888930816,76.7,11914657792,489779200,6954184704,1451200512,1038516224,3221114880,510160896
127,2022-02-02,12:36:08,0.5,LocalHost,11.6,16664068096,3889483776,76.7,11914104832,490332160,6954184704,1451200512,1038516224,3221114880,510160896
128,2022-02-02,12:36:08,0.5,LocalHost,10.5,16664068096,3888369664,76.7,11914956800,489340928,6954823680,1451073536,1038540800,3221229568,510160896
129,2022-02-02,12:36:09,0.5,LocalHost,14.4,16664068096,3889889280,76.7,11913723904,490631168,6954479616,1451352064,1038540800,3221172224,510156800
130,2022-02-02,12:36:09,0.5,LocalHost,12.7,16664068096,3889737728,76.7,11913871360,490340352,6954196992,1451347968,1038557184,3221299200,510160896
131,2022-02-02,12:36:10,0.5,LocalHost,8.0,16664068096,3889836032,76.7,11913773056,490430464,6954094592,1451347968,1038565376,3221299200,510160896
132,2022-02-02,12:36:10,0.5,LocalHost,6.3,16664068096,3890073600,76.7,11913510912,490663936,6953734144,1451347968,1038581760,3221311488,510160896
133,2022-02-02,12:36:11,0.5,LocalHost,5.1,16664068096,3889577984,76.7,11914006528,490168320,6953734144,1451347968,1038581760,3221311488,510160896
134,2022-02-02,12:36:11,0.5,LocalHost,15.0,16664068096,3889295360,76.7,11914289152,489877504,6953873408,1451347968,1038589952,3221311488,510160896
135,2022-02-02,12:36:12,0.5,LocalHost,14.9,16664068096,3889491968,76.7,11914092544,490074112,6953840640,1451347968,1038589952,3221311488,510160896
136,2022-02-02,12:36:12,0.5,LocalHost,13.3,16664068096,3889459200,76.7,11914125312,490041344,6953840640,1451347968,1038589952,3221311488,510160896
137,2022-02-02,12:36:13,0.5,LocalHost,10.4,16664068096,3889717248,76.7,11913867264,490299392,6953852928,1451347968,1038589952,3221311488,510160896
138,2022-02-02,12:36:13,0.5,LocalHost,12.4,16664068096,3889758208,76.7,11913834496,490332160,6953889792,1451347968,1038589952,3221311488,510160896
139,2022-02-02,12:36:14,0.5,LocalHost,13.1,16664068096,3889610752,76.7,11913981952,490168320,6953926656,1451347968,1038606336,3221311488,510160896
140,2022-02-02,12:36:14,0.5,LocalHost,8.9,16664068096,3889553408,76.7,11914043392,490102784,6953934848,1451347968,1038606336,3221315584,510160896
141,2022-02-02,12:36:15,0.5,LocalHost,8.9,16664068096,3889500160,76.7,11914096640,490049536,6953934848,1451347968,1038622720,3221299200,510160896
142,2022-02-02,12:36:15,0.5,LocalHost,8.2,16664068096,3889770496,76.7,11913822208,490299392,6953832448,1451352064,1038630912,3221315584,510160896
143,2022-02-02,12:36:16,0.5,LocalHost,5.6,16664068096,3889668096,76.7,11913924608,490196992,6953832448,1451352064,1038639104,3221307392,510160896
144,2022-02-02,12:36:16,0.5,LocalHost,4.8,16664068096,3888156672,76.7,11914915840,488669184,6954061824,1451352064,1038639104,3221843968,510689280
145,2022-02-02,12:36:17,0.5,LocalHost,5.5,16664068096,3887915008,76.7,11915165696,488411136,6954020864,1451352064,1038647296,3221843968,510689280
146,2022-02-02,12:36:17,0.5,LocalHost,7.6,16664068096,3888537600,76.7,11914543104,489033728,6953992192,1451352064,1038647296,3221843968,510689280
147,2022-02-02,12:36:18,0.5,LocalHost,19.4,16664068096,3889008640,76.7,11914342400,489496576,6953975808,1451352064,1038647296,3221581824,510427136
148,2022-02-02,12:36:18,0.5,LocalHost,9.3,16664068096,3886325760,76.7,11917025280,486813696,6955577344,1451352064,1038647296,3221581824,510427136
149,2022-02-02,12:36:19,0.5,LocalHost,13.2,16664068096,3887788032,76.7,11915419648,488128512,6954766336,1451368448,1038647296,3221872640,510431232
150,2022-02-02,12:36:19,0.5,LocalHost,9.8,16664068096,3888209920,76.7,11915132928,488316928,6953992192,1451585536,1038671872,3221946368,510427136
151,2022-02-02,12:36:20,0.5,LocalHost,14.6,16664068096,3887927296,76.7,11915423744,488026112,6954000384,1451585536,1038671872,3221946368,510427136
152,2022-02-02,12:36:20,0.5,LocalHost,12.3,16664068096,3888128000,76.7,11915223040,488226816,6954123264,1451585536,1038671872,3221946368,510427136
153,2022-02-02,12:36:21,0.5,LocalHost,7.4,16664068096,3887980544,76.7,11915366400,488079360,6954147840,1451585536,1038688256,3221934080,510427136
154,2022-02-02,12:36:21,0.5,LocalHost,14.4,16664068096,3889098752,76.7,11914252288,489168896,6954110976,1451585536,1038696448,3221950464,510427136
155,2022-02-02,12:36:22,0.5,LocalHost,18.2,16664068096,3889229824,76.7,11914113024,489299968,6954254336,1451585536,1038704640,3221950464,510427136
156,2022-02-02,12:36:22,0.5,LocalHost,15.1,16664068096,3889332224,76.7,11914010624,489402368,6954205184,1451585536,1038704640,3221950464,510427136
157,2022-02-02,12:36:23,0.5,LocalHost,5.6,16664068096,3889709056,76.7,11913633792,489779200,6954037248,1451585536,1038704640,3221950464,510427136
158,2022-02-02,12:36:23,0.5,LocalHost,5.0,16664068096,3889049600,76.7,11914293248,489119744,6954213376,1451585536,1038704640,3221950464,510427136
159,2022-02-02,12:36:24,0.5,LocalHost,6.1,16664068096,3888975872,76.7,11914366976,489046016,6954213376,1451585536,1038704640,3221950464,510427136
160,2022-02-02,12:36:24,0.5,LocalHost,5.8,16664068096,3889238016,76.7,11914104832,489308160,6954029056,1451585536,1038704640,3221950464,510427136
161,2022-02-02,12:36:25,0.5,LocalHost,7.7,16664068096,3889246208,76.7,11914096640,489304064,6954278912,1451585536,1038721024,3221946368,510427136
162,2022-02-02,12:36:25,0.5,LocalHost,6.5,16664068096,3888959488,76.7,11914383360,489013248,6954405888,1451585536,1038721024,3221950464,510427136
163,2022-02-02,12:36:26,0.5,LocalHost,5.8,16664068096,3889188864,76.7,11914153984,489242624,6954422272,1451585536,1038721024,3221950464,510427136
164,2022-02-02,12:36:26,0.5,LocalHost,8.0,16664068096,3889168384,76.7,11914162176,489209856,6954364928,1451585536,1038753792,3221942272,510427136
165,2022-02-02,12:36:27,0.5,LocalHost,9.5,16664068096,3889233920,76.7,11914096640,489275392,6954405888,1451585536,1038770176,3221925888,510427136
166,2022-02-02,12:36:27,0.5,LocalHost,15.2,16664068096,3889500160,76.7,11913805824,489537536,6954352640,1451585536,1038774272,3221950464,510427136
167,2022-02-02,12:36:28,0.5,LocalHost,12.8,16664068096,3889254400,76.7,11914051584,489291776,6954352640,1451585536,1038774272,3221950464,510427136
168,2022-02-02,12:36:28,0.5,LocalHost,20.1,16664068096,3889209344,76.7,11914100736,489238528,6954360832,1451585536,1038774272,3221954560,510427136
169,2022-02-02,12:36:29,0.5,LocalHost,11.3,16664068096,3887611904,76.7,11915567104,487772160,6954618880,1451384832,1038774272,3221954560,510427136
170,2022-02-02,12:36:29,0.5,LocalHost,14.0,16664068096,3888074752,76.7,11915276288,487989248,6954455040,1451577344,1038774272,3222028288,510427136
171,2022-02-02,12:36:30,0.5,LocalHost,10.3,16664068096,3887886336,76.7,11915436032,487800832,6954455040,1451577344,1038807040,3222024192,510427136
172,2022-02-02,12:36:30,0.5,LocalHost,18.4,16664068096,3887656960,76.7,11915661312,487571456,6954455040,1451577344,1038807040,3222028288,510427136
173,2022-02-02,12:36:31,0.5,LocalHost,10.3,16664068096,3888177152,76.7,11915141120,488091648,6954455040,1451577344,1038807040,3222028288,510427136
174,2022-02-02,12:36:31,0.5,LocalHost,14.7,16664068096,3887943680,76.7,11915403264,487829504,6954483712,1451577344,1038807040,3222028288,510427136
175,2022-02-02,12:36:32,0.5,LocalHost,12.7,16664068096,3888242688,76.7,11915091968,488128512,6954467328,1451577344,1038823424,3222024192,510427136
176,2022-02-02,12:36:32,0.5,LocalHost,5.5,16664068096,3888107520,76.7,11915218944,487989248,6954491904,1451577344,1038831616,3222028288,510427136
177,2022-02-02,12:36:33,0.5,LocalHost,5.5,16664068096,3888041984,76.7,11915276288,487923712,6954491904,1451577344,1038839808,3222028288,510427136
178,2022-02-02,12:36:33,0.5,LocalHost,4.0,16664068096,3888238592,76.7,11915079680,488120320,6954491904,1451577344,1038839808,3222028288,510427136
179,2022-02-02,12:36:34,0.5,LocalHost,5.5,16664068096,3887853568,76.7,11915476992,487723008,6954393600,1451577344,1038839808,3222028288,510427136
180,2022-02-02,12:36:34,0.5,LocalHost,4.8,16664068096,3887861760,76.7,11915468800,487731200,6954393600,1451577344,1038839808,3222028288,510427136
181,2022-02-02,12:36:35,0.5,LocalHost,13.2,16664068096,3888009216,76.7,11915321344,487878656,6954397696,1451577344,1038839808,3222028288,510427136
182,2022-02-02,12:36:35,0.5,LocalHost,14.1,16664068096,3887722496,76.7,11915603968,487571456,6954565632,1451577344,1038864384,3222028288,510427136
183,2022-02-02,12:36:36,0.5,LocalHost,17.8,16664068096,3887820800,76.7,11915505664,487669760,6954565632,1451577344,1038864384,3222028288,510427136
184,2022-02-02,12:36:36,0.5,LocalHost,17.0,16664068096,3887362048,76.7,11915964416,487211008,6954422272,1451577344,1038864384,3222028288,510427136
185,2022-02-02,12:36:37,0.5,LocalHost,11.0,16664068096,3887775744,76.7,11915550720,487624704,6954422272,1451577344,1038864384,3222028288,510427136
186,2022-02-02,12:36:37,0.5,LocalHost,4.5,16664068096,3887362048,76.7,11915939840,487211008,6954565632,1451577344,1038888960,3222028288,510427136
187,2022-02-02,12:36:38,0.5,LocalHost,5.5,16664068096,3887755264,76.7,11915530240,487604224,6954565632,1451577344,1038905344,3222028288,510427136
188,2022-02-02,12:36:38,0.5,LocalHost,14.3,16664068096,3887468544,76.7,11915816960,487317504,6954573824,1451577344,1038905344,3222028288,510427136
189,2022-02-02,12:36:39,0.5,LocalHost,13.3,16664068096,3878498304,76.7,11925319680,477814784,6963482624,1452109824,1038905344,3222028288,510427136
190,2022-02-02,12:36:39,0.5,LocalHost,16.6,16664068096,3888201728,76.7,11915087872,487333888,6955057152,1452109824,1038905344,3222740992,510431232
191,2022-02-02,12:36:40,0.5,LocalHost,23.2,16664068096,3888013312,76.7,11915284480,487268352,6954856448,1452122112,1038905344,3222609920,510431232
192,2022-02-02,12:36:40,0.5,LocalHost,23.7,16664068096,3889090560,76.7,11914260480,488345600,6954524672,1451999232,1038905344,3222556672,510427136
193,2022-02-02,12:36:41,0.5,LocalHost,14.6,16664068096,3889008640,76.7,11914317824,488263680,6954741760,1451999232,1038929920,3222556672,510427136
194,2022-02-02,12:36:41,0.5,LocalHost,14.6,16664068096,3889172480,76.7,11914162176,488419328,6954704896,1451999232,1038929920,3222556672,510427136
195,2022-02-02,12:36:42,0.5,LocalHost,20.3,16664068096,3888652288,76.7,11914682368,487899136,6954766336,1451999232,1038929920,3222556672,510427136
196,2022-02-02,12:36:42,0.5,LocalHost,18.6,16664068096,3889352704,76.7,11913994240,488583168,6954811392,1451999232,1038929920,3222560768,510427136
197,2022-02-02,12:36:43,0.5,LocalHost,8.2,16664068096,3889684480,76.7,11913662464,488914944,6954811392,1451999232,1038946304,3222544384,510427136
198,2022-02-02,12:36:43,0.5,LocalHost,8.2,16664068096,3889389568,76.7,11913916416,488620032,6954606592,1451999232,1038970880,3222560768,510427136
199,2022-02-02,12:36:44,0.5,LocalHost,15.2,16664068096,3889352704,76.7,11913957376,488579072,6954606592,1452003328,1038970880,3222560768,510427136
200,2022-02-02,12:36:44,0.5,LocalHost,12.0,16664068096,3888963584,76.7,11914346496,488189952,6954688512,1452003328,1038970880,3222560768,510427136
201,2022-02-02,12:36:45,0.5,LocalHost,11.8,16664068096,3889647616,76.7,11913662464,488873984,6954688512,1452003328,1038970880,3222560768,510427136
202,2022-02-02,12:36:45,0.5,LocalHost,17.1,16664068096,3889360896,76.7,11913949184,488587264,6954721280,1452003328,1038970880,3222560768,510427136
203,2022-02-02,12:36:46,0.5,LocalHost,17.8,16664068096,3889917952,76.7,11913392128,489144320,6954721280,1452003328,1038970880,3222560768,510427136
204,2022-02-02,12:36:46,0.5,LocalHost,12.5,16664068096,3889508352,76.7,11913826304,488677376,6954782720,1452003328,1039003648,3222560768,510427136
205,2022-02-02,12:36:47,0.5,LocalHost,13.1,16664068096,3889541120,76.7,11913793536,488710144,6954782720,1452003328,1039003648,3222560768,510427136
206,2022-02-02,12:36:47,0.5,LocalHost,16.1,16664068096,3889184768,76.7,11914149888,488353792,6954774528,1452003328,1039003648,3222560768,510427136
207,2022-02-02,12:36:48,0.5,LocalHost,21.4,16664068096,3889713152,76.7,11913621504,488882176,6954741760,1452003328,1039003648,3222560768,510427136
208,2022-02-02,12:36:48,0.5,LocalHost,20.2,16664068096,3889168384,76.7,11914166272,488321024,6954766336,1452003328,1039028224,3222552576,510427136
209,2022-02-02,12:36:49,0.5,LocalHost,19.6,16664068096,3889111040,76.7,11914203136,488263680,6954848256,1452003328,1039052800,3222548480,510427136
210,2022-02-02,12:36:49,0.5,LocalHost,19.6,16664068096,3887157248,76.7,11915972608,486432768,6956044288,1451778048,1039052800,3222609920,510427136
211,2022-02-02,12:36:50,0.5,LocalHost,20.7,16664068096,3887439872,76.7,11915706368,486445056,6955360256,1452036096,1039052800,3222863872,510431232
212,2022-02-02,12:36:50,0.5,LocalHost,13.4,16664068096,3887865856,76.7,11915485184,486588416,6954946560,1452281856,1039052800,3222941696,510427136
213,2022-02-02,12:36:51,0.5,LocalHost,14.2,16664068096,3887411200,76.7,11915939840,486133760,6954942464,1452281856,1039052800,3222941696,510427136
214,2022-02-02,12:36:51,0.5,LocalHost,23.0,16664068096,3888594944,76.7,11914756096,487309312,6954930176,1452281856,1039060992,3222941696,510427136
215,2022-02-02,12:36:52,0.5,LocalHost,22.0,16664068096,3889115136,76.7,11914231808,487825408,6954749952,1452281856,1039077376,3222933504,510427136
216,2022-02-02,12:36:52,0.5,LocalHost,19.0,16664068096,3888885760,76.7,11914461184,487587840,6954930176,1452281856,1039077376,3222941696,510427136
217,2022-02-02,12:36:53,0.5,LocalHost,18.4,16664068096,3888525312,76.7,11914821632,487227392,6954930176,1452281856,1039077376,3222941696,510427136
218,2022-02-02,12:36:53,0.5,LocalHost,17.6,16664068096,3888754688,76.7,11914596352,487452672,6954995712,1452281856,1039077376,3222941696,510427136
219,2022-02-02,12:36:54,0.5,LocalHost,22.2,16664068096,3888263168,76.7,11915083776,486957056,6955008000,1452281856,1039106048,3222921216,510427136
220,2022-02-02,12:36:54,0.5,LocalHost,23.3,16664068096,3888885760,76.7,11914461184,487550976,6955036672,1452281856,1039122432,3222933504,510427136
221,2022-02-02,12:36:55,0.5,LocalHost,15.7,16664068096,3888947200,76.7,11914399744,487612416,6954856448,1452281856,1039122432,3222933504,510427136
222,2022-02-02,12:36:55,0.5,LocalHost,16.1,16664068096,3889156096,76.7,11914194944,487809024,6954983424,1452281856,1039122432,3222941696,510427136
223,2022-02-02,12:36:56,0.5,LocalHost,20.5,16664068096,3889090560,76.7,11914260480,487743488,6954983424,1452281856,1039122432,3222941696,510427136
224,2022-02-02,12:36:56,0.5,LocalHost,19.0,16664068096,3889123328,76.7,11914223616,487776256,6954983424,1452281856,1039122432,3222945792,510427136
225,2022-02-02,12:36:57,0.5,LocalHost,21.7,16664068096,3889221632,76.7,11914125312,487874560,6954983424,1452281856,1039138816,3222929408,510427136
226,2022-02-02,12:36:57,0.5,LocalHost,19.7,16664068096,3889225728,76.7,11914096640,487878656,6954983424,1452281856,1039147008,3222945792,510427136
227,2022-02-02,12:36:58,0.5,LocalHost,17.3,16664068096,3888959488,76.7,11914362880,487612416,6954983424,1452281856,1039147008,3222945792,510427136
228,2022-02-02,12:36:58,0.5,LocalHost,17.3,16664068096,3889131520,76.7,11914199040,487776256,6954983424,1452281856,1039147008,3222945792,510427136
229,2022-02-02,12:36:59,0.5,LocalHost,18.8,16664068096,3888979968,76.7,11914350592,487624704,6955114496,1452281856,1039147008,3222945792,510427136
230,2022-02-02,12:36:59,0.5,LocalHost,22.3,16664068096,3877249024,76.7,11926089728,475877376,6967009280,1452281856,1039171584,3222929408,510427136
231,2022-02-02,12:37:00,0.5,LocalHost,22.4,16664068096,3888201728,76.7,11915091968,486539264,6955290624,1452367872,1039179776,3223257088,510468096
232,2022-02-02,12:37:00,0.5,LocalHost,22.5,16664068096,3888893952,76.7,11914391552,487157760,6955229184,1452433408,1039179776,3223339008,510468096
233,2022-02-02,12:37:01,0.5,LocalHost,24.3,16664068096,3888537600,76.7,11914747904,486801408,6955229184,1452433408,1039179776,3223339008,510468096
234,2022-02-02,12:37:01,0.5,LocalHost,25.3,16664068096,3888214016,76.7,11915071488,486477824,6955233280,1452433408,1039179776,3223339008,510468096
235,2022-02-02,12:37:02,0.5,LocalHost,21.8,16664068096,3887919104,76.7,11915407360,486182912,6955233280,1452433408,1039196160,3223281664,510427136
236,2022-02-02,12:37:02,0.5,LocalHost,15.4,16664068096,3888422912,76.7,11914891264,486674432,6955147264,1452433408,1039204352,3223298048,510427136
237,2022-02-02,12:37:03,0.5,LocalHost,14.8,16664068096,3888226304,76.7,11915087872,486477824,6955167744,1452433408,1039204352,3223298048,510427136
238,2022-02-02,12:37:03,0.5,LocalHost,14.1,16664068096,3888082944,76.7,11915247616,486318080,6955167744,1452449792,1039204352,3223298048,510427136
239,2022-02-02,12:37:04,0.5,LocalHost,14.1,16664068096,3888590848,76.7,11914739712,486825984,6955167744,1452449792,1039204352,3223298048,510427136
240,2022-02-02,12:37:04,0.5,LocalHost,14.0,16664068096,3888197632,76.7,11915153408,486412288,6955343872,1452449792,1039204352,3223298048,510427136
241,2022-02-02,12:37:05,0.5,LocalHost,14.1,16664068096,3888693248,76.7,11914633216,486899712,6955302912,1452449792,1039237120,3223298048,510427136
242,2022-02-02,12:37:05,0.5,LocalHost,13.7,16664068096,3888214016,76.7,11915112448,486420480,6955196416,1452449792,1039253504,3223281664,510427136
243,2022-02-02,12:37:06,0.5,LocalHost,13.7,16664068096,3888377856,76.7,11914932224,486584320,6955196416,1452449792,1039253504,3223298048,510427136
244,2022-02-02,12:37:06,0.5,LocalHost,14.9,16664068096,3888402432,76.7,11914907648,486608896,6955220992,1452449792,1039253504,3223298048,510427136
245,2022-02-02,12:37:07,0.5,LocalHost,14.8,16664068096,3888644096,76.7,11914678272,486834176,6955237376,1452449792,1039253504,3223302144,510427136
246,2022-02-02,12:37:07,0.5,LocalHost,16.6,16664068096,3888906240,76.7,11914403840,487092224,6955335680,1452453888,1039269888,3223302144,510427136
247,2022-02-02,12:37:08,0.5,LocalHost,13.4,16664068096,3888955392,76.7,11914395648,487092224,6955036672,1452453888,1039278080,3223302144,510427136
248,2022-02-02,12:37:08,0.5,LocalHost,11.7,16664068096,3888664576,76.7,11914686464,486801408,6955036672,1452453888,1039278080,3223302144,510427136
249,2022-02-02,12:37:09,0.5,LocalHost,10.3,16664068096,3889246208,76.7,11914104832,487383040,6954995712,1452453888,1039278080,3223302144,510427136
250,2022-02-02,12:37:09,0.5,LocalHost,11.4,16664068096,3889278976,76.7,11914072064,487415808,6954995712,1452453888,1039278080,3223302144,510427136
251,2022-02-02,12:37:10,0.5,LocalHost,18.9,16664068096,3887603712,76.7,11915714560,485396480,6955618304,1452679168,1039286272,3223670784,510427136
252,2022-02-02,12:37:10,0.5,LocalHost,12.1,16664068096,3887759360,76.7,11915583488,485367808,6955147264,1452863488,1039302656,3223814144,510427136
253,2022-02-02,12:37:11,0.5,LocalHost,8.9,16664068096,3887996928,76.7,11915345920,485605376,6954967040,1452863488,1039319040,3223797760,510427136
254,2022-02-02,12:37:11,0.5,LocalHost,7.3,16664068096,3887951872,76.7,11915358208,485560320,6954967040,1452863488,1039319040,3223830528,510427136
255,2022-02-02,12:37:12,0.5,LocalHost,12.3,16664068096,3888435200,76.7,11914874880,486043648,6954967040,1452863488,1039319040,3223830528,510427136
256,2022-02-02,12:37:12,0.5,LocalHost,8.7,16664068096,3887984640,76.7,11915354112,485593088,6954958848,1452863488,1039319040,3223801856,510398464
257,2022-02-02,12:37:13,0.5,LocalHost,7.9,16664068096,3887919104,76.7,11915415552,485527552,6954872832,1452863488,1039335424,3223789568,510398464
258,2022-02-02,12:37:13,0.5,LocalHost,9.4,16664068096,3887853568,76.7,11915448320,485462016,6954872832,1452863488,1039351808,3223805952,510418944
259,2022-02-02,12:37:14,0.5,LocalHost,7.3,16664068096,3887673344,76.7,11915661312,485232640,6954991616,1452867584,1039351808,3223822336,510418944
260,2022-02-02,12:37:14,0.5,LocalHost,8.0,16664068096,3887804416,76.7,11915530240,485363712,6955008000,1452867584,1039351808,3223822336,510418944
261,2022-02-02,12:37:15,0.5,LocalHost,7.5,16664068096,3888205824,76.7,11915128832,485765120,6955008000,1452867584,1039351808,3223822336,510418944
262,2022-02-02,12:37:15,0.5,LocalHost,8.0,16664068096,3887943680,76.7,11915386880,485502976,6955008000,1452867584,1039355904,3223822336,510418944
263,2022-02-02,12:37:16,0.5,LocalHost,13.2,16664068096,3888529408,76.7,11914784768,486088704,6955012096,1452863488,1039388672,3223805952,510418944
264,2022-02-02,12:37:16,0.5,LocalHost,6.8,16664068096,3888181248,76.7,11915153408,485687296,6955069440,1452867584,1039405056,3223822336,510418944
265,2022-02-02,12:37:17,0.5,LocalHost,6.5,16664068096,3888353280,76.7,11914981376,485859328,6954893312,1452867584,1039405056,3223822336,510418944
266,2022-02-02,12:37:17,0.5,LocalHost,8.9,16664068096,3887988736,76.7,11915345920,485494784,6955044864,1452867584,1039405056,3223822336,510418944
267,2022-02-02,12:37:18,0.5,LocalHost,11.4,16664068096,3888218112,76.7,11915116544,485724160,6955036672,1452867584,1039405056,3223822336,510418944
268,2022-02-02,12:37:18,0.5,LocalHost,8.0,16664068096,3887960064,76.7,11915362304,485462016,6955040768,1452863488,1039421440,3223822336,510418944
269,2022-02-02,12:37:19,0.5,LocalHost,3.7,16664068096,3887656960,76.7,11915665408,485158912,6955089920,1452863488,1039429632,3223814144,510418944
270,2022-02-02,12:37:19,0.5,LocalHost,6.1,16664068096,3888545792,76.7,11914768384,486047744,6955089920,1452863488,1039429632,3223822336,510418944
271,2022-02-02,12:37:20,0.5,LocalHost,7.5,16664068096,3888328704,76.7,11914993664,485732352,6955462656,1452875776,1039429632,3223912448,510418944
272,2022-02-02,12:37:20,0.5,LocalHost,12.5,16664068096,3887808512,76.7,11915542528,484954112,6955548672,1453006848,1039437824,3224133632,510418944
273,2022-02-02,12:37:21,0.5,LocalHost,11.3,16664068096,3888119808,76.7,11915231232,485380096,6955360256,1453010944,1039437824,3224018944,510418944
274,2022-02-02,12:37:21,0.5,LocalHost,8.9,16664068096,3888590848,76.7,11914756096,485834752,6955905024,1453010944,1039470592,3224006656,510418944
275,2022-02-02,12:37:22,0.5,LocalHost,7.3,16664068096,3888861184,76.7,11914481664,486092800,6955757568,1453010944,1039478784,3224014848,510418944
276,2022-02-02,12:37:22,0.5,LocalHost,8.9,16664068096,3889442816,76.7,11913912320,486658048,6955401216,1453010944,1039478784,3224018944,510418944
277,2022-02-02,12:37:23,0.5,LocalHost,16.3,16664068096,3889213440,76.7,11914141696,486428672,6955364352,1453010944,1039478784,3224018944,510418944
278,2022-02-02,12:37:23,0.5,LocalHost,6.8,16664068096,3889213440,76.7,11914141696,486428672,6955364352,1453010944,1039478784,3224018944,510418944
279,2022-02-02,12:37:24,0.5,LocalHost,7.3,16664068096,3889410048,76.7,11913940992,486625280,6955364352,1453010944,1039486976,3224014848,510418944
280,2022-02-02,12:37:24,0.5,LocalHost,9.3,16664068096,3889324032,76.7,11914014720,486535168,6955364352,1453015040,1039503360,3224014848,510418944
281,2022-02-02,12:37:25,0.5,LocalHost,7.0,16664068096,3889332224,76.7,11914027008,486514688,6955220992,1453015040,1039503360,3224023040,510418944
282,2022-02-02,12:37:25,0.5,LocalHost,7.4,16664068096,3889340416,76.7,11914018816,486522880,6954770432,1453015040,1039503360,3224023040,510418944
283,2022-02-02,12:37:26,0.5,LocalHost,10.0,16664068096,3889831936,76.7,11913527296,487010304,6954860544,1453015040,1039507456,3224023040,510418944
284,2022-02-02,12:37:26,0.5,LocalHost,9.1,16664068096,3889995776,76.7,11913363456,487174144,6954860544,1453015040,1039507456,3224023040,510418944
285,2022-02-02,12:37:27,0.5,LocalHost,5.8,16664068096,3889807360,76.7,11913543680,486969344,6954934272,1453019136,1039532032,3224023040,510418944
286,2022-02-02,12:37:27,0.5,LocalHost,8.2,16664068096,3889496064,76.7,11913838592,486658048,6954938368,1453019136,1039548416,3224023040,510418944
287,2022-02-02,12:37:28,0.5,LocalHost,6.1,16664068096,3889889280,76.7,11913453568,487043072,6954950656,1453015040,1039548416,3224023040,510418944
288,2022-02-02,12:37:28,0.5,LocalHost,17.9,16664068096,3889913856,76.7,11913428992,487067648,6955016192,1453015040,1039548416,3224023040,510418944
289,2022-02-02,12:37:29,0.5,LocalHost,9.2,16664068096,3889782784,76.7,11913560064,486936576,6955003904,1453015040,1039548416,3224023040,510418944
290,2022-02-02,12:37:29,0.5,LocalHost,6.8,16664068096,3889889280,76.7,11913453568,487043072,6954971136,1453015040,1039564800,3224006656,510418944
291,2022-02-02,12:37:30,0.5,LocalHost,7.0,16664068096,3889917952,76.7,11913408512,487071744,6954946560,1453015040,1039564800,3224023040,510418944
292,2022-02-02,12:37:30,0.5,LocalHost,10.6,16664068096,3889287168,76.7,11914035200,486436864,6955634688,1452892160,1039564800,3224031232,510418944
293,2022-02-02,12:37:31,0.5,LocalHost,9.7,16664068096,3889209344,76.7,11914145792,486326272,6955249664,1452892160,1039564800,3224031232,510418944
294,2022-02-02,12:37:31,0.5,LocalHost,6.1,16664068096,3889467392,76.7,11913887744,486584320,6955249664,1452892160,1039572992,3224023040,510418944
295,2022-02-02,12:37:32,0.5,LocalHost,7.0,16664068096,3889500160,76.7,11913846784,486617088,6955249664,1452892160,1039572992,3224031232,510418944
296,2022-02-02,12:37:32,0.5,LocalHost,3.8,16664068096,3889373184,76.7,11913973760,486490112,6955249664,1452892160,1039589376,3224014848,510418944
297,2022-02-02,12:37:33,0.5,LocalHost,4.8,16664068096,3889356800,76.7,11913973760,486457344,6955282432,1452892160,1039605760,3224031232,510418944
298,2022-02-02,12:37:33,0.5,LocalHost,8.7,16664068096,3889614848,76.7,11913715712,486715392,6955286528,1452892160,1039605760,3224031232,510418944
299,2022-02-02,12:37:34,0.5,LocalHost,5.5,16664068096,3889741824,76.7,11913588736,486842368,6955167744,1452892160,1039605760,3224031232,510418944
300,2022-02-02,12:37:34,0.5,LocalHost,3.7,16664068096,3889872896,76.7,11913457664,486973440,6955167744,1452892160,1039622144,3224014848,510418944
301,2022-02-02,12:37:35,0.5,LocalHost,4.3,16664068096,3889524736,76.7,11913781248,486617088,6955180032,1452896256,1039638528,3224031232,510418944
302,2022-02-02,12:37:35,0.5,LocalHost,6.5,16664068096,3889590272,76.7,11913715712,486682624,6955180032,1452896256,1039638528,3224031232,510418944
303,2022-02-02,12:37:36,0.5,LocalHost,6.1,16664068096,3889467392,76.7,11913879552,486518784,6955220992,1452896256,1039638528,3224031232,510418944
304,2022-02-02,12:37:36,0.5,LocalHost,9.9,16664068096,3889795072,76.7,11913547776,486846464,6955220992,1452896256,1039646720,3224027136,510418944
305,2022-02-02,12:37:37,0.5,LocalHost,16.7,16664068096,3889967104,76.7,11913383936,487006208,6955204608,1452896256,1039646720,3224031232,510418944
306,2022-02-02,12:37:37,0.5,LocalHost,16.0,16664068096,3889643520,76.7,11913707520,486682624,6955204608,1452896256,1039646720,3224031232,510418944
307,2022-02-02,12:37:38,0.5,LocalHost,11.3,16664068096,3889590272,76.7,11913744384,486617088,6955257856,1452900352,1039671296,3224035328,510418944
308,2022-02-02,12:37:38,0.5,LocalHost,11.5,16664068096,3889618944,76.7,11913719808,486625280,6955278336,1452900352,1039687680,3224035328,510418944
309,2022-02-02,12:37:39,0.5,LocalHost,15.8,16664068096,3889819648,76.7,11913535488,486809600,6955245568,1452900352,1039687680,3224035328,510418944
310,2022-02-02,12:37:39,0.5,LocalHost,9.8,16664068096,3890061312,76.7,11913297920,487047168,6955249664,1452900352,1039695872,3224027136,510418944
311,2022-02-02,12:37:40,0.5,LocalHost,8.8,16664068096,3889729536,76.7,11913621504,486715392,6955118592,1452900352,1039695872,3224035328,510418944
312,2022-02-02,12:37:40,0.5,LocalHost,11.4,16664068096,3888685056,76.7,11914379264,485494784,6956359680,1453035520,1039704064,3224489984,510705664
313,2022-02-02,12:37:41,0.5,LocalHost,12.9,16664068096,3889659904,76.7,11913416704,486395904,6955544576,1453047808,1039704064,3224551424,510701568
314,2022-02-02,12:37:41,0.5,LocalHost,5.6,16664068096,3889725440,76.7,11913351168,486461440,6955544576,1453047808,1039704064,3224551424,510701568
315,2022-02-02,12:37:42,0.5,LocalHost,13.0,16664068096,3889950720,76.7,11913117696,486686720,6955515904,1453047808,1039712256,3224551424,510701568
316,2022-02-02,12:37:42,0.5,LocalHost,16.3,16664068096,3889672192,76.7,11913670656,486400000,6955470848,1453047808,1039712256,3224285184,510435328
317,2022-02-02,12:37:43,0.5,LocalHost,22.0,16664068096,3890057216,76.7,11913293824,486785024,6955540480,1453047808,1039712256,3224276992,510427136
318,2022-02-02,12:37:43,0.5,LocalHost,16.3,16664068096,3889934336,76.7,11913400320,486662144,6955540480,1453047808,1039736832,3224268800,510427136
319,2022-02-02,12:37:44,0.5,LocalHost,15.4,16664068096,3890257920,76.7,11913060352,486977536,6955606016,1453047808,1039753216,3224276992,510427136
320,2022-02-02,12:37:44,0.5,LocalHost,11.2,16664068096,3890294784,76.7,11913023488,487014400,6955606016,1453047808,1039753216,3224276992,510427136
321,2022-02-02,12:37:45,0.5,LocalHost,8.6,16664068096,3889934336,76.7,11913375744,486653952,6955593728,1453047808,1039761408,3224276992,510427136
322,2022-02-02,12:37:45,0.5,LocalHost,11.4,16664068096,3890290688,76.7,11913019392,487010304,6955597824,1453047808,1039761408,3224276992,510427136
323,2022-02-02,12:37:46,0.5,LocalHost,9.5,16664068096,3890208768,76.7,11913142272,486879232,6955646976,1453047808,1039769600,3224276992,510427136
324,2022-02-02,12:37:46,0.5,LocalHost,10.1,16664068096,3890413568,76.7,11912937472,487084032,6955646976,1453047808,1039769600,3224276992,510427136
325,2022-02-02,12:37:47,0.5,LocalHost,9.4,16664068096,3890532352,76.7,11912818688,487202816,6955606016,1453047808,1039769600,3224276992,510427136
326,2022-02-02,12:37:47,0.5,LocalHost,9.9,16664068096,3890483200,76.7,11912859648,487153664,6955606016,1453047808,1039777792,3224276992,510427136
327,2022-02-02,12:37:48,0.5,LocalHost,10.6,16664068096,3890241536,76.7,11913101312,486912000,6955606016,1453047808,1039777792,3224276992,510427136
328,2022-02-02,12:37:48,0.5,LocalHost,7.1,16664068096,3890339840,76.7,11913003008,487010304,6955659264,1453047808,1039777792,3224276992,510427136
329,2022-02-02,12:37:49,0.5,LocalHost,8.9,16664068096,3890266112,76.7,11913052160,486936576,6955491328,1453047808,1039802368,3224276992,510427136
330,2022-02-02,12:37:49,0.5,LocalHost,9.3,16664068096,3890528256,76.7,11912790016,487198720,6955491328,1453047808,1039810560,3224268800,510427136
331,2022-02-02,12:37:50,0.5,LocalHost,5.5,16664068096,3890298880,76.7,11913011200,486969344,6955651072,1453047808,1039810560,3224276992,510427136
332,2022-02-02,12:37:50,0.5,LocalHost,6.3,16664068096,3890364416,76.7,11912937472,487034880,6955651072,1453047808,1039818752,3224276992,510427136
333,2022-02-02,12:37:51,0.5,LocalHost,13.1,16664068096,3889004544,76.7,11914346496,485621760,6955765760,1452986368,1039818752,3224281088,510427136
334,2022-02-02,12:37:51,0.5,LocalHost,10.9,16664068096,3889721344,76.7,11913629696,486342656,6955864064,1452982272,1039826944,3224268800,510427136
335,2022-02-02,12:37:52,0.5,LocalHost,8.2,16664068096,3890020352,76.7,11913326592,486629376,6955716608,1452986368,1039826944,3224285184,510427136
336,2022-02-02,12:37:52,0.5,LocalHost,9.4,16664068096,3889537024,76.7,11913809920,486146048,6955864064,1452986368,1039831040,3224281088,510427136
337,2022-02-02,12:37:53,0.5,LocalHost,5.6,16664068096,3890216960,76.7,11913129984,486821888,6955675648,1452990464,1039831040,3224285184,510427136
338,2022-02-02,12:37:53,0.5,LocalHost,5.3,16664068096,3890155520,76.7,11913191424,486760448,6955507712,1452990464,1039831040,3224285184,510427136
339,2022-02-02,12:37:54,0.5,LocalHost,3.5,16664068096,3889766400,76.7,11913572352,486371328,6955671552,1452990464,1039839232,3224285184,510427136
340,2022-02-02,12:37:54,0.5,LocalHost,4.3,16664068096,3890028544,76.7,11913310208,486633472,6955671552,1452990464,1039847424,3224276992,510427136
341,2022-02-02,12:37:55,0.5,LocalHost,7.8,16664068096,3890216960,76.7,11913105408,486821888,6955716608,1452990464,1039855616,3224285184,510427136
342,2022-02-02,12:37:55,0.5,LocalHost,6.3,16664068096,3889991680,76.7,11913330688,486596608,6955716608,1452990464,1039855616,3224285184,510427136
343,2022-02-02,12:37:56,0.5,LocalHost,6.5,16664068096,3890061312,76.7,11913256960,486662144,6955728896,1452990464,1039863808,3224285184,510427136
344,2022-02-02,12:37:56,0.5,LocalHost,9.3,16664068096,3890102272,76.7,11913216000,486703104,6955851776,1452990464,1039863808,3224285184,510427136
345,2022-02-02,12:37:57,0.5,LocalHost,8.7,16664068096,3889991680,76.7,11913347072,486563840,6955712512,1452990464,1039872000,3224285184,510427136
346,2022-02-02,12:37:57,0.5,LocalHost,17.1,16664068096,3890253824,76.7,11913084928,486825984,6955712512,1452990464,1039872000,3224285184,510427136
347,2022-02-02,12:37:58,0.5,LocalHost,6.5,16664068096,3890057216,76.7,11913273344,486629376,6955712512,1452990464,1039880192,3224285184,510427136
348,2022-02-02,12:37:58,0.5,LocalHost,6.3,16664068096,3890102272,76.7,11913232384,486670336,6955696128,1452990464,1039880192,3224285184,510427136
349,2022-02-02,12:37:59,0.5,LocalHost,7.3,16664068096,3890229248,76.7,11913113600,486789120,6955704320,1452990464,1039880192,3224285184,510427136
350,2022-02-02,12:37:59,0.5,LocalHost,5.8,16664068096,3890302976,76.7,11913031680,486862848,6955708416,1452990464,1039896576,3224276992,510427136
351,2022-02-02,12:38:00,0.5,LocalHost,15.8,16664068096,3890077696,76.7,11913162752,486580224,6955814912,1453015040,1039904768,3224420352,510468096
352,2022-02-02,12:38:00,0.5,LocalHost,11.5,16664068096,3890262016,76.7,11913015296,486711296,6955814912,1453068288,1039921152,3224420352,510468096
353,2022-02-02,12:38:01,0.5,LocalHost,14.9,16664068096,3889098752,76.7,11914203136,485310464,6957068288,1453109248,1039921152,3224633344,510472192
354,2022-02-02,12:38:01,0.5,LocalHost,7.8,16664068096,3888308224,76.7,11915038720,484573184,6956077056,1453170688,1039937536,3224518656,510427136
355,2022-02-02,12:38:02,0.5,LocalHost,13.7,16664068096,3888865280,76.7,11914469376,485126144,6955884544,1453174784,1039937536,3224535040,510427136
356,2022-02-02,12:38:02,0.5,LocalHost,13.2,16664068096,3888771072,76.7,11914563584,485031936,6955884544,1453174784,1039945728,3224526848,510427136
357,2022-02-02,12:38:03,0.5,LocalHost,5.8,16664068096,3888857088,76.7,11914493952,485093376,6955909120,1453174784,1039945728,3224535040,510427136
358,2022-02-02,12:38:03,0.5,LocalHost,8.8,16664068096,3889020928,76.7,11914326016,485257216,6955909120,1453174784,1039953920,3224530944,510427136
359,2022-02-02,12:38:04,0.5,LocalHost,8.6,16664068096,3888701440,76.7,11914645504,484933632,6955892736,1453174784,1039953920,3224535040,510427136
360,2022-02-02,12:38:04,0.5,LocalHost,9.1,16664068096,3889029120,76.7,11914321920,485257216,6955888640,1453174784,1039953920,3224535040,510427136
361,2022-02-02,12:38:05,0.5,LocalHost,9.4,16664068096,3888607232,76.7,11914727424,484835328,6955913216,1453174784,1039970304,3224535040,510427136
362,2022-02-02,12:38:05,0.5,LocalHost,10.5,16664068096,3888836608,76.7,11914498048,485064704,6956036096,1453174784,1039978496,3224526848,510427136
363,2022-02-02,12:38:06,0.5,LocalHost,13.0,16664068096,3889082368,76.7,11914252288,485289984,6955929600,1453178880,1039986688,3224539136,510427136
364,2022-02-02,12:38:06,0.5,LocalHost,14.8,16664068096,3888992256,76.7,11914342400,485199872,6955929600,1453178880,1039986688,3224539136,510427136
365,2022-02-02,12:38:07,0.5,LocalHost,14.5,16664068096,3888996352,76.7,11914342400,485191680,6955945984,1453178880,1039994880,3224539136,510427136
366,2022-02-02,12:38:07,0.5,LocalHost,15.9,16664068096,3888803840,76.7,11914534912,484999168,6955945984,1453178880,1039994880,3224539136,510427136
367,2022-02-02,12:38:08,0.5,LocalHost,12.0,16664068096,3889119232,76.7,11914231808,485285888,6955806720,1453178880,1040011264,3224539136,510427136
368,2022-02-02,12:38:08,0.5,LocalHost,7.5,16664068096,3889676288,76.7,11913666560,485842944,6955806720,1453178880,1040019456,3224539136,510427136
369,2022-02-02,12:38:09,0.5,LocalHost,11.7,16664068096,3889184768,76.7,11914158080,485351424,6955851776,1453178880,1040019456,3224539136,510427136
370,2022-02-02,12:38:09,0.5,LocalHost,13.8,16664068096,3889426432,76.7,11913916416,485593088,6955851776,1453178880,1040019456,3224539136,510427136
371,2022-02-02,12:38:10,0.5,LocalHost,7.0,16664068096,3889160192,76.7,11914182656,485326848,6955819008,1453178880,1040019456,3224539136,510427136
372,2022-02-02,12:38:10,0.5,LocalHost,7.6,16664068096,3889483776,76.7,11913859072,485650432,6955819008,1453178880,1040027648,3224530944,510427136
373,2022-02-02,12:38:11,0.5,LocalHost,5.1,16664068096,3889217536,76.7,11914117120,485384192,6955819008,1453178880,1040044032,3224522752,510427136
374,2022-02-02,12:38:11,0.5,LocalHost,13.3,16664068096,3888218112,76.7,11914948608,484544512,6956957696,1452949504,1040060416,3224514560,510427136
375,2022-02-02,12:38:12,0.5,LocalHost,13.2,16664068096,3888058368,76.7,11915276288,484184064,6955970560,1453125632,1040060416,3224547328,510427136
376,2022-02-02,12:38:12,0.5,LocalHost,10.2,16664068096,3888099328,76.7,11915235328,484225024,6955970560,1453125632,1040068608,3224539136,510427136
377,2022-02-02,12:38:13,0.5,LocalHost,12.1,16664068096,3888058368,76.7,11915292672,484151296,6955958272,1453125632,1040076800,3224547328,510427136
378,2022-02-02,12:38:13,0.5,LocalHost,9.6,16664068096,3887800320,76.7,11915550720,483893248,6956081152,1453125632,1040084992,3224539136,510427136
379,2022-02-02,12:38:14,0.5,LocalHost,7.0,16664068096,3888058368,76.7,11915284480,484151296,6956077056,1453125632,1040084992,3224547328,510427136
380,2022-02-02,12:38:14,0.5,LocalHost,4.8,16664068096,3888128000,76.7,11915214848,484220928,6956077056,1453125632,1040084992,3224547328,510427136
381,2022-02-02,12:38:15,0.5,LocalHost,4.0,16664068096,3888451584,76.7,11914895360,484540416,6956007424,1453125632,1040084992,3224547328,510427136
382,2022-02-02,12:38:15,0.5,LocalHost,5.1,16664068096,3888422912,76.7,11914924032,484511744,6956007424,1453125632,1040084992,3224547328,510427136
383,2022-02-02,12:38:16,0.5,LocalHost,4.0,16664068096,3888062464,76.7,11915284480,484151296,6956007424,1453125632,1040101376,3224530944,510427136
384,2022-02-02,12:38:16,0.5,LocalHost,5.1,16664068096,3888087040,76.7,11915264000,484171776,6956048384,1453125632,1040109568,3224522752,510427136
385,2022-02-02,12:38:17,0.5,LocalHost,16.2,16664068096,3888128000,76.7,11915198464,484196352,6956040192,1453125632,1040125952,3224547328,510427136
386,2022-02-02,12:38:17,0.5,LocalHost,23.3,16664068096,3888193536,76.7,11915128832,484261888,6956163072,1453125632,1040125952,3224551424,510427136
387,2022-02-02,12:38:18,0.5,LocalHost,16.9,16664068096,3888377856,76.7,11914944512,484421632,6956314624,1453129728,1040150528,3224551424,510427136
388,2022-02-02,12:38:18,0.5,LocalHost,15.8,16664068096,3888738304,76.7,11914584064,484782080,6956314624,1453129728,1040150528,3224551424,510427136
389,2022-02-02,12:38:19,0.5,LocalHost,7.7,16664068096,3888152576,76.7,11915161600,484196352,6956314624,1453129728,1040158720,3224551424,510427136
390,2022-02-02,12:38:19,0.5,LocalHost,8.4,16664068096,3888414720,76.7,11914899456,484458496,6956343296,1453129728,1040158720,3224551424,510427136
391,2022-02-02,12:38:20,0.5,LocalHost,6.1,16664068096,3888119808,76.7,11915190272,484163584,6956331008,1453129728,1040158720,3224555520,510427136
392,2022-02-02,12:38:20,0.5,LocalHost,7.0,16664068096,3888226304,76.7,11915083776,484270080,6956331008,1453129728,1040158720,3224555520,510427136
393,2022-02-02,12:38:21,0.5,LocalHost,10.8,16664068096,3888185344,76.7,11915124736,484229120,6956339200,1453129728,1040158720,3224555520,510427136
394,2022-02-02,12:38:21,0.5,LocalHost,10.5,16664068096,3890073600,76.7,11913138176,485818368,6956421120,1453133824,1040166912,3224944640,510427136
395,2022-02-02,12:38:22,0.5,LocalHost,9.0,16664068096,3889270784,76.7,11914080256,484724736,6956707840,1453223936,1040183296,3225079808,510427136
396,2022-02-02,12:38:22,0.5,LocalHost,6.3,16664068096,3889283072,76.7,11914043392,484737024,6956707840,1453223936,1040191488,3225096192,510427136
397,2022-02-02,12:38:23,0.5,LocalHost,3.5,16664068096,3888721920,76.7,11914588160,484175872,6956707840,1453223936,1040207872,3225096192,510427136
398,2022-02-02,12:38:23,0.5,LocalHost,7.8,16664068096,3889217536,76.7,11914100736,484663296,6956564480,1453223936,1040216064,3225088000,510427136
399,2022-02-02,12:38:24,0.5,LocalHost,4.2,16664068096,3889086464,76.7,11914223616,484532224,6956687360,1453223936,1040216064,3225096192,510427136
400,2022-02-02,12:38:24,0.5,LocalHost,6.8,16664068096,3889250304,76.7,11914051584,484696064,6956687360,1453223936,1040224256,3225096192,510427136
401,2022-02-02,12:38:25,0.5,LocalHost,14.0,16664068096,3889119232,76.7,11914182656,484564992,6956687360,1453223936,1040224256,3225096192,510427136
402,2022-02-02,12:38:25,0.5,LocalHost,16.4,16664068096,3889508352,76.7,11913793536,484954112,6956687360,1453223936,1040224256,3225096192,510427136
403,2022-02-02,12:38:26,0.5,LocalHost,9.9,16664068096,3889311744,76.7,11913990144,484757504,6956687360,1453223936,1040224256,3225096192,510427136
404,2022-02-02,12:38:26,0.5,LocalHost,6.3,16664068096,3889516544,76.7,11913785344,484962304,6956687360,1453223936,1040224256,3225096192,510427136
405,2022-02-02,12:38:27,0.5,LocalHost,17.3,16664068096,3889287168,76.7,11914014720,484732928,6956699648,1453223936,1040224256,3225096192,510427136
406,2022-02-02,12:38:27,0.5,LocalHost,13.7,16664068096,3889123328,76.7,11914178560,484569088,6956699648,1453223936,1040248832,3225071616,510427136
407,2022-02-02,12:38:28,0.5,LocalHost,7.5,16664068096,3889082368,76.7,11914240000,484466688,6956756992,1453228032,1040265216,3225096192,510427136
408,2022-02-02,12:38:28,0.5,LocalHost,8.5,16664068096,3888955392,76.7,11914366976,484339712,6956756992,1453228032,1040273408,3225088000,510427136
409,2022-02-02,12:38:29,0.5,LocalHost,18.4,16664068096,3889123328,76.7,11914182656,484499456,6956716032,1453228032,1040289792,3225096192,510427136
410,2022-02-02,12:38:29,0.5,LocalHost,22.3,16664068096,3888959488,76.7,11914346496,484335616,6956716032,1453228032,1040293888,3225092096,510427136
411,2022-02-02,12:38:30,0.5,LocalHost,17.0,16664068096,3889139712,76.7,11914178560,484499456,6956838912,1453228032,1040293888,3225096192,510427136
412,2022-02-02,12:38:30,0.5,LocalHost,10.7,16664068096,3889401856,76.7,11913916416,484761600,6956838912,1453228032,1040293888,3225096192,510427136
413,2022-02-02,12:38:31,0.5,LocalHost,7.9,16664068096,3889270784,76.7,11914047488,484630528,6956621824,1453228032,1040293888,3225096192,510427136
414,2022-02-02,12:38:31,0.5,LocalHost,9.6,16664068096,3889139712,76.7,11914178560,484499456,6956621824,1453228032,1040293888,3225096192,510427136
415,2022-02-02,12:38:32,0.5,LocalHost,13.6,16664068096,3889475584,76.7,11913875456,484515840,6956871680,1453510656,1040293888,3225382912,510427136
416,2022-02-02,12:38:32,0.5,LocalHost,12.0,16664068096,3889250304,76.7,11914100736,484290560,6956871680,1453510656,1040293888,3225382912,510427136
417,2022-02-02,12:38:33,0.5,LocalHost,9.1,16664068096,3889053696,76.7,11914289152,484093952,6956879872,1453510656,1040310272,3225374720,510427136
418,2022-02-02,12:38:33,0.5,LocalHost,11.0,16664068096,3889487872,76.7,11913854976,484528128,6956716032,1453510656,1040326656,3225358336,510427136
419,2022-02-02,12:38:34,0.5,LocalHost,9.3,16664068096,3889057792,76.7,11914252288,484093952,6956834816,1453514752,1040334848,3225387008,510427136
420,2022-02-02,12:38:34,0.5,LocalHost,11.2,16664068096,3889246208,76.7,11914063872,484282368,6956834816,1453514752,1040343040,3225378816,510427136
421,2022-02-02,12:38:35,0.5,LocalHost,10.2,16664068096,3889057792,76.7,11914240000,484093952,6956834816,1453514752,1040347136,3225387008,510427136
422,2022-02-02,12:38:35,0.5,LocalHost,9.6,16664068096,3889516544,76.7,11913785344,484548608,6956744704,1453514752,1040347136,3225387008,510427136
423,2022-02-02,12:38:36,0.5,LocalHost,10.0,16664068096,3889659904,76.7,11913691136,484642816,6956908544,1453514752,1040347136,3225387008,510427136
424,2022-02-02,12:38:36,0.5,LocalHost,12.5,16664068096,3889758208,76.7,11913592832,484741120,6956908544,1453514752,1040347136,3225387008,510427136
425,2022-02-02,12:38:37,0.5,LocalHost,22.7,16664068096,3889790976,76.7,11913560064,484773888,6956908544,1453514752,1040347136,3225387008,510427136
426,2022-02-02,12:38:37,0.5,LocalHost,11.6,16664068096,3890184192,76.7,11913166848,485167104,6956908544,1453514752,1040347136,3225387008,510427136
427,2022-02-02,12:38:38,0.5,LocalHost,9.1,16664068096,3889569792,76.7,11913781248,484552704,6956867584,1453514752,1040347136,3225387008,510427136
428,2022-02-02,12:38:38,0.5,LocalHost,11.2,16664068096,3889815552,76.7,11913535488,484798464,6956867584,1453514752,1040371712,3225362432,510427136
429,2022-02-02,12:38:39,0.5,LocalHost,11.5,16664068096,3889618944,76.7,11913707520,484585472,6956933120,1453514752,1040388096,3225387008,510427136
430,2022-02-02,12:38:39,0.5,LocalHost,15.7,16664068096,3889618944,76.7,11913707520,484585472,6956670976,1453514752,1040396288,3225378816,510427136
431,2022-02-02,12:38:40,0.5,LocalHost,24.6,16664068096,3889475584,76.7,11913834496,484442112,6956703744,1453514752,1040404480,3225387008,510427136
432,2022-02-02,12:38:40,0.5,LocalHost,22.2,16664068096,3890036736,76.7,11913269248,484872192,6956462080,1453645824,1040412672,3225513984,510427136
433,2022-02-02,12:38:41,0.5,LocalHost,24.3,16664068096,3890343936,76.7,11913003008,485265408,6956679168,1453514752,1040412672,3225387008,510427136
434,2022-02-02,12:38:41,0.5,LocalHost,19.9,16664068096,3889790976,76.7,11913560064,484708352,6956683264,1453514752,1040412672,3225387008,510427136
435,2022-02-02,12:38:42,0.5,LocalHost,18.2,16664068096,3888349184,76.7,11915001856,483110912,6957744128,1453588480,1040412672,3225542656,510427136
436,2022-02-02,12:38:42,0.5,LocalHost,18.5,16664068096,3888508928,76.7,11914842112,483344384,6957109248,1453723648,1040412672,3225468928,510427136
437,2022-02-02,12:38:43,0.5,LocalHost,12.3,16664068096,3888209920,76.7,11915141120,483078144,6956810240,1453727744,1040412672,3225436160,510427136
438,2022-02-02,12:38:43,0.5,LocalHost,22.0,16664068096,3888398336,76.7,11914952704,483266560,6956810240,1453727744,1040412672,3225436160,510427136
439,2022-02-02,12:38:44,0.5,LocalHost,17.4,16664068096,3888275456,76.7,11915059200,483143680,6956871680,1453727744,1040437248,3225427968,510427136
440,2022-02-02,12:38:44,0.5,LocalHost,15.7,16664068096,3888041984,76.7,11915284480,482910208,6956871680,1453727744,1040453632,3225419776,510427136
441,2022-02-02,12:38:45,0.5,LocalHost,12.8,16664068096,3888222208,76.7,11915124736,483045376,6956834816,1453731840,1040461824,3225436160,510427136
442,2022-02-02,12:38:45,0.5,LocalHost,14.8,16664068096,3888685056,76.7,11914657792,483504128,6956843008,1453727744,1040486400,3225419776,510427136
443,2022-02-02,12:38:46,0.5,LocalHost,17.9,16664068096,3888193536,76.7,11915141120,483004416,6956851200,1453727744,1040486400,3225436160,510427136
444,2022-02-02,12:38:46,0.5,LocalHost,16.6,16664068096,3888025600,76.7,11915309056,482836480,6956843008,1453727744,1040486400,3225436160,510427136
445,2022-02-02,12:38:47,0.5,LocalHost,15.5,16664068096,3887837184,76.7,11915497472,482648064,6956822528,1453727744,1040486400,3225436160,510427136
446,2022-02-02,12:38:47,0.5,LocalHost,15.1,16664068096,3887738880,76.7,11915603968,482541568,6956830720,1453727744,1040486400,3225436160,510427136
447,2022-02-02,12:38:48,0.5,LocalHost,20.0,16664068096,3888050176,76.7,11915288576,482852864,6956830720,1453727744,1040486400,3225440256,510427136
448,2022-02-02,12:38:48,0.5,LocalHost,15.9,16664068096,3888271360,76.7,11915067392,483074048,6956830720,1453727744,1040486400,3225440256,510427136
449,2022-02-02,12:38:49,0.5,LocalHost,17.6,16664068096,3887628288,76.7,11915718656,482422784,6956838912,1453727744,1040486400,3225440256,510427136
450,2022-02-02,12:38:49,0.5,LocalHost,22.0,16664068096,3887648768,76.7,11915702272,482422784,6956748800,1453731840,1040510976,3225432064,510427136
451,2022-02-02,12:38:50,0.5,LocalHost,24.5,16664068096,3887968256,76.7,11915374592,482742272,6956875776,1453731840,1040527360,3225423872,510427136
452,2022-02-02,12:38:50,0.5,LocalHost,19.3,16664068096,3887726592,76.7,11915616256,482500608,6956875776,1453731840,1040543744,3225407488,510427136
453,2022-02-02,12:38:51,0.5,LocalHost,16.5,16664068096,3887841280,76.7,11915481088,482586624,6956924928,1453735936,1040560128,3225440256,510427136
454,2022-02-02,12:38:51,0.5,LocalHost,18.7,16664068096,3887628288,76.7,11915714560,482349056,6956720128,1453731840,1040560128,3225444352,510427136
455,2022-02-02,12:38:52,0.5,LocalHost,19.5,16664068096,3883692032,76.7,11919659008,478404608,6961987584,1453731840,1040560128,3225444352,510427136
456,2022-02-02,12:38:52,0.5,LocalHost,26.7,16664068096,3888668672,76.7,11914919936,483143680,6957305856,1453965312,1040560128,3225444352,510423040
457,2022-02-02,12:38:53,0.5,LocalHost,23.3,16664068096,3888422912,76.7,11914928128,483127296,6956969984,1453740032,1040560128,3225452544,510427136
458,2022-02-02,12:38:53,0.5,LocalHost,22.4,16664068096,3888619520,76.7,11914731520,483323904,6957154304,1453740032,1040560128,3225452544,510427136
459,2022-02-02,12:38:54,0.5,LocalHost,19.9,16664068096,3888058368,76.7,11915292672,482762752,6957129728,1453740032,1040560128,3225452544,510427136
460,2022-02-02,12:38:54,0.5,LocalHost,19.4,16664068096,3888173056,76.7,11915177984,482877440,6957129728,1453740032,1040560128,3225452544,510427136
461,2022-02-02,12:38:55,0.5,LocalHost,25.1,16664068096,3888222208,76.7,11915120640,482926592,6957182976,1453740032,1040584704,3225436160,510427136
462,2022-02-02,12:38:55,0.5,LocalHost,23.7,16664068096,3888488448,76.7,11914862592,483160064,6957088768,1453744128,1040592896,3225452544,510427136
463,2022-02-02,12:38:56,0.5,LocalHost,15.3,16664068096,3888353280,76.7,11914981376,483024896,6957244416,1453744128,1040609280,3225452544,510427136
464,2022-02-02,12:38:56,0.5,LocalHost,15.6,16664068096,3888001024,76.7,11915341824,482660352,6957260800,1453740032,1040625664,3225440256,510427136
465,2022-02-02,12:38:57,0.5,LocalHost,16.1,16664068096,3888443392,76.7,11914899456,483090432,6957273088,1453740032,1040625664,3225452544,510427136
466,2022-02-02,12:38:57,0.5,LocalHost,15.5,16664068096,3888201728,76.7,11915141120,482848768,6957273088,1453740032,1040625664,3225452544,510427136
467,2022-02-02,12:38:58,0.5,LocalHost,20.2,16664068096,3888480256,76.7,11914866688,483123200,6957338624,1453740032,1040625664,3225452544,510427136
468,2022-02-02,12:38:58,0.5,LocalHost,17.9,16664068096,3888377856,76.7,11914969088,483020800,6957338624,1453740032,1040625664,3225452544,510427136
469,2022-02-02,12:38:59,0.5,LocalHost,14.9,16664068096,3888381952,76.7,11914964992,483024896,6957289472,1453740032,1040625664,3225452544,510427136
470,2022-02-02,12:38:59,0.5,LocalHost,16.9,16664068096,3888197632,76.7,11915149312,482840576,6957289472,1453740032,1040625664,3225452544,510427136
471,2022-02-02,12:39:00,0.5,LocalHost,20.1,16664068096,3888541696,76.7,11914747904,483123200,6957297664,1453801472,1040625664,3225571328,510468096
472,2022-02-02,12:39:00,0.5,LocalHost,20.8,16664068096,3888381952,76.7,11914907648,482963456,6957297664,1453801472,1040642048,3225554944,510468096
473,2022-02-02,12:39:01,0.5,LocalHost,16.6,16664068096,3887898624,76.7,11915374592,482480128,6957248512,1453801472,1040650240,3225563136,510468096
474,2022-02-02,12:39:01,0.5,LocalHost,18.4,16664068096,3888201728,76.7,11915067392,482783232,6957248512,1453801472,1040666624,3225550848,510468096
475,2022-02-02,12:39:02,0.5,LocalHost,17.1,16664068096,3888599040,76.7,11914723328,483135488,6957293568,1453805568,1040674816,3225534464,510427136
476,2022-02-02,12:39:02,0.5,LocalHost,22.7,16664068096,3887226880,76.7,11916099584,481759232,6957973504,1453809664,1040674816,3225534464,510427136
477,2022-02-02,12:39:03,0.5,LocalHost,17.3,16664068096,3886780416,76.7,11916570624,481075200,6957338624,1454034944,1040674816,3225747456,510427136
478,2022-02-02,12:39:03,0.5,LocalHost,14.4,16664068096,3886886912,76.7,11916464128,481181696,6957338624,1454034944,1040674816,3225747456,510427136
479,2022-02-02,12:39:04,0.5,LocalHost,15.7,16664068096,3887009792,76.7,11916341248,481304576,6957412352,1454034944,1040674816,3225747456,510427136
480,2022-02-02,12:39:04,0.5,LocalHost,18.5,16664068096,3887656960,76.7,11915694080,481951744,6957252608,1454034944,1040674816,3225747456,510427136
481,2022-02-02,12:39:05,0.5,LocalHost,15.3,16664068096,3887022080,76.7,11916328960,481316864,6957305856,1454034944,1040674816,3225747456,510427136
482,2022-02-02,12:39:05,0.5,LocalHost,16.5,16664068096,3887341568,76.7,11916009472,481636352,6957162496,1454034944,1040674816,3225747456,510427136
483,2022-02-02,12:39:06,0.5,LocalHost,14.6,16664068096,3887284224,76.7,11916050432,481579008,6957309952,1454034944,1040691200,3225747456,510427136
484,2022-02-02,12:39:06,0.5,LocalHost,15.3,16664068096,3887087616,76.7,11916242944,481382400,6957371392,1454034944,1040699392,3225743360,510427136
485,2022-02-02,12:39:07,0.5,LocalHost,11.0,16664068096,3887448064,76.7,11915857920,481738752,6957428736,1454034944,1040723968,3225747456,510427136
486,2022-02-02,12:39:07,0.5,LocalHost,10.8,16664068096,3887419392,76.7,11915886592,481710080,6957428736,1454034944,1040732160,3225739264,510427136
487,2022-02-02,12:39:08,0.5,LocalHost,10.9,16664068096,3887755264,76.7,11915563008,481996800,6957215744,1454034944,1040732160,3225776128,510455808
488,2022-02-02,12:39:08,0.5,LocalHost,10.8,16664068096,3887714304,76.7,11915603968,481955840,6957215744,1454034944,1040732160,3225776128,510455808
489,2022-02-02,12:39:09,0.5,LocalHost,9.3,16664068096,3887689728,76.7,11915628544,481931264,6957350912,1454034944,1040732160,3225776128,510455808
490,2022-02-02,12:39:09,0.5,LocalHost,11.2,16664068096,3887816704,76.7,11915501568,482058240,6957350912,1454034944,1040732160,3225776128,510455808
491,2022-02-02,12:39:10,0.5,LocalHost,10.0,16664068096,3887357952,76.7,11915988992,481599488,6957379584,1454034944,1040732160,3225747456,510427136
492,2022-02-02,12:39:10,0.5,LocalHost,10.3,16664068096,3887398912,76.7,11915948032,481640448,6957379584,1454034944,1040732160,3225747456,510427136
493,2022-02-02,12:39:11,0.5,LocalHost,6.9,16664068096,3887751168,76.7,11915599872,481988608,6957350912,1454034944,1040732160,3225747456,510427136
494,2022-02-02,12:39:11,0.5,LocalHost,9.6,16664068096,3887759360,76.7,11915591680,481996800,6957350912,1454034944,1040748544,3225731072,510427136
495,2022-02-02,12:39:12,0.5,LocalHost,6.0,16664068096,3887575040,76.7,11915776000,481796096,6957330432,1454034944,1040756736,3225739264,510427136
496,2022-02-02,12:39:12,0.5,LocalHost,9.0,16664068096,3879292928,76.7,11924041728,473513984,6967980032,1454034944,1040773120,3225739264,510427136
497,2022-02-02,12:39:13,0.5,LocalHost,10.4,16664068096,3889336320,76.7,11914014720,483192832,6957293568,1454252032,1040781312,3226079232,510427136
498,2022-02-02,12:39:13,0.5,LocalHost,6.3,16664068096,3889672192,76.7,11913678848,483528704,6957416448,1454252032,1040781312,3226079232,510427136
499,2022-02-02,12:39:14,0.5,LocalHost,12.6,16664068096,3889209344,76.7,11914141696,483065856,6957416448,1454252032,1040781312,3226079232,510427136
500,2022-02-02,12:39:14,0.5,LocalHost,15.8,16664068096,3889168384,76.7,11914182656,483024896,6957416448,1454252032,1040781312,3226079232,510427136
501,2022-02-02,12:39:15,0.5,LocalHost,12.2,16664068096,3888885760,76.7,11914465280,482742272,6957416448,1454252032,1040781312,3226079232,510427136
502,2022-02-02,12:39:15,0.5,LocalHost,10.6,16664068096,3889082368,76.7,11914268672,482938880,6957277184,1454252032,1040781312,3226079232,510427136
503,2022-02-02,12:39:16,0.5,LocalHost,8.4,16664068096,3889115136,76.7,11914231808,482971648,6957400064,1454252032,1040781312,3226083328,510427136
504,2022-02-02,12:39:16,0.5,LocalHost,10.7,16664068096,3888852992,76.7,11914493952,482709504,6957400064,1454252032,1040781312,3226083328,510427136
505,2022-02-02,12:39:17,0.5,LocalHost,9.3,16664068096,3888762880,76.7,11914567680,482619392,6957400064,1454252032,1040814080,3226066944,510427136
506,2022-02-02,12:39:17,0.5,LocalHost,4.3,16664068096,3889463296,76.7,11913883648,483262464,6957580288,1454256128,1040838656,3226083328,510427136
507,2022-02-02,12:39:18,0.5,LocalHost,4.7,16664068096,3889086464,76.7,11914260480,482877440,6957486080,1454252032,1040846848,3226083328,510427136
508,2022-02-02,12:39:18,0.5,LocalHost,7.0,16664068096,3889573888,76.7,11913764864,483364864,6957486080,1454252032,1040855040,3226083328,510427136
509,2022-02-02,12:39:19,0.5,LocalHost,14.3,16664068096,3885273088,76.7,11918065664,479064064,6961754112,1454252032,1040855040,3226083328,510427136
510,2022-02-02,12:39:19,0.5,LocalHost,11.9,16664068096,3885383680,76.7,11917828096,479166464,6962442240,1454252032,1040855040,3226218496,510558208
511,2022-02-02,12:39:20,0.5,LocalHost,8.5,16664068096,3884916736,76.7,11918151680,478683136,6962544640,1454268416,1040855040,3226378240,510701568
512,2022-02-02,12:39:20,0.5,LocalHost,9.4,16664068096,3885137920,76.7,11917930496,478904320,6962544640,1454268416,1040855040,3226378240,510701568
513,2022-02-02,12:39:21,0.5,LocalHost,20.6,16664068096,3884978176,76.7,11918094336,478740480,6962577408,1454272512,1040855040,3226378240,510701568
514,2022-02-02,12:39:21,0.5,LocalHost,18.2,16664068096,3885387776,76.7,11917950976,479141888,6962737152,1454276608,1040855040,3226120192,510435328
515,2022-02-02,12:39:22,0.5,LocalHost,9.7,16664068096,3884961792,76.7,11918389248,478715904,6962634752,1454276608,1040855040,3226107904,510427136
516,2022-02-02,12:39:22,0.5,LocalHost,8.5,16664068096,3885776896,76.7,11917574144,479531008,6962634752,1454276608,1040879616,3226083328,510427136
517,2022-02-02,12:39:23,0.5,LocalHost,17.5,16664068096,3883769856,76.7,11919687680,477065216,6963482624,1454637056,1040900096,3226415104,510427136
518,2022-02-02,12:39:23,0.5,LocalHost,11.3,16664068096,3883655168,76.7,11919667200,477175808,6962782208,1454473216,1040928768,3226296320,510427136
519,2022-02-02,12:39:24,0.5,LocalHost,9.1,16664068096,3883646976,76.7,11919687680,477126656,6962761728,1454473216,1040936960,3226316800,510427136
520,2022-02-02,12:39:24,0.5,LocalHost,8.3,16664068096,3883577344,76.7,11919757312,477057024,6962761728,1454473216,1040936960,3226316800,510427136
521,2022-02-02,12:39:25,0.5,LocalHost,9.4,16664068096,3882508288,76.7,11920560128,475987968,6965022720,1454473216,1040936960,3226583040,510693376
522,2022-02-02,12:39:25,0.5,LocalHost,7.9,16664068096,3882246144,76.7,11920809984,475725824,6965145600,1454473216,1040936960,3226595328,510693376
523,2022-02-02,12:39:26,0.5,LocalHost,11.4,16664068096,3882455040,76.7,11920613376,475901952,6965358592,1454489600,1040936960,3226615808,510701568
524,2022-02-02,12:39:26,0.5,LocalHost,10.3,16664068096,3882295296,76.7,11920773120,475742208,6965358592,1454489600,1040936960,3226615808,510701568
525,2022-02-02,12:39:27,0.5,LocalHost,7.7,16664068096,3882610688,76.7,11920457728,476057600,6965358592,1454489600,1040936960,3226615808,510701568
526,2022-02-02,12:39:27,0.5,LocalHost,9.0,16664068096,3882483712,76.7,11920850944,475930624,6965358592,1454489600,1040936960,3226349568,510435328
527,2022-02-02,12:39:28,0.5,LocalHost,9.1,16664068096,3880620032,76.7,11922722816,474062848,6965628928,1454493696,1040953344,3226329088,510427136
528,2022-02-02,12:39:28,0.5,LocalHost,9.4,16664068096,3880484864,76.7,11922857984,473923584,6965673984,1454497792,1040965632,3226320896,510427136
529,2022-02-02,12:39:29,0.5,LocalHost,9.9,16664068096,3881029632,76.7,11922288640,474468352,6965403648,1454497792,1040973824,3226337280,510427136
530,2022-02-02,12:39:29,0.5,LocalHost,10.4,16664068096,3881697280,76.7,11921620992,475136000,6965403648,1454497792,1040990208,3226320896,510427136
531,2022-02-02,12:39:30,0.5,LocalHost,11.5,16664068096,3881164800,76.7,11922161664,474566656,6965497856,1454501888,1040990208,3226349568,510427136
532,2022-02-02,12:39:30,0.5,LocalHost,6.7,16664068096,3878559744,76.7,11922370560,471961600,6965497856,1454501888,1040990208,3228745728,512823296
533,2022-02-02,12:39:31,0.5,LocalHost,10.3,16664068096,3876143104,76.7,11924414464,469540864,6969290752,1454505984,1040990208,3229122560,513200128
534,2022-02-02,12:39:31,0.5,LocalHost,14.9,16664068096,3876749312,76.7,11923689472,470130688,6969823232,1454505984,1040990208,3229257728,513335296
535,2022-02-02,12:39:32,0.5,LocalHost,5.3,16664068096,3875971072,76.7,11924467712,469340160,6969860096,1454514176,1040990208,3229270016,513331200
536,2022-02-02,12:39:32,0.5,LocalHost,8.0,16664068096,3878952960,76.7,11924115456,472322048,6969884672,1454514176,1040990208,3226640384,510701568
537,2022-02-02,12:39:33,0.5,LocalHost,16.0,16664068096,3874484224,76.7,11928592384,467812352,6972391424,1454534656,1040994304,3226669056,510701568
538,2022-02-02,12:39:33,0.5,LocalHost,19.6,16664068096,3876212736,76.7,11927117824,469561344,6970757120,1454534656,1041018880,3226370048,510435328
539,2022-02-02,12:39:34,0.5,LocalHost,11.8,16664068096,3875917824,76.7,11927420928,469401600,6970093568,1454477312,1041027072,3226218496,510427136
540,2022-02-02,12:39:34,0.5,LocalHost,19.5,16664068096,3876114432,76.7,11927216128,469598208,6970097664,1454477312,1041051648,3226202112,510427136
541,2022-02-02,12:39:35,0.5,LocalHost,4.8,16664068096,3876327424,76.7,11927003136,469790720,6970015744,1454477312,1041051648,3226222592,510427136
542,2022-02-02,12:39:35,0.5,LocalHost,5.1,16664068096,3876392960,76.7,11926937600,469856256,6970015744,1454477312,1041051648,3226222592,510427136
543,2022-02-02,12:39:36,0.5,LocalHost,5.3,16664068096,3875905536,76.7,11927425024,469368832,6970073088,1454477312,1041051648,3226222592,510427136
544,2022-02-02,12:39:36,0.5,LocalHost,7.5,16664068096,3876696064,76.7,11926634496,470159360,6970073088,1454477312,1041051648,3226222592,510427136
545,2022-02-02,12:39:37,0.5,LocalHost,9.7,16664068096,3875307520,76.7,11927760896,468762624,6970896384,1454477312,1041051648,3226492928,510693376
546,2022-02-02,12:39:37,0.5,LocalHost,11.8,16664068096,3875061760,76.7,11927998464,468488192,6970957824,1454477312,1041051648,3226529792,510701568
547,2022-02-02,12:39:38,0.5,LocalHost,12.6,16664068096,3875655680,76.7,11927416832,469065728,6971301888,1454493696,1041051648,3226533888,510701568
548,2022-02-02,12:39:38,0.5,LocalHost,9.5,16664068096,3875422208,76.7,11927650304,468832256,6971301888,1454493696,1041059840,3226525696,510701568
549,2022-02-02,12:39:39,0.5,LocalHost,7.9,16664068096,3875667968,76.7,11927400448,469065728,6971437056,1454497792,1041076224,3226525696,510701568
550,2022-02-02,12:39:39,0.5,LocalHost,10.9,16664068096,3875504128,76.7,11927822336,468901888,6971437056,1454497792,1041092608,3226251264,510435328
551,2022-02-02,12:39:40,0.5,LocalHost,10.2,16664068096,3875450880,76.7,11927891968,468807680,6971609088,1454497792,1041108992,3226259456,510427136
552,2022-02-02,12:39:40,0.5,LocalHost,6.4,16664068096,3870330880,76.8,11927961600,463806464,6971490304,1454370816,1041108992,3231191040,515219456
553,2022-02-02,12:39:41,0.5,LocalHost,4.0,16664068096,3870437376,76.8,11927662592,463781888,6971461632,1454501888,1041108992,3231514624,515678208
554,2022-02-02,12:39:41,0.5,LocalHost,8.9,16664068096,3870302208,76.8,11927797760,463646720,6971461632,1454501888,1041108992,3231514624,515678208
555,2022-02-02,12:39:42,0.5,LocalHost,17.5,16664068096,3870367744,76.8,11927994368,463712256,6971482112,1454501888,1041108992,3231252480,515416064
556,2022-02-02,12:39:42,0.5,LocalHost,16.8,16664068096,3870224384,76.8,11927871488,463568896,6971482112,1454501888,1041108992,3231518720,515682304
557,2022-02-02,12:39:43,0.5,LocalHost,10.5,16664068096,3869270016,76.8,11928629248,462614528,6972256256,1454501888,1041108992,3231715328,515874816
558,2022-02-02,12:39:43,0.5,LocalHost,17.0,16664068096,3855343616,76.9,11942531072,448688128,6986899456,1454501888,1041117184,3231731712,515887104
559,2022-02-02,12:39:44,0.5,LocalHost,11.3,16664068096,3868712960,76.8,11929178112,462065664,6972518400,1454587904,1041117184,3231707136,515887104
560,2022-02-02,12:39:44,0.5,LocalHost,8.7,16664068096,3871379456,76.8,11928907776,464732160,6972334080,1454587904,1041141760,3229286400,513490944
561,2022-02-02,12:39:45,0.5,LocalHost,10.6,16664068096,3870908416,76.8,11929571328,464252928,6972469248,1454587904,1041166336,3229077504,513265664
562,2022-02-02,12:39:45,0.5,LocalHost,8.2,16664068096,3868270592,76.8,11930071040,461615104,6972469248,1454587904,1041166336,3231215616,515395584
563,2022-02-02,12:39:46,0.5,LocalHost,7.7,16664068096,3868073984,76.8,11930050560,461418496,6972473344,1454587904,1041166336,3231432704,515612672
564,2022-02-02,12:39:46,0.5,LocalHost,7.8,16664068096,3868499968,76.8,11929624576,461844480,6972473344,1454587904,1041166336,3231432704,515612672
565,2022-02-02,12:39:47,0.5,LocalHost,8.7,16664068096,3868254208,76.8,11929899008,461574144,6972477440,1454587904,1041166336,3231428608,515608576
566,2022-02-02,12:39:47,0.5,LocalHost,6.1,16664068096,3868229632,76.8,11929923584,461549568,6972477440,1454587904,1041166336,3231428608,515608576
567,2022-02-02,12:39:48,0.5,LocalHost,7.4,16664068096,3868229632,76.8,11929927680,461549568,6972477440,1454587904,1041166336,3231424512,515604480
568,2022-02-02,12:39:48,0.5,LocalHost,7.3,16664068096,3873415168,76.8,11929800704,466735104,6972477440,1454587904,1041170432,3226361856,510545920
569,2022-02-02,12:39:49,0.5,LocalHost,7.8,16664068096,3872026624,76.8,11931103232,465346560,6975070208,1454587904,1041170432,3226447872,510627840
570,2022-02-02,12:39:49,0.5,LocalHost,7.8,16664068096,3872260096,76.8,11930857472,465571840,6975176704,1454592000,1041170432,3226468352,510644224
571,2022-02-02,12:39:50,0.5,LocalHost,8.0,16664068096,3871494144,76.8,11931615232,464773120,6975393792,1454604288,1041219584,3226460160,510644224
572,2022-02-02,12:39:50,0.5,LocalHost,10.2,16664068096,3871326208,76.8,11931774976,464605184,6975393792,1454604288,1041219584,3226468352,510644224
573,2022-02-02,12:39:51,0.5,LocalHost,13.2,16664068096,3871629312,76.8,11931463680,464896000,6975279104,1454600192,1041227776,3226480640,510644224
574,2022-02-02,12:39:51,0.5,LocalHost,12.2,16664068096,3872800768,76.8,11930324992,466034688,6975602688,1454604288,1041227776,3226480640,510644224
575,2022-02-02,12:39:52,0.5,LocalHost,11.5,16664068096,3872616448,76.8,11930791936,465842176,6975438848,1454604288,1041227776,3226206208,510369792
576,2022-02-02,12:39:52,0.5,LocalHost,8.1,16664068096,3872550912,76.8,11930857472,465776640,6975438848,1454604288,1041227776,3226206208,510369792
577,2022-02-02,12:39:53,0.5,LocalHost,4.6,16664068096,3872935936,76.8,11930443776,466161664,6975270912,1454604288,1041227776,3226234880,510398464
578,2022-02-02,12:39:53,0.5,LocalHost,5.6,16664068096,3872800768,76.8,11930578944,466026496,6975270912,1454604288,1041227776,3226234880,510398464
579,2022-02-02,12:39:54,0.5,LocalHost,14.3,16664068096,3870187520,76.8,11933196288,463122432,6975594496,1454813184,1041235968,3226513408,510402560
580,2022-02-02,12:39:55,0.5,LocalHost,4.6,16664068096,3870412800,76.8,11932962816,463413248,6975582208,1454624768,1041235968,3226456064,510402560
581,2022-02-02,12:39:55,0.5,LocalHost,5.8,16664068096,3870097408,76.8,11933310976,463118336,6975488000,1454620672,1041235968,3226402816,510369792
582,2022-02-02,12:39:56,0.5,LocalHost,6.8,16664068096,3870298112,76.8,11933093888,463319040,6975463424,1454620672,1041285120,3226370048,510369792
583,2022-02-02,12:39:56,0.5,LocalHost,13.1,16664068096,3870269440,76.8,11933089792,463290368,6975455232,1454620672,1041285120,3226402816,510369792
584,2022-02-02,12:39:57,0.5,LocalHost,12.9,16664068096,3870425088,76.8,11932925952,463446016,6975455232,1454620672,1041293312,3226402816,510369792
585,2022-02-02,12:39:57,0.5,LocalHost,7.6,16664068096,3870261248,76.8,11933089792,463282176,6975455232,1454620672,1041293312,3226402816,510369792
586,2022-02-02,12:39:58,0.5,LocalHost,6.3,16664068096,3870269440,76.8,11933081600,463290368,6975455232,1454620672,1041293312,3226402816,510369792
587,2022-02-02,12:39:58,0.5,LocalHost,5.1,16664068096,3870326784,76.8,11933020160,463347712,6975455232,1454620672,1041293312,3226406912,510369792
588,2022-02-02,12:39:59,0.5,LocalHost,5.3,16664068096,3870679040,76.8,11932667904,463699968,6975455232,1454620672,1041293312,3226406912,510369792
589,2022-02-02,12:39:59,0.5,LocalHost,5.6,16664068096,3870031872,76.8,11933310976,463052800,6975447040,1454620672,1041297408,3226406912,510369792
590,2022-02-02,12:40:00,0.5,LocalHost,5.9,16664068096,3870707712,76.8,11932651520,463712256,6975336448,1454620672,1041297408,3226406912,510369792
591,2022-02-02,12:40:00,0.5,LocalHost,10.4,16664068096,3871170560,76.8,11932151808,464093184,6975528960,1454702592,1041297408,3226525696,510410752
592,2022-02-02,12:40:01,0.5,LocalHost,6.3,16664068096,3871195136,76.8,11932127232,464117760,6975528960,1454702592,1041313792,3226509312,510410752
593,2022-02-02,12:40:01,0.5,LocalHost,6.3,16664068096,3870490624,76.8,11932798976,463413248,6975528960,1454702592,1041346560,3226509312,510410752
594,2022-02-02,12:40:02,0.5,LocalHost,9.7,16664068096,3870408704,76.8,11932880896,463314944,6975549440,1454702592,1041346560,3226525696,510410752
595,2022-02-02,12:40:02,0.5,LocalHost,11.5,16664068096,3870662656,76.8,11932717056,463511552,6975623168,1454702592,1041354752,3226484736,510369792
596,2022-02-02,12:40:03,0.5,LocalHost,13.4,16664068096,3870633984,76.8,11932745728,463482880,6975623168,1454702592,1041354752,3226484736,510369792
597,2022-02-02,12:40:03,0.5,LocalHost,11.7,16664068096,3870322688,76.8,11933065216,463155200,6975574016,1454702592,1041371136,3226476544,510369792
598,2022-02-02,12:40:04,0.5,LocalHost,10.5,16664068096,3870507008,76.8,11932880896,463339520,6975578112,1454702592,1041371136,3226476544,510369792
599,2022-02-02,12:40:04,0.5,LocalHost,21.1,16664068096,3891347456,76.6,11911786496,484175872,6956204032,1454592000,1041494016,3226611712,510369792
