iteration,date,time,measurement_period,machine/VNF,sys_cpu,totalmem,availablemem,percentmem,usedmem,freemem,activemem,inactivemem,buffers,cached,shared
0,2022-01-25,10:20:45,0.5,LocalHost,95.4,16664068096,4041273344,75.7,11775885312,875118592,5908684800,1577037824,1508716544,2504347648,496615424
1,2022-01-25,10:20:45,0.5,LocalHost,98.2,16664068096,3963088896,76.2,11854045184,796860416,5908930560,1577099264,1508716544,2504445952,496615424
2,2022-01-25,10:20:46,0.5,LocalHost,88.5,16664068096,3944312832,76.3,11872772096,778035200,5903880192,1577136128,1508716544,2504544256,496615424
3,2022-01-25,10:20:46,0.5,LocalHost,35.5,16664068096,3943821312,76.3,11873218560,777490432,5903826944,1577189376,1508716544,2504642560,496615424
4,2022-01-25,10:20:47,0.5,LocalHost,14.6,16664068096,3941064704,76.3,11876020224,774590464,5904269312,1577328640,1508716544,2504740864,496615424
5,2022-01-25,10:20:47,0.5,LocalHost,14.2,16664068096,3940814848,76.4,11876274176,774299648,5904269312,1577369600,1508716544,2504777728,496615424
6,2022-01-25,10:20:48,0.5,LocalHost,17.4,16664068096,3938484224,76.4,11878621184,829284352,5904490496,1521053696,1508716544,2447446016,496615424
7,2022-01-25,10:20:48,0.5,LocalHost,13.8,16664068096,3938324480,76.4,11878674432,829079552,5904539648,1521094656,1508728832,2447585280,496615424
8,2022-01-25,10:20:49,0.5,LocalHost,15.7,16664068096,3938390016,76.4,11878637568,828854272,5904527360,1521369088,1508728832,2447847424,496615424
9,2022-01-25,10:20:49,0.5,LocalHost,16.4,16664068096,3938828288,76.4,11878244352,829046784,5904371712,1521610752,1508728832,2448048128,496615424
10,2022-01-25,10:20:50,0.5,LocalHost,16.1,16664068096,3938697216,76.4,11878387712,828657664,5904359424,1521856512,1508761600,2448261120,496615424
11,2022-01-25,10:20:50,0.5,LocalHost,19.6,16664068096,3938856960,76.4,11878232064,828624896,5904396288,1522024448,1508786176,2448424960,496615424
12,2022-01-25,10:20:51,0.5,LocalHost,15.0,16664068096,3938402304,76.4,11878690816,827920384,5904338944,1522249728,1508786176,2448670720,496615424
13,2022-01-25,10:20:51,0.5,LocalHost,15.2,16664068096,3938656256,76.4,11878424576,828153856,5904384000,1522266112,1508786176,2448703488,496615424
14,2022-01-25,10:20:52,0.5,LocalHost,14.7,16664068096,3938734080,76.4,11878305792,828014592,5904486400,1522483200,1508786176,2448961536,496615424
15,2022-01-25,10:20:52,0.5,LocalHost,17.3,16664068096,3938451456,76.4,11878510592,827731968,5904486400,1522483200,1508786176,2449039360,496615424
16,2022-01-25,10:20:53,0.5,LocalHost,15.2,16664068096,3938971648,76.4,11877892096,828022784,5904244736,1522712576,1508786176,2449367040,496615424
17,2022-01-25,10:20:53,0.5,LocalHost,17.5,16664068096,3938992128,76.4,11877883904,827916288,5904494592,1522831360,1508794368,2449473536,496615424
18,2022-01-25,10:20:54,0.5,LocalHost,18.1,16664068096,3938811904,76.4,11878051840,827400192,5904556032,1523163136,1508794368,2449821696,496615424
19,2022-01-25,10:20:54,0.5,LocalHost,19.2,16664068096,3935129600,76.4,11881922560,823287808,5905207296,1523568640,1508794368,2450063360,496615424
20,2022-01-25,10:20:55,0.5,LocalHost,16.1,16664068096,3935514624,76.4,11881549824,823488512,5904543744,1523744768,1508794368,2450235392,496615424
21,2022-01-25,10:20:55,0.5,LocalHost,23.0,16664068096,3935469568,76.4,11881652224,823230464,5904498688,1523953664,1508851712,2450333696,496615424
22,2022-01-25,10:20:56,0.5,LocalHost,20.1,16664068096,3935707136,76.4,11881332736,823164928,5904478208,1524187136,1508859904,2450710528,496615424
23,2022-01-25,10:20:56,0.5,LocalHost,17.6,16664068096,3935969280,76.4,11881058304,823398400,5904510976,1524215808,1508859904,2450751488,496615424
24,2022-01-25,10:20:57,0.5,LocalHost,13.3,16664068096,3935707136,76.4,11881242624,823001088,5904560128,1524350976,1508859904,2450964480,496615424
25,2022-01-25,10:20:57,0.5,LocalHost,13.3,16664068096,3936202752,76.4,11880763392,823230464,5904560128,1524617216,1508859904,2451214336,496615424
26,2022-01-25,10:20:58,0.5,LocalHost,12.4,16664068096,3936415744,76.4,11880583168,823164928,5904412672,1524891648,1508859904,2451460096,496615424
27,2022-01-25,10:20:58,0.5,LocalHost,16.5,16664068096,3936477184,76.4,11880501248,823164928,5904551936,1524948992,1508868096,2451533824,496615424
28,2022-01-25,10:20:59,0.5,LocalHost,16.5,16664068096,3937128448,76.4,11879944192,823488512,5904564224,1525264384,1508868096,2451767296,496615424
29,2022-01-25,10:20:59,0.5,LocalHost,15.4,16664068096,3936940032,76.4,11880095744,823132160,5904478208,1525428224,1508868096,2451972096,496615424
30,2022-01-25,10:21:00,0.5,LocalHost,20.2,16664068096,3934392320,76.4,11881222144,819961856,5904846848,1525895168,1508868096,2454016000,498053120
31,2022-01-25,10:21:00,0.5,LocalHost,17.1,16664068096,3934650368,76.4,11880820736,820191232,5905018880,1525923840,1508868096,2454188032,498176000
32,2022-01-25,10:21:01,0.5,LocalHost,18.1,16664068096,3934584832,76.4,11880951808,819806208,5905154048,1526231040,1508941824,2454368256,498176000
33,2022-01-25,10:21:01,0.5,LocalHost,20.5,16664068096,3943759872,76.3,11880452096,828747776,5905055744,1526456320,1508941824,2445926400,489422848
34,2022-01-25,10:21:02,0.5,LocalHost,17.6,16664068096,3943952384,76.3,11880488960,828669952,5904969728,1526673408,1508941824,2445967360,489246720
35,2022-01-25,10:21:02,0.5,LocalHost,14.7,16664068096,3943997440,76.3,11880411136,828669952,5904896000,1526714368,1508941824,2446045184,489246720
36,2022-01-25,10:21:03,0.5,LocalHost,16.2,16664068096,3944185856,76.3,11880185856,828600320,5904961536,1526972416,1508941824,2446340096,489246720
37,2022-01-25,10:21:03,0.5,LocalHost,13.4,16664068096,3943829504,76.3,11880534016,828182528,5904961536,1527033856,1508950016,2446401536,489246720
38,2022-01-25,10:21:04,0.5,LocalHost,14.8,16664068096,3943682048,76.3,11880738816,827666432,5904896000,1527382016,1508950016,2446712832,489246720
39,2022-01-25,10:21:04,0.5,LocalHost,20.7,16664068096,3940200448,76.4,11884154880,824180736,5905719296,1527386112,1508950016,2446782464,489246720
40,2022-01-25,10:21:05,0.5,LocalHost,15.3,16664068096,3940970496,76.4,11883429888,824557568,5904945152,1527701504,1508950016,2447130624,489246720
41,2022-01-25,10:21:05,0.5,LocalHost,19.5,16664068096,3941294080,76.3,11883130880,824569856,5904977920,1528008704,1508950016,2447417344,489246720
42,2022-01-25,10:21:06,0.5,LocalHost,20.1,16664068096,3941801984,76.3,11882541056,824881152,5904855040,1528201216,1508950016,2447695872,489246720
43,2022-01-25,10:21:06,0.5,LocalHost,17.6,16664068096,3941847040,76.3,11882565632,824721408,5904879616,1528377344,1509007360,2447773696,489246720
44,2022-01-25,10:21:07,0.5,LocalHost,18.6,16664068096,3941834752,76.3,11882602496,824397824,5904904192,1528672256,1509007360,2448060416,489246720
45,2022-01-25,10:21:07,0.5,LocalHost,17.2,16664068096,3921588224,76.5,11882340352,804130816,5905195008,1528692736,1509007360,2468589568,509714432
46,2022-01-25,10:21:08,0.5,LocalHost,16.7,16664068096,3922083840,76.5,11881824256,804364288,5905354752,1528934400,1509007360,2468872192,509718528
47,2022-01-25,10:21:08,0.5,LocalHost,19.9,16664068096,3922284544,76.5,11881644032,804454400,5905633280,1529044992,1509015552,2468954112,509718528
48,2022-01-25,10:21:09,0.5,LocalHost,21.6,16664068096,3922259968,76.5,11881689088,804106240,5905195008,1529360384,1509015552,2469257216,509718528
49,2022-01-25,10:21:09,0.5,LocalHost,17.0,16664068096,3922071552,76.5,11881865216,803913728,5905195008,1529360384,1509015552,2469273600,509718528
50,2022-01-25,10:21:10,0.5,LocalHost,15.9,16664068096,3922440192,76.5,11881492480,804012032,5904969728,1529626624,1509015552,2469548032,509718528
51,2022-01-25,10:21:10,0.5,LocalHost,19.3,16664068096,3922989056,76.5,11880951808,804417536,5904875520,1529761792,1509015552,2469683200,509718528
52,2022-01-25,10:21:11,0.5,LocalHost,22.3,16664068096,3923083264,76.5,11880853504,804159488,5905059840,1530114048,1509015552,2470039552,509718528
53,2022-01-25,10:21:11,0.5,LocalHost,22.2,16664068096,3923116032,76.5,11880816640,804032512,5905059840,1530273792,1509023744,2470195200,509718528
54,2022-01-25,10:21:12,0.5,LocalHost,23.3,16664068096,3922804736,76.5,11881209856,803352576,5905178624,1530585088,1509081088,2470424576,509718528
55,2022-01-25,10:21:12,0.5,LocalHost,20.4,16664068096,3922698240,76.5,11881295872,803127296,5905195008,1530691584,1509081088,2470563840,509718528
56,2022-01-25,10:21:13,0.5,LocalHost,22.9,16664068096,3922513920,76.5,11881394176,802803712,5905149952,1530822656,1509081088,2470789120,509718528
57,2022-01-25,10:21:13,0.5,LocalHost,23.8,16664068096,3922817024,76.5,11881082880,803106816,5905149952,1530822656,1509089280,2470789120,509718528
58,2022-01-25,10:21:14,0.5,LocalHost,23.7,16664068096,3922980864,76.5,11880919040,803061760,5905223680,1531015168,1509089280,2470998016,509718528
59,2022-01-25,10:21:14,0.5,LocalHost,26.0,16664068096,3922808832,76.5,11881209856,802521088,5905551360,1531383808,1509089280,2471247872,509718528
60,2022-01-25,10:21:15,0.5,LocalHost,27.2,16664068096,3920113664,76.5,11883888640,799457280,5905620992,1531723776,1509089280,2471632896,509718528
61,2022-01-25,10:21:15,0.5,LocalHost,29.6,16664068096,3920257024,76.5,11883696128,799707136,5905281024,1531801600,1509089280,2471575552,509718528
62,2022-01-25,10:21:16,0.5,LocalHost,28.3,16664068096,3920773120,76.5,11883110400,799932416,5905145856,1532092416,1509089280,2471936000,509718528
63,2022-01-25,10:21:16,0.5,LocalHost,27.2,16664068096,3921031168,76.5,11882827776,800129024,5905145856,1532153856,1509089280,2472022016,509718528
64,2022-01-25,10:21:17,0.5,LocalHost,22.6,16664068096,3921092608,76.5,11882782720,799674368,5905309696,1532661760,1509105664,2472505344,509718528
65,2022-01-25,10:21:17,0.5,LocalHost,21.9,16664068096,3921264640,76.5,11882684416,799739904,5905051648,1532768256,1509154816,2472488960,509718528
66,2022-01-25,10:21:18,0.5,LocalHost,23.8,16664068096,3921100800,76.5,11882864640,799141888,5905362944,1533120512,1509154816,2472906752,509718528
67,2022-01-25,10:21:18,0.5,LocalHost,22.0,16664068096,3921293312,76.5,11882668032,799285248,5905195008,1533169664,1509163008,2472951808,509718528
68,2022-01-25,10:21:19,0.5,LocalHost,26.1,16664068096,3921383424,76.5,11882491904,799117312,5905321984,1533415424,1509163008,2473295872,509718528
69,2022-01-25,10:21:19,0.5,LocalHost,20.6,16664068096,3921506304,76.5,11882344448,799117312,5905321984,1533538304,1509163008,2473443328,509718528
70,2022-01-25,10:21:20,0.5,LocalHost,21.0,16664068096,3921391616,76.5,11882430464,798859264,5905301504,1533677568,1509163008,2473615360,509718528
71,2022-01-25,10:21:20,0.5,LocalHost,22.8,16664068096,3921461248,76.5,11882352640,798826496,5905178624,1533779968,1509163008,2473725952,509718528
72,2022-01-25,10:21:21,0.5,LocalHost,21.9,16664068096,3921866752,76.5,11882053632,798826496,5905297408,1534185472,1509163008,2474024960,509718528
73,2022-01-25,10:21:21,0.5,LocalHost,25.4,16664068096,3922415616,76.5,11881467904,799248384,5905297408,1534308352,1509163008,2474188800,509718528
74,2022-01-25,10:21:22,0.5,LocalHost,27.9,16664068096,3922333696,76.5,11881611264,798924800,5905424384,1534545920,1509163008,2474369024,509718528
75,2022-01-25,10:21:22,0.5,LocalHost,27.1,16664068096,3922444288,76.5,11881467904,798859264,5905276928,1534722048,1509187584,2474553344,509718528
76,2022-01-25,10:21:23,0.5,LocalHost,28.6,16664068096,3922784256,76.5,11881209856,798892032,5905334272,1534955520,1509244928,2474721280,509718528
77,2022-01-25,10:21:23,0.5,LocalHost,28.8,16664068096,3922853888,76.5,11881091072,798957568,5905334272,1534955520,1509253120,2474766336,509718528
78,2022-01-25,10:21:24,0.5,LocalHost,29.2,16664068096,3922489344,76.5,11881345024,798343168,5905371136,1535205376,1509253120,2475126784,509718528
79,2022-01-25,10:21:24,0.5,LocalHost,28.8,16664068096,3922771968,76.5,11881095168,798441472,5905387520,1535373312,1509253120,2475278336,509718528
80,2022-01-25,10:21:25,0.5,LocalHost,29.3,16664068096,3920748544,76.5,11883307008,795684864,5905420288,1536032768,1509253120,2475823104,509718528
81,2022-01-25,10:21:25,0.5,LocalHost,23.7,16664068096,3920986112,76.5,11882999808,795873280,5905346560,1536118784,1509253120,2475941888,509718528
82,2022-01-25,10:21:26,0.5,LocalHost,29.3,16664068096,3920990208,76.5,11882971136,795680768,5905346560,1536315392,1509253120,2476163072,509718528
83,2022-01-25,10:21:26,0.5,LocalHost,26.6,16664068096,3921289216,76.5,11882659840,795906048,5905149952,1536389120,1509253120,2476249088,509718528
84,2022-01-25,10:21:27,0.5,LocalHost,26.0,16664068096,3921530880,76.5,11882385408,795897856,5905391616,1536626688,1509253120,2476531712,509718528
85,2022-01-25,10:21:27,0.5,LocalHost,26.5,16664068096,3933327360,76.4,11883646976,807579648,5905399808,1536741376,1509253120,2463588352,496672768
86,2022-01-25,10:21:28,0.5,LocalHost,28.2,16664068096,3934121984,76.4,11882950656,808050688,5905354752,1537064960,1509285888,2463780864,496574464
87,2022-01-25,10:21:28,0.5,LocalHost,23.4,16664068096,3934261248,76.4,11882770432,808050688,5905440768,1537146880,1509339136,2463907840,496574464
88,2022-01-25,10:21:29,0.5,LocalHost,21.3,16664068096,3934359552,76.4,11882618880,808017920,5905444864,1537277952,1509339136,2464092160,496574464
89,2022-01-25,10:21:29,0.5,LocalHost,21.7,16664068096,3934236672,76.4,11882717184,807772160,5905522688,1537396736,1509339136,2464239616,496574464
90,2022-01-25,10:21:30,0.5,LocalHost,21.9,16664068096,3934441472,76.4,11882545152,807694336,5905506304,1537658880,1509339136,2464489472,496574464
91,2022-01-25,10:21:30,0.5,LocalHost,25.0,16664068096,3934408704,76.4,11882659840,807534592,5905698816,1537773568,1509339136,2464534528,496574464
92,2022-01-25,10:21:31,0.5,LocalHost,24.2,16664068096,3934556160,76.4,11882446848,807403520,5905743872,1538048000,1509339136,2464878592,496574464
93,2022-01-25,10:21:31,0.5,LocalHost,22.6,16664068096,3934617600,76.4,11882356736,807342080,5905743872,1538170880,1509339136,2465030144,496574464
94,2022-01-25,10:21:32,0.5,LocalHost,23.2,16664068096,3934785536,76.4,11882283008,807178240,5905686528,1538502656,1509339136,2465267712,496574464
95,2022-01-25,10:21:32,0.5,LocalHost,24.0,16664068096,3934371840,76.4,11882717184,806662144,5905965056,1538605056,1509339136,2465349632,496574464
96,2022-01-25,10:21:33,0.5,LocalHost,28.3,16664068096,3933958144,76.4,11883102208,806019072,5905682432,1538830336,1509339136,2465607680,496574464
97,2022-01-25,10:21:33,0.5,LocalHost,26.2,16664068096,3934154752,76.4,11882872832,806215680,5905682432,1538830336,1509380096,2465599488,496574464
98,2022-01-25,10:21:34,0.5,LocalHost,20.0,16664068096,3934265344,76.4,11882889216,805859328,5905776640,1539256320,1509396480,2465923072,496574464
99,2022-01-25,10:21:34,0.5,LocalHost,23.0,16664068096,3934531584,76.4,11882569728,805990400,5905784832,1539379200,1509396480,2466111488,496574464
100,2022-01-25,10:21:35,0.5,LocalHost,31.5,16664068096,3934523392,76.4,11882553344,805793792,5905694720,1539567616,1509396480,2466324480,496574464
101,2022-01-25,10:21:35,0.5,LocalHost,27.3,16664068096,3934892032,76.4,11882233856,805838848,5906300928,1539891200,1509396480,2466598912,496574464
102,2022-01-25,10:21:36,0.5,LocalHost,24.4,16664068096,3935068160,76.4,11882000384,805756928,5905575936,1540116480,1509396480,2466914304,496574464
103,2022-01-25,10:21:36,0.5,LocalHost,22.2,16664068096,3935096832,76.4,11881988096,805724160,5905575936,1540177920,1509396480,2466959360,496574464
104,2022-01-25,10:21:37,0.5,LocalHost,20.2,16664068096,3935440896,76.4,11881549824,805822464,5905715200,1540419584,1509396480,2467299328,496574464
105,2022-01-25,10:21:37,0.5,LocalHost,19.3,16664068096,3935518720,76.4,11881435136,805789696,5905727488,1540530176,1509396480,2467446784,496574464
106,2022-01-25,10:21:38,0.5,LocalHost,19.4,16664068096,3935739904,76.4,11881218048,805756928,5905682432,1540784128,1509396480,2467696640,496574464
107,2022-01-25,10:21:38,0.5,LocalHost,21.5,16664068096,3935789056,76.4,11881230336,805703680,5905698816,1540874240,1509429248,2467704832,496574464
108,2022-01-25,10:21:39,0.5,LocalHost,17.8,16664068096,3936325632,76.4,11880804352,805756928,5905580032,1541337088,1509445632,2468061184,496574464
109,2022-01-25,10:21:39,0.5,LocalHost,17.0,16664068096,3936280576,76.4,11880796160,805703680,5905625088,1541345280,1509478400,2468089856,496574464
110,2022-01-25,10:21:40,0.5,LocalHost,17.5,16664068096,3936624640,76.4,11880452096,805756928,5905580032,1541570560,1509478400,2468380672,496574464
111,2022-01-25,10:21:40,0.5,LocalHost,17.4,16664068096,3936808960,76.4,11880280064,805756928,5905580032,1541754880,1509478400,2468552704,496574464
112,2022-01-25,10:21:41,0.5,LocalHost,16.6,16664068096,3937173504,76.4,11879833600,805982208,5905620992,1541894144,1509478400,2468773888,496574464
113,2022-01-25,10:21:41,0.5,LocalHost,19.3,16664068096,3937308672,76.4,11879690240,806055936,5905620992,1541955584,1509478400,2468843520,496574464
114,2022-01-25,10:21:42,0.5,LocalHost,18.5,16664068096,3937316864,76.4,11879694336,805724160,5905575936,1542291456,1509478400,2469171200,496574464
115,2022-01-25,10:21:42,0.5,LocalHost,15.9,16664068096,3937505280,76.4,11879600128,805789696,5905575936,1542414336,1509478400,2469199872,496574464
116,2022-01-25,10:21:43,0.5,LocalHost,13.5,16664068096,3937746944,76.4,11879317504,805724160,5905444864,1542713344,1509478400,2469548032,496574464
117,2022-01-25,10:21:43,0.5,LocalHost,21.2,16664068096,3937583104,76.4,11879432192,805498880,5905444864,1542774784,1509486592,2469650432,496574464
118,2022-01-25,10:21:44,0.5,LocalHost,23.9,16664068096,3937615872,76.4,11879428096,805208064,5905580032,1543098368,1509519360,2469912576,496574464
119,2022-01-25,10:21:44,0.5,LocalHost,17.1,16664068096,3936325632,76.4,11880804352,803729408,5905969152,1543254016,1509527552,2470006784,496574464
120,2022-01-25,10:21:45,0.5,LocalHost,16.1,16664068096,3936931840,76.4,11880194048,804093952,5905633280,1543479296,1509543936,2470236160,496574464
121,2022-01-25,10:21:45,0.5,LocalHost,20.4,16664068096,3934601216,76.4,11882745856,801243136,5906337792,1543901184,1509543936,2470535168,496574464
122,2022-01-25,10:21:46,0.5,LocalHost,14.7,16664068096,3935133696,76.4,11882004480,801685504,5905711104,1544015872,1509543936,2470834176,496574464
123,2022-01-25,10:21:46,0.5,LocalHost,23.0,16664068096,3935408128,76.4,11881697280,801955840,5905768448,1544019968,1509543936,2470871040,496574464
124,2022-01-25,10:21:47,0.5,LocalHost,21.1,16664068096,3935330304,76.4,11881742336,801587200,5905719296,1544310784,1509543936,2471194624,496574464
125,2022-01-25,10:21:47,0.5,LocalHost,19.4,16664068096,3935653888,76.4,11881410560,801910784,5905719296,1544310784,1509543936,2471202816,496574464
126,2022-01-25,10:21:48,0.5,LocalHost,21.1,16664068096,3935948800,76.4,11881082880,801878016,5905752064,1544634368,1509543936,2471563264,496574464
127,2022-01-25,10:21:48,0.5,LocalHost,20.8,16664068096,3935952896,76.4,11881066496,801759232,5905752064,1544757248,1509552128,2471690240,496574464
128,2022-01-25,10:21:49,0.5,LocalHost,20.5,16664068096,3936423936,76.4,11880628224,801910784,5905842176,1545052160,1509576704,2471952384,496574464
129,2022-01-25,10:21:49,0.5,LocalHost,17.1,16664068096,3936460800,76.4,11880574976,801943552,5905842176,1545052160,1509576704,2471972864,496574464
130,2022-01-25,10:21:50,0.5,LocalHost,17.0,16664068096,3936260096,76.4,11880841216,801361920,5905838080,1545420800,1509584896,2472280064,496574464
131,2022-01-25,10:21:50,0.5,LocalHost,19.5,16664068096,3936378880,76.4,11880673280,801361920,5905850368,1545531392,1509601280,2472431616,496574464
132,2022-01-25,10:21:51,0.5,LocalHost,19.6,16664068096,3936608256,76.4,11880456192,801329152,5905874944,1545768960,1509601280,2472681472,496574464
133,2022-01-25,10:21:51,0.5,LocalHost,21.3,16664068096,3937095680,76.4,11879919616,801816576,5905874944,1545768960,1509601280,2472730624,496574464
134,2022-01-25,10:21:52,0.5,LocalHost,17.1,16664068096,3936911360,76.4,11880079360,801329152,5905858560,1546072064,1509601280,2473058304,496574464
135,2022-01-25,10:21:52,0.5,LocalHost,15.3,16664068096,3936878592,76.4,11880067072,801296384,5905858560,1546072064,1509601280,2473103360,496574464
136,2022-01-25,10:21:53,0.5,LocalHost,18.1,16664068096,3937263616,76.4,11879677952,801329152,5905879040,1546420224,1509601280,2473459712,496574464
137,2022-01-25,10:21:53,0.5,LocalHost,13.6,16664068096,3937288192,76.4,11879698432,801198080,5905797120,1546575872,1509609472,2473562112,496574464
138,2022-01-25,10:21:54,0.5,LocalHost,16.4,16664068096,3937783808,76.4,11879235584,801361920,5905870848,1546891264,1509609472,2473861120,496574464
139,2022-01-25,10:21:54,0.5,LocalHost,21.1,16664068096,3938201600,76.4,11878805504,801492992,5905895424,1547177984,1509625856,2474143744,496574464
140,2022-01-25,10:21:55,0.5,LocalHost,20.3,16664068096,3938021376,76.4,11879018496,801038336,5905858560,1547436032,1509642240,2474369024,496574464
141,2022-01-25,10:21:55,0.5,LocalHost,24.6,16664068096,3937996800,76.4,11879108608,800792576,5905866752,1547649024,1509642240,2474524672,496574464
142,2022-01-25,10:21:56,0.5,LocalHost,19.5,16664068096,3933773824,76.4,11883380736,796229632,5906112512,1547943936,1509675008,2474782720,496574464
143,2022-01-25,10:21:56,0.5,LocalHost,15.2,16664068096,3934507008,76.4,11882672128,796868608,5906198528,1548005376,1509675008,2474852352,496574464
144,2022-01-25,10:21:57,0.5,LocalHost,16.3,16664068096,3934576640,76.4,11882541056,796729344,5906128896,1548210176,1509675008,2475122688,496574464
145,2022-01-25,10:21:57,0.5,LocalHost,13.6,16664068096,3934945280,76.4,11882098688,796925952,5906030592,1548374016,1509675008,2475368448,496574464
146,2022-01-25,10:21:58,0.5,LocalHost,14.0,16664068096,3934609408,76.4,11882450944,796372992,5906173952,1548591104,1509675008,2475569152,496574464
147,2022-01-25,10:21:58,0.5,LocalHost,22.0,16664068096,3934740480,76.4,11882283008,796438528,5906173952,1548652544,1509683200,2475663360,496574464
148,2022-01-25,10:21:59,0.5,LocalHost,18.2,16664068096,3935055872,76.4,11882008576,796438528,5906132992,1548955648,1509683200,2475937792,496574464
149,2022-01-25,10:21:59,0.5,LocalHost,20.2,16664068096,3935084544,76.4,11881951232,796405760,5906132992,1549017088,1509683200,2476027904,496574464
150,2022-01-25,10:22:00,0.5,LocalHost,24.9,16664068096,3940761600,76.4,11883225088,801677312,5906092032,1549430784,1509707776,2469457920,489754624
151,2022-01-25,10:22:00,0.5,LocalHost,17.0,16664068096,3940552704,76.4,11883421696,801460224,5906092032,1549438976,1509715968,2469470208,489754624
152,2022-01-25,10:22:01,0.5,LocalHost,15.4,16664068096,3941076992,76.3,11883393024,801652736,5906108416,1549762560,1509715968,2469306368,489222144
153,2022-01-25,10:22:01,0.5,LocalHost,17.7,16664068096,3941019648,76.4,11883421696,801591296,5906108416,1549762560,1509740544,2469314560,489222144
154,2022-01-25,10:22:02,0.5,LocalHost,15.6,16664068096,3941388288,76.3,11882962944,801619968,5905989632,1550086144,1509740544,2469744640,489246720
155,2022-01-25,10:22:02,0.5,LocalHost,16.5,16664068096,3941711872,76.3,11882668032,801783808,5905833984,1550241792,1509740544,2469875712,489246720
156,2022-01-25,10:22:03,0.5,LocalHost,15.0,16664068096,3941769216,76.3,11882569728,801619968,5905981440,1550462976,1509740544,2470137856,489246720
157,2022-01-25,10:22:03,0.5,LocalHost,16.3,16664068096,3941896192,76.3,11882418176,801685504,5905981440,1550524416,1509748736,2470215680,489246720
158,2022-01-25,10:22:04,0.5,LocalHost,15.6,16664068096,3941896192,76.3,11882479616,801361920,5905895424,1550831616,1509748736,2470477824,489246720
159,2022-01-25,10:22:04,0.5,LocalHost,16.9,16664068096,3942060032,76.3,11882266624,801525760,5905895424,1550831616,1509748736,2470526976,489246720
160,2022-01-25,10:22:05,0.5,LocalHost,16.3,16664068096,3942051840,76.3,11882340352,801103872,5905965056,1551245312,1509748736,2470875136,489246720
161,2022-01-25,10:22:05,0.5,LocalHost,17.1,16664068096,3941933056,76.3,11882463232,800854016,5905997824,1551376384,1509773312,2470977536,489246720
162,2022-01-25,10:22:06,0.5,LocalHost,18.3,16664068096,3939713024,76.4,11884814336,798011392,5906284544,1551880192,1509773312,2471469056,489246720
163,2022-01-25,10:22:06,0.5,LocalHost,17.5,16664068096,3939979264,76.4,11884482560,798150656,5906006016,1552007168,1509773312,2471661568,489246720
164,2022-01-25,10:22:07,0.5,LocalHost,18.6,16664068096,3940061184,76.4,11884363776,798117888,5906006016,1552109568,1509789696,2471796736,489246720
165,2022-01-25,10:22:07,0.5,LocalHost,17.7,16664068096,3929477120,76.4,11883745280,787402752,5906178048,1552224256,1509789696,2483130368,500428800
166,2022-01-25,10:22:08,0.5,LocalHost,15.1,16664068096,3929104384,76.4,11883638784,786796544,5906296832,1552457728,1509789696,2483843072,500928512
167,2022-01-25,10:22:08,0.5,LocalHost,14.0,16664068096,3929264128,76.4,11883421696,786829312,5906300928,1552576512,1509797888,2484019200,500928512
168,2022-01-25,10:22:09,0.5,LocalHost,14.9,16664068096,3929468928,76.4,11883282432,786731008,5906116608,1552863232,1509797888,2484256768,500928512
169,2022-01-25,10:22:09,0.5,LocalHost,16.5,16664068096,3929522176,76.4,11883184128,786763776,5906219008,1552883712,1509797888,2484322304,500928512
170,2022-01-25,10:22:10,0.5,LocalHost,16.3,16664068096,3929792512,76.4,11882872832,786731008,5905989632,1553182720,1509797888,2484666368,500928512
171,2022-01-25,10:22:10,0.5,LocalHost,17.6,16664068096,3930103808,76.4,11882622976,786862080,5905993728,1553362944,1509797888,2484785152,500928512
172,2022-01-25,10:22:11,0.5,LocalHost,20.5,16664068096,3930341376,76.4,11882418176,786763776,5906055168,1553661952,1509830656,2485055488,500928512
173,2022-01-25,10:22:11,0.5,LocalHost,17.2,16664068096,3930497024,76.4,11882246144,786763776,5906120704,1553801216,1509838848,2485219328,500928512
174,2022-01-25,10:22:12,0.5,LocalHost,15.7,16664068096,3930607616,76.4,11882135552,786731008,5906120704,1553944576,1509838848,2485362688,500928512
175,2022-01-25,10:22:12,0.5,LocalHost,16.4,16664068096,3930783744,76.4,11881988096,786796544,5906145280,1554030592,1509863424,2485420032,500928512
176,2022-01-25,10:22:13,0.5,LocalHost,19.3,16664068096,3930963968,76.4,11881754624,786640896,5906178048,1554362368,1509863424,2485809152,500928512
177,2022-01-25,10:22:13,0.5,LocalHost,16.4,16664068096,3931295744,76.4,11881472000,786907136,5906178048,1554423808,1509871616,2485817344,500928512
178,2022-01-25,10:22:14,0.5,LocalHost,15.0,16664068096,3931185152,76.4,11881521152,786440192,5906202624,1554763776,1509871616,2486235136,500928512
179,2022-01-25,10:22:14,0.5,LocalHost,17.5,16664068096,3930800128,76.4,11882016768,785858560,5906583552,1554948096,1509871616,2486321152,500928512
180,2022-01-25,10:22:15,0.5,LocalHost,18.7,16664068096,3930337280,76.4,11882369024,785285120,5906231296,1555054592,1509871616,2486542336,500928512
181,2022-01-25,10:22:15,0.5,LocalHost,22.7,16664068096,3930566656,76.4,11882164224,785317888,5906235392,1555247104,1509871616,2486714368,500928512
182,2022-01-25,10:22:16,0.5,LocalHost,22.6,16664068096,3924287488,76.5,11888410624,778866688,5911810048,1555415040,1509871616,2486919168,500928512
183,2022-01-25,10:22:16,0.5,LocalHost,16.5,16664068096,3928383488,76.4,11884380160,782848000,5906210816,1555660800,1509896192,2486943744,500928512
184,2022-01-25,10:22:17,0.5,LocalHost,19.2,16664068096,3928956928,76.4,11883765760,782954496,5906272256,1556013056,1509904384,2487443456,500928512
185,2022-01-25,10:22:17,0.5,LocalHost,17.0,16664068096,3928547328,76.4,11884150784,782544896,5906272256,1556013056,1509904384,2487468032,500928512
186,2022-01-25,10:22:18,0.5,LocalHost,14.7,16664068096,3928731648,76.4,11883937792,782385152,5906259968,1556344832,1509920768,2487824384,500928512
187,2022-01-25,10:22:18,0.5,LocalHost,16.7,16664068096,3928702976,76.4,11883986944,782213120,5906284544,1556475904,1509928960,2487939072,500928512
188,2022-01-25,10:22:19,0.5,LocalHost,16.8,16664068096,3929231360,76.4,11883618304,782360576,5905727488,1556836352,1509928960,2488160256,500928512
189,2022-01-25,10:22:19,0.5,LocalHost,14.2,16664068096,3929509888,76.4,11883212800,782516224,5905645568,1556955136,1509928960,2488410112,500928512
190,2022-01-25,10:22:20,0.5,LocalHost,15.5,16664068096,3929591808,76.4,11883155456,782446592,5905457152,1557106688,1509928960,2488537088,500928512
191,2022-01-25,10:22:20,0.5,LocalHost,18.9,16664068096,3933704192,76.4,11882999808,786432000,5905698816,1557286912,1509928960,2484707328,496934912
192,2022-01-25,10:22:21,0.5,LocalHost,19.4,16664068096,3933327360,76.4,11883712512,785752064,5905694720,1557524480,1509928960,2484674560,496680960
193,2022-01-25,10:22:21,0.5,LocalHost,15.5,16664068096,3933462528,76.4,11883511808,785850368,5905719296,1557561344,1509928960,2484776960,496680960
194,2022-01-25,10:22:22,0.5,LocalHost,17.6,16664068096,3934105600,76.4,11882926080,786100224,5905629184,1557938176,1509953536,2485088256,496680960
195,2022-01-25,10:22:22,0.5,LocalHost,14.6,16664068096,3934195712,76.4,11882823680,786100224,5905633280,1558024192,1509961728,2485182464,496680960
196,2022-01-25,10:22:23,0.5,LocalHost,17.2,16664068096,3934138368,76.4,11882778624,785842176,5905657856,1558192128,1509961728,2485485568,496680960
197,2022-01-25,10:22:23,0.5,LocalHost,17.1,16664068096,3934326784,76.4,11882635264,785940480,5905666048,1558282240,1509986304,2485506048,496680960
198,2022-01-25,10:22:24,0.5,LocalHost,16.6,16664068096,3934593024,76.4,11882397696,785842176,5905698816,1558626304,1509986304,2485841920,496680960
199,2022-01-25,10:22:24,0.5,LocalHost,15.7,16664068096,3935076352,76.4,11881922560,786206720,5905711104,1558736896,1509986304,2485952512,496680960
200,2022-01-25,10:22:25,0.5,LocalHost,14.0,16664068096,3934547968,76.4,11882442752,785461248,5905698816,1558945792,1509986304,2486177792,496680960
201,2022-01-25,10:22:25,0.5,LocalHost,15.1,16664068096,3935043584,76.4,11881906176,785879040,5905743872,1559023616,1509986304,2486296576,496680960
202,2022-01-25,10:22:26,0.5,LocalHost,15.3,16664068096,3934953472,76.4,11881914368,785575936,5905743872,1559220224,1509986304,2486591488,496680960
203,2022-01-25,10:22:26,0.5,LocalHost,19.9,16664068096,3932598272,76.4,11884441600,782860288,5905965056,1559633920,1509986304,2486779904,496680960
204,2022-01-25,10:22:27,0.5,LocalHost,12.5,16664068096,3932749824,76.4,11884285952,782700544,5905641472,1559932928,1509986304,2487095296,496680960
205,2022-01-25,10:22:27,0.5,LocalHost,15.4,16664068096,3933483008,76.4,11883638784,783314944,5905653760,1560039424,1510010880,2487103488,496574464
206,2022-01-25,10:22:28,0.5,LocalHost,19.9,16664068096,3933544448,76.4,11883548672,783151104,5905690624,1560248320,1510019072,2487349248,496574464
207,2022-01-25,10:22:28,0.5,LocalHost,18.2,16664068096,3933712384,76.4,11883405312,783249408,5905739776,1560313856,1510027264,2487386112,496574464
208,2022-01-25,10:22:29,0.5,LocalHost,14.0,16664068096,3933655040,76.4,11883425792,782860288,5905682432,1560633344,1510043648,2487738368,496574464
209,2022-01-25,10:22:29,0.5,LocalHost,12.6,16664068096,3934056448,76.4,11882995712,783163392,5905690624,1560719360,1510043648,2487865344,496574464
210,2022-01-25,10:22:30,0.5,LocalHost,15.9,16664068096,3934216192,76.4,11882807296,783060992,5905567744,1560973312,1510043648,2488156160,496574464
211,2022-01-25,10:22:30,0.5,LocalHost,11.7,16664068096,3934519296,76.4,11882524672,783216640,5905575936,1561108480,1510043648,2488283136,496574464
212,2022-01-25,10:22:31,0.5,LocalHost,15.8,16664068096,3934691328,76.4,11882332160,783118336,5905698816,1561370624,1510043648,2488573952,496574464
213,2022-01-25,10:22:31,0.5,LocalHost,15.1,16664068096,3934613504,76.4,11882479616,782827520,5905674240,1561575424,1510043648,2488717312,496574464
214,2022-01-25,10:22:32,0.5,LocalHost,16.3,16664068096,3935117312,76.4,11881910272,783151104,5905694720,1561751552,1510043648,2488963072,496574464
215,2022-01-25,10:22:32,0.5,LocalHost,18.6,16664068096,3934941184,76.4,11882070016,782970880,5905694720,1561751552,1510043648,2488983552,496574464
216,2022-01-25,10:22:33,0.5,LocalHost,19.0,16664068096,3935076352,76.4,11882045440,782602240,5905776640,1562234880,1510060032,2489360384,496574464
217,2022-01-25,10:22:33,0.5,LocalHost,18.6,16664068096,3935277056,76.4,11881787392,782667776,5905793024,1562349568,1510076416,2489536512,496574464
218,2022-01-25,10:22:34,0.5,LocalHost,15.9,16664068096,3935371264,76.4,11881623552,782667776,5905793024,1562443776,1510076416,2489700352,496574464
219,2022-01-25,10:22:34,0.5,LocalHost,20.3,16664068096,3935199232,76.4,11881779200,782323712,5905670144,1562611712,1510109184,2489856000,496574464
220,2022-01-25,10:22:35,0.5,LocalHost,17.7,16664068096,3935535104,76.4,11881537536,782344192,5905690624,1562873856,1510109184,2490077184,496574464
221,2022-01-25,10:22:35,0.5,LocalHost,14.2,16664068096,3935756288,76.4,11881156608,782282752,5905846272,1563156480,1510109184,2490519552,496574464
222,2022-01-25,10:22:36,0.5,LocalHost,15.2,16664068096,3935514624,76.4,11881484288,781828096,5905846272,1563353088,1510109184,2490646528,496574464
223,2022-01-25,10:22:36,0.5,LocalHost,19.4,16664068096,3927961600,76.4,11889082368,774144000,5915164672,1563475968,1510109184,2490732544,496574464
224,2022-01-25,10:22:37,0.5,LocalHost,14.7,16664068096,3933552640,76.4,11883622400,779255808,5905731584,1563910144,1510109184,2491080704,496574464
225,2022-01-25,10:22:37,0.5,LocalHost,18.3,16664068096,3934003200,76.4,11883122688,779644928,5905735680,1563967488,1510109184,2491191296,496574464
226,2022-01-25,10:22:38,0.5,LocalHost,14.4,16664068096,3933892608,76.4,11883196416,779288576,5905784832,1564205056,1510109184,2491473920,496574464
227,2022-01-25,10:22:38,0.5,LocalHost,17.2,16664068096,3934257152,76.4,11882803200,779554816,5905813504,1564270592,1510150144,2491559936,496574464
228,2022-01-25,10:22:39,0.5,LocalHost,18.0,16664068096,3934511104,76.4,11882577920,779546624,5905833984,1564508160,1510158336,2491785216,496574464
229,2022-01-25,10:22:39,0.5,LocalHost,15.0,16664068096,3934490624,76.4,11882594304,779526144,5905833984,1564508160,1510158336,2491789312,496574464
230,2022-01-25,10:22:40,0.5,LocalHost,12.7,16664068096,3934326784,76.4,11882741760,778997760,5905870848,1564860416,1510182912,2492145664,496574464
231,2022-01-25,10:22:40,0.5,LocalHost,12.7,16664068096,3934597120,76.4,11882430464,779030528,5905813504,1565081600,1510182912,2492424192,496574464
232,2022-01-25,10:22:41,0.5,LocalHost,12.4,16664068096,3935207424,76.4,11881865216,779456512,5905813504,1565261824,1510182912,2492563456,496574464
233,2022-01-25,10:22:41,0.5,LocalHost,14.4,16664068096,3935293440,76.4,11881730048,779456512,5905850368,1565347840,1510182912,2492698624,496574464
234,2022-01-25,10:22:42,0.5,LocalHost,17.1,16664068096,3935477760,76.4,11881656320,779255808,5905707008,1565708288,1510182912,2492973056,496574464
235,2022-01-25,10:22:42,0.5,LocalHost,14.6,16664068096,3935633408,76.4,11881488384,779255808,5905801216,1565859840,1510182912,2493140992,496574464
236,2022-01-25,10:22:43,0.5,LocalHost,13.3,16664068096,3935797248,76.4,11881283584,779255808,5905780736,1566023680,1510182912,2493345792,496574464
237,2022-01-25,10:22:43,0.5,LocalHost,16.9,16664068096,3936268288,76.4,11880783872,779587584,5905780736,1566146560,1510191104,2493505536,496574464
238,2022-01-25,10:22:44,0.5,LocalHost,15.4,16664068096,3936477184,76.4,11880628224,779546624,5905854464,1566367744,1510207488,2493685760,496574464
239,2022-01-25,10:22:44,0.5,LocalHost,15.4,16664068096,3935744000,76.4,11881385984,778784768,5906223104,1566396416,1510223872,2493673472,496574464
240,2022-01-25,10:22:45,0.5,LocalHost,16.1,16664068096,3936047104,76.4,11881066496,778665984,5905788928,1566789632,1510223872,2494111744,496574464
241,2022-01-25,10:22:45,0.5,LocalHost,15.2,16664068096,3936567296,76.4,11880484864,779120640,5905788928,1566851072,1510248448,2494214144,496574464
242,2022-01-25,10:22:46,0.5,LocalHost,15.0,16664068096,3936862208,76.4,11880222720,779022336,5905903616,1567227904,1510248448,2494574592,496574464
243,2022-01-25,10:22:46,0.5,LocalHost,14.6,16664068096,3936702464,76.4,11880341504,778764288,5905756160,1567322112,1510248448,2494713856,496574464
244,2022-01-25,10:22:47,0.5,LocalHost,19.8,16664068096,3935059968,76.4,11882123264,776503296,5905629184,1567711232,1510248448,2495193088,496574464
245,2022-01-25,10:22:47,0.5,LocalHost,13.8,16664068096,3935105024,76.4,11882024960,776581120,5905944576,1567715328,1510248448,2495213568,496574464
246,2022-01-25,10:22:48,0.5,LocalHost,20.2,16664068096,3935068160,76.4,11882008576,776347648,5905899520,1567928320,1510248448,2495463424,496574464
247,2022-01-25,10:22:48,0.5,LocalHost,23.1,16664068096,3935371264,76.4,11881680896,776507392,5905731584,1568071680,1510256640,2495623168,496574464
248,2022-01-25,10:22:49,0.5,LocalHost,18.4,16664068096,3935682560,76.4,11881369600,776638464,5905887232,1568243712,1510256640,2495803392,496574464
249,2022-01-25,10:22:49,0.5,LocalHost,16.9,16664068096,3935858688,76.4,11881181184,776671232,5905793024,1568387072,1510273024,2495942656,496574464
250,2022-01-25,10:22:50,0.5,LocalHost,18.3,16664068096,3935809536,76.4,11881279488,776314880,5906022400,1568661504,1510281216,2496192512,496574464
251,2022-01-25,10:22:50,0.5,LocalHost,12.8,16664068096,3936444416,76.4,11880648704,776704000,5906026496,1568903168,1510281216,2496434176,496574464
252,2022-01-25,10:22:51,0.5,LocalHost,16.1,16664068096,3936309248,76.4,11880706048,776482816,5906083840,1568980992,1510313984,2496565248,496574464
253,2022-01-25,10:22:51,0.5,LocalHost,14.0,16664068096,3936354304,76.4,11880636416,776347648,5906059264,1569140736,1510313984,2496770048,496574464
254,2022-01-25,10:22:52,0.5,LocalHost,12.9,16664068096,3936006144,76.4,11881074688,775766016,5906079744,1569357824,1510313984,2496913408,496574464
255,2022-01-25,10:22:52,0.5,LocalHost,16.2,16664068096,3936366592,76.4,11880660992,775999488,5906079744,1569480704,1510313984,2497093632,496574464
256,2022-01-25,10:22:53,0.5,LocalHost,15.9,16664068096,3936530432,76.4,11880505344,775831552,5906079744,1569783808,1510313984,2497417216,496574464
257,2022-01-25,10:22:53,0.5,LocalHost,18.0,16664068096,3936681984,76.4,11880456192,775798784,5906079744,1569968128,1510322176,2497490944,496574464
258,2022-01-25,10:22:54,0.5,LocalHost,17.9,16664068096,3936751616,76.4,11880398848,775606272,5905739776,1570217984,1510322176,2497740800,496574464
259,2022-01-25,10:22:54,0.5,LocalHost,14.1,16664068096,3936591872,76.4,11880476672,775184384,5905534976,1570476032,1510322176,2498084864,496574464
260,2022-01-25,10:22:55,0.5,LocalHost,16.6,16664068096,3937112064,76.4,11879915520,775450624,5905661952,1570697216,1510346752,2498355200,496574464
261,2022-01-25,10:22:55,0.5,LocalHost,14.1,16664068096,3937333248,76.4,11879706624,775540736,5905670144,1570820096,1510354944,2498465792,496574464
262,2022-01-25,10:22:56,0.5,LocalHost,16.7,16664068096,3937136640,76.4,11879948288,775024640,5905448960,1571127296,1510363136,2498732032,496574464
263,2022-01-25,10:22:56,0.5,LocalHost,16.4,16664068096,3937431552,76.4,11879636992,775221248,5905448960,1571225600,1510371328,2498838528,496574464
264,2022-01-25,10:22:57,0.5,LocalHost,19.0,16664068096,3936903168,76.4,11880194048,774443008,5905879040,1571454976,1510371328,2499059712,496574464
265,2022-01-25,10:22:57,0.5,LocalHost,16.4,16664068096,3935100928,76.4,11882037248,772395008,5905723392,1571696640,1510371328,2499264512,496574464
266,2022-01-25,10:22:58,0.5,LocalHost,17.0,16664068096,3935408128,76.4,11881725952,772505600,5905448960,1571889152,1510371328,2499465216,496574464
267,2022-01-25,10:22:58,0.5,LocalHost,14.8,16664068096,3935707136,76.4,11881390080,772734976,5905457152,1571958784,1510379520,2499563520,496574464
268,2022-01-25,10:22:59,0.5,LocalHost,17.5,16664068096,3935191040,76.4,11881807872,772083712,5905457152,1572085760,1510379520,2499796992,496574464
269,2022-01-25,10:22:59,0.5,LocalHost,16.4,16664068096,3935772672,76.4,11881250816,772603904,5905465344,1572139008,1510379520,2499833856,496574464
270,2022-01-25,10:23:00,0.5,LocalHost,18.3,16664068096,3942760448,76.3,11881127936,779063296,5905731584,1572642816,1510412288,2493464576,489750528
271,2022-01-25,10:23:00,0.5,LocalHost,20.5,16664068096,3942912000,76.3,11880935424,779096064,5905739776,1572757504,1510412288,2493624320,489750528
272,2022-01-25,10:23:01,0.5,LocalHost,19.2,16664068096,3943456768,76.3,11880968192,779354112,5905514496,1573011456,1510420480,2493325312,489218048
273,2022-01-25,10:23:01,0.5,LocalHost,20.8,16664068096,3943690240,76.3,11880783872,779489280,5905518592,1573105664,1510428672,2493366272,489218048
274,2022-01-25,10:23:02,0.5,LocalHost,20.1,16664068096,3944046592,76.3,11880308736,779644928,5905567744,1573298176,1510436864,2493677568,489250816
275,2022-01-25,10:23:02,0.5,LocalHost,18.3,16664068096,3944198144,76.3,11880226816,779710464,5905567744,1573384192,1510436864,2493693952,489250816
276,2022-01-25,10:23:03,0.5,LocalHost,19.1,16664068096,3943895040,76.3,11880538112,778997760,5905522688,1573756928,1510436864,2494095360,489250816
277,2022-01-25,10:23:03,0.5,LocalHost,19.9,16664068096,3944230912,76.3,11880108032,779173888,5905567744,1573908480,1510445056,2494341120,489250816
278,2022-01-25,10:23:04,0.5,LocalHost,20.9,16664068096,3944595456,76.3,11879800832,779337728,5905395712,1574109184,1510445056,2494484480,489250816
279,2022-01-25,10:23:04,0.5,LocalHost,19.5,16664068096,3944558592,76.3,11879854080,779112448,5905399808,1574289408,1510445056,2494656512,489250816
280,2022-01-25,10:23:05,0.5,LocalHost,22.1,16664068096,3944652800,76.3,11879809024,778854400,5905645568,1574621184,1510461440,2494943232,489250816
281,2022-01-25,10:23:05,0.5,LocalHost,19.8,16664068096,3944689664,76.3,11879735296,778801152,5905678336,1574711296,1510461440,2495070208,489250816
282,2022-01-25,10:23:06,0.5,LocalHost,18.2,16664068096,3944398848,76.3,11879960576,778240000,5905600512,1574965248,1510461440,2495406080,489250816
283,2022-01-25,10:23:06,0.5,LocalHost,20.9,16664068096,3944742912,76.3,11879677952,778338304,5905649664,1575206912,1510477824,2495574016,489250816
284,2022-01-25,10:23:07,0.5,LocalHost,21.9,16664068096,3944701952,76.3,11879731200,778080256,5905637376,1575415808,1510486016,2495770624,489250816
285,2022-01-25,10:23:07,0.5,LocalHost,27.6,16664068096,3928629248,76.4,11884187648,761724928,5906345984,1575604224,1510502400,2507653120,500699136
286,2022-01-25,10:23:08,0.5,LocalHost,29.4,16664068096,3928727552,76.4,11883945984,761823232,5905993728,1575727104,1510502400,2507796480,500994048
287,2022-01-25,10:23:08,0.5,LocalHost,31.0,16664068096,3927969792,76.4,11884691456,760934400,5906145280,1575858176,1510510592,2507931648,500994048
288,2022-01-25,10:23:09,0.5,LocalHost,21.4,16664068096,3928387584,76.4,11884314624,761061376,5905997824,1576124416,1510510592,2508181504,500994048
289,2022-01-25,10:23:09,0.5,LocalHost,23.4,16664068096,3928899584,76.4,11883741184,761409536,5906030592,1576275968,1510510592,2508406784,500994048
290,2022-01-25,10:23:10,0.5,LocalHost,25.0,16664068096,3929026560,76.4,11883704320,761294848,5905694720,1576513536,1510510592,2508558336,500994048
291,2022-01-25,10:23:10,0.5,LocalHost,22.0,16664068096,3929272320,76.4,11883442176,761483264,5905723392,1576562688,1510535168,2508607488,500994048
292,2022-01-25,10:23:11,0.5,LocalHost,22.0,16664068096,3929587712,76.4,11883098112,761520128,5905752064,1576833024,1510535168,2508914688,500994048
293,2022-01-25,10:23:11,0.5,LocalHost,22.5,16664068096,3929473024,76.4,11883184128,761327616,5905764352,1576898560,1510535168,2509021184,500994048
294,2022-01-25,10:23:12,0.5,LocalHost,23.1,16664068096,3929473024,76.4,11883155456,761061376,5905637376,1577156608,1510543360,2509307904,500994048
295,2022-01-25,10:23:12,0.5,LocalHost,23.9,16664068096,3929870336,76.4,11882700800,761458688,5905637376,1577156608,1510551552,2509357056,500994048
296,2022-01-25,10:23:13,0.5,LocalHost,24.6,16664068096,3930234880,76.4,11882426368,761384960,5905756160,1577574400,1510567936,2509688832,500994048
297,2022-01-25,10:23:13,0.5,LocalHost,25.1,16664068096,3930304512,76.4,11882356736,761298944,5905559552,1577725952,1510576128,2509836288,500994048
298,2022-01-25,10:23:14,0.5,LocalHost,24.4,16664068096,3930513408,76.4,11882110976,761364480,5905715200,1577836544,1510576128,2510016512,500994048
299,2022-01-25,10:23:14,0.5,LocalHost,23.6,16664068096,3930677248,76.4,11881967616,761499648,5905731584,1577865216,1510576128,2510024704,500994048
300,2022-01-25,10:23:15,0.5,LocalHost,24.8,16664068096,3931459584,76.4,11881197568,761823232,5905756160,1578307584,1510576128,2510471168,500994048
301,2022-01-25,10:23:15,0.5,LocalHost,25.6,16664068096,3931590656,76.4,11881058304,761909248,5905756160,1578352640,1510584320,2510516224,500994048
302,2022-01-25,10:23:16,0.5,LocalHost,23.1,16664068096,3931340800,76.4,11881336832,761339904,5905801216,1578651648,1510592512,2510798848,500994048
303,2022-01-25,10:23:16,0.5,LocalHost,24.5,16664068096,3931602944,76.4,11881037824,761536512,5905801216,1578713088,1510592512,2510901248,500994048
304,2022-01-25,10:23:17,0.5,LocalHost,22.2,16664068096,3931705344,76.4,11880927232,761327616,5905797120,1579012096,1510592512,2511220736,500994048
305,2022-01-25,10:23:17,0.5,LocalHost,22.6,16664068096,3931574272,76.4,11881332736,760606720,5905276928,1579597824,1510608896,2511519744,500994048
306,2022-01-25,10:23:18,0.5,LocalHost,23.0,16664068096,3930185728,76.4,11882536960,758931456,5905571840,1579778048,1510617088,2511982592,500994048
307,2022-01-25,10:23:18,0.5,LocalHost,25.0,16664068096,3930681344,76.4,11882004480,759255040,5905645568,1579945984,1510641664,2512166912,500994048
308,2022-01-25,10:23:19,0.5,LocalHost,26.7,16664068096,3930894336,76.4,11881746432,759287808,5905604608,1580081152,1510641664,2512392192,500994048
309,2022-01-25,10:23:19,0.5,LocalHost,24.2,16664068096,3930935296,76.4,11881689088,759328768,5905604608,1580081152,1510641664,2512408576,500994048
310,2022-01-25,10:23:20,0.5,LocalHost,24.3,16664068096,3931152384,76.4,11881472000,759169024,5905494016,1580453888,1510641664,2512785408,500994048
311,2022-01-25,10:23:20,0.5,LocalHost,24.5,16664068096,3930873856,76.4,11881684992,758820864,5905494016,1580515328,1510641664,2512920576,500994048
312,2022-01-25,10:23:21,0.5,LocalHost,25.5,16664068096,3931488256,76.4,11881156608,759074816,5905629184,1580843008,1510658048,2513178624,500994048
313,2022-01-25,10:23:21,0.5,LocalHost,26.3,16664068096,3931828224,76.4,11880796160,759238656,5905575936,1581015040,1510674432,2513358848,500994048
314,2022-01-25,10:23:22,0.5,LocalHost,20.4,16664068096,3931553792,76.4,11881099264,758718464,5905584128,1581256704,1510674432,2513575936,500994048
315,2022-01-25,10:23:22,0.5,LocalHost,20.6,16664068096,3931750400,76.4,11880857600,758788096,5905584128,1581379584,1510674432,2513747968,500994048
316,2022-01-25,10:23:23,0.5,LocalHost,26.0,16664068096,3932102656,76.4,11880591360,758886400,5905539072,1581604864,1510690816,2513899520,500994048
317,2022-01-25,10:23:23,0.5,LocalHost,27.4,16664068096,3932311552,76.4,11880353792,759009280,5905592320,1581678592,1510699008,2514006016,500994048
318,2022-01-25,10:23:24,0.5,LocalHost,23.4,16664068096,3932172288,76.4,11880476672,758620160,5905596416,1581907968,1510715392,2514255872,500994048
319,2022-01-25,10:23:24,0.5,LocalHost,20.1,16664068096,3932700672,76.4,11879931904,758988800,5905604608,1582059520,1510715392,2514432000,500994048
320,2022-01-25,10:23:25,0.5,LocalHost,17.5,16664068096,3932815360,76.4,11879780352,758910976,5905600512,1582252032,1510715392,2514661376,500994048
321,2022-01-25,10:23:25,0.5,LocalHost,17.2,16664068096,3933007872,76.4,11879583744,758976512,5905600512,1582374912,1510715392,2514792448,500994048
322,2022-01-25,10:23:26,0.5,LocalHost,19.0,16664068096,3932729344,76.4,11879944192,758329344,5905616896,1582731264,1510723584,2515070976,500994048
323,2022-01-25,10:23:26,0.5,LocalHost,21.3,16664068096,3933106176,76.4,11879530496,758628352,5905625088,1582788608,1510731776,2515177472,500994048
324,2022-01-25,10:23:27,0.5,LocalHost,26.2,16664068096,3933425664,76.4,11879198720,758685696,5905633280,1583034368,1510731776,2515451904,500994048
325,2022-01-25,10:23:27,0.5,LocalHost,26.2,16664068096,3937120256,76.4,11879809024,762187776,5905461248,1583222784,1510731776,2511339520,496734208
326,2022-01-25,10:23:28,0.5,LocalHost,28.3,16664068096,3933392896,76.4,11883794432,758132736,5906083840,1583497216,1510731776,2511409152,496574464
327,2022-01-25,10:23:28,0.5,LocalHost,20.0,16664068096,3933536256,76.4,11883622400,758255616,5905993728,1583517696,1510744064,2511446016,496574464
328,2022-01-25,10:23:29,0.5,LocalHost,21.6,16664068096,3934072832,76.4,11883008000,758530048,5905731584,1583796224,1510744064,2511785984,496574464
329,2022-01-25,10:23:29,0.5,LocalHost,23.3,16664068096,3934482432,76.4,11882602496,758833152,5905883136,1583902720,1510760448,2511872000,496574464
330,2022-01-25,10:23:30,0.5,LocalHost,16.3,16664068096,3934425088,76.4,11882672128,758444032,5905911808,1584189440,1510760448,2512191488,496574464
331,2022-01-25,10:23:30,0.5,LocalHost,21.9,16664068096,3934134272,76.4,11882938368,758153216,5905911808,1584189440,1510760448,2512216064,496574464
332,2022-01-25,10:23:31,0.5,LocalHost,21.3,16664068096,3934834688,76.4,11882184704,758542336,5905829888,1584492544,1510760448,2512580608,496574464
333,2022-01-25,10:23:31,0.5,LocalHost,21.2,16664068096,3935027200,76.4,11882012672,758575104,5905854464,1584652288,1510776832,2512703488,496574464
334,2022-01-25,10:23:32,0.5,LocalHost,22.1,16664068096,3935203328,76.4,11881881600,758501376,5905731584,1584885760,1510793216,2512891904,496574464
335,2022-01-25,10:23:32,0.5,LocalHost,25.0,16664068096,3934617600,76.4,11882450944,757694464,5905940480,1585098752,1510793216,2513129472,496574464
336,2022-01-25,10:23:33,0.5,LocalHost,21.0,16664068096,3935166464,76.4,11881951232,757977088,5905854464,1585344512,1510793216,2513346560,496574464
337,2022-01-25,10:23:33,0.5,LocalHost,24.1,16664068096,3935117312,76.4,11881971712,757923840,5905854464,1585344512,1510801408,2513371136,496574464
338,2022-01-25,10:23:34,0.5,LocalHost,24.0,16664068096,3935588352,76.4,11881504768,757989376,5905764352,1585729536,1510817792,2513756160,496574464
339,2022-01-25,10:23:34,0.5,LocalHost,20.1,16664068096,3935576064,76.4,11881431040,757944320,5905903616,1585741824,1510817792,2513874944,496574464
340,2022-01-25,10:23:35,0.5,LocalHost,18.9,16664068096,3935674368,76.4,11881435136,757653504,5905940480,1586118656,1510834176,2514145280,496574464
341,2022-01-25,10:23:35,0.5,LocalHost,19.0,16664068096,3936169984,76.4,11880955904,758083584,5905960960,1586180096,1510834176,2514194432,496574464
342,2022-01-25,10:23:36,0.5,LocalHost,18.6,16664068096,3936321536,76.4,11880820736,757751808,5906038784,1586638848,1510834176,2514661376,496574464
343,2022-01-25,10:23:36,0.5,LocalHost,17.7,16664068096,3936112640,76.4,11880972288,757526528,5905924096,1586655232,1510834176,2514735104,496574464
344,2022-01-25,10:23:37,0.5,LocalHost,21.3,16664068096,3936104448,76.4,11881009152,757202944,5905715200,1586946048,1510850560,2515005440,496574464
345,2022-01-25,10:23:37,0.5,LocalHost,17.4,16664068096,3936378880,76.4,11880706048,757268480,5905756160,1587150848,1510850560,2515243008,496574464
346,2022-01-25,10:23:38,0.5,LocalHost,18.7,16664068096,3935219712,76.4,11881906176,755851264,5907169280,1587400704,1510850560,2515460096,496574464
347,2022-01-25,10:23:38,0.5,LocalHost,16.1,16664068096,3932954624,76.4,11884154880,753680384,5906161664,1587421184,1510850560,2515382272,496574464
348,2022-01-25,10:23:39,0.5,LocalHost,22.7,16664068096,3933683712,76.4,11883417600,753938432,5905752064,1587716096,1510858752,2515853312,496574464
349,2022-01-25,10:23:39,0.5,LocalHost,17.4,16664068096,3933954048,76.4,11883163648,754139136,5905768448,1587769344,1510875136,2515890176,496574464
350,2022-01-25,10:23:40,0.5,LocalHost,19.7,16664068096,3934093312,76.4,11882967040,753963008,5905711104,1588072448,1510875136,2516262912,496574464
351,2022-01-25,10:23:40,0.5,LocalHost,19.6,16664068096,3934203904,76.4,11882868736,754036736,5905682432,1588109312,1510891520,2516271104,496574464
352,2022-01-25,10:23:41,0.5,LocalHost,20.7,16664068096,3934687232,76.4,11882455040,754081792,5905772544,1588514816,1510891520,2516639744,496574464
353,2022-01-25,10:23:41,0.5,LocalHost,20.1,16664068096,3934965760,76.4,11882098688,754266112,5905805312,1588604928,1510891520,2516811776,496574464
354,2022-01-25,10:23:42,0.5,LocalHost,19.5,16664068096,3934810112,76.4,11882237952,753876992,5905833984,1588838400,1510916096,2517037056,496574464
355,2022-01-25,10:23:42,0.5,LocalHost,17.9,16664068096,3935178752,76.4,11881881600,754176000,5905657856,1588908032,1510916096,2517094400,496574464
356,2022-01-25,10:23:43,0.5,LocalHost,15.8,16664068096,3935244288,76.4,11881783296,753909760,5905592320,1589202944,1510916096,2517458944,496574464
357,2022-01-25,10:23:43,0.5,LocalHost,16.5,16664068096,3935223808,76.4,11881758720,753823744,5905838080,1589268480,1510916096,2517569536,496574464
358,2022-01-25,10:23:44,0.5,LocalHost,18.2,16664068096,3934986240,76.4,11882004480,753340416,5905805312,1589493760,1510924288,2517798912,496574464
359,2022-01-25,10:23:44,0.5,LocalHost,18.9,16664068096,3935301632,76.4,11881848832,753328128,5906075648,1589809152,1510924288,2517966848,496574464
360,2022-01-25,10:23:45,0.5,LocalHost,16.4,16664068096,3935281152,76.4,11881852928,753094656,5905842176,1590001664,1510932480,2518188032,496574464
361,2022-01-25,10:23:45,0.5,LocalHost,15.1,16664068096,3935412224,76.4,11881684992,753225728,5905842176,1590001664,1510932480,2518224896,496574464
362,2022-01-25,10:23:46,0.5,LocalHost,11.5,16664068096,3935457280,76.4,11881525248,753029120,5905879040,1590239232,1510965248,2518548480,496574464
363,2022-01-25,10:23:46,0.5,LocalHost,17.1,16664068096,3935678464,76.4,11881345024,753070080,5905879040,1590415360,1510965248,2518687744,496574464
364,2022-01-25,10:23:47,0.5,LocalHost,16.3,16664068096,3936104448,76.4,11880919040,753258496,5905776640,1590644736,1510965248,2518925312,496574464
365,2022-01-25,10:23:47,0.5,LocalHost,18.8,16664068096,3935944704,76.4,11881099264,752902144,5905899520,1590820864,1510993920,2519072768,496574464
366,2022-01-25,10:23:48,0.5,LocalHost,23.5,16664068096,3936067584,76.4,11880927232,752902144,5905932288,1590910976,1510993920,2519244800,496574464
367,2022-01-25,10:23:48,0.5,LocalHost,19.7,16664068096,3934543872,76.4,11882487808,751321088,5906792448,1590968320,1510993920,2519265280,496574464
368,2022-01-25,10:23:49,0.5,LocalHost,15.6,16664068096,3934265344,76.4,11882856448,750596096,5905907712,1591414784,1511002112,2519613440,496574464
369,2022-01-25,10:23:49,0.5,LocalHost,13.9,16664068096,3934945280,76.4,11882127360,751083520,5905907712,1591599104,1511002112,2519855104,496574464
370,2022-01-25,10:23:50,0.5,LocalHost,16.0,16664068096,3935080448,76.4,11882029056,751017984,5905768448,1591787520,1511018496,2520002560,496574464
371,2022-01-25,10:23:50,0.5,LocalHost,10.7,16664068096,3935133696,76.4,11881934848,750854144,5905915904,1592000512,1511018496,2520260608,496574464
372,2022-01-25,10:23:51,0.5,LocalHost,14.7,16664068096,3935322112,76.4,11881693184,750899200,5905915904,1592139776,1511018496,2520457216,496574464
373,2022-01-25,10:23:51,0.5,LocalHost,12.4,16664068096,3935739904,76.4,11881345024,751050752,5905952768,1592381440,1511043072,2520629248,496574464
374,2022-01-25,10:23:52,0.5,LocalHost,15.9,16664068096,3935535104,76.4,11881558016,750628864,5905928192,1592578048,1511043072,2520838144,496574464
375,2022-01-25,10:23:52,0.5,LocalHost,17.8,16664068096,3935326208,76.4,11881807872,750321664,5906018304,1592696832,1511051264,2520887296,496574464
376,2022-01-25,10:23:53,0.5,LocalHost,17.3,16664068096,3935576064,76.4,11881488384,750329856,5905780736,1592926208,1511067648,2521182208,496574464
377,2022-01-25,10:23:53,0.5,LocalHost,14.6,16664068096,3935727616,76.4,11881332736,750419968,5905920000,1592967168,1511075840,2521239552,496574464
378,2022-01-25,10:23:54,0.5,LocalHost,16.7,16664068096,3935727616,76.4,11881238528,750161920,5905981440,1593212928,1511075840,2521591808,496574464
379,2022-01-25,10:23:54,0.5,LocalHost,16.8,16664068096,3935944704,76.4,11881123840,750206976,5905846272,1593376768,1511075840,2521661440,496574464
380,2022-01-25,10:23:55,0.5,LocalHost,15.8,16664068096,3936215040,76.4,11880865792,750030848,5905956864,1593810944,1511075840,2522095616,496574464
381,2022-01-25,10:23:56,0.5,LocalHost,12.4,16664068096,3936497664,76.4,11880583168,750194688,5906010112,1593925632,1511084032,2522206208,496574464
382,2022-01-25,10:23:56,0.5,LocalHost,18.4,16664068096,3936772096,76.4,11880247296,750194688,5906034688,1594191872,1511084032,2522542080,496574464
383,2022-01-25,10:23:57,0.5,LocalHost,15.8,16664068096,3935776768,76.4,11881316352,749072384,5906173952,1594310656,1511084032,2522595328,496574464
384,2022-01-25,10:23:57,0.5,LocalHost,12.5,16664068096,3935834112,76.4,11881140224,748908544,5905870848,1594519552,1511096320,2522923008,496574464
385,2022-01-25,10:23:58,0.5,LocalHost,16.4,16664068096,3936243712,76.4,11880812544,749195264,5905952768,1594642432,1511096320,2522963968,496574464
386,2022-01-25,10:23:58,0.5,LocalHost,12.9,16664068096,3936342016,76.4,11880755200,748974080,5905883136,1594941440,1511120896,2523217920,496574464
387,2022-01-25,10:23:59,0.5,LocalHost,17.3,16664068096,3933306880,76.4,11883831296,745803776,5906718720,1595056128,1511120896,2523312128,496574464
388,2022-01-25,10:23:59,0.5,LocalHost,16.8,16664068096,3933700096,76.4,11883450368,745922560,5905838080,1595392000,1511129088,2523566080,496574464
389,2022-01-25,10:24:00,0.5,LocalHost,22.4,16664068096,3933716480,76.4,11882618880,745787392,5906120704,1603260416,1511129088,2524532736,497373184
390,2022-01-25,10:24:00,0.5,LocalHost,16.9,16664068096,3940896768,76.4,11883008000,752635904,5906251776,1595854848,1511129088,2517295104,489754624
391,2022-01-25,10:24:01,0.5,LocalHost,15.5,16664068096,3940843520,76.4,11883028480,752521216,5906251776,1595916288,1511129088,2517389312,489754624
392,2022-01-25,10:24:01,0.5,LocalHost,17.0,16664068096,3941675008,76.3,11882729472,753086464,5906051072,1596166144,1511137280,2517114880,489254912
393,2022-01-25,10:24:02,0.5,LocalHost,11.2,16664068096,3941974016,76.3,11882414080,753233920,5906051072,1596313600,1511137280,2517282816,489246720
394,2022-01-25,10:24:02,0.5,LocalHost,14.3,16664068096,3942207488,76.3,11882164224,753340416,5905915904,1596436480,1511137280,2517426176,489246720
395,2022-01-25,10:24:03,0.5,LocalHost,14.7,16664068096,3942170624,76.3,11882217472,753082368,5905924096,1596645376,1511153664,2517614592,489246720
396,2022-01-25,10:24:03,0.5,LocalHost,19.0,16664068096,3942203392,76.3,11882196992,752893952,5906075648,1596854272,1511153664,2517823488,489246720
397,2022-01-25,10:24:04,0.5,LocalHost,14.5,16664068096,3942215680,76.3,11882213376,752726016,5906083840,1597026304,1511178240,2517950464,489246720
398,2022-01-25,10:24:04,0.5,LocalHost,14.6,16664068096,3942645760,76.3,11881811968,752787456,5906190336,1597362176,1511186432,2518282240,489246720
399,2022-01-25,10:24:05,0.5,LocalHost,15.7,16664068096,3942776832,76.3,11881631744,752852992,5906198528,1597415424,1511186432,2518396928,489246720
400,2022-01-25,10:24:05,0.5,LocalHost,18.0,16664068096,3942903808,76.3,11881431040,752889856,5906219008,1597505536,1511186432,2518560768,489246720
401,2022-01-25,10:24:06,0.5,LocalHost,19.2,16664068096,3943002112,76.3,11881398272,752689152,5906223104,1597800448,1511186432,2518794240,489246720
402,2022-01-25,10:24:06,0.5,LocalHost,16.1,16664068096,3943231488,76.3,11881185280,752656384,5906272256,1598054400,1511186432,2519040000,489246720
403,2022-01-25,10:24:07,0.5,LocalHost,15.6,16664068096,3943534592,76.3,11880865792,752852992,5906296832,1598148608,1511202816,2519146496,489246720
404,2022-01-25,10:24:07,0.5,LocalHost,12.7,16664068096,3943460864,76.3,11880939520,752439296,5906157568,1598472192,1511202816,2519486464,489246720
405,2022-01-25,10:24:08,0.5,LocalHost,21.5,16664068096,3943464960,76.3,11880873984,752402432,5906305024,1598509056,1511202816,2519588864,489246720
406,2022-01-25,10:24:08,0.5,LocalHost,18.5,16664068096,3931877376,76.4,11880984576,740417536,5906399232,1598898176,1511227392,2531438592,500817920
407,2022-01-25,10:24:09,0.5,LocalHost,15.6,16664068096,3931885568,76.4,11880960000,740192256,5906550784,1599115264,1511227392,2531688448,500817920
408,2022-01-25,10:24:09,0.5,LocalHost,18.4,16664068096,3928870912,76.4,11884056576,736743424,5907304448,1599422464,1511260160,2532007936,500817920
409,2022-01-25,10:24:10,0.5,LocalHost,13.3,16664068096,3929554944,76.4,11883335680,737251328,5907103744,1599606784,1511260160,2532220928,500817920
410,2022-01-25,10:24:10,0.5,LocalHost,13.3,16664068096,3929268224,76.4,11883552768,736862208,5906223104,1599700992,1511260160,2532392960,500817920
411,2022-01-25,10:24:11,0.5,LocalHost,13.9,16664068096,3929812992,76.4,11882975232,737284096,5906223104,1599823872,1511260160,2532548608,500817920
412,2022-01-25,10:24:11,0.5,LocalHost,13.9,16664068096,3930083328,76.4,11882655744,737370112,5906337792,1599995904,1511260160,2532782080,500817920
413,2022-01-25,10:24:12,0.5,LocalHost,15.8,16664068096,3929776128,76.4,11883012096,736854016,5906333696,1600200704,1511260160,2532941824,500817920
414,2022-01-25,10:24:12,0.5,LocalHost,17.8,16664068096,3929993216,76.4,11882889216,736788480,5906333696,1600483328,1511276544,2533113856,500817920
415,2022-01-25,10:24:13,0.5,LocalHost,17.1,16664068096,3930464256,76.4,11882356736,736993280,5906219008,1600729088,1511276544,2533441536,500817920
416,2022-01-25,10:24:13,0.5,LocalHost,16.8,16664068096,3930320896,76.4,11882483712,736739328,5906354176,1600839680,1511276544,2533568512,500817920
417,2022-01-25,10:24:14,0.5,LocalHost,14.2,16664068096,3930546176,76.4,11882254336,736862208,5906341888,1600942080,1511301120,2533650432,500817920
418,2022-01-25,10:24:14,0.5,LocalHost,18.9,16664068096,3930730496,76.4,11881988096,736763904,5906399232,1601204224,1511309312,2534006784,500817920
419,2022-01-25,10:24:15,0.5,LocalHost,15.4,16664068096,3931172864,76.4,11881615360,737099776,5906542592,1601286144,1511333888,2534019072,500817920
420,2022-01-25,10:24:15,0.5,LocalHost,14.0,16664068096,3931930624,76.4,11880984576,737382400,5906386944,1601728512,1511333888,2534367232,500817920
421,2022-01-25,10:24:16,0.5,LocalHost,13.0,16664068096,3931746304,76.4,11881111552,737132544,5906395136,1601781760,1511333888,2534490112,500817920
422,2022-01-25,10:24:16,0.5,LocalHost,13.6,16664068096,3931873280,76.4,11880902656,737124352,5906427904,1601904640,1511333888,2534707200,500817920
423,2022-01-25,10:24:17,0.5,LocalHost,15.7,16664068096,3932024832,76.4,11880783872,737091584,5906292736,1602088960,1511333888,2534858752,500817920
424,2022-01-25,10:24:17,0.5,LocalHost,18.7,16664068096,3932364800,76.4,11880460288,737157120,5906403328,1602359296,1511342080,2535108608,500817920
425,2022-01-25,10:24:18,0.5,LocalHost,17.0,16664068096,3932532736,76.4,11880120320,737001472,5906472960,1602678784,1511342080,2535604224,500817920
426,2022-01-25,10:24:18,0.5,LocalHost,16.6,16664068096,3932643328,76.4,11880198144,736866304,5906526208,1602904064,1511342080,2535661568,500817920
427,2022-01-25,10:24:19,0.5,LocalHost,14.2,16664068096,3932774400,76.4,11880038400,736808960,5906526208,1603088384,1511342080,2535878656,500817920
428,2022-01-25,10:24:19,0.5,LocalHost,18.2,16664068096,3928883200,76.4,11883913216,732631040,5907648512,1603219456,1511366656,2536157184,500817920
429,2022-01-25,10:24:20,0.5,LocalHost,12.5,16664068096,3929202688,76.4,11883565056,732651520,5906898944,1603440640,1511366656,2536484864,500817920
430,2022-01-25,10:24:20,0.5,LocalHost,19.4,16664068096,3929731072,76.4,11883106304,732979200,5906669568,1603657728,1511391232,2536591360,500817920
431,2022-01-25,10:24:21,0.5,LocalHost,22.5,16664068096,3933519872,76.4,11883220992,736587776,5906763776,1603833856,1511391232,2532868096,496922624
432,2022-01-25,10:24:21,0.5,LocalHost,20.1,16664068096,3933650944,76.4,11883331584,736493568,5906526208,1604038656,1511391232,2532851712,496680960
433,2022-01-25,10:24:22,0.5,LocalHost,17.8,16664068096,3933806592,76.4,11883139072,736583680,5906526208,1604100096,1511391232,2532954112,496680960
434,2022-01-25,10:24:22,0.5,LocalHost,16.0,16664068096,3933855744,76.4,11883106304,736321536,5906464768,1604407296,1511391232,2533249024,496680960
435,2022-01-25,10:24:23,0.5,LocalHost,16.8,16664068096,3934294016,76.4,11882672128,736616448,5906505728,1604542464,1511399424,2533380096,496680960
436,2022-01-25,10:24:23,0.5,LocalHost,17.2,16664068096,3934453760,76.4,11882459136,736616448,5906640896,1604702208,1511399424,2533593088,496680960
437,2022-01-25,10:24:24,0.5,LocalHost,15.2,16664068096,3934556160,76.4,11882364928,736550912,5906640896,1604866048,1511399424,2533752832,496680960
438,2022-01-25,10:24:24,0.5,LocalHost,12.9,16664068096,3934781440,76.4,11882086400,736518144,5906644992,1605103616,1511407616,2534055936,496680960
439,2022-01-25,10:24:25,0.5,LocalHost,16.2,16664068096,3935023104,76.4,11881836544,736681984,5906784256,1605181440,1511424000,2534125568,496680960
440,2022-01-25,10:24:25,0.5,LocalHost,17.5,16664068096,3935223808,76.4,11881771008,736489472,5906591744,1605558272,1511440384,2534367232,496680960
441,2022-01-25,10:24:26,0.5,LocalHost,18.5,16664068096,3935027200,76.4,11881938944,736198656,5906518016,1605652480,1511456768,2534473728,496680960
442,2022-01-25,10:24:26,0.5,LocalHost,18.1,16664068096,3935293440,76.4,11881684992,736133120,5906563072,1605926912,1511456768,2534793216,496680960
443,2022-01-25,10:24:27,0.5,LocalHost,14.1,16664068096,3935621120,76.4,11881353216,736296960,5906587648,1606086656,1511456768,2534961152,496680960
444,2022-01-25,10:24:27,0.5,LocalHost,16.3,16664068096,3935379456,76.4,11881631744,735875072,5906632704,1606258688,1511456768,2535104512,496680960
445,2022-01-25,10:24:28,0.5,LocalHost,17.3,16664068096,3935539200,76.4,11881402368,735907840,5906632704,1606381568,1511456768,2535301120,496680960
446,2022-01-25,10:24:28,0.5,LocalHost,15.2,16664068096,3935809536,76.4,11881119744,735973376,5906636800,1606582272,1511473152,2535501824,496680960
447,2022-01-25,10:24:29,0.5,LocalHost,15.6,16664068096,3936067584,76.4,11880824832,736104448,5906653184,1606688768,1511473152,2535665664,496680960
448,2022-01-25,10:24:29,0.5,LocalHost,15.7,16664068096,3936096256,76.4,11880964096,735780864,5906632704,1607028736,1511481344,2535841792,496574464
449,2022-01-25,10:24:30,0.5,LocalHost,16.8,16664068096,3930173440,76.4,11886829568,729755648,5906776064,1607122944,1511481344,2536001536,496574464
450,2022-01-25,10:24:30,0.5,LocalHost,15.5,16664068096,3930853376,76.4,11886288896,730169344,5906661376,1607454720,1511497728,2536112128,496574464
451,2022-01-25,10:24:31,0.5,LocalHost,14.2,16664068096,3930845184,76.4,11886284800,730140672,5906489344,1607471104,1511514112,2536128512,496574464
452,2022-01-25,10:24:31,0.5,LocalHost,17.2,16664068096,3931004928,76.4,11886034944,729911296,5906685952,1607823360,1511530496,2536591360,496574464
453,2022-01-25,10:24:32,0.5,LocalHost,17.1,16664068096,3931389952,76.4,11885711360,730173440,5906722816,1607942144,1511530496,2536652800,496574464
454,2022-01-25,10:24:32,0.5,LocalHost,17.9,16664068096,3931545600,76.4,11885543424,730075136,5906792448,1608175616,1511530496,2536919040,496574464
455,2022-01-25,10:24:33,0.5,LocalHost,14.5,16664068096,3931570176,76.4,11885490176,729976832,5906792448,1608298496,1511530496,2537070592,496574464
456,2022-01-25,10:24:33,0.5,LocalHost,13.3,16664068096,3931602944,76.4,11885350912,729944064,5906792448,1608359936,1511530496,2537242624,496574464
457,2022-01-25,10:24:34,0.5,LocalHost,17.2,16664068096,3931971584,76.4,11884957696,730173440,5906567168,1608495104,1511546880,2537390080,496574464
458,2022-01-25,10:24:34,0.5,LocalHost,18.9,16664068096,3932106752,76.4,11884879872,729944064,5906718720,1608847360,1511555072,2537689088,496574464
459,2022-01-25,10:24:35,0.5,LocalHost,17.6,16664068096,3932639232,76.4,11884392448,730271744,5906763776,1609048064,1511555072,2537848832,496574464
460,2022-01-25,10:24:35,0.5,LocalHost,12.1,16664068096,3932254208,76.4,11884797952,729751552,5906841600,1609166848,1511555072,2537963520,496574464
461,2022-01-25,10:24:36,0.5,LocalHost,16.4,16664068096,3932794880,76.4,11884269568,729980928,5906841600,1609469952,1511579648,2538237952,496574464
462,2022-01-25,10:24:36,0.5,LocalHost,16.8,16664068096,3932835840,76.4,11884183552,729636864,5906587648,1609797632,1511604224,2538643456,496574464
463,2022-01-25,10:24:37,0.5,LocalHost,14.1,16664068096,3933184000,76.4,11883970560,729735168,5906587648,1610043392,1511604224,2538758144,496574464
464,2022-01-25,10:24:37,0.5,LocalHost,16.4,16664068096,3933315072,76.4,11883786240,729702400,5906698240,1610194944,1511604224,2538975232,496574464
465,2022-01-25,10:24:38,0.5,LocalHost,11.7,16664068096,3933384704,76.4,11883675648,729767936,5906698240,1610194944,1511604224,2539020288,496574464
466,2022-01-25,10:24:38,0.5,LocalHost,15.3,16664068096,3933577216,76.4,11883454464,729604096,5906743296,1610534912,1511604224,2539405312,496574464
467,2022-01-25,10:24:39,0.5,LocalHost,13.6,16664068096,3933589504,76.4,11883433984,729444352,5906731008,1610706944,1511604224,2539585536,496574464
468,2022-01-25,10:24:39,0.5,LocalHost,12.3,16664068096,3933868032,76.4,11883171840,729509888,5906759680,1610915840,1511628800,2539757568,496574464
469,2022-01-25,10:24:40,0.5,LocalHost,17.6,16664068096,3931582464,76.4,11885535232,727068672,5907259392,1611042816,1511628800,2539835392,496578560
470,2022-01-25,10:24:40,0.5,LocalHost,20.2,16664068096,3932868608,76.4,11884265472,727924736,5906534400,1611411456,1511628800,2540249088,496574464
471,2022-01-25,10:24:41,0.5,LocalHost,19.0,16664068096,3932684288,76.4,11884470272,727556096,5906722816,1611591680,1511628800,2540412928,496574464
472,2022-01-25,10:24:41,0.5,LocalHost,17.1,16664068096,3932975104,76.4,11884142592,727687168,5906583552,1611747328,1511661568,2540576768,496574464
473,2022-01-25,10:24:42,0.5,LocalHost,15.7,16664068096,3933102080,76.4,11884027904,727785472,5906583552,1611776000,1511686144,2540568576,496574464
474,2022-01-25,10:24:42,0.5,LocalHost,14.9,16664068096,3933241344,76.4,11883851776,727621632,5906812928,1612042240,1511686144,2540908544,496574464
475,2022-01-25,10:24:43,0.5,LocalHost,13.6,16664068096,3933270016,76.4,11883737088,727523328,5906812928,1612165120,1511686144,2541121536,496574464
476,2022-01-25,10:24:43,0.5,LocalHost,12.9,16664068096,3933437952,76.4,11883520000,727556096,5906718720,1612296192,1511686144,2541305856,496574464
477,2022-01-25,10:24:44,0.5,LocalHost,10.3,16664068096,3933655040,76.4,11883323392,727588864,5906722816,1612476416,1511686144,2541469696,496574464
478,2022-01-25,10:24:44,0.5,LocalHost,12.7,16664068096,3933716480,76.4,11883323392,727326720,5906878464,1612763136,1511694336,2541723648,496574464
479,2022-01-25,10:24:45,0.5,LocalHost,17.3,16664068096,3932807168,76.4,11884298240,726126592,5906751488,1613041664,1511702528,2541940736,496574464
480,2022-01-25,10:24:45,0.5,LocalHost,18.3,16664068096,3932823552,76.4,11884298240,726028288,5906857984,1613156352,1511702528,2542039040,496574464
481,2022-01-25,10:24:46,0.5,LocalHost,18.7,16664068096,3933081600,76.4,11884040192,725995520,5906882560,1613438976,1511702528,2542329856,496574464
482,2022-01-25,10:24:46,0.5,LocalHost,14.8,16664068096,3933163520,76.4,11883937792,725966848,5906903040,1613529088,1511702528,2542460928,496574464
483,2022-01-25,10:24:47,0.5,LocalHost,11.3,16664068096,3933343744,76.4,11883737088,725934080,5906767872,1613742080,1511743488,2542653440,496574464
484,2022-01-25,10:24:47,0.5,LocalHost,17.6,16664068096,3933511680,76.4,11883642880,725803008,5906927616,1613991936,1511751680,2542870528,496574464
485,2022-01-25,10:24:48,0.5,LocalHost,12.4,16664068096,3933577216,76.4,11883548672,725868544,5906927616,1613991936,1511751680,2542899200,496574464
486,2022-01-25,10:24:48,0.5,LocalHost,14.0,16664068096,3933954048,76.4,11883102208,725901312,5906927616,1614327808,1511768064,2543296512,496574464
487,2022-01-25,10:24:49,0.5,LocalHost,14.9,16664068096,3934191616,76.4,11882840064,725999616,5906927616,1614462976,1511768064,2543460352,496574464
488,2022-01-25,10:24:49,0.5,LocalHost,16.1,16664068096,3934269440,76.4,11882782720,725803008,5906923520,1614716928,1511768064,2543714304,496574464
489,2022-01-25,10:24:50,0.5,LocalHost,20.3,16664068096,3927896064,76.4,11889119232,719306752,5912784896,1614835712,1511776256,2543865856,496574464
490,2022-01-25,10:24:50,0.5,LocalHost,19.4,16664068096,3932688384,76.4,11884494848,723804160,5907599360,1615069184,1511792640,2543976448,496574464
491,2022-01-25,10:24:51,0.5,LocalHost,19.4,16664068096,3933339648,76.4,11883757568,724283392,5906997248,1615261696,1511792640,2544234496,496574464
492,2022-01-25,10:24:51,0.5,LocalHost,19.8,16664068096,3933634560,76.4,11883487232,724353024,5906866176,1615470592,1511792640,2544435200,496574464
493,2022-01-25,10:24:52,0.5,LocalHost,20.7,16664068096,3933827072,76.4,11883274240,724418560,5906923520,1615593472,1511792640,2544582656,496574464
494,2022-01-25,10:24:52,0.5,LocalHost,16.8,16664068096,3933691904,76.4,11883397120,724074496,5906939904,1615785984,1511833600,2544762880,496574464
495,2022-01-25,10:24:53,0.5,LocalHost,16.6,16664068096,3933962240,76.4,11883212800,724172800,5907017728,1615912960,1511849984,2544832512,496574464
496,2022-01-25,10:24:53,0.5,LocalHost,21.6,16664068096,3934441472,76.4,11882622976,724365312,5907034112,1616191488,1511849984,2545229824,496574464
497,2022-01-25,10:24:54,0.5,LocalHost,18.5,16664068096,3934490624,76.4,11882536960,724299776,5907042304,1616306176,1511849984,2545381376,496574464
498,2022-01-25,10:24:54,0.5,LocalHost,19.0,16664068096,3934900224,76.4,11882184704,724398080,5907288064,1616609280,1511849984,2545635328,496574464
499,2022-01-25,10:24:55,0.5,LocalHost,21.6,16664068096,3935002624,76.4,11882045440,724180992,5907066880,1616920576,1511858176,2545983488,496574464
500,2022-01-25,10:24:55,0.5,LocalHost,18.4,16664068096,3935211520,76.4,11881848832,724279296,5907107840,1617031168,1511858176,2546081792,496574464
501,2022-01-25,10:24:56,0.5,LocalHost,19.5,16664068096,3935244288,76.4,11881893888,724180992,5907124224,1617149952,1511866368,2546126848,496574464
502,2022-01-25,10:24:56,0.5,LocalHost,22.2,16664068096,3934842880,76.4,11882196992,723533824,5907169280,1617391616,1511866368,2546470912,496574464
503,2022-01-25,10:24:57,0.5,LocalHost,20.8,16664068096,3935162368,76.4,11881873408,723824640,5907197952,1617412096,1511866368,2546503680,496574464
504,2022-01-25,10:24:57,0.5,LocalHost,19.6,16664068096,3935498240,76.4,11881488384,723828736,5907177472,1617727488,1511866368,2546884608,496574464
505,2022-01-25,10:24:58,0.5,LocalHost,19.6,16664068096,3935649792,76.4,11881476096,723632128,5907058688,1618051072,1511915520,2547044352,496574464
506,2022-01-25,10:24:58,0.5,LocalHost,21.0,16664068096,3935916032,76.4,11881189376,723697664,5907234816,1618223104,1511915520,2547265536,496574464
507,2022-01-25,10:24:59,0.5,LocalHost,22.2,16664068096,3935887360,76.4,11881193472,723505152,5907234816,1618382848,1511915520,2547453952,496574464
508,2022-01-25,10:24:59,0.5,LocalHost,22.8,16664068096,3935920128,76.4,11881119744,723341312,5907083264,1618571264,1511915520,2547691520,496574464
509,2022-01-25,10:25:00,0.5,LocalHost,22.9,16664068096,3941728256,76.3,11881963520,728965120,5907214336,1618747392,1511923712,2541215744,489918464
510,2022-01-25,10:25:00,0.5,LocalHost,28.8,16664068096,3940474880,76.4,11883450368,727412736,5907582976,1619034112,1511923712,2541281280,489754624
511,2022-01-25,10:25:01,0.5,LocalHost,23.3,16664068096,3939389440,76.4,11884441600,726151168,5908070400,1619197952,1511923712,2541551616,489754624
512,2022-01-25,10:25:01,0.5,LocalHost,25.4,16664068096,3940995072,76.4,11883417600,727363584,5907267584,1619554304,1511931904,2541355008,489246720
513,2022-01-25,10:25:02,0.5,LocalHost,24.8,16664068096,3941310464,76.3,11883102208,727429120,5907275776,1619791872,1511931904,2541604864,489246720
514,2022-01-25,10:25:02,0.5,LocalHost,27.9,16664068096,3941146624,76.3,11883184128,727191552,5907132416,1619857408,1511931904,2541760512,489246720
515,2022-01-25,10:25:03,0.5,LocalHost,22.4,16664068096,3941195776,76.3,11883094016,727146496,5907202048,1619943424,1511931904,2541895680,489246720
516,2022-01-25,10:25:03,0.5,LocalHost,22.3,16664068096,3941572608,76.3,11882815488,727212032,5907288064,1620250624,1511989248,2542051328,489246720
517,2022-01-25,10:25:04,0.5,LocalHost,23.9,16664068096,3941912576,76.3,11882487808,727310336,5907136512,1620463616,1511989248,2542280704,489246720
518,2022-01-25,10:25:04,0.5,LocalHost,22.6,16664068096,3942219776,76.3,11882172416,727277568,5907390464,1620795392,1511989248,2542628864,489246720
519,2022-01-25,10:25:05,0.5,LocalHost,22.0,16664068096,3942023168,76.3,11882323968,726986752,5907197952,1620877312,1511997440,2542759936,489246720
520,2022-01-25,10:25:05,0.5,LocalHost,22.8,16664068096,3942195200,76.3,11882115072,726986752,5907349504,1621041152,1511997440,2542968832,489246720
521,2022-01-25,10:25:06,0.5,LocalHost,25.7,16664068096,3942645760,76.3,11881713664,727212032,5907357696,1621262336,1511997440,2543144960,489246720
522,2022-01-25,10:25:06,0.5,LocalHost,27.5,16664068096,3942711296,76.3,11881652224,727244800,5907243008,1621270528,1511997440,2543173632,489246720
523,2022-01-25,10:25:07,0.5,LocalHost,24.4,16664068096,3943120896,76.3,11881136128,727343104,5907156992,1621581824,1512013824,2543575040,489246720
524,2022-01-25,10:25:07,0.5,LocalHost,24.5,16664068096,3943522304,76.3,11880861696,727347200,5907324928,1621958656,1512013824,2543845376,489246720
525,2022-01-25,10:25:08,0.5,LocalHost,27.8,16664068096,3943612416,76.3,11880714240,727375872,5907324928,1622020096,1512013824,2543964160,489246720
526,2022-01-25,10:25:08,0.5,LocalHost,23.8,16664068096,3923628032,76.5,11880779776,707035136,5907787776,1622368256,1512013824,2564239360,508993536
527,2022-01-25,10:25:09,0.5,LocalHost,32.3,16664068096,3923582976,76.5,11880898560,706859008,5908066304,1622499328,1512071168,2564239360,509222912
528,2022-01-25,10:25:09,0.5,LocalHost,29.6,16664068096,3923075072,76.5,11881373696,706023424,5907648512,1622781952,1512071168,2564599808,509222912
529,2022-01-25,10:25:10,0.5,LocalHost,23.4,16664068096,3923206144,76.5,11881181184,706088960,5907689472,1622827008,1512079360,2564718592,509222912
530,2022-01-25,10:25:10,0.5,LocalHost,25.9,16664068096,3910926336,76.5,11893460992,693555200,5918531584,1623044096,1512079360,2564972544,509227008
531,2022-01-25,10:25:11,0.5,LocalHost,25.1,16664068096,3921547264,76.5,11882876928,704094208,5907472384,1623146496,1512079360,2565017600,509227008
532,2022-01-25,10:25:11,0.5,LocalHost,25.6,16664068096,3921379328,76.5,11883106304,703442944,5907181568,1623556096,1512079360,2565439488,509222912
533,2022-01-25,10:25:12,0.5,LocalHost,27.0,16664068096,3921129472,76.5,11883261952,703164416,5907353600,1623576576,1512079360,2565562368,509222912
534,2022-01-25,10:25:12,0.5,LocalHost,23.9,16664068096,3921436672,76.5,11882950656,703328256,5907390464,1623719936,1512095744,2565693440,509222912
535,2022-01-25,10:25:13,0.5,LocalHost,25.3,16664068096,3921281024,76.5,11883130880,703098880,5907394560,1623789568,1512095744,2565742592,509222912
536,2022-01-25,10:25:13,0.5,LocalHost,24.5,16664068096,3921903616,76.5,11882541056,703229952,5907398656,1624260608,1512095744,2566201344,509222912
537,2022-01-25,10:25:14,0.5,LocalHost,25.2,16664068096,3922137088,76.5,11882278912,703393792,5907406848,1624326144,1512112128,2566283264,509222912
538,2022-01-25,10:25:14,0.5,LocalHost,25.1,16664068096,3922087936,76.5,11882332160,703164416,5907423232,1624494080,1512144896,2566426624,509222912
539,2022-01-25,10:25:15,0.5,LocalHost,21.3,16664068096,3921473536,76.5,11882975232,702365696,5907763200,1624645632,1512153088,2566574080,509222912
540,2022-01-25,10:25:15,0.5,LocalHost,23.7,16664068096,3922051072,76.5,11882422272,702627840,5907210240,1624932352,1512153088,2566864896,509222912
541,2022-01-25,10:25:16,0.5,LocalHost,21.0,16664068096,3922182144,76.5,11882213376,702742528,5907210240,1624932352,1512153088,2566959104,509222912
542,2022-01-25,10:25:16,0.5,LocalHost,26.3,16664068096,3922440192,76.5,11881955328,702611456,5907156992,1625309184,1512153088,2567348224,509222912
543,2022-01-25,10:25:17,0.5,LocalHost,24.9,16664068096,3922411520,76.5,11881971712,702517248,5907161088,1625366528,1512153088,2567426048,509222912
544,2022-01-25,10:25:17,0.5,LocalHost,25.2,16664068096,3922436096,76.5,11881836544,702386176,5907329024,1625518080,1512153088,2567692288,509222912
545,2022-01-25,10:25:18,0.5,LocalHost,21.8,16664068096,3922898944,76.5,11881472000,702431232,5907341312,1625927680,1512161280,2568003584,509222912
546,2022-01-25,10:25:18,0.5,LocalHost,20.9,16664068096,3922952192,76.5,11881443328,702193664,5907341312,1626202112,1512161280,2568269824,509222912
547,2022-01-25,10:25:19,0.5,LocalHost,20.1,16664068096,3922903040,76.5,11881492480,701968384,5907365888,1626378240,1512169472,2568437760,509222912
548,2022-01-25,10:25:19,0.5,LocalHost,26.3,16664068096,3923148800,76.5,11881324544,701935616,5907496960,1626619904,1512185856,2568622080,509222912
549,2022-01-25,10:25:20,0.5,LocalHost,18.9,16664068096,3923070976,76.5,11881349120,701677568,5907554304,1626779648,1512210432,2568830976,509222912
550,2022-01-25,10:25:20,0.5,LocalHost,20.4,16664068096,3923501056,76.5,11880939520,701845504,5907402752,1627021312,1512218624,2569064448,509222912
551,2022-01-25,10:25:21,0.5,LocalHost,24.5,16664068096,3920236544,76.5,11884232704,698286080,5908140032,1627148288,1512218624,2569330688,509222912
552,2022-01-25,10:25:21,0.5,LocalHost,20.1,16664068096,3921276928,76.5,11883229184,698966016,5907243008,1627475968,1512218624,2569654272,509222912
553,2022-01-25,10:25:22,0.5,LocalHost,24.2,16664068096,3921412096,76.5,11883057152,699097088,5907361792,1627480064,1512218624,2569695232,509222912
554,2022-01-25,10:25:22,0.5,LocalHost,26.5,16664068096,3921612800,76.5,11882745856,699047936,5907361792,1627725824,1512218624,2570055680,509222912
555,2022-01-25,10:25:23,0.5,LocalHost,17.6,16664068096,3921666048,76.5,11882717184,698888192,5907156992,1627934720,1512218624,2570244096,509222912
556,2022-01-25,10:25:23,0.5,LocalHost,15.2,16664068096,3922055168,76.5,11882319872,699080704,5907329024,1628123136,1512226816,2570440704,509222912
557,2022-01-25,10:25:24,0.5,LocalHost,18.2,16664068096,3921776640,76.5,11882586112,698712064,5907324928,1628209152,1512226816,2570543104,509222912
558,2022-01-25,10:25:24,0.5,LocalHost,17.2,16664068096,3922251776,76.5,11882147840,698949632,5907152896,1628426240,1512243200,2570727424,509222912
559,2022-01-25,10:25:25,0.5,LocalHost,19.1,16664068096,3922698240,76.5,11881771008,699035648,5907353600,1628762112,1512259584,2571001856,509222912
560,2022-01-25,10:25:25,0.5,LocalHost,20.5,16664068096,3922997248,76.5,11881480192,699113472,5907451904,1628975104,1512284160,2571190272,509222912
561,2022-01-25,10:25:26,0.5,LocalHost,21.6,16664068096,3922698240,76.5,11881730048,698712064,5907202048,1629073408,1512284160,2571341824,509222912
562,2022-01-25,10:25:26,0.5,LocalHost,20.2,16664068096,3922821120,76.5,11881545728,698617856,5907042304,1629278208,1512284160,2571620352,509222912
563,2022-01-25,10:25:27,0.5,LocalHost,23.1,16664068096,3922911232,76.5,11881414656,698617856,5907042304,1629360128,1512284160,2571751424,509222912
564,2022-01-25,10:25:27,0.5,LocalHost,19.8,16664068096,3923374080,76.5,11880984576,698851328,5907193856,1629560832,1512284160,2571948032,509222912
565,2022-01-25,10:25:28,0.5,LocalHost,17.8,16664068096,3923251200,76.5,11881119744,698605568,5907193856,1629683712,1512284160,2572058624,509222912
566,2022-01-25,10:25:28,0.5,LocalHost,20.7,16664068096,3923410944,76.5,11881000960,698368000,5907136512,1630068736,1512284160,2572414976,509222912
567,2022-01-25,10:25:29,0.5,LocalHost,21.4,16664068096,3935014912,76.4,11881869312,709812224,5907156992,1630224384,1512300544,2560086016,496709632
568,2022-01-25,10:25:29,0.5,LocalHost,20.0,16664068096,3935494144,76.4,11881586688,710062080,5907132416,1630437376,1512300544,2560118784,496574464
569,2022-01-25,10:25:30,0.5,LocalHost,19.0,16664068096,3935621120,76.4,11881439232,710041600,5907292160,1630576640,1512316928,2560270336,496574464
570,2022-01-25,10:25:30,0.5,LocalHost,24.4,16664068096,3935342592,76.4,11881738240,709525504,5907181568,1630793728,1512333312,2560471040,496574464
571,2022-01-25,10:25:31,0.5,LocalHost,23.4,16664068096,3936296960,76.4,11880747008,710266880,5907034112,1630957568,1512366080,2560688128,496574464
572,2022-01-25,10:25:31,0.5,LocalHost,14.7,16664068096,3934646272,76.4,11882545152,708280320,5907382272,1631227904,1512366080,2560876544,496574464
573,2022-01-25,10:25:32,0.5,LocalHost,14.0,16664068096,3935129600,76.4,11882000384,708603904,5907329024,1631412224,1512366080,2561097728,496574464
574,2022-01-25,10:25:32,0.5,LocalHost,18.2,16664068096,3935264768,76.4,11881758720,708677632,5907218432,1631461376,1512366080,2561265664,496574464
575,2022-01-25,10:25:33,0.5,LocalHost,18.6,16664068096,3935268864,76.4,11881795584,708460544,5907185664,1631682560,1512366080,2561445888,496574464
576,2022-01-25,10:25:33,0.5,LocalHost,17.7,16664068096,3935371264,76.4,11881689088,708325376,5907050496,1631907840,1512366080,2561687552,496574464
577,2022-01-25,10:25:34,0.5,LocalHost,19.4,16664068096,3935535104,76.4,11881480192,708403200,5906948096,1631993856,1512366080,2561818624,496574464
578,2022-01-25,10:25:34,0.5,LocalHost,19.0,16664068096,3935682560,76.4,11881385984,708206592,5907009536,1632329728,1512382464,2562093056,496574464
579,2022-01-25,10:25:35,0.5,LocalHost,18.0,16664068096,3935936512,76.4,11881127936,708407296,5907083264,1632378880,1512382464,2562150400,496574464
580,2022-01-25,10:25:35,0.5,LocalHost,19.6,16664068096,3935969280,76.4,11881082880,708141056,5906935808,1632669696,1512407040,2562437120,496574464
581,2022-01-25,10:25:36,0.5,LocalHost,18.5,16664068096,3936215040,76.4,11880824832,708186112,5907095552,1632854016,1512407040,2562650112,496574464
582,2022-01-25,10:25:36,0.5,LocalHost,23.3,16664068096,3936432128,76.4,11880595456,708112384,5907111936,1633124352,1512439808,2562920448,496574464
583,2022-01-25,10:25:37,0.5,LocalHost,24.4,16664068096,3936546816,76.4,11880517632,708145152,5907120128,1633198080,1512439808,2562965504,496574464
584,2022-01-25,10:25:37,0.5,LocalHost,23.7,16664068096,3936784384,76.4,11880222720,708014080,5906997248,1633529856,1512439808,2563391488,496574464
585,2022-01-25,10:25:38,0.5,LocalHost,22.1,16664068096,3936858112,76.4,11880177664,707960832,5906997248,1633652736,1512439808,2563489792,496574464
586,2022-01-25,10:25:38,0.5,LocalHost,15.6,16664068096,3937345536,76.4,11879645184,708280320,5907165184,1633816576,1512439808,2563702784,496574464
587,2022-01-25,10:25:39,0.5,LocalHost,13.7,16664068096,3937079296,76.4,11879956480,707788800,5907304448,1634037760,1512439808,2563883008,496574464
588,2022-01-25,10:25:39,0.5,LocalHost,17.3,16664068096,3937456128,76.4,11879493632,708026368,5907169280,1634160640,1512439808,2564108288,496574464
589,2022-01-25,10:25:40,0.5,LocalHost,22.0,16664068096,3937501184,76.4,11879514112,707788800,5906993152,1634435072,1512448000,2564317184,496574464
590,2022-01-25,10:25:40,0.5,LocalHost,19.0,16664068096,3937447936,76.4,11879690240,707411968,5907185664,1634746368,1512456192,2564509696,496574464
591,2022-01-25,10:25:41,0.5,LocalHost,15.1,16664068096,3937726464,76.4,11879424000,707497984,5907234816,1634906112,1512480768,2564665344,496574464
592,2022-01-25,10:25:41,0.5,LocalHost,18.4,16664068096,3935506432,76.4,11881644032,705077248,5907496960,1635098624,1512480768,2564866048,496574464
593,2022-01-25,10:25:42,0.5,LocalHost,19.3,16664068096,3935686656,76.4,11881410560,705183744,5907496960,1635160064,1512513536,2564960256,496574464
594,2022-01-25,10:25:42,0.5,LocalHost,16.1,16664068096,3935494144,76.4,11881590784,704749568,5907202048,1635487744,1512513536,2565214208,496574464
595,2022-01-25,10:25:43,0.5,LocalHost,20.7,16664068096,3936051200,76.4,11881013248,705130496,5907079168,1635643392,1512513536,2565410816,496574464
596,2022-01-25,10:25:43,0.5,LocalHost,21.4,16664068096,3935854592,76.4,11881119744,704872448,5907308544,1635696640,1512513536,2565562368,496574464
597,2022-01-25,10:25:44,0.5,LocalHost,18.5,16664068096,3936149504,76.4,11880796160,705040384,5907308544,1635819520,1512513536,2565718016,496574464
598,2022-01-25,10:25:44,0.5,LocalHost,18.9,16664068096,3936157696,76.4,11880910848,704741376,5907349504,1636126720,1512513536,2565902336,496574464
599,2022-01-25,10:25:45,0.5,LocalHost,18.3,16664068096,3942096896,76.3,11875028992,710463488,5901504512,1636249600,1512628224,2565947392,496574464
