iteration,date,time,measurement_period,machine/VNF,sys_cpu,totalmem,availablemem,percentmem,usedmem,freemem,activemem,inactivemem,buffers,cached,shared
0,2022-01-25,14:32:14,0.5,LocalHost,90.9,16664068096,5190217728,68.9,10577346560,3458625536,5707137024,936927232,817123328,1810972672,546213888
1,2022-01-25,14:32:15,0.5,LocalHost,88.5,16664068096,5191987200,68.8,10575310848,3460395008,5707137024,936927232,817123328,1811238912,546480128
2,2022-01-25,14:32:15,0.5,LocalHost,31.9,16664068096,5189943296,68.9,10577027072,3458338816,5707173888,936931328,817123328,1811578880,546803712
3,2022-01-25,14:32:16,0.5,LocalHost,12.4,16664068096,5189554176,68.9,10577977344,3457945600,5707452416,936935424,817123328,1811021824,546242560
4,2022-01-25,14:32:16,0.5,LocalHost,21.3,16664068096,5187301376,68.9,10580234240,3455684608,5707501568,936943616,817123328,1811025920,546242560
5,2022-01-25,14:32:17,0.5,LocalHost,23.3,16664068096,5187325952,68.9,10580209664,3455975424,5706170368,936677376,817123328,1810759680,546242560
6,2022-01-25,14:32:17,0.5,LocalHost,20.6,16664068096,5187833856,68.9,10579693568,3456622592,5706043392,936538112,817123328,1810628608,546242560
7,2022-01-25,14:32:18,0.5,LocalHost,21.3,16664068096,5187801088,68.9,10579722240,3456589824,5706043392,936538112,817123328,1810632704,546242560
8,2022-01-25,14:32:18,0.5,LocalHost,23.5,16664068096,5187997696,68.9,10579533824,3456774144,5705961472,936550400,817123328,1810636800,546242560
9,2022-01-25,14:32:19,0.5,LocalHost,23.7,16664068096,5205094400,68.8,10579496960,3473870848,5705990144,936550400,817135616,1793564672,529174528
10,2022-01-25,14:32:19,0.5,LocalHost,24.6,16664068096,5204725760,68.8,10579861504,3473440768,5706108928,936566784,817184768,1793581056,529174528
11,2022-01-25,14:32:20,0.5,LocalHost,23.0,16664068096,5204824064,68.8,10579738624,3473539072,5706108928,936566784,817184768,1793605632,529174528
12,2022-01-25,14:32:20,0.5,LocalHost,28.4,16664068096,5205151744,68.8,10579410944,3473707008,5706166272,936726528,817184768,1793765376,529166336
13,2022-01-25,14:32:21,0.5,LocalHost,27.0,16664068096,5206114304,68.8,10578468864,3474591744,5706891264,936693760,817184768,1793822720,529166336
14,2022-01-25,14:32:21,0.5,LocalHost,18.2,16664068096,5206245376,68.8,10578550784,3474817024,5706260480,936714240,817184768,1793515520,528977920
15,2022-01-25,14:32:22,0.5,LocalHost,4.1,16664068096,5206278144,68.8,10578518016,3474849792,5706301440,936714240,817184768,1793515520,528977920
16,2022-01-25,14:32:22,0.5,LocalHost,3.7,16664068096,5206323200,68.8,10578468864,3474890752,5706346496,936718336,817184768,1793523712,528977920
17,2022-01-25,14:32:23,0.5,LocalHost,3.9,16664068096,5206474752,68.8,10578309120,3475042304,5706305536,936718336,817184768,1793531904,528977920
18,2022-01-25,14:32:23,0.5,LocalHost,11.1,16664068096,5206765568,68.8,10578018304,3475333120,5706231808,936718336,817184768,1793531904,528977920
19,2022-01-25,14:32:24,0.5,LocalHost,20.1,16664068096,5206618112,68.8,10578161664,3475181568,5706289152,936722432,817184768,1793540096,528977920
20,2022-01-25,14:32:24,0.5,LocalHost,17.9,16664068096,5207068672,68.8,10577694720,3475619840,5706289152,936734720,817209344,1793544192,528977920
21,2022-01-25,14:32:25,0.5,LocalHost,15.1,16664068096,5206786048,68.8,10577985536,3475296256,5706366976,936747008,817242112,1793544192,528977920
22,2022-01-25,14:32:25,0.5,LocalHost,20.6,16664068096,5206798336,68.8,10577973248,3475300352,5706334208,936751104,817242112,1793552384,528977920
23,2022-01-25,14:32:26,0.5,LocalHost,5.3,16664068096,5206765568,68.8,10577997824,3475267584,5706334208,936751104,817242112,1793560576,528977920
24,2022-01-25,14:32:26,0.5,LocalHost,3.6,16664068096,5206933504,68.8,10577829888,3475431424,5706362880,936755200,817242112,1793564672,528977920
25,2022-01-25,14:32:27,0.5,LocalHost,2.6,16664068096,5206519808,68.8,10578247680,3475009536,5706190848,936763392,817242112,1793568768,528977920
26,2022-01-25,14:32:27,0.5,LocalHost,3.4,16664068096,5206392832,68.8,10578370560,3474882560,5706330112,936763392,817242112,1793572864,528977920
27,2022-01-25,14:32:28,0.5,LocalHost,2.9,16664068096,5206491136,68.8,10578268160,3474980864,5706330112,936763392,817242112,1793576960,528977920
28,2022-01-25,14:32:28,0.5,LocalHost,9.4,16664068096,5206548480,68.8,10578202624,3475034112,5706330112,936767488,817242112,1793589248,528977920
29,2022-01-25,14:32:29,0.5,LocalHost,14.9,16664068096,5206614016,68.8,10578137088,3475099648,5706330112,936767488,817242112,1793589248,528977920
30,2022-01-25,14:32:29,0.5,LocalHost,17.2,16664068096,5206675456,68.8,10578108416,3475107840,5706293248,936796160,817266688,1793585152,528977920
31,2022-01-25,14:32:30,0.5,LocalHost,16.4,16664068096,5206482944,68.8,10578300928,3474915328,5706293248,936796160,817266688,1793585152,528977920
32,2022-01-25,14:32:30,0.5,LocalHost,14.8,16664068096,5206462464,68.8,10578288640,3474882560,5706326016,936800256,817299456,1793597440,528977920
33,2022-01-25,14:32:31,0.5,LocalHost,9.2,16664068096,5203832832,68.8,10580910080,3472248832,5708726272,936800256,817299456,1793609728,528977920
34,2022-01-25,14:32:31,0.5,LocalHost,17.0,16664068096,5206265856,68.8,10578608128,3474505728,5706547200,936767488,817299456,1793654784,528912384
35,2022-01-25,14:32:32,0.5,LocalHost,18.0,16664068096,5206233088,68.8,10578636800,3474472960,5706547200,936767488,817299456,1793658880,528912384
36,2022-01-25,14:32:32,0.5,LocalHost,20.0,16664068096,5206532096,68.8,10578333696,3474788352,5706366976,936771584,817299456,1793646592,528912384
37,2022-01-25,14:32:33,0.5,LocalHost,4.9,16664068096,5206016000,68.8,10578849792,3474272256,5706366976,943960064,817299456,1793646592,528912384
38,2022-01-25,14:32:33,0.5,LocalHost,17.6,16664068096,5213442048,68.7,10578776064,3481690112,5706391552,936775680,817299456,1786302464,521555968
39,2022-01-25,14:32:34,0.5,LocalHost,13.7,16664068096,5213184000,68.7,10579034112,3481432064,5706391552,936775680,817299456,1786302464,521555968
40,2022-01-25,14:32:34,0.5,LocalHost,12.3,16664068096,5213196288,68.7,10579030016,3481432064,5706207232,936787968,817299456,1786306560,521555968
41,2022-01-25,14:32:35,0.5,LocalHost,22.1,16664068096,5213229056,68.7,10578989056,3481464832,5706207232,936787968,817324032,1786290176,521555968
42,2022-01-25,14:32:35,0.5,LocalHost,16.5,16664068096,5212700672,68.7,10579509248,3480915968,5706407936,936792064,817324032,1786318848,521555968
43,2022-01-25,14:32:36,0.5,LocalHost,3.1,16664068096,5212803072,68.7,10579382272,3481014272,5706407936,936796160,817348608,1786322944,521555968
44,2022-01-25,14:32:36,0.5,LocalHost,3.9,16664068096,5213294592,68.7,10578894848,3481497600,5706498048,936804352,817348608,1786327040,521555968
45,2022-01-25,14:32:37,0.5,LocalHost,2.3,16664068096,5213659136,68.7,10578526208,3481862144,5706498048,936804352,817348608,1786331136,521555968
46,2022-01-25,14:32:37,0.5,LocalHost,13.6,16664068096,5213224960,68.7,10578960384,3481423872,5706498048,936808448,817348608,1786335232,521555968
47,2022-01-25,14:32:38,0.5,LocalHost,2.1,16664068096,5213782016,68.7,10578403328,3481980928,5706764288,936808448,817348608,1786335232,521555968
48,2022-01-25,14:32:38,0.5,LocalHost,14.3,16664068096,5213614080,68.7,10578554880,3481673728,5706694656,936947712,817348608,1786490880,521560064
49,2022-01-25,14:32:39,0.5,LocalHost,4.2,16664068096,5213421568,68.7,10578702336,3481481216,5706694656,936947712,817348608,1786535936,521560064
50,2022-01-25,14:32:39,0.5,LocalHost,11.9,16664068096,5213368320,68.7,10578800640,3481374720,5706477568,936968192,817348608,1786544128,521560064
51,2022-01-25,14:32:40,0.5,LocalHost,13.6,16664068096,5213442048,68.7,10578735104,3481440256,5706502144,936976384,817356800,1786535936,521560064
52,2022-01-25,14:32:40,0.5,LocalHost,17.0,16664068096,5213655040,68.7,10578554880,3481587712,5706575872,937025536,817373184,1786552320,521555968
53,2022-01-25,14:32:41,0.5,LocalHost,14.2,16664068096,5213757440,68.7,10578448384,3481686016,5706575872,937025536,817373184,1786560512,521555968
54,2022-01-25,14:32:41,0.5,LocalHost,13.7,16664068096,5213192192,68.7,10579046400,3481018368,5706915840,937062400,817414144,1786589184,521555968
55,2022-01-25,14:32:42,0.5,LocalHost,2.1,16664068096,5214248960,68.7,10578010112,3482046464,5706473472,937086976,817414144,1786597376,521555968
56,2022-01-25,14:32:42,0.5,LocalHost,7.3,16664068096,5214445568,68.7,10577772544,3482259456,5706612736,937054208,817414144,1786621952,521555968
57,2022-01-25,14:32:43,0.5,LocalHost,1.6,16664068096,5214187520,68.7,10578022400,3482001408,5706612736,937054208,817414144,1786630144,521555968
58,2022-01-25,14:32:43,0.5,LocalHost,8.8,16664068096,5214060544,68.7,10578157568,3481862144,5706584064,937066496,817414144,1786634240,521555968
59,2022-01-25,14:32:44,0.5,LocalHost,3.4,16664068096,5213933568,68.7,10578284544,3481735168,5706584064,937066496,817414144,1786634240,521555968
60,2022-01-25,14:32:44,0.5,LocalHost,5.9,16664068096,5213286400,68.7,10578923520,3481088000,5706584064,937066496,817414144,1786642432,521555968
61,2022-01-25,14:32:45,0.5,LocalHost,13.5,16664068096,5213220864,68.7,10578989056,3481022464,5706584064,937066496,817414144,1786642432,521555968
62,2022-01-25,14:32:45,0.5,LocalHost,13.8,16664068096,5214846976,68.7,10577371136,3482611712,5706485760,937086976,817430528,1786654720,521555968
63,2022-01-25,14:32:46,0.5,LocalHost,9.2,16664068096,5214879744,68.7,10577334272,3482644480,5706485760,937086976,817430528,1786658816,521555968
64,2022-01-25,14:32:46,0.5,LocalHost,15.8,16664068096,5214568448,68.7,10577645568,3482329088,5706883072,937091072,817438720,1786654720,521555968
65,2022-01-25,14:32:47,0.5,LocalHost,11.0,16664068096,5214089216,68.7,10578128896,3481845760,5706620928,937095168,817471488,1786621952,521555968
66,2022-01-25,14:32:47,0.5,LocalHost,4.2,16664068096,5214265344,68.7,10577911808,3482013696,5706620928,937103360,817471488,1786671104,521555968
67,2022-01-25,14:32:48,0.5,LocalHost,2.6,16664068096,5214289920,68.7,10577879040,3482038272,5706661888,937103360,817471488,1786679296,521555968
68,2022-01-25,14:32:48,0.5,LocalHost,3.6,16664068096,5214007296,68.7,10578165760,3481747456,5706661888,937111552,817471488,1786683392,521555968
69,2022-01-25,14:32:49,0.5,LocalHost,1.8,16664068096,5214072832,68.7,10578096128,3481812992,5706784768,937111552,817471488,1786687488,521555968
70,2022-01-25,14:32:49,0.5,LocalHost,13.1,16664068096,5214117888,68.7,10578059264,3481845760,5706600448,937123840,817471488,1786691584,521555968
71,2022-01-25,14:32:50,0.5,LocalHost,15.7,16664068096,5214085120,68.7,10578092032,3481812992,5706600448,937123840,817471488,1786691584,521555968
72,2022-01-25,14:32:50,0.5,LocalHost,11.6,16664068096,5214318592,68.7,10577833984,3482038272,5706661888,937127936,817496064,1786699776,521555968
73,2022-01-25,14:32:51,0.5,LocalHost,8.2,16664068096,5214416896,68.7,10577731584,3482136576,5706661888,937127936,817496064,1786703872,521555968
74,2022-01-25,14:32:51,0.5,LocalHost,16.1,16664068096,5205319680,68.8,10586877952,3472986112,5713973248,937132032,817496064,1786707968,521555968
75,2022-01-25,14:32:52,0.5,LocalHost,8.6,16664068096,5212471296,68.7,10579517440,3480322048,5707313152,936943616,817512448,1786716160,521555968
76,2022-01-25,14:32:52,0.5,LocalHost,10.6,16664068096,5213204480,68.7,10579001344,3480731648,5706735616,937160704,817545216,1786789888,521555968
77,2022-01-25,14:32:53,0.5,LocalHost,8.1,16664068096,5212979200,68.7,10579218432,3480506368,5706739712,937160704,817545216,1786798080,521555968
78,2022-01-25,14:32:53,0.5,LocalHost,8.1,16664068096,5213462528,68.7,10578735104,3480989696,5706731520,937160704,817545216,1786798080,521555968
79,2022-01-25,14:32:54,0.5,LocalHost,3.7,16664068096,5213503488,68.7,10578702336,3481022464,5706731520,937168896,817545216,1786798080,521555968
80,2022-01-25,14:32:54,0.5,LocalHost,10.7,16664068096,5213278208,68.7,10578919424,3480764416,5706817536,937168896,817569792,1786814464,521555968
81,2022-01-25,14:32:55,0.5,LocalHost,11.6,16664068096,5213802496,68.7,10578395136,3481288704,5706698752,937168896,817569792,1786814464,521555968
82,2022-01-25,14:32:55,0.5,LocalHost,12.6,16664068096,5213569024,68.7,10578636800,3481022464,5706829824,937177088,817586176,1786822656,521555968
83,2022-01-25,14:32:56,0.5,LocalHost,6.6,16664068096,5213601792,68.7,10578591744,3481055232,5706891264,937177088,817594368,1786826752,521555968
84,2022-01-25,14:32:56,0.5,LocalHost,8.3,16664068096,5213519872,68.7,10578685952,3480956928,5707173888,937193472,817594368,1786830848,521555968
85,2022-01-25,14:32:57,0.5,LocalHost,2.3,16664068096,5213786112,68.7,10578419712,3481223168,5707173888,937193472,817594368,1786830848,521555968
86,2022-01-25,14:32:57,0.5,LocalHost,6.5,16664068096,5213257728,68.7,10578931712,3480666112,5706915840,937222144,817610752,1786859520,521555968
87,2022-01-25,14:32:58,0.5,LocalHost,2.6,16664068096,5213646848,68.7,10578550784,3481022464,5706924032,937246720,817618944,1786875904,521555968
88,2022-01-25,14:32:58,0.5,LocalHost,8.2,16664068096,5213503488,68.7,10578669568,3480731648,5706932224,937377792,817618944,1787047936,521555968
89,2022-01-25,14:32:59,0.5,LocalHost,7.3,16664068096,5213802496,68.7,10578370560,3481022464,5706940416,937377792,817643520,1787031552,521555968
90,2022-01-25,14:32:59,0.5,LocalHost,17.9,16664068096,5213253632,68.7,10578923520,3480440832,5706969088,937390080,817643520,1787060224,521555968
91,2022-01-25,14:33:00,0.5,LocalHost,19.1,16664068096,5213220864,68.7,10578919424,3480399872,5707001856,937398272,817676288,1787072512,521596928
92,2022-01-25,14:33:00,0.5,LocalHost,14.9,16664068096,5213511680,68.7,10578644992,3480506368,5706784768,937492480,817676288,1787240448,521596928
93,2022-01-25,14:33:01,0.5,LocalHost,16.8,16664068096,5213802496,68.7,10578350080,3480797184,5706907648,937492480,817684480,1787236352,521596928
94,2022-01-25,14:33:01,0.5,LocalHost,11.5,16664068096,5213863936,68.7,10578280448,3480850432,5706907648,937496576,817684480,1787252736,521596928
95,2022-01-25,14:33:02,0.5,LocalHost,8.4,16664068096,5213339648,68.7,10579132416,3479973888,5707739136,937828352,817684480,1787277312,521596928
96,2022-01-25,14:33:02,0.5,LocalHost,5.9,16664068096,5213122560,68.7,10579091456,3479744512,5706924032,937676800,817684480,1787547648,521560064
97,2022-01-25,14:33:03,0.5,LocalHost,2.4,16664068096,5213483008,68.7,10578731008,3480100864,5706924032,937680896,817692672,1787543552,521560064
98,2022-01-25,14:33:03,0.5,LocalHost,9.4,16664068096,5213274112,68.7,10578939904,3479883776,5706801152,937680896,817692672,1787551744,521560064
99,2022-01-25,14:33:04,0.5,LocalHost,4.8,16664068096,5213634560,68.7,10578579456,3480240128,5706801152,937684992,817709056,1787539456,521560064
100,2022-01-25,14:33:04,0.5,LocalHost,5.1,16664068096,5213507584,68.7,10578690048,3480109056,5706948608,937689088,817709056,1787559936,521555968
101,2022-01-25,14:33:05,0.5,LocalHost,4.1,16664068096,5213249536,68.7,10578948096,3479851008,5706948608,937689088,817709056,1787559936,521555968
102,2022-01-25,14:33:05,0.5,LocalHost,2.9,16664068096,5213401088,68.7,10578784256,3480002560,5706993664,937689088,817725440,1787555840,521555968
103,2022-01-25,14:33:06,0.5,LocalHost,1.8,16664068096,5213282304,68.7,10578903040,3479883776,5706993664,937689088,817725440,1787555840,521555968
104,2022-01-25,14:33:06,0.5,LocalHost,4.6,16664068096,5213405184,68.7,10578796544,3479957504,5707026432,937705472,817733632,1787580416,521555968
105,2022-01-25,14:33:07,0.5,LocalHost,5.2,16664068096,5213605888,68.7,10578599936,3480141824,5707034624,937713664,817766400,1787559936,521555968
106,2022-01-25,14:33:07,0.5,LocalHost,8.5,16664068096,5213540352,68.7,10578673664,3480035328,5707010048,937721856,817766400,1787592704,521555968
107,2022-01-25,14:33:08,0.5,LocalHost,11.4,16664068096,5214035968,68.7,10578178048,3480530944,5707010048,937721856,817766400,1787592704,521555968
108,2022-01-25,14:33:08,0.5,LocalHost,7.5,16664068096,5213532160,68.7,10578681856,3480023040,5707010048,937725952,817766400,1787596800,521555968
109,2022-01-25,14:33:09,0.5,LocalHost,7.1,16664068096,5204488192,68.8,10578964480,3471110144,5706915840,937594880,817766400,1796227072,530309120
110,2022-01-25,14:33:09,0.5,LocalHost,9.4,16664068096,5205098496,68.8,10578309120,3471474688,5706903552,937840640,817774592,1796509696,530333696
111,2022-01-25,14:33:10,0.5,LocalHost,3.7,16664068096,5205078016,68.8,10578337792,3471441920,5706903552,937852928,817774592,1796513792,530333696
112,2022-01-25,14:33:10,0.5,LocalHost,8.4,16664068096,5213614080,68.7,10578522112,3479957504,5707350016,937869312,817774592,1787813888,521613312
113,2022-01-25,14:33:11,0.5,LocalHost,11.4,16664068096,5206433792,68.8,10577682432,3472773120,5707358208,937873408,817799168,1795813376,529616896
114,2022-01-25,14:33:11,0.5,LocalHost,9.8,16664068096,5206302720,68.8,10577838080,3472592896,5707149312,937889792,817807360,1795829760,529616896
115,2022-01-25,14:33:12,0.5,LocalHost,14.5,16664068096,5194031104,68.8,10590117888,3460304896,5718712320,937902080,817823744,1795821568,529616896
116,2022-01-25,14:33:12,0.5,LocalHost,17.2,16664068096,5204746240,68.8,10579996672,3471056896,5707055104,937910272,817823744,1795190784,529027072
117,2022-01-25,14:33:13,0.5,LocalHost,14.0,16664068096,5204885504,68.8,10579857408,3471196160,5707177984,937910272,817823744,1795190784,529027072
118,2022-01-25,14:33:13,0.5,LocalHost,9.2,16664068096,5204959232,68.8,10579775488,3471269888,5707132928,937910272,817823744,1795198976,529027072
119,2022-01-25,14:33:14,0.5,LocalHost,2.4,16664068096,5204926464,68.8,10579808256,3471237120,5707132928,937910272,817823744,1795198976,529027072
120,2022-01-25,14:33:14,0.5,LocalHost,5.6,16664068096,5205024768,68.8,10579705856,3471335424,5707157504,937910272,817823744,1795203072,529027072
121,2022-01-25,14:33:15,0.5,LocalHost,3.1,16664068096,5204893696,68.8,10579836928,3471196160,5707161600,937918464,817840128,1795194880,529027072
122,2022-01-25,14:33:15,0.5,LocalHost,3.7,16664068096,5205983232,68.8,10578767872,3472244736,5707251712,937947136,817840128,1795215360,529027072
123,2022-01-25,14:33:16,0.5,LocalHost,5.3,16664068096,5205913600,68.8,10578829312,3472171008,5707116544,937947136,817856512,1795211264,529027072
124,2022-01-25,14:33:16,0.5,LocalHost,6.4,16664068096,5206237184,68.8,10578489344,3472494592,5707063296,937943040,817864704,1795219456,529027072
125,2022-01-25,14:33:17,0.5,LocalHost,6.8,16664068096,5206319104,68.8,10578423808,3472560128,5707165696,937943040,817872896,1795211264,529027072
126,2022-01-25,14:33:17,0.5,LocalHost,4.9,16664068096,5206405120,68.8,10578329600,3472621568,5707223040,937959424,817881088,1795235840,529027072
127,2022-01-25,14:33:18,0.5,LocalHost,5.0,16664068096,5206568960,68.8,10578161664,3472785408,5707223040,937959424,817881088,1795239936,529027072
128,2022-01-25,14:33:18,0.5,LocalHost,4.2,16664068096,5206536192,68.8,10578190336,3472752640,5707223040,937959424,817881088,1795244032,529027072
129,2022-01-25,14:33:19,0.5,LocalHost,2.9,16664068096,5206601728,68.8,10578124800,3472818176,5707223040,937959424,817881088,1795244032,529027072
130,2022-01-25,14:33:19,0.5,LocalHost,12.6,16664068096,5206818816,68.8,10577911808,3473018880,5707046912,937959424,817881088,1795256320,529027072
131,2022-01-25,14:33:20,0.5,LocalHost,16.9,16664068096,5206859776,68.8,10577862656,3473059840,5707046912,937959424,817881088,1795264512,529027072
132,2022-01-25,14:33:20,0.5,LocalHost,16.8,16664068096,5206724608,68.8,10577985536,3472879616,5707190272,938004480,817893376,1795309568,529027072
133,2022-01-25,14:33:21,0.5,LocalHost,19.0,16664068096,5206827008,68.8,10577838080,3472871424,5707202560,938115072,817901568,1795457024,529027072
134,2022-01-25,14:33:21,0.5,LocalHost,5.9,16664068096,5206818816,68.8,10577866752,3472838656,5707038720,938131456,817901568,1795461120,529018880
135,2022-01-25,14:33:22,0.5,LocalHost,1.1,16664068096,5206827008,68.8,10577846272,3472838656,5707313152,938131456,817917952,1795465216,529018880
136,2022-01-25,14:33:22,0.5,LocalHost,10.7,16664068096,5204889600,68.8,10579935232,3470782464,5707923456,938233856,817917952,1795432448,528982016
137,2022-01-25,14:33:23,0.5,LocalHost,6.6,16664068096,5204672512,68.8,10580094976,3470606336,5707649024,938192896,817934336,1795432448,528982016
138,2022-01-25,14:33:23,0.5,LocalHost,9.5,16664068096,5204869120,68.8,10579918848,3470770176,5707288576,938209280,817934336,1795444736,528977920
139,2022-01-25,14:33:24,0.5,LocalHost,9.0,16664068096,5204795392,68.8,10579992576,3470696448,5707288576,938209280,817934336,1795444736,528977920
140,2022-01-25,14:33:24,0.5,LocalHost,13.0,16664068096,5204860928,68.8,10579918848,3470761984,5707288576,938209280,817934336,1795452928,528977920
141,2022-01-25,14:33:25,0.5,LocalHost,12.4,16664068096,5205164032,68.8,10579611648,3471060992,5707079680,938213376,817934336,1795461120,528977920
142,2022-01-25,14:33:25,0.5,LocalHost,10.1,16664068096,5205037056,68.8,10579746816,3470921728,5707173888,938225664,817950720,1795448832,528977920
143,2022-01-25,14:33:26,0.5,LocalHost,2.9,16664068096,5204520960,68.8,10580275200,3470389248,5707313152,938233856,817950720,1795452928,528977920
144,2022-01-25,14:33:26,0.5,LocalHost,8.1,16664068096,5205647360,68.8,10579128320,3471491072,5707210752,938246144,817967104,1795481600,528982016
145,2022-01-25,14:33:27,0.5,LocalHost,1.8,16664068096,5205712896,68.8,10579050496,3471556608,5707210752,938246144,817975296,1795485696,528982016
146,2022-01-25,14:33:27,0.5,LocalHost,3.9,16664068096,5205491712,68.8,10579283968,3471319040,5707288576,938254336,817983488,1795481600,528982016
147,2022-01-25,14:33:28,0.5,LocalHost,1.6,16664068096,5205491712,68.8,10579267584,3471319040,5707288576,938254336,817983488,1795497984,528982016
148,2022-01-25,14:33:28,0.5,LocalHost,3.9,16664068096,5205688320,68.8,10579095552,3471491072,5707390976,938262528,817999872,1795481600,528982016
149,2022-01-25,14:33:29,0.5,LocalHost,2.6,16664068096,5205917696,68.8,10578857984,3471716352,5707304960,938266624,817999872,1795493888,528977920
150,2022-01-25,14:33:29,0.5,LocalHost,9.1,16664068096,5205897216,68.8,10578882560,3471683584,5707313152,938270720,817999872,1795502080,528977920
151,2022-01-25,14:33:30,0.5,LocalHost,9.0,16664068096,5205929984,68.8,10578849792,3471716352,5707313152,938270720,817999872,1795502080,528977920
152,2022-01-25,14:33:30,0.5,LocalHost,8.9,16664068096,5205733376,68.8,10579034112,3471511552,5707313152,938278912,818008064,1795514368,528977920
153,2022-01-25,14:33:31,0.5,LocalHost,9.9,16664068096,5205692416,68.8,10579161088,3471446016,5707345920,938278912,818008064,1795452928,528912384
154,2022-01-25,14:33:31,0.5,LocalHost,9.8,16664068096,5206253568,68.8,10578583552,3471998976,5707223040,938287104,818024448,1795461120,528912384
155,2022-01-25,14:33:32,0.5,LocalHost,6.8,16664068096,5206319104,68.8,10578509824,3472064512,5707345920,938287104,818032640,1795461120,528912384
156,2022-01-25,14:33:32,0.5,LocalHost,13.1,16664068096,5207908352,68.7,10576916480,3473645568,5707821056,938299392,818032640,1795473408,528916480
157,2022-01-25,14:33:33,0.5,LocalHost,7.4,16664068096,5205573632,68.8,10579177472,3471360000,5707599872,938221568,818049024,1795481600,528912384
158,2022-01-25,14:33:33,0.5,LocalHost,7.3,16664068096,5212327936,68.7,10579705856,3478020096,5707374592,938315776,818089984,1788252160,521723904
159,2022-01-25,14:33:34,0.5,LocalHost,2.4,16664068096,5212295168,68.7,10579738624,3477987328,5707374592,938315776,818089984,1788252160,521723904
160,2022-01-25,14:33:34,0.5,LocalHost,4.3,16664068096,5212880896,68.7,10579316736,3478523904,5707206656,938328064,818089984,1788137472,521555968
161,2022-01-25,14:33:35,0.5,LocalHost,5.7,16664068096,5213020160,68.7,10579173376,3478663168,5707206656,938328064,818089984,1788141568,521555968
162,2022-01-25,14:33:35,0.5,LocalHost,6.1,16664068096,5213212672,68.7,10578972672,3478855680,5707292672,938328064,818106368,1788133376,521555968
163,2022-01-25,14:33:36,0.5,LocalHost,2.1,16664068096,5213179904,68.7,10579005440,3478822912,5707292672,938328064,818122752,1788116992,521555968
164,2022-01-25,14:33:36,0.5,LocalHost,4.9,16664068096,5213159424,68.7,10579038208,3478749184,5707587584,938348544,818122752,1788157952,521555968
165,2022-01-25,14:33:37,0.5,LocalHost,3.4,16664068096,5213085696,68.7,10579107840,3478675456,5707587584,938348544,818122752,1788162048,521555968
166,2022-01-25,14:33:37,0.5,LocalHost,4.2,16664068096,5212774400,68.7,10579402752,3478364160,5707587584,938348544,818130944,1788170240,521555968
167,2022-01-25,14:33:38,0.5,LocalHost,10.7,16664068096,5212704768,68.7,10579476480,3478290432,5707739136,938352640,818130944,1788170240,521555968
168,2022-01-25,14:33:38,0.5,LocalHost,4.9,16664068096,5212909568,68.7,10579292160,3478458368,5707603968,938364928,818163712,1788153856,521555968
169,2022-01-25,14:33:39,0.5,LocalHost,1.9,16664068096,5212876800,68.7,10579267584,3478425600,5707603968,938364928,818163712,1788211200,521555968
170,2022-01-25,14:33:39,0.5,LocalHost,9.5,16664068096,5213216768,68.7,10578890752,3478630400,5707886592,938491904,818163712,1788383232,521555968
171,2022-01-25,14:33:40,0.5,LocalHost,9.4,16664068096,5213216768,68.7,10578886656,3478630400,5707681792,938491904,818163712,1788387328,521555968
172,2022-01-25,14:33:40,0.5,LocalHost,3.4,16664068096,5213081600,68.7,10579054592,3478458368,5707456512,938496000,818163712,1788391424,521555968
173,2022-01-25,14:33:41,0.5,LocalHost,1.8,16664068096,5213159424,68.7,10578997248,3478491136,5707636736,938528768,818180096,1788399616,521555968
174,2022-01-25,14:33:41,0.5,LocalHost,2.4,16664068096,5213171712,68.7,10578997248,3478482944,5707677696,938545152,818196480,1788391424,521555968
175,2022-01-25,14:33:42,0.5,LocalHost,1.8,16664068096,5213343744,68.7,10578808832,3478654976,5707677696,938545152,818196480,1788407808,521555968
176,2022-01-25,14:33:42,0.5,LocalHost,5.7,16664068096,5213253632,68.7,10578931712,3478523904,5707677696,938586112,818204672,1788407808,521555968
177,2022-01-25,14:33:43,0.5,LocalHost,16.4,16664068096,5212598272,68.7,10579607552,3477766144,5708222464,938606592,818204672,1788489728,521555968
178,2022-01-25,14:33:43,0.5,LocalHost,9.7,16664068096,5212839936,68.7,10579382272,3477975040,5707649024,938614784,818204672,1788506112,521555968
179,2022-01-25,14:33:44,0.5,LocalHost,7.8,16664068096,5212700672,68.7,10579492864,3477835776,5707669504,938614784,818221056,1788518400,521555968
180,2022-01-25,14:33:44,0.5,LocalHost,10.3,16664068096,5212622848,68.7,10579587072,3477737472,5707689984,938618880,818221056,1788522496,521555968
181,2022-01-25,14:33:45,0.5,LocalHost,4.0,16664068096,5212360704,68.7,10579845120,3477475328,5707689984,938618880,818221056,1788526592,521555968
182,2022-01-25,14:33:45,0.5,LocalHost,5.9,16664068096,5212205056,68.7,10579218432,3477311488,5708570624,938627072,818221056,1789317120,522342400
183,2022-01-25,14:33:46,0.5,LocalHost,4.7,16664068096,5212282880,68.7,10579144704,3477385216,5708582912,938631168,818221056,1789317120,522342400
184,2022-01-25,14:33:46,0.5,LocalHost,11.1,16664068096,5212528640,68.7,10579042304,3477618688,5707915264,938643456,818237440,1789169664,522203136
185,2022-01-25,14:33:47,0.5,LocalHost,5.8,16664068096,5212934144,68.7,10578616320,3478020096,5707763712,938647552,818237440,1789194240,522203136
186,2022-01-25,14:33:47,0.5,LocalHost,8.5,16664068096,5213138944,68.7,10578960384,3478204416,5707661312,938651648,818245632,1788657664,521670656
187,2022-01-25,14:33:48,0.5,LocalHost,7.3,16664068096,5213343744,68.7,10578747392,3478409216,5707702272,938651648,818245632,1788665856,521670656
188,2022-01-25,14:33:48,0.5,LocalHost,6.2,16664068096,5213433856,68.7,10578907136,3478495232,5707739136,938655744,818245632,1788420096,521416704
189,2022-01-25,14:33:49,0.5,LocalHost,8.8,16664068096,5213401088,68.7,10578931712,3478462464,5707706368,938655744,818245632,1788428288,521416704
190,2022-01-25,14:33:49,0.5,LocalHost,6.3,16664068096,5213884416,68.7,10578460672,3478925312,5707714560,938663936,818270208,1788411904,521416704
191,2022-01-25,14:33:50,0.5,LocalHost,2.4,16664068096,5213593600,68.7,10578685952,3478601728,5707710464,938672128,818270208,1788510208,521486336
192,2022-01-25,14:33:50,0.5,LocalHost,4.7,16664068096,5213540352,68.7,10578751488,3478536192,5707718656,938684416,818270208,1788510208,521486336
193,2022-01-25,14:33:51,0.5,LocalHost,2.1,16664068096,5213376512,68.7,10578903040,3478372352,5707718656,938684416,818270208,1788522496,521486336
194,2022-01-25,14:33:51,0.5,LocalHost,8.6,16664068096,5213405184,68.7,10578874368,3478396928,5707743232,938688512,818278400,1788518400,521486336
195,2022-01-25,14:33:52,0.5,LocalHost,6.6,16664068096,5213515776,68.7,10578767872,3478503424,5707743232,938692608,818294784,1788502016,521482240
196,2022-01-25,14:33:52,0.5,LocalHost,12.0,16664068096,5212381184,68.7,10579357696,3477352448,5707759616,938692608,818294784,1789063168,522018816
197,2022-01-25,14:33:53,0.5,LocalHost,14.9,16664068096,5212430336,68.7,10579079168,3477221376,5708787712,938717184,818302976,1789464576,522268672
198,2022-01-25,14:33:53,0.5,LocalHost,17.6,16664068096,5213249536,68.7,10578227200,3478056960,5708193792,938852352,818302976,1789480960,522301440
199,2022-01-25,14:33:54,0.5,LocalHost,12.0,16664068096,5213118464,68.7,10578350080,3477962752,5707751424,938852352,818302976,1789452288,522301440
200,2022-01-25,14:33:54,0.5,LocalHost,9.0,16664068096,5213224960,68.7,10578235392,3478069248,5707751424,938852352,818302976,1789460480,522301440
201,2022-01-25,14:33:55,0.5,LocalHost,3.7,16664068096,5213265920,68.7,10578178048,3478102016,5707751424,938860544,818327552,1789460480,522301440
202,2022-01-25,14:33:55,0.5,LocalHost,5.8,16664068096,5212925952,68.7,10579300352,3477757952,5707816960,938864640,818327552,1788682240,521515008
203,2022-01-25,14:33:56,0.5,LocalHost,1.6,16664068096,5212827648,68.7,10579398656,3477659648,5707816960,938864640,818327552,1788682240,521515008
204,2022-01-25,14:33:56,0.5,LocalHost,2.6,16664068096,5213368320,68.7,10578853888,3478200320,5708083200,938864640,818343936,1788669952,521515008
205,2022-01-25,14:33:57,0.5,LocalHost,3.3,16664068096,5212946432,68.7,10579312640,3477704704,5707902976,938889216,818352128,1788698624,521515008
206,2022-01-25,14:33:57,0.5,LocalHost,6.2,16664068096,5213331456,68.7,10578903040,3477962752,5707902976,939016192,818352128,1788850176,521515008
207,2022-01-25,14:33:58,0.5,LocalHost,4.3,16664068096,5213298688,68.7,10578898944,3477929984,5707902976,939016192,818360320,1788878848,521515008
208,2022-01-25,14:33:58,0.5,LocalHost,10.8,16664068096,5212999680,68.7,10579185664,3477630976,5707902976,939016192,818360320,1788891136,521515008
209,2022-01-25,14:33:59,0.5,LocalHost,5.1,16664068096,5213138944,68.7,10579054592,3477762048,5707735040,939024384,818360320,1788891136,521515008
210,2022-01-25,14:33:59,0.5,LocalHost,7.6,16664068096,5213040640,68.7,10579206144,3477598208,5707743232,939081728,818360320,1788903424,521515008
211,2022-01-25,14:34:00,0.5,LocalHost,6.5,16664068096,5213237248,68.7,10578923520,3477753856,5707882496,939122688,818360320,1789030400,521555968
212,2022-01-25,14:34:00,0.5,LocalHost,6.6,16664068096,5213409280,68.7,10578751488,3477925888,5707882496,939122688,818376704,1789014016,521555968
213,2022-01-25,14:34:01,0.5,LocalHost,3.9,16664068096,5213253632,68.7,10578931712,3477721088,5707919360,939167744,818376704,1789038592,521555968
214,2022-01-25,14:34:01,0.5,LocalHost,6.1,16664068096,5212872704,68.7,10579329024,3477323776,5707935744,939167744,818384896,1789030400,521555968
215,2022-01-25,14:34:02,0.5,LocalHost,5.3,16664068096,5213376512,68.7,10578833408,3477811200,5707902976,939175936,818393088,1789030400,521555968
216,2022-01-25,14:34:02,0.5,LocalHost,5.5,16664068096,5213356032,68.7,10578882560,3477786624,5707911168,939180032,818393088,1789005824,521515008
217,2022-01-25,14:34:03,0.5,LocalHost,5.8,16664068096,5213302784,68.7,10578923520,3477868544,5707911168,939188224,818401280,1788874752,521515008
218,2022-01-25,14:34:03,0.5,LocalHost,12.0,16664068096,5212655616,68.7,10579836928,3476824064,5708230656,939536384,818401280,1789005824,521510912
219,2022-01-25,14:34:04,0.5,LocalHost,9.0,16664068096,5212647424,68.7,10579607552,3477229568,5707948032,939302912,818401280,1788829696,521515008
220,2022-01-25,14:34:04,0.5,LocalHost,7.7,16664068096,5212639232,68.7,10579615744,3477221376,5707948032,939302912,818401280,1788829696,521515008
221,2022-01-25,14:34:05,0.5,LocalHost,8.4,16664068096,5212909568,68.7,10579341312,3477487616,5707948032,939307008,818401280,1788837888,521515008
222,2022-01-25,14:34:05,0.5,LocalHost,8.7,16664068096,5212737536,68.7,10579513344,3477315584,5708021760,939307008,818409472,1788829696,521515008
223,2022-01-25,14:34:06,0.5,LocalHost,7.7,16664068096,5213085696,68.7,10579152896,3477651456,5708054528,939319296,818425856,1788837888,521515008
224,2022-01-25,14:34:06,0.5,LocalHost,13.1,16664068096,5212938240,68.7,10579304448,3477487616,5707976704,939327488,818434048,1788841984,521515008
225,2022-01-25,14:34:07,0.5,LocalHost,11.8,16664068096,5212909568,68.7,10579320832,3477454848,5707976704,939331584,818434048,1788858368,521515008
226,2022-01-25,14:34:07,0.5,LocalHost,11.1,16664068096,5213081600,68.7,10579177472,3477594112,5707993088,939339776,818442240,1788854272,521515008
227,2022-01-25,14:34:08,0.5,LocalHost,7.9,16664068096,5213200384,68.7,10579042304,3477712896,5707993088,939339776,818442240,1788870656,521515008
228,2022-01-25,14:34:08,0.5,LocalHost,12.9,16664068096,5213069312,68.7,10579181568,3477573632,5708001280,939339776,818450432,1788862464,521515008
229,2022-01-25,14:34:09,0.5,LocalHost,16.5,16664068096,5195984896,68.8,10578976768,3460456448,5707960320,939364352,818450432,1806184448,538738688
230,2022-01-25,14:34:09,0.5,LocalHost,16.5,16664068096,5196300288,68.8,10578706432,3460673536,5708111872,939462656,818450432,1806237696,538738688
231,2022-01-25,14:34:10,0.5,LocalHost,10.8,16664068096,5196341248,68.8,10578649088,3460714496,5708111872,939462656,818450432,1806254080,538738688
232,2022-01-25,14:34:10,0.5,LocalHost,14.4,16664068096,5213499392,68.7,10578608128,3477852160,5708009472,939483136,818450432,1789157376,521637888
233,2022-01-25,14:34:11,0.5,LocalHost,17.4,16664068096,5205155840,68.8,10578964480,3469488128,5708054528,939503616,818466816,1797148672,529625088
234,2022-01-25,14:34:11,0.5,LocalHost,17.2,16664068096,5205512192,68.8,10578608128,3469844480,5708296192,939503616,818483200,1797132288,529625088
235,2022-01-25,14:34:12,0.5,LocalHost,15.9,16664068096,5205467136,68.8,10578669568,3469746176,5708099584,939515904,818491392,1797160960,529625088
236,2022-01-25,14:34:12,0.5,LocalHost,19.7,16664068096,5205458944,68.8,10578780160,3469737984,5708099584,939515904,818491392,1797058560,529518592
237,2022-01-25,14:34:13,0.5,LocalHost,23.3,16664068096,5205446656,68.8,10578784256,3469713408,5708042240,939528192,818507776,1797062656,529518592
238,2022-01-25,14:34:13,0.5,LocalHost,28.1,16664068096,5205331968,68.8,10579320832,3469631488,5708754944,939499520,818515968,1796599808,529063936
239,2022-01-25,14:34:14,0.5,LocalHost,14.9,16664068096,5205315584,68.8,10579398656,3469512704,5708181504,939438080,818515968,1796640768,529059840
240,2022-01-25,14:34:14,0.5,LocalHost,16.5,16664068096,5205712896,68.8,10579001344,3469910016,5708206080,939438080,818515968,1796640768,529059840
241,2022-01-25,14:34:15,0.5,LocalHost,12.0,16664068096,5205573632,68.8,10579136512,3469770752,5708206080,939438080,818515968,1796644864,529055744
242,2022-01-25,14:34:15,0.5,LocalHost,14.7,16664068096,5205528576,68.8,10579185664,3469721600,5708787712,939442176,818515968,1796644864,529055744
243,2022-01-25,14:34:16,0.5,LocalHost,11.6,16664068096,5205499904,68.8,10579214336,3469680640,5708206080,939454464,818515968,1796657152,529055744
244,2022-01-25,14:34:16,0.5,LocalHost,15.2,16664068096,5206056960,68.8,10578665472,3470229504,5708181504,939462656,818524160,1796648960,529055744
245,2022-01-25,14:34:17,0.5,LocalHost,17.0,16664068096,5206081536,68.8,10578624512,3470229504,5708201984,939462656,818548736,1796665344,529055744
246,2022-01-25,14:34:17,0.5,LocalHost,22.7,16664068096,5205942272,68.8,10578800640,3470090240,5708201984,939462656,818548736,1796628480,529018880
247,2022-01-25,14:34:18,0.5,LocalHost,25.3,16664068096,5206097920,68.8,10578644992,3470229504,5708214272,939470848,818565120,1796628480,529018880
248,2022-01-25,14:34:18,0.5,LocalHost,26.6,16664068096,5206118400,68.8,10578636800,3470229504,5708230656,939474944,818565120,1796636672,529018880
249,2022-01-25,14:34:19,0.5,LocalHost,17.1,16664068096,5206151168,68.8,10578595840,3470262272,5708230656,939474944,818565120,1796644864,529018880
250,2022-01-25,14:34:19,0.5,LocalHost,12.6,16664068096,5205938176,68.8,10578808832,3470045184,5708091392,939479040,818565120,1796648960,529018880
251,2022-01-25,14:34:20,0.5,LocalHost,12.0,16664068096,5205643264,68.8,10579099648,3469746176,5708210176,939483136,818565120,1796657152,529018880
252,2022-01-25,14:34:20,0.5,LocalHost,10.4,16664068096,5205417984,68.8,10579320832,3469520896,5708210176,939483136,818565120,1796661248,529018880
253,2022-01-25,14:34:21,0.5,LocalHost,11.8,16664068096,5205389312,68.8,10579349504,3469488128,5708210176,939487232,818565120,1796665344,529018880
254,2022-01-25,14:34:21,0.5,LocalHost,17.4,16664068096,5205348352,68.8,10579386368,3469447168,5708210176,939487232,818565120,1796669440,529018880
255,2022-01-25,14:34:22,0.5,LocalHost,20.0,16664068096,5200969728,68.8,10583814144,3465035776,5714096128,939511808,818581504,1796636672,528977920
256,2022-01-25,14:34:22,0.5,LocalHost,20.9,16664068096,5195563008,68.8,10586787840,3459567616,5718327296,939544576,818606080,1799106560,531406848
257,2022-01-25,14:34:23,0.5,LocalHost,16.5,16664068096,5195366400,68.8,10586959872,3459342336,5718351872,939565056,818606080,1799159808,531406848
258,2022-01-25,14:34:23,0.5,LocalHost,17.8,16664068096,5194665984,68.8,10587701248,3458580480,5719101440,939601920,818630656,1799155712,531406848
259,2022-01-25,14:34:24,0.5,LocalHost,23.5,16664068096,5189947392,68.9,10592419840,3453812736,5721632768,939638784,818630656,1799204864,531406848
260,2022-01-25,14:34:24,0.5,LocalHost,15.8,16664068096,5191462912,68.8,10592997376,3455328256,5721755648,939638784,818630656,1797111808,529309696
261,2022-01-25,14:34:25,0.5,LocalHost,16.3,16664068096,5191528448,68.8,10592923648,3455393792,5721755648,939638784,818630656,1797120000,529309696
262,2022-01-25,14:34:25,0.5,LocalHost,11.0,16664068096,5192265728,68.8,10592522240,3456126976,5721681920,939597824,818630656,1796788224,528977920
263,2022-01-25,14:34:26,0.5,LocalHost,9.9,16664068096,5192019968,68.8,10592763904,3455877120,5721776128,939646976,818630656,1796796416,528977920
264,2022-01-25,14:34:26,0.5,LocalHost,20.6,16664068096,5190406144,68.9,10593046528,3454263296,5721645056,939646976,818630656,1798127616,530309120
265,2022-01-25,14:34:27,0.5,LocalHost,18.6,16664068096,5190746112,68.9,10592710656,3454586880,5721735168,939663360,818630656,1798139904,530313216
266,2022-01-25,14:34:27,0.5,LocalHost,23.5,16664068096,5190205440,68.9,10592940032,3454038016,5722009600,939667456,818655232,1798434816,530624512
267,2022-01-25,14:34:28,0.5,LocalHost,18.9,16664068096,5190250496,68.9,10592858112,3454046208,5722345472,939700224,818663424,1798500352,530624512
268,2022-01-25,14:34:28,0.5,LocalHost,20.2,16664068096,5190483968,68.9,10592620544,3454275584,5722390528,939704320,818671616,1798500352,530624512
269,2022-01-25,14:34:29,0.5,LocalHost,8.3,16664068096,5190316032,68.9,10592808960,3454070784,5722370048,939716608,818679808,1798508544,530624512
270,2022-01-25,14:34:29,0.5,LocalHost,17.3,16664068096,5192241152,68.8,10592550912,3455975424,5722378240,939728896,818679808,1796861952,528977920
271,2022-01-25,14:34:30,0.5,LocalHost,20.2,16664068096,5191892992,68.8,10592899072,3455619072,5722431488,939728896,818679808,1796870144,528977920
272,2022-01-25,14:34:30,0.5,LocalHost,21.3,16664068096,5190610944,68.9,10592841728,3454328832,5722431488,939737088,818679808,1798217728,530321408
273,2022-01-25,14:34:31,0.5,LocalHost,19.1,16664068096,5190356992,68.9,10593091584,3454070784,5722447872,939741184,818679808,1798225920,530321408
274,2022-01-25,14:34:31,0.5,LocalHost,19.9,16664068096,5190463488,68.9,10592980992,3454177280,5722447872,939741184,818679808,1798230016,530321408
275,2022-01-25,14:34:32,0.5,LocalHost,13.7,16664068096,5189992448,68.9,10593447936,3453706240,5722447872,939741184,818679808,1798234112,530321408
276,2022-01-25,14:34:32,0.5,LocalHost,20.7,16664068096,5191364608,68.8,10593411072,3455070208,5722611712,939749376,818696192,1796890624,528990208
277,2022-01-25,14:34:33,0.5,LocalHost,20.9,16664068096,5191397376,68.8,10593345536,3455102976,5722411008,939749376,818728960,1796890624,528986112
278,2022-01-25,14:34:33,0.5,LocalHost,20.1,16664068096,5191348224,68.8,10593390592,3455049728,5722423296,939753472,818737152,1796890624,528986112
279,2022-01-25,14:34:34,0.5,LocalHost,23.4,16664068096,5191823360,68.8,10592964608,3455332352,5722980352,939782144,818737152,1797033984,528986112
280,2022-01-25,14:34:34,0.5,LocalHost,17.9,16664068096,5191311360,68.8,10593468416,3454857216,5722763264,939786240,818745344,1796997120,528986112
281,2022-01-25,14:34:35,0.5,LocalHost,11.8,16664068096,5190569984,68.9,10593849344,3454107648,5723041792,939794432,818745344,1797365760,529317888
282,2022-01-25,14:34:35,0.5,LocalHost,16.1,16664068096,5190561792,68.9,10593845248,3454099456,5723185152,939794432,818745344,1797378048,529317888
283,2022-01-25,14:34:36,0.5,LocalHost,24.7,16664068096,5190569984,68.9,10593832960,3454107648,5723287552,939794432,818745344,1797382144,529317888
284,2022-01-25,14:34:36,0.5,LocalHost,25.8,16664068096,5190451200,68.9,10594258944,3453947904,5723295744,939827200,818745344,1797115904,529051648
285,2022-01-25,14:34:37,0.5,LocalHost,23.2,16664068096,5190610944,68.9,10594156544,3454107648,5723308032,939827200,818745344,1797058560,528986112
286,2022-01-25,14:34:37,0.5,LocalHost,16.9,16664068096,5190717440,68.9,10594045952,3454214144,5723308032,939827200,818745344,1797062656,528986112
287,2022-01-25,14:34:38,0.5,LocalHost,5.4,16664068096,5189046272,68.9,10594385920,3452526592,5723119616,939843584,818753536,1798402048,530321408
288,2022-01-25,14:34:38,0.5,LocalHost,2.6,16664068096,5189734400,68.9,10593689600,3453214720,5723119616,939843584,818786304,1798377472,530321408
289,2022-01-25,14:34:39,0.5,LocalHost,3.1,16664068096,5189914624,68.9,10593476608,3453390848,5721923584,939847680,818786304,1798414336,530321408
290,2022-01-25,14:34:39,0.5,LocalHost,2.6,16664068096,5191114752,68.8,10593218560,3454550016,5721677824,939855872,818786304,1797513216,529420288
291,2022-01-25,14:34:40,0.5,LocalHost,3.4,16664068096,5191471104,68.8,10593124352,3454881792,5721718784,939872256,818794496,1797267456,529174528
292,2022-01-25,14:34:40,0.5,LocalHost,5.3,16664068096,5191471104,68.8,10593124352,3454881792,5721546752,939872256,818794496,1797267456,529174528
293,2022-01-25,14:34:41,0.5,LocalHost,4.1,16664068096,5191155712,68.8,10593636352,3454558208,5721665536,939872256,818794496,1797079040,528986112
294,2022-01-25,14:34:41,0.5,LocalHost,4.1,16664068096,5190856704,68.9,10593669120,3454259200,5721665536,939872256,818794496,1797345280,529252352
295,2022-01-25,14:34:42,0.5,LocalHost,10.5,16664068096,5191163904,68.8,10593157120,3454566400,5721964544,939872256,818794496,1797550080,529457152
296,2022-01-25,14:34:42,0.5,LocalHost,4.9,16664068096,5191221248,68.8,10593099776,3454623744,5721702400,939872256,818794496,1797550080,529457152
297,2022-01-25,14:34:43,0.5,LocalHost,2.9,16664068096,5190995968,68.8,10593308672,3454398464,5721702400,939872256,818810880,1797550080,529457152
298,2022-01-25,14:34:43,0.5,LocalHost,14.8,16664068096,5191061504,68.8,10593255424,3454464000,5721710592,939872256,818810880,1797537792,529444864
299,2022-01-25,14:34:44,0.5,LocalHost,20.9,16664068096,5189734400,68.9,10594566144,3453136896,5723041792,939872256,818835456,1797529600,529444864
300,2022-01-25,14:34:44,0.5,LocalHost,13.1,16664068096,5190791168,68.9,10593804288,3454128128,5722681344,939876352,818843648,1797292032,529178624
301,2022-01-25,14:34:45,0.5,LocalHost,11.6,16664068096,5191385088,68.8,10593353728,3454582784,5721587712,939970560,818843648,1797287936,529039360
302,2022-01-25,14:34:45,0.5,LocalHost,11.2,16664068096,5191716864,68.8,10593013760,3454914560,5722054656,939970560,818860032,1797279744,529039360
303,2022-01-25,14:34:46,0.5,LocalHost,10.0,16664068096,5192052736,68.8,10592669696,3455250432,5721841664,939970560,818860032,1797287936,529039360
304,2022-01-25,14:34:46,0.5,LocalHost,11.4,16664068096,5191991296,68.8,10592743424,3455176704,5721669632,939970560,818860032,1797287936,529039360
305,2022-01-25,14:34:47,0.5,LocalHost,13.5,16664068096,5192065024,68.8,10592722944,3455250432,5721788416,939970560,818860032,1797234688,528986112
306,2022-01-25,14:34:47,0.5,LocalHost,13.4,16664068096,5191774208,68.8,10593017856,3454955520,5721792512,939970560,818860032,1797234688,528986112
307,2022-01-25,14:34:48,0.5,LocalHost,11.0,16664068096,5191950336,68.8,10592362496,3455131648,5721870336,939970560,818868224,1797705728,529457152
308,2022-01-25,14:34:48,0.5,LocalHost,9.7,16664068096,5192048640,68.8,10592264192,3455229952,5721829376,939970560,818868224,1797705728,529457152
309,2022-01-25,14:34:49,0.5,LocalHost,10.3,16664068096,5191880704,68.8,10592436224,3455057920,5721669632,939970560,818868224,1797705728,529457152
310,2022-01-25,14:34:49,0.5,LocalHost,12.1,16664068096,5190758400,68.9,10593226752,3453935616,5723799552,939970560,818892800,1798012928,529788928
311,2022-01-25,14:34:50,0.5,LocalHost,11.7,16664068096,5189537792,68.9,10594549760,3452669952,5724286976,939986944,818892800,1797955584,529666048
312,2022-01-25,14:34:50,0.5,LocalHost,14.0,16664068096,5189783552,68.9,10594308096,3452911616,5724303360,939991040,818892800,1797955584,529666048
313,2022-01-25,14:34:51,0.5,LocalHost,20.0,16664068096,5189726208,68.9,10594557952,3452837888,5724250112,940007424,818900992,1797771264,529473536
314,2022-01-25,14:34:51,0.5,LocalHost,22.5,16664068096,5189804032,68.9,10594783232,3452911616,5724389376,940011520,818900992,1797472256,529174528
315,2022-01-25,14:34:52,0.5,LocalHost,23.4,16664068096,5189844992,68.9,10594742272,3452944384,5724356608,940011520,818900992,1797480448,529174528
316,2022-01-25,14:34:52,0.5,LocalHost,24.1,16664068096,5188919296,68.9,10594070528,3452014592,5724377088,940015616,818900992,1799081984,530771968
317,2022-01-25,14:34:53,0.5,LocalHost,23.8,16664068096,5188562944,68.9,10594398208,3451654144,5724377088,940019712,818917376,1799098368,530780160
318,2022-01-25,14:34:53,0.5,LocalHost,15.2,16664068096,5188669440,68.9,10594304000,3451748352,5724397568,940023808,818917376,1799098368,530780160
319,2022-01-25,14:34:54,0.5,LocalHost,11.9,16664068096,5188575232,68.9,10594390016,3451654144,5724213248,940023808,818917376,1799106560,530780160
320,2022-01-25,14:34:54,0.5,LocalHost,18.7,16664068096,5187137536,68.9,10597195776,3450093568,5725265920,940064768,818925568,1797853184,529448960
321,2022-01-25,14:34:55,0.5,LocalHost,14.1,16664068096,5187764224,68.9,10596548608,3450695680,5724352512,940056576,818941952,1797881856,529444864
322,2022-01-25,14:34:55,0.5,LocalHost,13.8,16664068096,5188075520,68.9,10596507648,3450986496,5724332032,940060672,818950144,1797623808,529178624
323,2022-01-25,14:34:56,0.5,LocalHost,12.5,16664068096,5188440064,68.9,10596331520,3451351040,5724372992,940060672,818950144,1797435392,528986112
324,2022-01-25,14:34:56,0.5,LocalHost,14.2,16664068096,5188476928,68.9,10596294656,3451383808,5724401664,940064768,818958336,1797431296,528986112
325,2022-01-25,14:34:57,0.5,LocalHost,14.7,16664068096,5188280320,68.9,10596487168,3451179008,5724397568,940072960,818958336,1797443584,528986112
326,2022-01-25,14:34:57,0.5,LocalHost,20.9,16664068096,5188395008,68.9,10596384768,3451277312,5724250112,940072960,818958336,1797447680,528986112
327,2022-01-25,14:34:58,0.5,LocalHost,22.0,16664068096,5188337664,68.9,10596429824,3451211776,5724557312,940081152,818974720,1797451776,528986112
328,2022-01-25,14:34:58,0.5,LocalHost,20.2,16664068096,5188087808,68.9,10596679680,3450961920,5724557312,940081152,818974720,1797451776,528986112
329,2022-01-25,14:34:59,0.5,LocalHost,22.3,16664068096,5188608000,68.9,10596163584,3451469824,5724385280,940081152,818974720,1797459968,528986112
330,2022-01-25,14:34:59,0.5,LocalHost,14.0,16664068096,5188706304,68.9,10596057088,3451568128,5724385280,940081152,818982912,1797459968,528986112
331,2022-01-25,14:35:00,0.5,LocalHost,14.5,16664068096,5188718592,68.9,10595971072,3451518976,5724569600,940142592,818982912,1797595136,529027072
332,2022-01-25,14:35:00,0.5,LocalHost,17.2,16664068096,5189013504,68.9,10595692544,3451777024,5724254208,940167168,818999296,1797599232,529027072
333,2022-01-25,14:35:01,0.5,LocalHost,22.7,16664068096,5189169152,68.9,10595520512,3451928576,5724315648,940171264,819015680,1797603328,529027072
334,2022-01-25,14:35:01,0.5,LocalHost,20.7,16664068096,5188849664,68.9,10595880960,3451604992,5724307456,940175360,819015680,1797566464,528986112
335,2022-01-25,14:35:02,0.5,LocalHost,20.0,16664068096,5189644288,68.9,10595131392,3452325888,5724327936,940212224,819032064,1797578752,528990208
336,2022-01-25,14:35:02,0.5,LocalHost,10.0,16664068096,5189869568,68.9,10594902016,3452551168,5724327936,940212224,819032064,1797582848,528990208
337,2022-01-25,14:35:03,0.5,LocalHost,8.1,16664068096,5189521408,68.9,10595241984,3452186624,5724336128,940216320,819048448,1797591040,528990208
338,2022-01-25,14:35:03,0.5,LocalHost,17.4,16664068096,5189705728,68.9,10595053568,3452370944,5724147712,940216320,819048448,1797595136,528990208
339,2022-01-25,14:35:04,0.5,LocalHost,21.8,16664068096,5189824512,68.9,10594942976,3452477440,5724266496,940228608,819048448,1797599232,528986112
340,2022-01-25,14:35:04,0.5,LocalHost,15.7,16664068096,5180383232,68.9,10604916736,3442499584,5734117376,940765184,819056640,1797595136,528986112
341,2022-01-25,14:35:05,0.5,LocalHost,19.2,16664068096,5189267456,68.9,10595524608,3452022784,5724315648,940244992,819056640,1797464064,528986112
342,2022-01-25,14:35:05,0.5,LocalHost,20.9,16664068096,5189525504,68.9,10595262464,3452280832,5724315648,940244992,819056640,1797468160,528986112
343,2022-01-25,14:35:06,0.5,LocalHost,11.5,16664068096,5189267456,68.9,10595516416,3452022784,5724631040,940244992,819064832,1797464064,528986112
344,2022-01-25,14:35:06,0.5,LocalHost,21.9,16664068096,5189398528,68.9,10595381248,3452149760,5724368896,940249088,819081216,1797455872,528986112
345,2022-01-25,14:35:07,0.5,LocalHost,11.5,16664068096,5189292032,68.9,10595479552,3452022784,5724651520,940253184,819081216,1797484544,528986112
346,2022-01-25,14:35:07,0.5,LocalHost,6.9,16664068096,5189623808,68.9,10595151872,3452346368,5724188672,940261376,819089408,1797480448,528986112
347,2022-01-25,14:35:08,0.5,LocalHost,2.9,16664068096,5189836800,68.9,10594947072,3452538880,5724299264,940265472,819089408,1797492736,528986112
348,2022-01-25,14:35:08,0.5,LocalHost,11.1,16664068096,5189611520,68.9,10595164160,3452313600,5724299264,940265472,819097600,1797492736,528986112
349,2022-01-25,14:35:09,0.5,LocalHost,11.6,16664068096,5181091840,68.9,10594930688,3443904512,5724221440,940150784,819097600,1806135296,537739264
350,2022-01-25,14:35:09,0.5,LocalHost,9.9,16664068096,5180739584,68.9,10595237888,3443453952,5724221440,940244992,819105792,1806270464,537763840
351,2022-01-25,14:35:10,0.5,LocalHost,11.3,16664068096,5181341696,68.9,10594627584,3443904512,5724368896,940396544,819105792,1806430208,537763840
352,2022-01-25,14:35:10,0.5,LocalHost,11.4,16664068096,5189242880,68.9,10595393536,3451797504,5724164096,940396544,819105792,1797771264,529096704
353,2022-01-25,14:35:11,0.5,LocalHost,9.7,16664068096,5189115904,68.9,10595270656,3451645952,5724680192,940417024,819105792,1798045696,529362944
354,2022-01-25,14:35:11,0.5,LocalHost,9.4,16664068096,5189025792,68.9,10595368960,3451547648,5724692480,940425216,819122176,1798029312,529362944
355,2022-01-25,14:35:12,0.5,LocalHost,11.2,16664068096,5189013504,68.9,10595205120,3451506688,5724712960,940445696,819138560,1798217728,529526784
356,2022-01-25,14:35:12,0.5,LocalHost,10.7,16664068096,5189246976,68.9,10594975744,3451731968,5724213248,940453888,819138560,1798221824,529526784
357,2022-01-25,14:35:13,0.5,LocalHost,7.9,16664068096,5189447680,68.9,10594779136,3451904000,5724368896,940453888,819154944,1798230016,529526784
358,2022-01-25,14:35:13,0.5,LocalHost,8.0,16664068096,5189681152,68.9,10594803712,3452137472,5724368896,940453888,819163136,1797963776,529260544
359,2022-01-25,14:35:14,0.5,LocalHost,8.4,16664068096,5189971968,68.9,10594738176,3452420096,5724446720,940462080,819163136,1797746688,529035264
360,2022-01-25,14:35:14,0.5,LocalHost,10.1,16664068096,5189705728,68.9,10595024896,3452129280,5724344320,940462080,819163136,1797750784,529035264
361,2022-01-25,14:35:15,0.5,LocalHost,16.2,16664068096,5189206016,68.9,10595528704,3451543552,5724774400,940486656,819171328,1797824512,529035264
362,2022-01-25,14:35:15,0.5,LocalHost,14.5,16664068096,5189697536,68.9,10595045376,3452047360,5724598272,940494848,819171328,1797804032,529035264
363,2022-01-25,14:35:16,0.5,LocalHost,13.9,16664068096,5189795840,68.9,10594938880,3452145664,5724499968,940494848,819171328,1797812224,529035264
364,2022-01-25,14:35:16,0.5,LocalHost,10.9,16664068096,5189677056,68.9,10595053568,3452026880,5724499968,940494848,819171328,1797816320,529035264
365,2022-01-25,14:35:17,0.5,LocalHost,9.9,16664068096,5189656576,68.9,10595065856,3452006400,5724766208,940494848,819179520,1797816320,529035264
366,2022-01-25,14:35:17,0.5,LocalHost,15.8,16664068096,5189877760,68.9,10594832384,3452223488,5724766208,940498944,819195904,1797816320,529035264
367,2022-01-25,14:35:18,0.5,LocalHost,15.1,16664068096,5189242880,68.9,10595450880,3451564032,5724520448,940511232,819212288,1797840896,529035264
368,2022-01-25,14:35:18,0.5,LocalHost,13.4,16664068096,5189279744,68.9,10595397632,3451596800,5724520448,940515328,819236864,1797836800,529035264
369,2022-01-25,14:35:19,0.5,LocalHost,16.1,16664068096,5189566464,68.9,10595160064,3451822080,5724499968,940527616,819236864,1797849088,529035264
370,2022-01-25,14:35:19,0.5,LocalHost,18.1,16664068096,5189574656,68.9,10595151872,3451830272,5724499968,940527616,819236864,1797849088,529035264
371,2022-01-25,14:35:20,0.5,LocalHost,18.0,16664068096,5189099520,68.9,10595622912,3451351040,5724495872,940531712,819236864,1797857280,529035264
372,2022-01-25,14:35:20,0.5,LocalHost,18.8,16664068096,5189099520,68.9,10595606528,3451351040,5724520448,940531712,819236864,1797873664,529035264
373,2022-01-25,14:35:21,0.5,LocalHost,18.7,16664068096,5189771264,68.9,10594893824,3451887616,5724430336,940666880,819236864,1798049792,529035264
374,2022-01-25,14:35:21,0.5,LocalHost,23.8,16664068096,5189869568,68.9,10594844672,3451985920,5724491776,940666880,819236864,1798000640,528986112
375,2022-01-25,14:35:22,0.5,LocalHost,23.6,16664068096,5189992448,68.9,10594758656,3452055552,5724381184,940720128,819236864,1798017024,528986112
376,2022-01-25,14:35:22,0.5,LocalHost,21.2,16664068096,5189890048,68.9,10594856960,3451953152,5724504064,940720128,819253248,1798004736,528986112
377,2022-01-25,14:35:23,0.5,LocalHost,18.5,16664068096,5189820416,68.9,10594951168,3451822080,5724590080,940756992,819277824,1798017024,528986112
378,2022-01-25,14:35:23,0.5,LocalHost,15.4,16664068096,5189636096,68.9,10595119104,3451637760,5724626944,940756992,819294208,1798017024,528986112
379,2022-01-25,14:35:24,0.5,LocalHost,16.5,16664068096,5190000640,68.9,10594758656,3451961344,5724631040,940765184,819310592,1798037504,528986112
380,2022-01-25,14:35:24,0.5,LocalHost,13.3,16664068096,5190033408,68.9,10594725888,3451994112,5724643328,940765184,819310592,1798037504,528986112
381,2022-01-25,14:35:25,0.5,LocalHost,21.8,16664068096,5176713216,68.9,10608316416,3438379008,5739081728,941039616,819318784,1798053888,528986112
382,2022-01-25,14:35:25,0.5,LocalHost,19.5,16664068096,5190270976,68.9,10594578432,3451957248,5725224960,940863488,819318784,1798213632,528982016
383,2022-01-25,14:35:26,0.5,LocalHost,19.2,16664068096,5189722112,68.9,10595061760,3451465728,5724635136,940797952,819318784,1798221824,528990208
384,2022-01-25,14:35:26,0.5,LocalHost,19.6,16664068096,5189681152,68.9,10595102720,3451424768,5724635136,940797952,819318784,1798221824,528990208
385,2022-01-25,14:35:27,0.5,LocalHost,20.5,16664068096,5190549504,68.9,10594226176,3452293120,5724549120,940797952,819318784,1798230016,528990208
386,2022-01-25,14:35:27,0.5,LocalHost,17.7,16664068096,5190557696,68.9,10594226176,3452297216,5724549120,940802048,819318784,1798225920,528986112
387,2022-01-25,14:35:28,0.5,LocalHost,15.4,16664068096,5190139904,68.9,10594623488,3451875328,5724639232,940806144,819335168,1798234112,528986112
388,2022-01-25,14:35:28,0.5,LocalHost,19.3,16664068096,5190172672,68.9,10594574336,3451908096,5724655616,940806144,819367936,1798217728,528986112
389,2022-01-25,14:35:29,0.5,LocalHost,18.4,16664068096,5190131712,68.9,10594643968,3451809792,5724516352,940814336,819367936,1798246400,528986112
390,2022-01-25,14:35:29,0.5,LocalHost,17.9,16664068096,5190045696,68.9,10594713600,3451723776,5724516352,940814336,819384320,1798246400,528986112
391,2022-01-25,14:35:30,0.5,LocalHost,12.9,16664068096,5189910528,68.9,10594844672,3451584512,5724540928,940818432,819384320,1798254592,528986112
392,2022-01-25,14:35:30,0.5,LocalHost,19.9,16664068096,5190279168,68.9,10594476032,3451953152,5724393472,940818432,819392512,1798246400,528986112
393,2022-01-25,14:35:31,0.5,LocalHost,19.7,16664068096,5189885952,68.9,10594893824,3451518976,5724672000,940843008,819392512,1798262784,528986112
394,2022-01-25,14:35:31,0.5,LocalHost,20.8,16664068096,5189914624,68.9,10594856960,3451543552,5724672000,940843008,819392512,1798275072,528986112
395,2022-01-25,14:35:32,0.5,LocalHost,13.3,16664068096,5190475776,68.9,10594361344,3452100608,5724520448,940847104,819392512,1798213632,528920576
396,2022-01-25,14:35:32,0.5,LocalHost,8.8,16664068096,5190488064,68.9,10594353152,3452108800,5724520448,940851200,819392512,1798213632,528920576
397,2022-01-25,14:35:33,0.5,LocalHost,10.2,16664068096,5190098944,68.9,10594729984,3451715584,5724520448,940851200,819392512,1798230016,528920576
398,2022-01-25,14:35:33,0.5,LocalHost,20.1,16664068096,5196271616,68.8,10595901440,3457875968,5724393472,940855296,819417088,1790873600,521564160
399,2022-01-25,14:35:34,0.5,LocalHost,14.2,16664068096,5196484608,68.8,10595725312,3458035712,5724549120,940875776,819425280,1790881792,521564160
400,2022-01-25,14:35:34,0.5,LocalHost,11.4,16664068096,5196410880,68.8,10595794944,3457961984,5724549120,940875776,819425280,1790885888,521564160
401,2022-01-25,14:35:35,0.5,LocalHost,10.1,16664068096,5196746752,68.8,10595442688,3458293760,5724815360,940879872,819441664,1790889984,521564160
402,2022-01-25,14:35:35,0.5,LocalHost,23.8,16664068096,5196324864,68.8,10595880960,3457851392,5725069312,940879872,819449856,1790885888,521564160
403,2022-01-25,14:35:36,0.5,LocalHost,18.0,16664068096,5197246464,68.8,10594959360,3458605056,5724594176,941027328,819449856,1791053824,521564160
404,2022-01-25,14:35:36,0.5,LocalHost,14.1,16664068096,5197594624,68.8,10594607104,3458953216,5724553216,941027328,819449856,1791057920,521564160
405,2022-01-25,14:35:37,0.5,LocalHost,6.3,16664068096,5197320192,68.8,10594885632,3458670592,5724532736,941035520,819449856,1791062016,521564160
406,2022-01-25,14:35:37,0.5,LocalHost,6.8,16664068096,5197619200,68.8,10594582528,3458969600,5724532736,941035520,819449856,1791066112,521564160
407,2022-01-25,14:35:38,0.5,LocalHost,6.3,16664068096,5197426688,68.8,10594766848,3458777088,5724655616,941035520,819449856,1791074304,521564160
408,2022-01-25,14:35:38,0.5,LocalHost,6.8,16664068096,5197742080,68.8,10594451456,3459092480,5724655616,941035520,819449856,1791074304,521564160
409,2022-01-25,14:35:39,0.5,LocalHost,9.4,16664068096,5197205504,68.8,10594947072,3458543616,5724921856,941043712,819466240,1791111168,521564160
410,2022-01-25,14:35:39,0.5,LocalHost,10.6,16664068096,5197983744,68.8,10594140160,3459178496,5724659712,941187072,819474432,1791275008,521564160
411,2022-01-25,14:35:40,0.5,LocalHost,6.8,16664068096,5198024704,68.8,10594099200,3459211264,5724585984,941195264,819474432,1791283200,521564160
412,2022-01-25,14:35:40,0.5,LocalHost,17.5,16664068096,5198028800,68.8,10594099200,3459211264,5724622848,941199360,819494912,1791262720,521564160
413,2022-01-25,14:35:41,0.5,LocalHost,24.9,16664068096,5198196736,68.8,10593959936,3459317760,5724626944,941223936,819494912,1791295488,521564160
414,2022-01-25,14:35:41,0.5,LocalHost,22.7,16664068096,5197869056,68.8,10594287616,3458985984,5724626944,941228032,819494912,1791299584,521564160
415,2022-01-25,14:35:42,0.5,LocalHost,19.3,16664068096,5198127104,68.8,10594074624,3459178496,5724741632,941277184,819507200,1791307776,521564160
416,2022-01-25,14:35:42,0.5,LocalHost,4.4,16664068096,5198106624,68.8,10594095104,3459153920,5724708864,941281280,819507200,1791311872,521564160
417,2022-01-25,14:35:43,0.5,LocalHost,4.6,16664068096,5198168064,68.8,10594033664,3459211264,5724631040,941285376,819507200,1791315968,521564160
418,2022-01-25,14:35:43,0.5,LocalHost,3.1,16664068096,5198532608,68.8,10593669120,3459567616,5724631040,941289472,819507200,1791324160,521564160
419,2022-01-25,14:35:44,0.5,LocalHost,8.8,16664068096,5198184448,68.8,10594004992,3459211264,5724782592,941293568,819523584,1791328256,521564160
420,2022-01-25,14:35:44,0.5,LocalHost,21.5,16664068096,5198512128,68.8,10593677312,3459534848,5724786688,941293568,819531776,1791324160,521564160
421,2022-01-25,14:35:45,0.5,LocalHost,21.7,16664068096,5198495744,68.8,10593681408,3459502080,5724794880,941301760,819548160,1791336448,521564160
422,2022-01-25,14:35:45,0.5,LocalHost,17.7,16664068096,5197697024,68.8,10594484224,3458695168,5725290496,941305856,819548160,1791340544,521564160
423,2022-01-25,14:35:46,0.5,LocalHost,18.8,16664068096,5196926976,68.8,10595266560,3457875968,5724688384,941297664,819564544,1791361024,521564160
424,2022-01-25,14:35:46,0.5,LocalHost,4.1,16664068096,5196926976,68.8,10595262464,3457875968,5724475392,941297664,819564544,1791365120,521564160
425,2022-01-25,14:35:47,0.5,LocalHost,7.4,16664068096,5196709888,68.8,10595475456,3457658880,5724614656,941297664,819564544,1791369216,521564160
426,2022-01-25,14:35:47,0.5,LocalHost,16.2,16664068096,5196976128,68.8,10595205120,3457925120,5724614656,941297664,819572736,1791365120,521564160
427,2022-01-25,14:35:48,0.5,LocalHost,7.1,16664068096,5196722176,68.8,10595467264,3457650688,5724688384,941301760,819572736,1791377408,521564160
428,2022-01-25,14:35:48,0.5,LocalHost,17.3,16664068096,5196693504,68.8,10595495936,3457617920,5724688384,941305856,819572736,1791381504,521564160
429,2022-01-25,14:35:49,0.5,LocalHost,18.6,16664068096,5196615680,68.8,10595577856,3457519616,5724766208,941309952,819580928,1791389696,521564160
430,2022-01-25,14:35:49,0.5,LocalHost,13.4,16664068096,5197017088,68.8,10595188736,3457908736,5724647424,941322240,819589120,1791381504,521564160
431,2022-01-25,14:35:50,0.5,LocalHost,4.4,16664068096,5197168640,68.8,10595033088,3458043904,5724643328,941330432,819589120,1791401984,521568256
432,2022-01-25,14:35:50,0.5,LocalHost,2.6,16664068096,5196849152,68.8,10595360768,3457712128,5724643328,941342720,819597312,1791397888,521568256
433,2022-01-25,14:35:51,0.5,LocalHost,8.1,16664068096,5197107200,68.8,10595098624,3457961984,5724614656,941342720,819597312,1791410176,521568256
434,2022-01-25,14:35:51,0.5,LocalHost,18.6,16664068096,5197398016,68.8,10594811904,3458252800,5724614656,941342720,819613696,1791389696,521564160
435,2022-01-25,14:35:52,0.5,LocalHost,21.2,16664068096,5197545472,68.8,10594643968,3458392064,5724684288,941350912,819613696,1791418368,521564160
436,2022-01-25,14:35:52,0.5,LocalHost,17.0,16664068096,5197656064,68.8,10594529280,3458498560,5724684288,941355008,819613696,1791426560,521564160
437,2022-01-25,14:35:53,0.5,LocalHost,12.6,16664068096,5197471744,68.8,10594721792,3458293760,5724672000,941359104,819621888,1791430656,521564160
438,2022-01-25,14:35:53,0.5,LocalHost,10.8,16664068096,5197602816,68.8,10594590720,3458424832,5724672000,941359104,819621888,1791430656,521564160
439,2022-01-25,14:35:54,0.5,LocalHost,10.8,16664068096,5197594624,68.8,10594607104,3458392064,5724999680,941379584,819630080,1791438848,521564160
440,2022-01-25,14:35:54,0.5,LocalHost,3.1,16664068096,5197533184,68.8,10594668544,3458326528,5724737536,941379584,819630080,1791442944,521564160
441,2022-01-25,14:35:55,0.5,LocalHost,3.1,16664068096,5197606912,68.8,10594598912,3458392064,5724737536,941387776,819646464,1791430656,521564160
442,2022-01-25,14:35:55,0.5,LocalHost,3.6,16664068096,5197705216,68.8,10594500608,3458490368,5724737536,941387776,819646464,1791430656,521564160
443,2022-01-25,14:35:56,0.5,LocalHost,19.0,16664068096,5196619776,68.8,10595594240,3457306624,5725220864,941408256,819662848,1791504384,521564160
444,2022-01-25,14:35:56,0.5,LocalHost,14.8,16664068096,5196972032,68.8,10595237888,3457679360,5725089792,941408256,819662848,1791488000,521564160
445,2022-01-25,14:35:57,0.5,LocalHost,3.4,16664068096,5197045760,68.8,10595160064,3457744896,5724749824,941408256,819671040,1791492096,521564160
446,2022-01-25,14:35:57,0.5,LocalHost,2.6,16664068096,5197213696,68.8,10594992128,3457908736,5724741632,941412352,819671040,1791496192,521564160
447,2022-01-25,14:35:58,0.5,LocalHost,4.7,16664068096,5197320192,68.8,10594852864,3457851392,5724782592,941568000,819679232,1791684608,521564160
448,2022-01-25,14:35:58,0.5,LocalHost,7.5,16664068096,5197320192,68.8,10594856960,3457843200,5724782592,941576192,819679232,1791688704,521564160
449,2022-01-25,14:35:59,0.5,LocalHost,18.1,16664068096,5197549568,68.8,10594643968,3458035712,5724381184,941613056,819695616,1791692800,521564160
450,2022-01-25,14:35:59,0.5,LocalHost,10.2,16664068096,5197484032,68.8,10594697216,3457970176,5724717056,941613056,819695616,1791705088,521564160
451,2022-01-25,14:36:00,0.5,LocalHost,14.5,16664068096,5197799424,68.8,10594320384,3458224128,5724725248,941666304,819695616,1791827968,521605120
452,2022-01-25,14:36:00,0.5,LocalHost,21.9,16664068096,5197766656,68.8,10594349056,3458191360,5724725248,941666304,819703808,1791823872,521605120
453,2022-01-25,14:36:01,0.5,LocalHost,22.3,16664068096,5197922304,68.8,10594250752,3458318336,5724987392,941694976,819703808,1791795200,521564160
454,2022-01-25,14:36:01,0.5,LocalHost,16.7,16664068096,5198024704,68.8,10594148352,3458416640,5724753920,941699072,819712000,1791791104,521564160
455,2022-01-25,14:36:02,0.5,LocalHost,1.8,16664068096,5197877248,68.8,10594332672,3458211840,5724786688,941731840,819712000,1791811584,521564160
456,2022-01-25,14:36:02,0.5,LocalHost,3.1,16664068096,5197910016,68.8,10594275328,3458244608,5724786688,941731840,819728384,1791819776,521564160
457,2022-01-25,14:36:03,0.5,LocalHost,2.1,16664068096,5197983744,68.8,10594181120,3458318336,5724786688,941731840,819736576,1791832064,521564160
458,2022-01-25,14:36:03,0.5,LocalHost,3.6,16664068096,5198127104,68.8,10594050048,3458449408,5724786688,941744128,819736576,1791832064,521564160
459,2022-01-25,14:36:04,0.5,LocalHost,6.3,16664068096,5198110720,68.8,10594062336,3458416640,5724786688,941760512,819744768,1791844352,521564160
460,2022-01-25,14:36:04,0.5,LocalHost,10.0,16664068096,5198020608,68.8,10594156544,3458310144,5724610560,941764608,819744768,1791856640,521564160
461,2022-01-25,14:36:05,0.5,LocalHost,4.9,16664068096,5198159872,68.8,10594033664,3458424832,5724766208,941764608,819744768,1791864832,521564160
462,2022-01-25,14:36:05,0.5,LocalHost,3.9,16664068096,5198168064,68.8,10594029568,3458424832,5724827648,941772800,819744768,1791868928,521564160
463,2022-01-25,14:36:06,0.5,LocalHost,9.7,16664068096,5197107200,68.8,10595090432,3457306624,5725147136,941780992,819744768,1791926272,521568256
464,2022-01-25,14:36:06,0.5,LocalHost,13.7,16664068096,5196939264,68.8,10595250176,3457175552,5724819456,941715456,819752960,1791889408,521564160
465,2022-01-25,14:36:07,0.5,LocalHost,16.1,16664068096,5197201408,68.8,10594992128,3457273856,5724901376,941748224,819761152,1792040960,521564160
466,2022-01-25,14:36:07,0.5,LocalHost,3.6,16664068096,5197217792,68.8,10594988032,3457273856,5724917760,941748224,819761152,1792045056,521564160
467,2022-01-25,14:36:08,0.5,LocalHost,3.1,16664068096,5197127680,68.8,10595069952,3457175552,5725110272,941748224,819777536,1792045056,521564160
468,2022-01-25,14:36:08,0.5,LocalHost,2.6,16664068096,5197127680,68.8,10595061760,3457175552,5725110272,941748224,819777536,1792053248,521564160
469,2022-01-25,14:36:09,0.5,LocalHost,3.9,16664068096,5189136384,68.9,10594529280,3449167872,5724393472,941764608,819785728,1800585216,530083840
470,2022-01-25,14:36:09,0.5,LocalHost,12.1,16664068096,5189390336,68.9,10594287616,3449409536,5724209152,941768704,819785728,1800585216,530083840
471,2022-01-25,14:36:10,0.5,LocalHost,3.7,16664068096,5189107712,68.9,10594295808,3449257984,5723934720,941637632,819785728,1800728576,530341888
472,2022-01-25,14:36:10,0.5,LocalHost,4.4,16664068096,5189128192,68.9,10594295808,3449257984,5723942912,941649920,819785728,1800728576,530341888
473,2022-01-25,14:36:11,0.5,LocalHost,3.4,16664068096,5197815808,68.8,10594312192,3457925120,5723881472,941666304,819785728,1792045056,521646080
474,2022-01-25,14:36:11,0.5,LocalHost,7.9,16664068096,5189996544,68.9,10594144256,3450105856,5723934720,941666304,819785728,1800032256,529633280
475,2022-01-25,14:36:12,0.5,LocalHost,3.1,16664068096,5190004736,68.9,10594054144,3450105856,5723934720,941674496,819802112,1800105984,529698816
476,2022-01-25,14:36:12,0.5,LocalHost,4.4,16664068096,5189971968,68.9,10594086912,3450073088,5723938816,941674496,819818496,1800089600,529698816
477,2022-01-25,14:36:13,0.5,LocalHost,5.6,16664068096,5189902336,68.9,10594131968,3449999360,5723947008,941678592,819818496,1800118272,529698816
478,2022-01-25,14:36:13,0.5,LocalHost,9.7,16664068096,5190266880,68.9,10594357248,3450355712,5723947008,941682688,819843072,1799512064,529117184
479,2022-01-25,14:36:14,0.5,LocalHost,8.6,16664068096,5190766592,68.9,10593869824,3450806272,5723906048,941694976,819843072,1799548928,529117184
480,2022-01-25,14:36:14,0.5,LocalHost,4.4,16664068096,5190840320,68.9,10593779712,3450880000,5723906048,941694976,819859456,1799548928,529117184
481,2022-01-25,14:36:15,0.5,LocalHost,3.6,16664068096,5190770688,68.9,10593845248,3450806272,5723906048,941699072,819859456,1799557120,529113088
482,2022-01-25,14:36:15,0.5,LocalHost,8.7,16664068096,5191282688,68.8,10593378304,3451273216,5724368896,941711360,819859456,1799557120,529113088
483,2022-01-25,14:36:16,0.5,LocalHost,7.7,16664068096,5191495680,68.8,10593165312,3451482112,5724028928,941715456,819859456,1799561216,529113088
484,2022-01-25,14:36:16,0.5,LocalHost,11.2,16664068096,5191442432,68.8,10593214464,3451424768,5724626944,941723648,819859456,1799569408,529117184
485,2022-01-25,14:36:17,0.5,LocalHost,3.1,16664068096,5191294976,68.8,10593353728,3451260928,5723975680,941735936,819875840,1799577600,529113088
486,2022-01-25,14:36:17,0.5,LocalHost,8.3,16664068096,5191536640,68.8,10593112064,3451498496,5723975680,941740032,819875840,1799581696,529113088
487,2022-01-25,14:36:18,0.5,LocalHost,8.4,16664068096,5191380992,68.8,10593300480,3451326464,5723992064,941740032,819892224,1799548928,529076224
488,2022-01-25,14:36:19,0.5,LocalHost,8.6,16664068096,5191593984,68.8,10593087488,3451531264,5724028928,941740032,819900416,1799548928,529076224
489,2022-01-25,14:36:19,0.5,LocalHost,10.8,16664068096,5191434240,68.8,10593234944,3451367424,5724028928,941744128,819908608,1799557120,529076224
490,2022-01-25,14:36:20,0.5,LocalHost,20.6,16664068096,5191405568,68.8,10593263616,3451334656,5723848704,941744128,819908608,1799561216,529076224
491,2022-01-25,14:36:20,0.5,LocalHost,18.7,16664068096,5191241728,68.8,10593423360,3451154432,5724037120,941752320,819924992,1799565312,529076224
492,2022-01-25,14:36:21,0.5,LocalHost,8.3,16664068096,5191286784,68.8,10593382400,3451187200,5724045312,941756416,819924992,1799573504,529076224
493,2022-01-25,14:36:21,0.5,LocalHost,1.6,16664068096,5191360512,68.8,10593304576,3451260928,5724045312,941756416,819924992,1799577600,529076224
494,2022-01-25,14:36:22,0.5,LocalHost,2.1,16664068096,5191376896,68.8,10593312768,3451260928,5724049408,941768704,819924992,1799569408,529068032
495,2022-01-25,14:36:22,0.5,LocalHost,1.8,16664068096,5191667712,68.8,10593013760,3451551744,5724049408,941768704,819924992,1799577600,529068032
496,2022-01-25,14:36:23,0.5,LocalHost,2.6,16664068096,5191671808,68.8,10593001472,3451551744,5724119040,941772800,819933184,1799581696,529068032
497,2022-01-25,14:36:23,0.5,LocalHost,5.3,16664068096,5191639040,68.8,10593112064,3451518976,5723975680,941772800,819933184,1799503872,528986112
498,2022-01-25,14:36:24,0.5,LocalHost,5.6,16664068096,5191671808,68.8,10593071104,3451551744,5724098560,941772800,819949568,1799495680,528986112
499,2022-01-25,14:36:24,0.5,LocalHost,6.5,16664068096,5192015872,68.8,10592710656,3451883520,5724106752,941776896,819957760,1799516160,528986112
500,2022-01-25,14:36:25,0.5,LocalHost,7.7,16664068096,5192024064,68.8,10592698368,3451883520,5724114944,941776896,819965952,1799520256,528986112
501,2022-01-25,14:36:25,0.5,LocalHost,2.1,16664068096,5192171520,68.8,10592563200,3452002304,5723955200,941797376,819974144,1799528448,528986112
502,2022-01-25,14:36:26,0.5,LocalHost,3.9,16664068096,5192323072,68.8,10592428032,3452133376,5724188672,941801472,819974144,1799532544,528986112
503,2022-01-25,14:36:26,0.5,LocalHost,5.1,16664068096,5192413184,68.8,10592346112,3452207104,5724196864,941809664,819974144,1799540736,528986112
504,2022-01-25,14:36:27,0.5,LocalHost,18.6,16664068096,5189107712,68.9,10595663872,3448733696,5726724096,941953024,819974144,1799696384,528982016
505,2022-01-25,14:36:27,0.5,LocalHost,11.0,16664068096,5191581696,68.8,10593206272,3451129856,5724168192,942022656,819974144,1799757824,528986112
506,2022-01-25,14:36:28,0.5,LocalHost,8.4,16664068096,5191548928,68.8,10593239040,3451097088,5724168192,942022656,819974144,1799757824,528986112
507,2022-01-25,14:36:28,0.5,LocalHost,9.0,16664068096,5191520256,68.8,10593247232,3451064320,5724168192,942026752,819982336,1799774208,528986112
508,2022-01-25,14:36:29,0.5,LocalHost,9.9,16664068096,5191811072,68.8,10592956416,3451355136,5724168192,942026752,819982336,1799774208,528986112
509,2022-01-25,14:36:29,0.5,LocalHost,9.3,16664068096,5191802880,68.8,10592960512,3451322368,5724196864,942043136,820006912,1799778304,528986112
510,2022-01-25,14:36:30,0.5,LocalHost,4.4,16664068096,5191675904,68.8,10593067008,3451195392,5724196864,942043136,820015104,1799790592,528994304
511,2022-01-25,14:36:30,0.5,LocalHost,21.5,16664068096,5190590464,68.9,10593624064,3450097664,5724180480,942043136,820031488,1800314880,529518592
512,2022-01-25,14:36:31,0.5,LocalHost,18.7,16664068096,5190688768,68.9,10593550336,3450159104,5724213248,942047232,820031488,1800327168,529518592
513,2022-01-25,14:36:31,0.5,LocalHost,10.3,16664068096,5190713344,68.9,10593521664,3450183680,5724213248,942047232,820031488,1800331264,529518592
514,2022-01-25,14:36:32,0.5,LocalHost,6.6,16664068096,5190889472,68.8,10593345536,3450355712,5724270592,942051328,820031488,1800335360,529518592
515,2022-01-25,14:36:32,0.5,LocalHost,11.4,16664068096,5190811648,68.9,10593435648,3450257408,5724274688,942067712,820031488,1800343552,529518592
516,2022-01-25,14:36:33,0.5,LocalHost,9.4,16664068096,5190991872,68.8,10593267712,3450429440,5724131328,942075904,820031488,1800339456,529514496
517,2022-01-25,14:36:33,0.5,LocalHost,9.9,16664068096,5198110720,68.8,10593501184,3457548288,5724200960,942075904,820031488,1792987136,522153984
518,2022-01-25,14:36:34,0.5,LocalHost,5.4,16664068096,5198503936,68.8,10593103872,3457937408,5724200960,942080000,820047872,1792978944,522153984
519,2022-01-25,14:36:34,0.5,LocalHost,5.6,16664068096,5197582336,68.8,10593738752,3457007616,5724246016,942088192,820056064,1793265664,522420224
520,2022-01-25,14:36:35,0.5,LocalHost,3.6,16664068096,5197774848,68.8,10593275904,3457200128,5724246016,942088192,820064256,1793527808,522678272
521,2022-01-25,14:36:35,0.5,LocalHost,6.3,16664068096,5197750272,68.8,10593316864,3457138688,5724463104,942092288,820080640,1793531904,522678272
522,2022-01-25,14:36:36,0.5,LocalHost,16.4,16664068096,5180932096,68.9,10593370112,3440300032,5724192768,942104576,820080640,1810317312,539459584
523,2022-01-25,14:36:36,0.5,LocalHost,18.2,16664068096,5181079552,68.9,10592813056,3440443392,5724127232,942108672,820080640,1810731008,539869184
524,2022-01-25,14:36:37,0.5,LocalHost,26.0,16664068096,5181112320,68.9,10592768000,3440476160,5724127232,942108672,820080640,1810743296,539881472
525,2022-01-25,14:36:37,0.5,LocalHost,22.5,16664068096,5192474624,68.8,10582196224,3451752448,5715148800,942133248,820088832,1810030592,539107328
526,2022-01-25,14:36:38,0.5,LocalHost,14.1,16664068096,5233438720,68.6,10533216256,3492712448,5667037184,942129152,820097024,1818042368,547115008
527,2022-01-25,14:36:38,0.5,LocalHost,14.7,16664068096,5232852992,68.6,10533511168,3492110336,5666746368,942059520,820097024,1818349568,547405824
528,2022-01-25,14:36:39,0.5,LocalHost,18.3,16664068096,5232820224,68.6,10533556224,3492077568,5666750464,942059520,820097024,1818337280,547393536
529,2022-01-25,14:36:39,0.5,LocalHost,16.7,16664068096,5286117376,68.3,10481291264,3545358336,5616263168,942313472,820113408,1817305088,546353152
530,2022-01-25,14:36:40,0.5,LocalHost,9.2,16664068096,5848010752,64.9,9919438848,4107255808,5059624960,941277184,820113408,1817260032,546324480
531,2022-01-25,14:36:40,0.5,LocalHost,8.2,16664068096,5848952832,64.9,9918574592,4108505088,5059035136,940789760,820142080,1816846336,546250752
532,2022-01-25,14:36:41,0.5,LocalHost,12.5,16664068096,5865488384,64.8,9918275584,4125028352,5059047424,940789760,820195328,1800568832,530001920
533,2022-01-25,14:36:41,0.5,LocalHost,13.5,16664068096,5882093568,64.7,9901576192,4141608960,5042425856,940527616,820203520,1800679424,530079744
534,2022-01-25,14:36:42,0.5,LocalHost,18.2,16664068096,5867732992,64.8,9899130880,4127166464,5039562752,940593152,820203520,1817567232,546906112
535,2022-01-25,14:36:42,0.5,LocalHost,15.2,16664068096,5868437504,64.8,9898725376,4128047104,5039767552,940249088,820203520,1817092096,546611200
536,2022-01-25,14:36:43,0.5,LocalHost,14.7,16664068096,5866557440,64.8,9898770432,4126167040,5039779840,940249088,820203520,1818927104,548446208
537,2022-01-25,14:36:43,0.5,LocalHost,19.2,16664068096,5875453952,64.7,9898532864,4135059456,5039788032,940253184,820203520,1810272256,539791360
538,2022-01-25,14:36:44,0.5,LocalHost,15.5,16664068096,5875605504,64.7,9898381312,4135211008,5039742976,940253184,820203520,1810272256,539791360
539,2022-01-25,14:36:44,0.5,LocalHost,15.3,16664068096,5877923840,64.7,9897971712,4137529344,5039869952,940253184,820203520,1808363520,537882624
540,2022-01-25,14:36:45,0.5,LocalHost,18.0,16664068096,5875310592,64.7,9898987520,4134899712,5040021504,940253184,820359168,1809821696,539480064
541,2022-01-25,14:36:45,0.5,LocalHost,13.5,16664068096,5875552256,64.7,9898508288,4135006208,5039992832,940240896,820359168,1810194432,539717632
542,2022-01-25,14:36:46,0.5,LocalHost,12.8,16664068096,5876072448,64.7,9897988096,4135522304,5040128000,940244992,820375552,1810182144,539717632
543,2022-01-25,14:36:46,0.5,LocalHost,13.7,16664068096,5886722048,64.7,9897639936,4146167808,5039960064,940240896,820420608,1799839744,529362944
544,2022-01-25,14:36:47,0.5,LocalHost,18.3,16664068096,5886980096,64.7,9897369600,4146425856,5039996928,940240896,820420608,1799852032,529375232
545,2022-01-25,14:36:47,0.5,LocalHost,24.2,16664068096,5884461056,64.7,9899712512,4143861760,5041491968,940240896,820420608,1800073216,529588224
546,2022-01-25,14:36:48,0.5,LocalHost,15.2,16664068096,5884932096,64.7,9899298816,4144406528,5040394240,940302336,820420608,1799942144,529588224
547,2022-01-25,14:36:48,0.5,LocalHost,18.5,16664068096,5885431808,64.7,9898758144,4144877568,5040173056,940253184,820420608,1800011776,529588224
548,2022-01-25,14:36:49,0.5,LocalHost,16.9,16664068096,5885689856,64.7,9898500096,4145135616,5040144384,940253184,820420608,1800011776,529588224
549,2022-01-25,14:36:49,0.5,LocalHost,12.4,16664068096,5885956096,64.7,9898233856,4145401856,5040148480,940253184,820420608,1800011776,529588224
550,2022-01-25,14:36:50,0.5,LocalHost,13.7,16664068096,5883678720,64.7,9898676224,4143124480,5040148480,940277760,820420608,1801846784,531423232
551,2022-01-25,14:36:50,0.5,LocalHost,14.9,16664068096,5884583936,64.7,9898393600,4144013312,5040283648,940253184,820436992,1801224192,530800640
552,2022-01-25,14:36:51,0.5,LocalHost,14.2,16664068096,5884325888,64.7,9898225664,4143755264,5040254976,940253184,820436992,1801650176,531226624
553,2022-01-25,14:36:51,0.5,LocalHost,13.4,16664068096,5885931520,64.7,9898184704,4145352704,5040123904,940253184,820477952,1800052736,529629184
554,2022-01-25,14:36:52,0.5,LocalHost,10.8,16664068096,5884616704,64.7,9898164224,4144013312,5040140288,940253184,820486144,1801404416,530989056
555,2022-01-25,14:36:52,0.5,LocalHost,13.4,16664068096,5884891136,64.7,9897918464,4144279552,5040250880,940253184,820486144,1801383936,530960384
556,2022-01-25,14:36:53,0.5,LocalHost,13.9,16664068096,5884375040,64.7,9898168320,4143763456,5040275456,940253184,820486144,1801650176,531226624
557,2022-01-25,14:36:53,0.5,LocalHost,14.1,16664068096,5885583360,64.7,9898795008,4144971776,5040295936,940253184,820486144,1799815168,529391616
558,2022-01-25,14:36:54,0.5,LocalHost,13.8,16664068096,5885325312,64.7,9899053056,4144713728,5040259072,940253184,820486144,1799815168,529391616
559,2022-01-25,14:36:54,0.5,LocalHost,12.0,16664068096,5885796352,64.7,9898582016,4145184768,5040259072,940253184,820486144,1799815168,529391616
560,2022-01-25,14:36:55,0.5,LocalHost,14.9,16664068096,5885796352,64.7,9898582016,4145184768,5040263168,940253184,820486144,1799815168,529391616
561,2022-01-25,14:36:55,0.5,LocalHost,13.0,16664068096,5885796352,64.7,9898582016,4145184768,5040201728,940253184,820486144,1799815168,529391616
562,2022-01-25,14:36:56,0.5,LocalHost,11.8,16664068096,5886058496,64.7,9898319872,4145442816,5040132096,940253184,820502528,1799802880,529391616
563,2022-01-25,14:36:56,0.5,LocalHost,12.5,16664068096,5886488576,64.7,9898057728,4145852416,5040259072,940253184,820518912,1799639040,529227776
564,2022-01-25,14:36:57,0.5,LocalHost,12.2,16664068096,5886488576,64.7,9898033152,4145852416,5040427008,940253184,820551680,1799630848,529227776
565,2022-01-25,14:36:57,0.5,LocalHost,17.6,16664068096,5883097088,64.7,9901264896,4142432256,5044514816,940257280,820551680,1799819264,529391616
566,2022-01-25,14:36:58,0.5,LocalHost,21.3,16664068096,5886877696,64.7,9897558016,4146098176,5040500736,940306432,820551680,1799860224,529387520
567,2022-01-25,14:36:58,0.5,LocalHost,15.7,16664068096,5887201280,64.7,9897185280,4146536448,5040181248,940265472,820551680,1799794688,529391616
568,2022-01-25,14:36:59,0.5,LocalHost,16.8,16664068096,5887049728,64.7,9897336832,4146384896,5040242688,940265472,820551680,1799794688,529391616
569,2022-01-25,14:36:59,0.5,LocalHost,16.5,16664068096,5887049728,64.7,9897324544,4146384896,5040242688,940265472,820551680,1799806976,529403904
570,2022-01-25,14:37:00,0.5,LocalHost,19.3,16664068096,5885865984,64.7,9896910848,4145201152,5040320512,940265472,820551680,1801404416,531001344
571,2022-01-25,14:37:00,0.5,LocalHost,16.2,16664068096,5878546432,64.7,9903992832,4137861120,5048680448,940285952,820551680,1801662464,531181568
572,2022-01-25,14:37:01,0.5,LocalHost,18.0,16664068096,5859434496,64.8,9904558080,4118749184,5049466880,940285952,820551680,1820209152,549728256
573,2022-01-25,14:37:01,0.5,LocalHost,12.8,16664068096,5858705408,64.8,9904553984,4117942272,5049511936,940347392,820584448,1820987392,550506496
574,2022-01-25,14:37:02,0.5,LocalHost,11.6,16664068096,5849694208,64.9,9904115712,4108910592,5049548800,940343296,820592640,1830449152,559964160
575,2022-01-25,14:37:02,0.5,LocalHost,12.1,16664068096,5874229248,64.7,9905483776,4133441536,5049421824,940404736,820609024,1804533760,534048768
576,2022-01-25,14:37:03,0.5,LocalHost,13.4,16664068096,5874196480,64.7,9905516544,4133408768,5049421824,940404736,820609024,1804533760,534048768
577,2022-01-25,14:37:03,0.5,LocalHost,15.6,16664068096,5882503168,64.7,9905991680,4141699072,5049577472,940343296,820609024,1795768320,525283328
578,2022-01-25,14:37:04,0.5,LocalHost,12.5,16664068096,5874245632,64.7,9906262016,4133441536,5049581568,940343296,820609024,1803755520,533270528
579,2022-01-25,14:37:04,0.5,LocalHost,12.0,16664068096,5874245632,64.7,9905946624,4133441536,5049643008,940343296,820609024,1804070912,533585920
580,2022-01-25,14:37:05,0.5,LocalHost,10.0,16664068096,5874388992,64.7,9905803264,4133441536,5049634816,940343296,820744192,1804079104,533585920
581,2022-01-25,14:37:05,0.5,LocalHost,11.4,16664068096,5879156736,64.7,9905852416,4138209280,5049757696,940134400,820744192,1799262208,528769024
582,2022-01-25,14:37:06,0.5,LocalHost,9.2,16664068096,5878792192,64.7,9906216960,4137844736,5049638912,940343296,820744192,1799262208,528769024
583,2022-01-25,14:37:06,0.5,LocalHost,10.9,16664068096,5884534784,64.7,9905713152,4143263744,5050118144,940457984,820748288,1794342912,523075584
584,2022-01-25,14:37:07,0.5,LocalHost,11.9,16664068096,5868724224,64.8,9904627712,4126474240,5050597376,941101056,820899840,1812066304,539852800
585,2022-01-25,14:37:07,0.5,LocalHost,10.2,16664068096,5870055424,64.8,9904652288,4126732288,5051453440,941580288,821321728,1811361792,538513408
586,2022-01-25,14:37:08,0.5,LocalHost,22.6,16664068096,5854167040,64.9,9906978816,4108910592,5052223488,943124480,821477376,1826701312,551870464
587,2022-01-25,14:37:08,0.5,LocalHost,16.7,16664068096,5861847040,64.8,9906458624,4115554304,5052145664,943861760,821493760,1820561408,545423360
588,2022-01-25,14:37:09,0.5,LocalHost,14.6,16664068096,5859639296,64.8,9906753536,4113010688,5052264448,944103424,821506048,1822797824,547385344
589,2022-01-25,14:37:09,0.5,LocalHost,12.8,16664068096,5867794432,64.8,9906855936,4121120768,5052387328,944078848,821514240,1814577152,539119616
590,2022-01-25,14:37:10,0.5,LocalHost,12.0,16664068096,5868060672,64.8,9906589696,4121387008,5052448768,944078848,821514240,1814577152,539119616
591,2022-01-25,14:37:10,0.5,LocalHost,14.3,16664068096,5878280192,64.7,9905573888,4131590144,5052342272,944078848,821514240,1805389824,529924096
592,2022-01-25,14:37:11,0.5,LocalHost,15.0,16664068096,5861732352,64.8,9905266688,4114825216,5052796928,944009216,821645312,1822330880,546779136
593,2022-01-25,14:37:11,0.5,LocalHost,15.9,16664068096,5864308736,64.8,9904586752,4117397504,5052694528,944009216,821653504,1820430336,544878592
594,2022-01-25,14:37:12,0.5,LocalHost,14.4,16664068096,5864308736,64.8,9904586752,4117397504,5052915712,944009216,821653504,1820430336,544878592
595,2022-01-25,14:37:12,0.5,LocalHost,14.2,16664068096,5880614912,64.7,9904779264,4133687296,5052829696,944005120,821694464,1803907072,528351232
596,2022-01-25,14:37:13,0.5,LocalHost,10.5,16664068096,5879840768,64.7,9903955968,4132913152,5052731392,944005120,821694464,1805504512,529948672
597,2022-01-25,14:37:13,0.5,LocalHost,11.8,16664068096,5879324672,64.7,9904238592,4132397056,5052755968,944005120,821710848,1805721600,530165760
598,2022-01-25,14:37:14,0.5,LocalHost,15.5,16664068096,5879066624,64.7,9904152576,4132139008,5052690432,944005120,821710848,1806065664,530509824
599,2022-01-25,14:37:14,0.5,LocalHost,12.2,16664068096,5891547136,64.6,9897447424,4144566272,5046173696,943775744,821710848,1800343552,524783616
