iteration,date,time,measurement_period,machine/VNF,sys_cpu,totalmem,availablemem,percentmem,usedmem,freemem,activemem,inactivemem,buffers,cached,shared
0,2022-01-27,18:25:49,0.5,LocalHost,96.0,16664068096,4746915840,71.5,11125047296,2871721984,5521719296,1077993472,322670592,2344628224,447320064
1,2022-01-27,18:25:49,0.5,LocalHost,98.3,16664068096,4647780352,72.1,11224170496,2772500480,5521793024,1077997568,322670592,2344726528,447320064
2,2022-01-27,18:25:50,0.5,LocalHost,75.6,16664068096,4617818112,72.3,11254153216,2742468608,5521813504,1078067200,322670592,2344775680,447320064
3,2022-01-27,18:25:50,0.5,LocalHost,28.2,16664068096,4617211904,72.3,11254730752,2741821440,5521813504,1078108160,322670592,2344845312,447320064
4,2022-01-27,18:25:51,0.5,LocalHost,7.6,16664068096,4619001856,72.3,11252924416,2743578624,5522063360,1078140928,322670592,2344894464,447320064
5,2022-01-27,18:25:51,0.5,LocalHost,8.3,16664068096,4618600448,72.3,11253288960,2743128064,5522092032,1078185984,322682880,2344968192,447320064
6,2022-01-27,18:25:52,0.5,LocalHost,13.6,16664068096,4615720960,72.3,11256180736,2743640064,5522083840,1074794496,322682880,2341564416,447320064
7,2022-01-27,18:25:52,0.5,LocalHost,15.9,16664068096,4615045120,72.3,11256832000,2742939648,5522137088,1074802688,322682880,2341613568,447320064
8,2022-01-27,18:25:53,0.5,LocalHost,16.1,16664068096,4615200768,72.3,11256680448,2743062528,5522014208,1074835456,322682880,2341642240,447320064
9,2022-01-27,18:25:53,0.5,LocalHost,18.3,16664068096,4615008256,72.3,11256836096,2742673408,5522034688,1075027968,322682880,2341875712,447320064
10,2022-01-27,18:25:54,0.5,LocalHost,16.3,16664068096,4614873088,72.3,11256963072,2742390784,5522063360,1075163136,322707456,2342006784,447320064
11,2022-01-27,18:25:54,0.5,LocalHost,22.8,16664068096,4614819840,72.3,11257085952,2742099968,5522288640,1075363840,322756608,2342125568,447320064
12,2022-01-27,18:25:55,0.5,LocalHost,19.5,16664068096,4614795264,72.3,11257020416,2742063104,5522403328,1075376128,322756608,2342227968,447320064
13,2022-01-27,18:25:55,0.5,LocalHost,9.5,16664068096,4615159808,72.3,11256684544,2742296576,5522276352,1075507200,322756608,2342330368,447320064
14,2022-01-27,18:25:56,0.5,LocalHost,9.9,16664068096,4614959104,72.3,11256885248,2742038528,5522296832,1075548160,322756608,2342387712,447320064
15,2022-01-27,18:25:56,0.5,LocalHost,8.8,16664068096,4615561216,72.3,11256184832,2742517760,5522296832,1075671040,322764800,2342600704,447320064
16,2022-01-27,18:25:57,0.5,LocalHost,17.7,16664068096,4615036928,72.3,11256737792,2741837824,5522325504,1075826688,322764800,2342727680,447320064
17,2022-01-27,18:25:57,0.5,LocalHost,15.4,16664068096,4612202496,72.3,11259731968,2738532352,5522444288,1076260864,322764800,2343038976,447320064
18,2022-01-27,18:25:58,0.5,LocalHost,10.1,16664068096,4611735552,72.3,11260157952,2738044928,5522550784,1076281344,322764800,2343100416,447320064
19,2022-01-27,18:25:58,0.5,LocalHost,13.6,16664068096,4612173824,72.3,11259703296,2738360320,5522567168,1076412416,322764800,2343239680,447320064
20,2022-01-27,18:25:59,0.5,LocalHost,17.6,16664068096,4612005888,72.3,11259854848,2738135040,5522481152,1076469760,322764800,2343313408,447320064
21,2022-01-27,18:25:59,0.5,LocalHost,9.3,16664068096,4611739648,72.3,11260047360,2737741824,5522481152,1076592640,322772992,2343505920,447320064
22,2022-01-27,18:26:00,0.5,LocalHost,15.6,16664068096,4614328320,72.3,11260178432,2740129792,5522837504,1076752384,322822144,2340937728,444657664
23,2022-01-27,18:26:00,0.5,LocalHost,14.2,16664068096,4614942720,72.3,11259797504,2740436992,5522890752,1076989952,322822144,2341011456,444334080
24,2022-01-27,18:26:01,0.5,LocalHost,13.2,16664068096,4614418432,72.3,11260366848,2739789824,5522903040,1077100544,322822144,2341089280,444334080
25,2022-01-27,18:26:01,0.5,LocalHost,9.9,16664068096,4623437824,72.3,11259965440,2748743680,5522903040,1077166080,322830336,2332528640,435646464
26,2022-01-27,18:26:02,0.5,LocalHost,13.4,16664068096,4623269888,72.3,11260141568,2748436480,5522964480,1077305344,322830336,2332659712,435646464
27,2022-01-27,18:26:02,0.5,LocalHost,23.6,16664068096,4623491072,72.3,11259969536,2748534784,5522702336,1077428224,322830336,2332733440,435642368
28,2022-01-27,18:26:03,0.5,LocalHost,21.7,16664068096,4623888384,72.3,11259555840,2748923904,5522579456,1077436416,322830336,2332758016,435642368
29,2022-01-27,18:26:03,0.5,LocalHost,18.1,16664068096,4623507456,72.3,11259895808,2748403712,5522690048,1077575680,322830336,2332938240,435642368
30,2022-01-27,18:26:04,0.5,LocalHost,12.4,16664068096,4623634432,72.3,11259830272,2748313600,5522718720,1077792768,322830336,2333093888,435642368
31,2022-01-27,18:26:04,0.5,LocalHost,13.2,16664068096,4624007168,72.3,11259412480,2748641280,5522743296,1077833728,322830336,2333184000,435642368
32,2022-01-27,18:26:05,0.5,LocalHost,14.0,16664068096,4623970304,72.3,11259514880,2748407808,5522751488,1078026240,322846720,2333298688,435642368
33,2022-01-27,18:26:05,0.5,LocalHost,14.4,16664068096,4623757312,72.3,11259760640,2747789312,5522804736,1078390784,322879488,2333638656,435642368
34,2022-01-27,18:26:06,0.5,LocalHost,21.5,16664068096,4623982592,72.3,11259506688,2747953152,5522804736,1078452224,322887680,2333720576,435642368
35,2022-01-27,18:26:06,0.5,LocalHost,13.6,16664068096,4623876096,72.3,11259502592,2747822080,5522837504,1078464512,322887680,2333855744,435642368
36,2022-01-27,18:26:07,0.5,LocalHost,13.7,16664068096,4624625664,72.2,11258884096,2748276736,5522681856,1078738944,322887680,2334019584,435642368
37,2022-01-27,18:26:07,0.5,LocalHost,18.1,16664068096,4623319040,72.3,11260190720,2746863616,5523693568,1078845440,322887680,2334126080,435642368
38,2022-01-27,18:26:08,0.5,LocalHost,20.1,16664068096,4623794176,72.3,11259633664,2747150336,5522866176,1079025664,322887680,2334396416,435642368
39,2022-01-27,18:26:08,0.5,LocalHost,19.5,16664068096,4624138240,72.3,11259318272,2747408384,5522518016,1079140352,322887680,2334453760,435642368
40,2022-01-27,18:26:09,0.5,LocalHost,16.5,16664068096,4624175104,72.3,11259236352,2747445248,5522518016,1079140352,322887680,2334498816,435642368
41,2022-01-27,18:26:09,0.5,LocalHost,15.7,16664068096,4624654336,72.2,11258703872,2747801600,5522518016,1079263232,322887680,2334674944,435642368
42,2022-01-27,18:26:10,0.5,LocalHost,14.7,16664068096,4624834560,72.2,11258646528,2747809792,5522649088,1079435264,322887680,2334724096,435642368
43,2022-01-27,18:26:10,0.5,LocalHost,13.2,16664068096,4624404480,72.2,11258998784,2747285504,5522452480,1079529472,322904064,2334879744,435642368
44,2022-01-27,18:26:11,0.5,LocalHost,12.1,16664068096,4624678912,72.2,11258814464,2747346944,5522558976,1079689216,322977792,2334928896,435642368
45,2022-01-27,18:26:11,0.5,LocalHost,14.8,16664068096,4625092608,72.2,11258413056,2747580416,5522563072,1079844864,322977792,2335096832,435642368
46,2022-01-27,18:26:12,0.5,LocalHost,11.9,16664068096,4624437248,72.2,11259121664,2746822656,5522432000,1079930880,322977792,2335145984,435642368
47,2022-01-27,18:26:12,0.5,LocalHost,14.1,16664068096,4624252928,72.3,11259187200,2746499072,5522837504,1080061952,322977792,2335404032,435642368
48,2022-01-27,18:26:13,0.5,LocalHost,6.8,16664068096,4624617472,72.2,11258822656,2746851328,5522939904,1080074240,322977792,2335416320,435642368
49,2022-01-27,18:26:13,0.5,LocalHost,7.8,16664068096,4624732160,72.2,11258728448,2746757120,5522509824,1080283136,322977792,2335604736,435642368
50,2022-01-27,18:26:14,0.5,LocalHost,22.7,16664068096,4625199104,72.2,11258281984,2746892288,5522452480,1080614912,322977792,2335916032,435642368
51,2022-01-27,18:26:14,0.5,LocalHost,23.0,16664068096,4625137664,72.2,11258331136,2746757120,5522563072,1080688640,322977792,2336002048,435642368
52,2022-01-27,18:26:15,0.5,LocalHost,15.6,16664068096,4624654336,72.2,11258761216,2746241024,5522608128,1080717312,322977792,2336088064,435642368
53,2022-01-27,18:26:15,0.5,LocalHost,15.7,16664068096,4624687104,72.2,11258654720,2746208256,5522669568,1080778752,322977792,2336227328,435642368
54,2022-01-27,18:26:16,0.5,LocalHost,13.6,16664068096,4624691200,72.2,11258732544,2746015744,5522685952,1080967168,322994176,2336325632,435642368
55,2022-01-27,18:26:16,0.5,LocalHost,15.3,16664068096,4625305600,72.2,11258159104,2746372096,5522726912,1081184256,323051520,2336485376,435642368
56,2022-01-27,18:26:17,0.5,LocalHost,12.8,16664068096,4625076224,72.2,11258343424,2746081280,5522751488,1081221120,323051520,2336591872,435642368
57,2022-01-27,18:26:17,0.5,LocalHost,15.3,16664068096,4614369280,72.3,11269226496,2735095808,5531803648,1081499648,323051520,2336694272,435642368
58,2022-01-27,18:26:18,0.5,LocalHost,10.1,16664068096,4622688256,72.3,11260755968,2743508992,5523124224,1081397248,323051520,2336751616,435642368
59,2022-01-27,18:26:18,0.5,LocalHost,11.9,16664068096,4623491072,72.3,11259908096,2744070144,5522640896,1081634816,323051520,2337038336,435642368
60,2022-01-27,18:26:19,0.5,LocalHost,14.4,16664068096,4623794176,72.3,11259650048,2744205312,5522649088,1081798656,323051520,2337161216,435642368
61,2022-01-27,18:26:19,0.5,LocalHost,11.0,16664068096,4623532032,72.3,11259887616,2743906304,5522673664,1081835520,323051520,2337222656,435642368
62,2022-01-27,18:26:20,0.5,LocalHost,9.5,16664068096,4624125952,72.3,11259289600,2744500224,5522673664,1081835520,323051520,2337226752,435642368
63,2022-01-27,18:26:20,0.5,LocalHost,5.6,16664068096,4623564800,72.3,11259768832,2743713792,5522530304,1082060800,323051520,2337533952,435642368
64,2022-01-27,18:26:21,0.5,LocalHost,15.0,16664068096,4623859712,72.3,11259527168,2743877632,5522509824,1082191872,323059712,2337603584,435642368
65,2022-01-27,18:26:21,0.5,LocalHost,18.1,16664068096,4623872000,72.3,11259576320,2743713792,5522542592,1082368000,323084288,2337693696,435642368
66,2022-01-27,18:26:22,0.5,LocalHost,13.5,16664068096,4624248832,72.3,11259142144,2743877632,5522325504,1082580992,323141632,2337906688,435642368
67,2022-01-27,18:26:22,0.5,LocalHost,11.9,16664068096,4623859712,72.3,11259498496,2743291904,5522518016,1082724352,323141632,2338136064,435642368
68,2022-01-27,18:26:23,0.5,LocalHost,8.4,16664068096,4624359424,72.2,11259060224,2743656448,5522526208,1082859520,323141632,2338209792,435642368
69,2022-01-27,18:26:23,0.5,LocalHost,7.3,16664068096,4624338944,72.2,11259088896,2743455744,5522546688,1083023360,323141632,2338381824,435642368
70,2022-01-27,18:26:24,0.5,LocalHost,8.6,16664068096,4624125952,72.3,11259301888,2743230464,5522546688,1083035648,323141632,2338394112,435642368
71,2022-01-27,18:26:24,0.5,LocalHost,8.3,16664068096,4624515072,72.2,11258781696,2743492608,5522546688,1083158528,323141632,2338652160,435642368
72,2022-01-27,18:26:25,0.5,LocalHost,8.4,16664068096,4624834560,72.2,11258535936,2743685120,5522587648,1083285504,323141632,2338705408,435642368
73,2022-01-27,18:26:25,0.5,LocalHost,8.5,16664068096,4624633856,72.2,11258773504,2743263232,5522636800,1083482112,323141632,2338889728,435642368
74,2022-01-27,18:26:26,0.5,LocalHost,9.4,16664068096,4625133568,72.2,11258310656,2743595008,5522460672,1083650048,323149824,2339012608,435642368
75,2022-01-27,18:26:26,0.5,LocalHost,9.6,16664068096,4624588800,72.2,11258810368,2742939648,5522571264,1083756544,323149824,2339168256,435642368
76,2022-01-27,18:26:27,0.5,LocalHost,14.9,16664068096,4624588800,72.2,11258736640,2742939648,5522571264,1083756544,323174400,2339217408,435642368
77,2022-01-27,18:26:27,0.5,LocalHost,14.4,16664068096,4624650240,72.2,11258736640,2742779904,5522644992,1083961344,323207168,2339344384,435642368
78,2022-01-27,18:26:28,0.5,LocalHost,16.7,16664068096,4623880192,72.3,11259510784,2741760000,5523132416,1084145664,323207168,2339590144,435638272
79,2022-01-27,18:26:28,0.5,LocalHost,15.2,16664068096,4623859712,72.3,11259576320,2741460992,5522812928,1084403712,323207168,2339823616,435642368
80,2022-01-27,18:26:29,0.5,LocalHost,13.4,16664068096,4623568896,72.3,11259817984,2741108736,5522817024,1084465152,323207168,2339934208,435642368
81,2022-01-27,18:26:29,0.5,LocalHost,12.5,16664068096,4623622144,72.3,11259711488,2741100544,5522817024,1084526592,323207168,2340048896,435642368
82,2022-01-27,18:26:30,0.5,LocalHost,9.5,16664068096,4623945728,72.3,11259330560,2741362688,5522817024,1084588032,323207168,2340167680,435642368
83,2022-01-27,18:26:30,0.5,LocalHost,8.1,16664068096,4623327232,72.3,11259957248,2740645888,5522763776,1084682240,323207168,2340257792,435642368
84,2022-01-27,18:26:31,0.5,LocalHost,7.4,16664068096,4623908864,72.3,11259408384,2741166080,5522763776,1084743680,323215360,2340278272,435642368
85,2022-01-27,18:26:31,0.5,LocalHost,11.3,16664068096,4623994880,72.3,11259285504,2740973568,5522763776,1085018112,323215360,2340593664,435642368
86,2022-01-27,18:26:32,0.5,LocalHost,16.2,16664068096,4624293888,72.2,11259043840,2741104640,5522735104,1085181952,323215360,2340704256,435642368
87,2022-01-27,18:26:32,0.5,LocalHost,14.1,16664068096,4624560128,72.2,11258798080,2741207040,5522812928,1085325312,323231744,2340831232,435642368
88,2022-01-27,18:26:33,0.5,LocalHost,14.9,16664068096,4624674816,72.2,11258703872,2741043200,5522657280,1085603840,323272704,2341048320,435642368
89,2022-01-27,18:26:33,0.5,LocalHost,11.0,16664068096,4624855040,72.2,11258494976,2741100544,5522829312,1085698048,323272704,2341199872,435642368
90,2022-01-27,18:26:34,0.5,LocalHost,7.3,16664068096,4625076224,72.2,11258249216,2741198848,5522833408,1085820928,323272704,2341347328,435642368
91,2022-01-27,18:26:34,0.5,LocalHost,17.9,16664068096,4625104896,72.2,11258155008,2741166080,5522841600,1085874176,323272704,2341474304,435642368
92,2022-01-27,18:26:35,0.5,LocalHost,10.8,16664068096,4625625088,72.2,11257700352,2741530624,5522878464,1086029824,323272704,2341564416,435642368
93,2022-01-27,18:26:35,0.5,LocalHost,8.1,16664068096,4624793600,72.2,11258474496,2740584448,5522890752,1086140416,323272704,2341736448,435642368
94,2022-01-27,18:26:36,0.5,LocalHost,9.5,16664068096,4625063936,72.2,11258191872,2740781056,5522894848,1086214144,323280896,2341814272,435642368
95,2022-01-27,18:26:36,0.5,LocalHost,9.2,16664068096,4624076800,72.3,11259170816,2739707904,5523222528,1086300160,323280896,2341908480,435642368
96,2022-01-27,18:26:37,0.5,LocalHost,9.9,16664068096,4624457728,72.2,11258863616,2739982336,5523210240,1086406656,323280896,2341941248,435642368
97,2022-01-27,18:26:37,0.5,LocalHost,11.1,16664068096,4624551936,72.2,11258839040,2739810304,5522972672,1086660608,323280896,2342137856,435642368
98,2022-01-27,18:26:38,0.5,LocalHost,12.8,16664068096,4609585152,72.3,11273785344,2724790272,5536677888,1086701568,323313664,2342178816,435642368
99,2022-01-27,18:26:38,0.5,LocalHost,13.5,16664068096,4623228928,72.3,11260207104,2738089984,5522817024,1087004672,323346432,2342424576,435642368
100,2022-01-27,18:26:39,0.5,LocalHost,8.6,16664068096,4623532032,72.3,11259854848,2738384896,5522808832,1087012864,323346432,2342481920,435642368
101,2022-01-27,18:26:39,0.5,LocalHost,11.4,16664068096,4623335424,72.3,11259916288,2738065408,5522862080,1087135744,323346432,2342739968,435642368
102,2022-01-27,18:26:40,0.5,LocalHost,8.1,16664068096,4623790080,72.3,11259428864,2738458624,5522862080,1087197184,323346432,2342834176,435642368
103,2022-01-27,18:26:40,0.5,LocalHost,14.6,16664068096,4623314944,72.3,11259957248,2737840128,5522890752,1087311872,323346432,2342924288,435642368
104,2022-01-27,18:26:41,0.5,LocalHost,16.8,16664068096,4623708160,72.3,11259650048,2737872896,5522857984,1087664128,323354624,2343190528,435642368
105,2022-01-27,18:26:41,0.5,LocalHost,15.7,16664068096,4623814656,72.3,11259518976,2737815552,5522911232,1087823872,323354624,2343378944,435642368
106,2022-01-27,18:26:42,0.5,LocalHost,14.7,16664068096,4623429632,72.3,11259953152,2737278976,5523156992,1087967232,323354624,2343481344,435642368
107,2022-01-27,18:26:42,0.5,LocalHost,14.8,16664068096,4623798272,72.3,11259568128,2737582080,5522964480,1088028672,323354624,2343563264,435642368
108,2022-01-27,18:26:43,0.5,LocalHost,13.1,16664068096,4624203776,72.3,11259183104,2737876992,5522980864,1088122880,323371008,2343636992,435642368
109,2022-01-27,18:26:43,0.5,LocalHost,10.2,16664068096,4623872000,72.3,11259432960,2737426432,5522984960,1088241664,323387392,2343821312,435642368
110,2022-01-27,18:26:44,0.5,LocalHost,11.5,16664068096,4624125952,72.3,11259236352,2737549312,5523013632,1088348160,323420160,2343862272,435642368
111,2022-01-27,18:26:44,0.5,LocalHost,10.4,16664068096,4623822848,72.3,11259469824,2737094656,5523054592,1088499712,323420160,2344083456,435642368
112,2022-01-27,18:26:45,0.5,LocalHost,8.5,16664068096,4624666624,72.2,11258658816,2737876992,5523177472,1088561152,323420160,2344112128,435642368
113,2022-01-27,18:26:45,0.5,LocalHost,12.0,16664068096,4624433152,72.2,11258839040,2737459200,5523030016,1088745472,323420160,2344349696,435642368
114,2022-01-27,18:26:46,0.5,LocalHost,18.5,16664068096,4624490496,72.2,11258744832,2737455104,5523030016,1088806912,323420160,2344448000,435642368
115,2022-01-27,18:26:46,0.5,LocalHost,17.1,16664068096,4624351232,72.2,11258818560,2737225728,5523030016,1088892928,323428352,2344595456,435642368
116,2022-01-27,18:26:47,0.5,LocalHost,13.2,16664068096,4624642048,72.2,11258503168,2737455104,5523030016,1088954368,323428352,2344681472,435642368
117,2022-01-27,18:26:47,0.5,LocalHost,18.4,16664068096,4624498688,72.2,11258728448,2737131520,5523030016,1089134592,323428352,2344779776,435642368
118,2022-01-27,18:26:48,0.5,LocalHost,11.5,16664068096,4625088512,72.2,11258224640,2737491968,5523062784,1089331200,323428352,2344923136,435642368
119,2022-01-27,18:26:48,0.5,LocalHost,16.8,16664068096,4624564224,72.2,11258998784,2736574464,5523275776,1089708032,323444736,2345050112,435642368
120,2022-01-27,18:26:49,0.5,LocalHost,16.7,16664068096,4623933440,72.3,11259564032,2735841280,5523423232,1089810432,323452928,2345209856,435642368
121,2022-01-27,18:26:49,0.5,LocalHost,15.9,16664068096,4623618048,72.3,11259674624,2735370240,5523083264,1089949696,323493888,2345529344,435642368
122,2022-01-27,18:26:50,0.5,LocalHost,19.3,16664068096,4624326656,72.2,11258949632,2736021504,5523107840,1090007040,323493888,2345603072,435642368
123,2022-01-27,18:26:50,0.5,LocalHost,10.5,16664068096,4623839232,72.3,11259404288,2735439872,5523132416,1090080768,323493888,2345730048,435642368
124,2022-01-27,18:26:51,0.5,LocalHost,8.5,16664068096,4623925248,72.3,11259334656,2735407104,5523132416,1090199552,323502080,2345824256,435642368
125,2022-01-27,18:26:51,0.5,LocalHost,13.1,16664068096,4623990784,72.3,11259252736,2735349760,5523132416,1090322432,323502080,2345963520,435642368
126,2022-01-27,18:26:52,0.5,LocalHost,21.6,16664068096,4624023552,72.3,11259265024,2735247360,5523263488,1090449408,323502080,2346053632,435642368
127,2022-01-27,18:26:52,0.5,LocalHost,11.5,16664068096,4623900672,72.3,11259334656,2735050752,5523099648,1090498560,323502080,2346180608,435642368
128,2022-01-27,18:26:53,0.5,LocalHost,9.0,16664068096,4624003072,72.3,11259199488,2735017984,5523132416,1090633728,323502080,2346348544,435642368
129,2022-01-27,18:26:53,0.5,LocalHost,10.2,16664068096,4624269312,72.3,11258986496,2735157248,5523132416,1090756608,323502080,2346422272,435642368
130,2022-01-27,18:26:54,0.5,LocalHost,10.6,16664068096,4624244736,72.3,11259076608,2734923776,5523136512,1090965504,323518464,2346549248,435642368
131,2022-01-27,18:26:54,0.5,LocalHost,9.5,16664068096,4624211968,72.3,11259011072,2734825472,5523136512,1091031040,323526656,2346704896,435642368
132,2022-01-27,18:26:55,0.5,LocalHost,17.4,16664068096,4624384000,72.2,11258949632,2734735360,5523177472,1091252224,323559424,2346823680,435642368
133,2022-01-27,18:26:55,0.5,LocalHost,16.0,16664068096,4623847424,72.3,11259445248,2734084096,5523185664,1091362816,323559424,2346979328,435642368
134,2022-01-27,18:26:56,0.5,LocalHost,13.2,16664068096,4624764928,72.2,11258535936,2734891008,5523206144,1091465216,323567616,2347073536,435642368
135,2022-01-27,18:26:56,0.5,LocalHost,14.2,16664068096,4624297984,72.2,11258978304,2734342144,5523042304,1091538944,323567616,2347180032,435642368
136,2022-01-27,18:26:57,0.5,LocalHost,14.9,16664068096,4624146432,72.3,11259162624,2734116864,5523128320,1091604480,323567616,2347220992,435642368
137,2022-01-27,18:26:57,0.5,LocalHost,15.8,16664068096,4624609280,72.2,11258712064,2734411776,5523173376,1091764224,323567616,2347376640,435642368
138,2022-01-27,18:26:58,0.5,LocalHost,15.6,16664068096,4625051648,72.2,11258212352,2734833664,5523173376,1091784704,323567616,2347454464,435642368
139,2022-01-27,18:26:58,0.5,LocalHost,19.1,16664068096,4625858560,72.2,11257397248,2735247360,5522964480,1092165632,323567616,2347855872,435642368
140,2022-01-27,18:26:59,0.5,LocalHost,12.9,16664068096,4623388672,72.3,11259854848,2732396544,5523283968,1092489216,323567616,2348249088,435642368
141,2022-01-27,18:26:59,0.5,LocalHost,15.2,16664068096,4623855616,72.3,11259453440,2732720128,5522964480,1092624384,323584000,2348310528,435642368
142,2022-01-27,18:27:00,0.5,LocalHost,16.5,16664068096,4623495168,72.3,11259260928,2732130304,5523562496,1092833280,323592192,2349084672,436162560
143,2022-01-27,18:27:00,0.5,LocalHost,10.6,16664068096,4623388672,72.3,11259260928,2731978752,5523566592,1092878336,323616768,2349211648,436260864
144,2022-01-27,18:27:01,0.5,LocalHost,16.8,16664068096,4623556608,72.3,11259047936,2732011520,5523738624,1092993024,323624960,2349383680,436260864
145,2022-01-27,18:27:01,0.5,LocalHost,17.4,16664068096,4623278080,72.3,11259727872,2731544576,5523693568,1093160960,323624960,2349170688,435904512
146,2022-01-27,18:27:02,0.5,LocalHost,12.0,16664068096,4623654912,72.3,11259355136,2731802624,5522624512,1093279744,323624960,2349285376,435904512
147,2022-01-27,18:27:02,0.5,LocalHost,13.5,16664068096,4623962112,72.3,11258998784,2732060672,5522624512,1093324800,323624960,2349383680,435904512
148,2022-01-27,18:27:03,0.5,LocalHost,17.2,16664068096,4623859712,72.3,11259064320,2731896832,5522640896,1093386240,323624960,2349481984,435904512
149,2022-01-27,18:27:03,0.5,LocalHost,15.1,16664068096,4624052224,72.3,11258830848,2731962368,5522640896,1093509120,323624960,2349649920,435904512
150,2022-01-27,18:27:04,0.5,LocalHost,11.5,16664068096,4623917056,72.3,11258986496,2731700224,5522464768,1093636096,323624960,2349756416,435904512
151,2022-01-27,18:27:04,0.5,LocalHost,10.9,16664068096,4624441344,72.2,11258421248,2732163072,5522649088,1093697536,323624960,2349858816,435904512
152,2022-01-27,18:27:05,0.5,LocalHost,9.8,16664068096,4624326656,72.2,11258580992,2731896832,5522653184,1093844992,323641344,2349948928,435904512
153,2022-01-27,18:27:05,0.5,LocalHost,17.6,16664068096,4624093184,72.3,11258789888,2731548672,5522665472,1093947392,323649536,2350080000,435904512
154,2022-01-27,18:27:06,0.5,LocalHost,17.2,16664068096,4624211968,72.3,11258753024,2731249664,5522698240,1094340608,323698688,2350366720,435904512
155,2022-01-27,18:27:06,0.5,LocalHost,17.7,16664068096,4624486400,72.2,11258421248,2731446272,5522731008,1094385664,323698688,2350501888,435904512
156,2022-01-27,18:27:07,0.5,LocalHost,23.1,16664068096,4624695296,72.2,11258249216,2731442176,5522747392,1094578176,323698688,2350678016,435904512
157,2022-01-27,18:27:07,0.5,LocalHost,21.1,16664068096,4624257024,72.3,11258699776,2730967040,5522571264,1094615040,323698688,2350702592,435904512
158,2022-01-27,18:27:08,0.5,LocalHost,20.1,16664068096,4624633856,72.2,11258314752,2731220992,5522690048,1094737920,323698688,2350833664,435904512
159,2022-01-27,18:27:08,0.5,LocalHost,17.5,16664068096,4624658432,72.2,11258212352,2731159552,5522649088,1094823936,323698688,2350997504,435904512
160,2022-01-27,18:27:09,0.5,LocalHost,19.1,16664068096,4623355904,72.3,11259621376,2729578496,5522833408,1095094272,323698688,2351169536,435904512
161,2022-01-27,18:27:09,0.5,LocalHost,14.5,16664068096,4623257600,72.3,11259703296,2729443328,5522706432,1095127040,323698688,2351222784,435904512
162,2022-01-27,18:27:10,0.5,LocalHost,12.4,16664068096,4623314944,72.3,11259580416,2729377792,5522706432,1095245824,323698688,2351411200,435904512
163,2022-01-27,18:27:10,0.5,LocalHost,9.4,16664068096,4623532032,72.3,11259371520,2729476096,5522706432,1095364608,323715072,2351505408,435904512
164,2022-01-27,18:27:11,0.5,LocalHost,8.8,16664068096,4623544320,72.3,11259392000,2729312256,5522968576,1095524352,323739648,2351624192,435904512
165,2022-01-27,18:27:11,0.5,LocalHost,8.5,16664068096,4623695872,72.3,11259260928,2729283584,5523116032,1095680000,323772416,2351751168,435904512
166,2022-01-27,18:27:12,0.5,LocalHost,14.5,16664068096,4624199680,72.3,11258740736,2729652224,5523234816,1095774208,323772416,2351902720,435904512
167,2022-01-27,18:27:12,0.5,LocalHost,12.4,16664068096,4623896576,72.3,11259035648,2729254912,5523030016,1095868416,323772416,2352005120,435904512
168,2022-01-27,18:27:13,0.5,LocalHost,10.3,16664068096,4624130048,72.3,11258691584,2729422848,5523034112,1095933952,323772416,2352181248,435904512
169,2022-01-27,18:27:13,0.5,LocalHost,10.0,16664068096,4624019456,72.3,11258806272,2729197568,5523046400,1096044544,323772416,2352291840,435904512
170,2022-01-27,18:27:14,0.5,LocalHost,10.4,16664068096,4624048128,72.3,11258773504,2728906752,5523058688,1096359936,323772416,2352615424,435904512
171,2022-01-27,18:27:14,0.5,LocalHost,8.8,16664068096,4624039936,72.3,11258753024,2728837120,5523058688,1096421376,323772416,2352705536,435904512
172,2022-01-27,18:27:15,0.5,LocalHost,13.3,16664068096,4624191488,72.3,11258667008,2728738816,5523070976,1096667136,323772416,2352889856,435904512
173,2022-01-27,18:27:15,0.5,LocalHost,18.9,16664068096,4624097280,72.3,11258757120,2728583168,5523075072,1096724480,323772416,2352955392,435904512
174,2022-01-27,18:27:16,0.5,LocalHost,12.7,16664068096,4624105472,72.3,11258765312,2728415232,5523001344,1096900608,323788800,2353098752,435904512
175,2022-01-27,18:27:16,0.5,LocalHost,10.8,16664068096,4624150528,72.3,11258781696,2728353792,5523017728,1097007104,323805184,2353127424,435904512
176,2022-01-27,18:27:17,0.5,LocalHost,12.3,16664068096,4624306176,72.2,11258662912,2728198144,5523083264,1097256960,323837952,2353369088,435904512
177,2022-01-27,18:27:17,0.5,LocalHost,16.5,16664068096,4624015360,72.3,11258916864,2727907328,5523083264,1097256960,323837952,2353405952,435904512
178,2022-01-27,18:27:18,0.5,LocalHost,18.1,16664068096,4624408576,72.2,11258425344,2728198144,5523099648,1097351168,323837952,2353606656,435904512
179,2022-01-27,18:27:18,0.5,LocalHost,16.1,16664068096,4624343040,72.2,11258523648,2728005632,5523099648,1097474048,323837952,2353700864,435904512
180,2022-01-27,18:27:19,0.5,LocalHost,13.1,16664068096,4624506880,72.2,11258511360,2727739392,5523357696,1097842688,323837952,2353979392,435904512
181,2022-01-27,18:27:19,0.5,LocalHost,22.5,16664068096,4624248832,72.3,11258757120,2727493632,5523226624,1097854976,323837952,2353979392,435904512
182,2022-01-27,18:27:20,0.5,LocalHost,8.8,16664068096,4624494592,72.2,11258355712,2727755776,5522771968,1097854976,323837952,2354118656,435904512
183,2022-01-27,18:27:20,0.5,LocalHost,12.6,16664068096,4624146432,72.3,11258671104,2727407616,5522771968,1097854976,323837952,2354151424,435904512
184,2022-01-27,18:27:21,0.5,LocalHost,26.6,16664068096,4624695296,72.2,11258155008,2727723008,5522759680,1098088448,323837952,2354352128,435904512
185,2022-01-27,18:27:21,0.5,LocalHost,28.7,16664068096,4624773120,72.2,11257991168,2727796736,5522759680,1098092544,323862528,2354417664,435904512
186,2022-01-27,18:27:22,0.5,LocalHost,24.4,16664068096,4624912384,72.2,11257929728,2727497728,5522796544,1098506240,323870720,2354769920,435904512
187,2022-01-27,18:27:22,0.5,LocalHost,20.1,16664068096,4625129472,72.2,11257737216,2727596032,5522800640,1098625024,323903488,2354831360,435904512
188,2022-01-27,18:27:23,0.5,LocalHost,17.0,16664068096,4625113088,72.2,11257769984,2727374848,5522837504,1098784768,323903488,2355019776,435904512
189,2022-01-27,18:27:23,0.5,LocalHost,11.3,16664068096,4625420288,72.2,11257462784,2727661568,5522837504,1098805248,323903488,2355040256,435904512
190,2022-01-27,18:27:24,0.5,LocalHost,12.6,16664068096,4625403904,72.2,11257401344,2727497728,5522837504,1098948608,323903488,2355265536,435904512
191,2022-01-27,18:27:24,0.5,LocalHost,12.0,16664068096,4625281024,72.2,11257552896,2727337984,5523083264,1098985472,323903488,2355273728,435904512
192,2022-01-27,18:27:25,0.5,LocalHost,13.1,16664068096,4625334272,72.2,11257491456,2727141376,5522669568,1099235328,323903488,2355531776,435904512
193,2022-01-27,18:27:25,0.5,LocalHost,12.8,16664068096,4625502208,72.2,11257319424,2727239680,5522788352,1099300864,323903488,2355605504,435904512
194,2022-01-27,18:27:26,0.5,LocalHost,13.4,16664068096,4625408000,72.2,11257413632,2727014400,5522792448,1099431936,323903488,2355736576,435904512
195,2022-01-27,18:27:26,0.5,LocalHost,15.4,16664068096,4624633856,72.2,11258216448,2726174720,5522792448,1099493376,323911680,2355765248,435904512
196,2022-01-27,18:27:27,0.5,LocalHost,16.5,16664068096,4625039360,72.2,11257769984,2726334464,5522821120,1099735040,323919872,2356043776,435904512
197,2022-01-27,18:27:27,0.5,LocalHost,16.5,16664068096,4624945152,72.2,11257835520,2726240256,5522821120,1099735040,323928064,2356064256,435904512
198,2022-01-27,18:27:28,0.5,LocalHost,20.3,16664068096,4625424384,72.2,11257389056,2726334464,5522837504,1100095488,323969024,2356375552,435904512
199,2022-01-27,18:27:28,0.5,LocalHost,16.1,16664068096,4625424384,72.2,11257364480,2726273024,5522837504,1100156928,323969024,2356461568,435904512
200,2022-01-27,18:27:29,0.5,LocalHost,20.5,16664068096,4625694720,72.2,11257106432,2726367232,5522894848,1100308480,323969024,2356625408,435904512
201,2022-01-27,18:27:29,0.5,LocalHost,29.2,16664068096,4625170432,72.2,11257835520,2725593088,5523722240,1100562432,323969024,2356670464,435900416
202,2022-01-27,18:27:30,0.5,LocalHost,25.6,16664068096,4625170432,72.2,11257688064,2725552128,5522931712,1100582912,323969024,2356858880,435904512
203,2022-01-27,18:27:30,0.5,LocalHost,27.4,16664068096,4624568320,72.2,11258290176,2724933632,5522751488,1100599296,323969024,2356875264,435904512
204,2022-01-27,18:27:31,0.5,LocalHost,18.4,16664068096,4624887808,72.2,11257892864,2725126144,5522898944,1100718080,323969024,2357080064,435904512
205,2022-01-27,18:27:31,0.5,LocalHost,15.8,16664068096,4624855040,72.2,11257921536,2725036032,5522911232,1100767232,323977216,2357133312,435904512
206,2022-01-27,18:27:32,0.5,LocalHost,16.7,16664068096,4624977920,72.2,11257794560,2724962304,5522931712,1100963840,323977216,2357334016,435904512
207,2022-01-27,18:27:32,0.5,LocalHost,16.7,16664068096,4624580608,72.2,11258179584,2724487168,5522931712,1101041664,323993600,2357407744,435904512
208,2022-01-27,18:27:33,0.5,LocalHost,18.4,16664068096,4625522688,72.2,11257237504,2725093376,5522972672,1101361152,324009984,2357727232,435904512
209,2022-01-27,18:27:33,0.5,LocalHost,22.5,16664068096,4625764352,72.2,11257090048,2725134336,5523001344,1101529088,324042752,2357800960,435904512
210,2022-01-27,18:27:34,0.5,LocalHost,23.8,16664068096,4625625088,72.2,11257184256,2724868096,5523021824,1101635584,324042752,2357972992,435904512
211,2022-01-27,18:27:34,0.5,LocalHost,22.1,16664068096,4625534976,72.2,11257257984,2724712448,5523021824,1101697024,324042752,2358054912,435904512
212,2022-01-27,18:27:35,0.5,LocalHost,22.5,16664068096,4625580032,72.2,11257126912,2724679680,5523021824,1101774848,324042752,2358218752,435904512
213,2022-01-27,18:27:35,0.5,LocalHost,22.7,16664068096,4625350656,72.2,11257339904,2724450304,5523021824,1101774848,324042752,2358235136,435904512
214,2022-01-27,18:27:36,0.5,LocalHost,22.6,16664068096,4625670144,72.2,11257049088,2724519936,5522837504,1102020608,324042752,2358456320,435904512
215,2022-01-27,18:27:36,0.5,LocalHost,22.0,16664068096,4625584128,72.2,11257180160,2724327424,5522980864,1102123008,324050944,2358509568,435904512
216,2022-01-27,18:27:37,0.5,LocalHost,22.2,16664068096,4625944576,72.2,11256803328,2724552704,5522972672,1102258176,324050944,2358661120,435904512
217,2022-01-27,18:27:37,0.5,LocalHost,18.4,16664068096,4625485824,72.2,11257253888,2723995648,5522997248,1102356480,324050944,2358767616,435904512
218,2022-01-27,18:27:38,0.5,LocalHost,18.2,16664068096,4625727488,72.2,11257073664,2724028416,5523021824,1102553088,324059136,2358906880,435904512
219,2022-01-27,18:27:38,0.5,LocalHost,16.9,16664068096,4625612800,72.2,11257167872,2723835904,5523021824,1102630912,324067328,2358996992,435904512
220,2022-01-27,18:27:39,0.5,LocalHost,28.3,16664068096,4625727488,72.2,11257065472,2723704832,5523058688,1102856192,324116480,2359181312,435904512
221,2022-01-27,18:27:39,0.5,LocalHost,27.7,16664068096,4623507456,72.3,11259527168,2721198080,5525196800,1103114240,324116480,2359226368,435904512
222,2022-01-27,18:27:40,0.5,LocalHost,23.9,16664068096,4624347136,72.2,11258499072,2722045952,5523107840,1103085568,324116480,2359406592,435904512
223,2022-01-27,18:27:40,0.5,LocalHost,22.8,16664068096,4624375808,72.2,11258437632,2722074624,5523107840,1103085568,324116480,2359439360,435904512
224,2022-01-27,18:27:41,0.5,LocalHost,22.7,16664068096,4624527360,72.2,11258224640,2721906688,5522849792,1103396864,324116480,2359820288,435904512
225,2022-01-27,18:27:41,0.5,LocalHost,23.3,16664068096,4624986112,72.2,11257749504,2722365440,5522849792,1103396864,324124672,2359828480,435904512
226,2022-01-27,18:27:42,0.5,LocalHost,23.2,16664068096,4623654912,72.3,11259187200,2720665600,5523005440,1103753216,324124672,2360090624,435904512
227,2022-01-27,18:27:42,0.5,LocalHost,19.9,16664068096,4623527936,72.3,11259240448,2720538624,5523005440,1103753216,324124672,2360164352,435904512
228,2022-01-27,18:27:43,0.5,LocalHost,21.8,16664068096,4623429632,72.3,11259289600,2720309248,5523005440,1103880192,324124672,2360344576,435904512
229,2022-01-27,18:27:43,0.5,LocalHost,19.5,16664068096,4623585280,72.3,11259162624,2720415744,5523013632,1103929344,324132864,2360356864,435904512
230,2022-01-27,18:27:44,0.5,LocalHost,17.3,16664068096,4623323136,72.3,11259453440,2719920128,5523005440,1104162816,324141056,2360553472,435904512
231,2022-01-27,18:27:44,0.5,LocalHost,18.3,16664068096,4623945728,72.3,11258802176,2720440320,5523021824,1104252928,324165632,2360659968,435904512
232,2022-01-27,18:27:45,0.5,LocalHost,25.7,16664068096,4623704064,72.3,11259064320,2720018432,5523058688,1104400384,324182016,2360803328,435904512
233,2022-01-27,18:27:45,0.5,LocalHost,16.7,16664068096,4623638528,72.3,11259088896,2719891456,5523075072,1104445440,324182016,2360905728,435904512
234,2022-01-27,18:27:46,0.5,LocalHost,17.6,16664068096,4624027648,72.3,11258728448,2720116736,5522907136,1104609280,324182016,2361040896,435904512
235,2022-01-27,18:27:46,0.5,LocalHost,26.5,16664068096,4623736832,72.3,11258994688,2719768576,5522911232,1104666624,324190208,2361114624,435904512
236,2022-01-27,18:27:47,0.5,LocalHost,27.2,16664068096,4623933440,72.3,11258773504,2719825920,5523075072,1104797696,324190208,2361278464,435904512
237,2022-01-27,18:27:47,0.5,LocalHost,20.0,16664068096,4623941632,72.3,11258728448,2719834112,5523075072,1104797696,324190208,2361315328,435904512
238,2022-01-27,18:27:48,0.5,LocalHost,17.7,16664068096,4624252928,72.3,11258454016,2719891456,5523079168,1105043456,324190208,2361532416,435904512
239,2022-01-27,18:27:48,0.5,LocalHost,16.9,16664068096,4623073280,72.3,11259609088,2718650368,5523345408,1105104896,324190208,2361618432,435904512
240,2022-01-27,18:27:49,0.5,LocalHost,19.2,16664068096,4623175680,72.3,11259551744,2718535680,5523066880,1105309696,324198400,2361782272,435904512
241,2022-01-27,18:27:49,0.5,LocalHost,16.7,16664068096,4623069184,72.3,11259641856,2718244864,5523066880,1105494016,324214784,2361966592,435904512
242,2022-01-27,18:27:50,0.5,LocalHost,19.5,16664068096,4623921152,72.3,11258884096,2718687232,5523140608,1105842176,324231168,2362265600,435904512
243,2022-01-27,18:27:50,0.5,LocalHost,16.0,16664068096,4624023552,72.3,11258761216,2718724096,5523140608,1105907712,324247552,2362335232,435904512
244,2022-01-27,18:27:51,0.5,LocalHost,15.9,16664068096,4623650816,72.3,11259052032,2718228480,5523177472,1106006016,324247552,2362540032,435904512
245,2022-01-27,18:27:51,0.5,LocalHost,14.7,16664068096,4623843328,72.3,11258798080,2718359552,5523177472,1106067456,324255744,2362654720,435904512
246,2022-01-27,18:27:52,0.5,LocalHost,14.5,16664068096,4623880192,72.3,11258839040,2718171136,5523021824,1106284544,324255744,2362802176,435904512
247,2022-01-27,18:27:52,0.5,LocalHost,13.3,16664068096,4624228352,72.3,11258466304,2718457856,5523021824,1106345984,324255744,2362888192,435904512
248,2022-01-27,18:27:53,0.5,LocalHost,13.8,16664068096,4624396288,72.2,11258314752,2718486528,5523165184,1106485248,324255744,2363011072,435904512
249,2022-01-27,18:27:53,0.5,LocalHost,13.1,16664068096,4624367616,72.2,11258294272,2718457856,5523165184,1106485248,324255744,2363060224,435904512
250,2022-01-27,18:27:54,0.5,LocalHost,13.9,16664068096,4624244736,72.3,11258503168,2718035968,5523181568,1106780160,324255744,2363273216,435904512
251,2022-01-27,18:27:54,0.5,LocalHost,16.1,16664068096,4624011264,72.3,11258695680,2717777920,5523181568,1106804736,324263936,2363330560,435904512
252,2022-01-27,18:27:55,0.5,LocalHost,14.8,16664068096,4624326656,72.2,11258372096,2717937664,5523181568,1106960384,324272128,2363486208,435904512
253,2022-01-27,18:27:55,0.5,LocalHost,13.6,16664068096,4624482304,72.2,11258200064,2718035968,5523185664,1107017728,324288512,2363543552,435904512
254,2022-01-27,18:27:56,0.5,LocalHost,15.0,16664068096,4624629760,72.2,11258093568,2717945856,5523226624,1107230720,324296704,2363731968,435904512
255,2022-01-27,18:27:56,0.5,LocalHost,13.2,16664068096,4624461824,72.2,11258224640,2717777920,5523226624,1107230720,324304896,2363760640,435904512
256,2022-01-27,18:27:57,0.5,LocalHost,13.1,16664068096,4624117760,72.3,11258593280,2717163520,5523066880,1107468288,324304896,2364006400,435904512
257,2022-01-27,18:27:57,0.5,LocalHost,12.2,16664068096,4624138240,72.3,11258523648,2717085696,5523218432,1107562496,324304896,2364153856,435904512
258,2022-01-27,18:27:58,0.5,LocalHost,11.1,16664068096,4624646144,72.2,11258081280,2717261824,5523222528,1107886080,324304896,2364420096,435904512
259,2022-01-27,18:27:58,0.5,LocalHost,12.9,16664068096,4624334848,72.2,11258396672,2716844032,5523226624,1107988480,324304896,2364522496,435904512
260,2022-01-27,18:27:59,0.5,LocalHost,12.3,16664068096,4624285696,72.2,11258396672,2716712960,5523226624,1108070400,324304896,2364653568,435904512
261,2022-01-27,18:27:59,0.5,LocalHost,9.5,16664068096,4624502784,72.2,11258150912,2716909568,5523226624,1108090880,324321280,2364686336,435904512
262,2022-01-27,18:28:00,0.5,LocalHost,16.3,16664068096,4621406208,72.3,11261059072,2713239552,5524844544,1108652032,324321280,2365448192,436264960
263,2022-01-27,18:28:00,0.5,LocalHost,11.4,16664068096,4622086144,72.3,11260370944,2713739264,5524553728,1108828160,324337664,2365620224,436260864
264,2022-01-27,18:28:01,0.5,LocalHost,14.1,16664068096,4622974976,72.3,11259654144,2714521600,5523255296,1108934656,324345856,2365546496,435994624
265,2022-01-27,18:28:01,0.5,LocalHost,13.8,16664068096,4623126528,72.3,11259420672,2714624000,5523288064,1108946944,324362240,2365661184,436092928
266,2022-01-27,18:28:02,0.5,LocalHost,12.3,16664068096,4623355904,72.3,11259363328,2714644480,5523308544,1109143552,324362240,2365698048,435904512
267,2022-01-27,18:28:02,0.5,LocalHost,9.5,16664068096,4623380480,72.3,11259334656,2714628096,5523345408,1109176320,324362240,2365743104,435904512
268,2022-01-27,18:28:03,0.5,LocalHost,8.3,16664068096,4623327232,72.3,11259424768,2714304512,5523165184,1109446656,324362240,2365976576,435904512
269,2022-01-27,18:28:03,0.5,LocalHost,9.1,16664068096,4623339520,72.3,11259383808,2714304512,5523275776,1109458944,324362240,2366017536,435904512
270,2022-01-27,18:28:04,0.5,LocalHost,12.6,16664068096,4623241216,72.3,11259400192,2714112000,5523300352,1109549056,324362240,2366193664,435904512
271,2022-01-27,18:28:04,0.5,LocalHost,6.4,16664068096,4623638528,72.3,11258978304,2714509312,5523300352,1109549056,324362240,2366218240,435904512
272,2022-01-27,18:28:05,0.5,LocalHost,8.2,16664068096,4623953920,72.3,11258740736,2714505216,5523337216,1109864448,324378624,2366443520,435904512
273,2022-01-27,18:28:05,0.5,LocalHost,15.5,16664068096,4623822848,72.3,11258757120,2714370048,5523337216,1109864448,324386816,2366554112,435904512
274,2022-01-27,18:28:06,0.5,LocalHost,15.0,16664068096,4623908864,72.3,11258789888,2714013696,5523374080,1110278144,324395008,2366869504,435904512
275,2022-01-27,18:28:06,0.5,LocalHost,12.7,16664068096,4624154624,72.3,11258548224,2714144768,5523382272,1110388736,324419584,2366955520,435904512
276,2022-01-27,18:28:07,0.5,LocalHost,12.6,16664068096,4624293888,72.2,11258408960,2714116096,5523529728,1110536192,324427776,2367115264,435904512
277,2022-01-27,18:28:07,0.5,LocalHost,14.9,16664068096,4624805888,72.2,11257872384,2714566656,5523529728,1110597632,324427776,2367201280,435904512
278,2022-01-27,18:28:08,0.5,LocalHost,7.1,16664068096,4624576512,72.2,11258011648,2714247168,5523546112,1110679552,324427776,2367381504,435904512
279,2022-01-27,18:28:08,0.5,LocalHost,8.1,16664068096,4624678912,72.2,11257884672,2714279936,5523546112,1110745088,324427776,2367475712,435904512
280,2022-01-27,18:28:09,0.5,LocalHost,10.4,16664068096,4624498688,72.2,11258064896,2713989120,5523365888,1110855680,324427776,2367586304,435904512
281,2022-01-27,18:28:09,0.5,LocalHost,12.1,16664068096,4625096704,72.2,11257556992,2714406912,5523374080,1111027712,324427776,2367676416,435904512
282,2022-01-27,18:28:10,0.5,LocalHost,10.6,16664068096,4624900096,72.2,11257704448,2714079232,5523480576,1111154688,324427776,2367856640,435904512
283,2022-01-27,18:28:10,0.5,LocalHost,14.7,16664068096,4624084992,72.3,11258736640,2713022464,5523730432,1111404544,324435968,2367873024,435904512
284,2022-01-27,18:28:11,0.5,LocalHost,15.1,16664068096,4624195584,72.3,11258494976,2712985600,5523537920,1111515136,324452352,2368135168,435904512
285,2022-01-27,18:28:11,0.5,LocalHost,13.7,16664068096,4623515648,72.3,11259170816,2712248320,5523689472,1111556096,324468736,2368180224,435904512
286,2022-01-27,18:28:12,0.5,LocalHost,14.8,16664068096,4624408576,72.2,11258286080,2712911872,5523259392,1111764992,324476928,2368393216,435904512
287,2022-01-27,18:28:12,0.5,LocalHost,7.1,16664068096,4624064512,72.3,11258593280,2712559616,5523484672,1111769088,324493312,2368421888,435904512
288,2022-01-27,18:28:13,0.5,LocalHost,7.1,16664068096,4624547840,72.2,11258105856,2712854528,5523255296,1111949312,324493312,2368614400,435904512
289,2022-01-27,18:28:13,0.5,LocalHost,12.9,16664068096,4624064512,72.3,11258552320,2712309760,5523255296,1112010752,324493312,2368712704,435904512
290,2022-01-27,18:28:14,0.5,LocalHost,12.2,16664068096,4624125952,72.3,11258433536,2712080384,5523070976,1112293376,324493312,2369060864,435904512
291,2022-01-27,18:28:14,0.5,LocalHost,11.1,16664068096,4623794176,72.3,11258707968,2711687168,5523070976,1112354816,324493312,2369179648,435904512
292,2022-01-27,18:28:15,0.5,LocalHost,10.1,16664068096,4623499264,72.3,11259027456,2711207936,5523234816,1112535040,324493312,2369339392,435904512
293,2022-01-27,18:28:15,0.5,LocalHost,6.8,16664068096,4623892480,72.3,11258703872,2711494656,5523234816,1112641536,324493312,2369376256,435904512
294,2022-01-27,18:28:16,0.5,LocalHost,7.1,16664068096,4624248832,72.3,11258392576,2711588864,5523247104,1112903680,324501504,2369585152,435904512
295,2022-01-27,18:28:16,0.5,LocalHost,6.4,16664068096,4624478208,72.2,11258073088,2711818240,5523247104,1112903680,324517888,2369658880,435904512
296,2022-01-27,18:28:17,0.5,LocalHost,12.8,16664068096,4624478208,72.2,11258097664,2711588864,5523288064,1113112576,324526080,2369855488,435904512
297,2022-01-27,18:28:17,0.5,LocalHost,7.3,16664068096,4624826368,72.2,11257741312,2711916544,5523296256,1113133056,324542464,2369867776,435904512
298,2022-01-27,18:28:18,0.5,LocalHost,10.9,16664068096,4624793600,72.2,11257737216,2711719936,5523312640,1113284608,324550656,2370060288,435904512
299,2022-01-27,18:28:18,0.5,LocalHost,7.9,16664068096,4624445440,72.2,11258060800,2711371776,5523312640,1113284608,324550656,2370084864,435904512
300,2022-01-27,18:28:19,0.5,LocalHost,12.0,16664068096,4624965632,72.2,11257618432,2711597056,5523345408,1113534464,324550656,2370301952,435904512
301,2022-01-27,18:28:19,0.5,LocalHost,11.5,16664068096,4624732160,72.2,11257806848,2711363584,5523345408,1113534464,324550656,2370347008,435904512
302,2022-01-27,18:28:20,0.5,LocalHost,7.9,16664068096,4625092608,72.2,11257483264,2711498752,5523165184,1113751552,324550656,2370535424,435904512
303,2022-01-27,18:28:20,0.5,LocalHost,11.8,16664068096,4623867904,72.3,11259019264,2709868544,5524115456,1114152960,324550656,2370629632,435900416
304,2022-01-27,18:28:21,0.5,LocalHost,16.0,16664068096,4624441344,72.2,11258253312,2710536192,5523341312,1114075136,324550656,2370727936,435904512
305,2022-01-27,18:28:21,0.5,LocalHost,14.4,16664068096,4624576512,72.2,11258077184,2710597632,5523349504,1114140672,324567040,2370826240,435904512
306,2022-01-27,18:28:22,0.5,LocalHost,10.5,16664068096,4624347136,72.2,11258241024,2710110208,5523353600,1114398720,324575232,2371141632,435904512
307,2022-01-27,18:28:22,0.5,LocalHost,13.7,16664068096,4624388096,72.2,11258171392,2710110208,5523353600,1114439680,324583424,2371203072,435904512
308,2022-01-27,18:28:23,0.5,LocalHost,8.5,16664068096,4624588800,72.2,11258003456,2710077440,5523386368,1114640384,324591616,2371395584,435904512
309,2022-01-27,18:28:23,0.5,LocalHost,11.0,16664068096,4625010688,72.2,11257606144,2710355968,5523398656,1114771456,324608000,2371497984,435904512
310,2022-01-27,18:28:24,0.5,LocalHost,10.2,16664068096,4624588800,72.2,11258023936,2709778432,5523415040,1114927104,324616192,2371649536,435904512
311,2022-01-27,18:28:24,0.5,LocalHost,9.2,16664068096,4624584704,72.2,11257991168,2709774336,5523415040,1114927104,324616192,2371686400,435904512
312,2022-01-27,18:28:25,0.5,LocalHost,5.9,16664068096,4624609280,72.2,11257856000,2709680128,5523369984,1115033600,324616192,2371915776,435904512
313,2022-01-27,18:28:25,0.5,LocalHost,8.3,16664068096,4624932864,72.2,11257561088,2709942272,5523369984,1115095040,324616192,2371948544,435904512
314,2022-01-27,18:28:26,0.5,LocalHost,8.1,16664068096,4625072128,72.2,11257417728,2709901312,5523161088,1115275264,324616192,2372132864,435904512
315,2022-01-27,18:28:26,0.5,LocalHost,10.8,16664068096,4625420288,72.2,11257114624,2710196224,5523181568,1115316224,324616192,2372141056,435904512
316,2022-01-27,18:28:27,0.5,LocalHost,14.7,16664068096,4625248256,72.2,11257253888,2709803008,5523312640,1115521024,324624384,2372386816,435904512
317,2022-01-27,18:28:27,0.5,LocalHost,15.7,16664068096,4625215488,72.2,11257319424,2709708800,5523312640,1115582464,324640768,2372399104,435904512
318,2022-01-27,18:28:28,0.5,LocalHost,13.6,16664068096,4625620992,72.2,11257040896,2709708800,5523349504,1115955200,324657152,2372661248,435904512
319,2022-01-27,18:28:28,0.5,LocalHost,11.1,16664068096,4625788928,72.2,11256852480,2709839872,5523439616,1115992064,324673536,2372702208,435904512
320,2022-01-27,18:28:29,0.5,LocalHost,13.0,16664068096,4626149376,72.2,11256455168,2709934080,5523513344,1116225536,324689920,2372988928,435904512
321,2022-01-27,18:28:29,0.5,LocalHost,11.7,16664068096,4625825792,72.2,11256766464,2709610496,5523513344,1116225536,324689920,2373001216,435904512
322,2022-01-27,18:28:30,0.5,LocalHost,8.1,16664068096,4625760256,72.2,11256795136,2709385216,5523513344,1116385280,324689920,2373197824,435904512
323,2022-01-27,18:28:30,0.5,LocalHost,11.2,16664068096,4619796480,72.3,11262808064,2703364096,5526978560,1116442624,324698112,2373197824,435904512
324,2022-01-27,18:28:31,0.5,LocalHost,13.6,16664068096,4623552512,72.3,11259064320,2706743296,5523394560,1116753920,324698112,2373562368,435904512
325,2022-01-27,18:28:31,0.5,LocalHost,13.4,16664068096,4623523840,72.3,11259060224,2706653184,5523394560,1116815360,324698112,2373656576,435904512
326,2022-01-27,18:28:32,0.5,LocalHost,14.6,16664068096,4623261696,72.3,11259318272,2706288640,5523542016,1116913664,324698112,2373763072,435904512
327,2022-01-27,18:28:32,0.5,LocalHost,7.3,16664068096,4623577088,72.3,11259006976,2706456576,5523542016,1117061120,324722688,2373881856,435904512
328,2022-01-27,18:28:33,0.5,LocalHost,15.2,16664068096,4623785984,72.3,11258687488,2706419712,5523566592,1117286400,324722688,2374238208,435904512
329,2022-01-27,18:28:33,0.5,LocalHost,11.1,16664068096,4623994880,72.3,11258515456,2706558976,5523566592,1117351936,324747264,2374246400,435904512
330,2022-01-27,18:28:34,0.5,LocalHost,15.0,16664068096,4624023552,72.3,11258494976,2706362368,5523611648,1117556736,324747264,2374463488,435904512
331,2022-01-27,18:28:34,0.5,LocalHost,14.3,16664068096,4624199680,72.3,11258298368,2706452480,5523611648,1117638656,324755456,2374561792,435904512
332,2022-01-27,18:28:35,0.5,LocalHost,14.7,16664068096,4623810560,72.3,11258662912,2705969152,5523681280,1117712384,324755456,2374680576,435904512
333,2022-01-27,18:28:35,0.5,LocalHost,17.2,16664068096,4623618048,72.3,11258814464,2705776640,5523681280,1117712384,324763648,2374713344,435904512
334,2022-01-27,18:28:36,0.5,LocalHost,14.8,16664068096,4624183296,72.3,11258335232,2706071552,5523697664,1117978624,324763648,2374897664,435904512
335,2022-01-27,18:28:36,0.5,LocalHost,15.4,16664068096,4623740928,72.3,11258785792,2705461248,5523632128,1118146560,324763648,2375057408,435904512
336,2022-01-27,18:28:37,0.5,LocalHost,13.4,16664068096,4624269312,72.3,11258314752,2705838080,5523513344,1118289920,324763648,2375151616,435904512
337,2022-01-27,18:28:37,0.5,LocalHost,6.1,16664068096,4624236544,72.3,11258343424,2705678336,5523632128,1118416896,324763648,2375282688,435904512
338,2022-01-27,18:28:38,0.5,LocalHost,8.8,16664068096,4624416768,72.2,11258118144,2705776640,5523656704,1118494720,324788224,2375385088,435904512
339,2022-01-27,18:28:38,0.5,LocalHost,8.0,16664068096,4624138240,72.3,11258404864,2705453056,5523656704,1118539776,324788224,2375421952,435904512
340,2022-01-27,18:28:39,0.5,LocalHost,9.0,16664068096,4624306176,72.2,11258249216,2705387520,5523714048,1118756864,324820992,2375610368,435904512
341,2022-01-27,18:28:39,0.5,LocalHost,11.7,16664068096,4624420864,72.2,11258060800,2705498112,5523714048,1118756864,324820992,2375688192,435904512
342,2022-01-27,18:28:40,0.5,LocalHost,16.7,16664068096,4624441344,72.2,11257970688,2705387520,5523726336,1118867456,324837376,2375872512,435904512
343,2022-01-27,18:28:40,0.5,LocalHost,17.1,16664068096,4624736256,72.2,11257745408,2705559552,5523759104,1118957568,324845568,2375917568,435904512
344,2022-01-27,18:28:41,0.5,LocalHost,22.1,16664068096,4624482304,72.2,11258122240,2704941056,5524160512,1119285248,324845568,2376159232,435904512
345,2022-01-27,18:28:41,0.5,LocalHost,11.7,16664068096,4624580608,72.2,11257966592,2704855040,5524049920,1119485952,324845568,2376400896,435904512
346,2022-01-27,18:28:42,0.5,LocalHost,10.4,16664068096,4623536128,72.3,11259080704,2703663104,5523636224,1119653888,324845568,2376478720,435904512
347,2022-01-27,18:28:42,0.5,LocalHost,10.6,16664068096,4623532032,72.3,11259064320,2703597568,5523492864,1119715328,324845568,2376560640,435904512
348,2022-01-27,18:28:43,0.5,LocalHost,15.8,16664068096,4623515648,72.3,11259039744,2703474688,5523701760,1119821824,324845568,2376708096,435904512
349,2022-01-27,18:28:43,0.5,LocalHost,15.7,16664068096,4623462400,72.3,11259068416,2703339520,5523701760,1119899648,324870144,2376790016,435904512
350,2022-01-27,18:28:44,0.5,LocalHost,16.4,16664068096,4623495168,72.3,11259072512,2703114240,5523734528,1120141312,324870144,2377011200,435904512
351,2022-01-27,18:28:44,0.5,LocalHost,12.5,16664068096,4624011264,72.3,11258494976,2703568896,5523763200,1120186368,324902912,2377101312,435904512
352,2022-01-27,18:28:45,0.5,LocalHost,16.5,16664068096,4623310848,72.3,11259219968,2702741504,5523804160,1120280576,324902912,2377203712,435904512
353,2022-01-27,18:28:45,0.5,LocalHost,12.5,16664068096,4623716352,72.3,11258847232,2702954496,5523808256,1120468992,324927488,2377338880,435904512
354,2022-01-27,18:28:46,0.5,LocalHost,11.3,16664068096,4623400960,72.3,11259109376,2702561280,5523828736,1120526336,324927488,2377469952,435904512
355,2022-01-27,18:28:46,0.5,LocalHost,12.2,16664068096,4623691776,72.3,11258818560,2702790656,5523828736,1120587776,324927488,2377531392,435904512
356,2022-01-27,18:28:47,0.5,LocalHost,12.7,16664068096,4623659008,72.3,11258810368,2702602240,5523820544,1120743424,324927488,2377728000,435904512
357,2022-01-27,18:28:47,0.5,LocalHost,12.6,16664068096,4624039936,72.3,11258392576,2702856192,5523824640,1120862208,324927488,2377891840,435904512
358,2022-01-27,18:28:48,0.5,LocalHost,12.8,16664068096,4623843328,72.3,11258589184,2702598144,5523640320,1120923648,324927488,2377953280,435904512
359,2022-01-27,18:28:48,0.5,LocalHost,13.0,16664068096,4624363520,72.2,11258150912,2702888960,5523779584,1121153024,324927488,2378100736,435904512
360,2022-01-27,18:28:49,0.5,LocalHost,15.5,16664068096,4624097280,72.3,11258384384,2702499840,5523779584,1121271808,324952064,2378231808,435904512
361,2022-01-27,18:28:49,0.5,LocalHost,10.6,16664068096,4624797696,72.2,11257712640,2702929920,5523816448,1121513472,324952064,2378473472,435904512
362,2022-01-27,18:28:50,0.5,LocalHost,9.0,16664068096,4624777216,72.2,11257720832,2702696448,5523828736,1121718272,324984832,2378665984,435904512
363,2022-01-27,18:28:50,0.5,LocalHost,9.3,16664068096,4624523264,72.2,11258019840,2702274560,5523873792,1121857536,324984832,2378788864,435904512
364,2022-01-27,18:28:51,0.5,LocalHost,18.3,16664068096,4615135232,72.3,11267911680,2692251648,5532422144,1122484224,325009408,2378895360,435904512
365,2022-01-27,18:28:51,0.5,LocalHost,19.2,16664068096,4622794752,72.3,11259723776,2700189696,5524791296,1122181120,325009408,2379145216,435908608
366,2022-01-27,18:28:52,0.5,LocalHost,17.3,16664068096,4623048704,72.3,11259457536,2700300288,5523931136,1122316288,325009408,2379300864,435904512
367,2022-01-27,18:28:52,0.5,LocalHost,8.8,16664068096,4623208448,72.3,11259256832,2700398592,5523931136,1122377728,325009408,2379403264,435904512
368,2022-01-27,18:28:53,0.5,LocalHost,7.8,16664068096,4622929920,72.3,11259547648,2699976704,5523931136,1122521088,325009408,2379534336,435904512
369,2022-01-27,18:28:53,0.5,LocalHost,12.2,16664068096,4623085568,72.3,11259432960,2700070912,5523931136,1122582528,325009408,2379554816,435904512
370,2022-01-27,18:28:54,0.5,LocalHost,9.7,16664068096,4623323136,72.3,11259031552,2700234752,5523742720,1122648064,325009408,2379792384,435904512
371,2022-01-27,18:28:54,0.5,LocalHost,11.5,16664068096,4623192064,72.3,11259244544,2700005376,5523746816,1122746368,325042176,2379776000,435904512
372,2022-01-27,18:28:55,0.5,LocalHost,11.1,16664068096,4623216640,72.3,11259273216,2699751424,5523935232,1123020800,325042176,2380001280,435904512
373,2022-01-27,18:28:55,0.5,LocalHost,10.3,16664068096,4623417344,72.3,11259088896,2699882496,5523976192,1123049472,325066752,2380029952,435904512
374,2022-01-27,18:28:56,0.5,LocalHost,9.7,16664068096,4623560704,72.3,11258880000,2699882496,5524025344,1123168256,325074944,2380230656,435904512
375,2022-01-27,18:28:56,0.5,LocalHost,12.3,16664068096,4623532032,72.3,11258900480,2699812864,5524025344,1123209216,325083136,2380271616,435904512
376,2022-01-27,18:28:57,0.5,LocalHost,16.5,16664068096,4623667200,72.3,11258855424,2699649024,5524037632,1123500032,325083136,2380480512,435904512
377,2022-01-27,18:28:57,0.5,LocalHost,14.6,16664068096,4624027648,72.3,11258462208,2700009472,5524037632,1123500032,325083136,2380513280,435904512
378,2022-01-27,18:28:58,0.5,LocalHost,9.0,16664068096,4624355328,72.2,11258109952,2699980800,5523972096,1123852288,325083136,2380894208,435904512
379,2022-01-27,18:28:58,0.5,LocalHost,13.4,16664068096,4624023552,72.3,11258380288,2699649024,5523972096,1123852288,325083136,2380955648,435904512
380,2022-01-27,18:28:59,0.5,LocalHost,11.5,16664068096,4624506880,72.2,11257892864,2699976704,5523808256,1124003840,325083136,2381115392,435904512
381,2022-01-27,18:28:59,0.5,LocalHost,22.1,16664068096,4624896000,72.2,11257475072,2700304384,5523808256,1124065280,325083136,2381205504,435904512
382,2022-01-27,18:29:00,0.5,LocalHost,24.5,16664068096,4622462976,72.3,11259068416,2697547776,5525327872,1124384768,325099520,2382352384,436813824
383,2022-01-27,18:29:00,0.5,LocalHost,18.7,16664068096,4621856768,72.3,11259748352,2696802304,5525250048,1124515840,325099520,2382417920,436813824
384,2022-01-27,18:29:01,0.5,LocalHost,18.9,16664068096,4624175104,72.3,11257815040,2698899456,5524045824,1124691968,325140480,2382213120,436428800
385,2022-01-27,18:29:01,0.5,LocalHost,21.5,16664068096,4623200256,72.3,11258712064,2697900032,5524684800,1124708352,325140480,2382315520,436428800
386,2022-01-27,18:29:02,0.5,LocalHost,13.5,16664068096,4623757312,72.3,11258175488,2698248192,5524054016,1124904960,325156864,2382487552,436428800
387,2022-01-27,18:29:02,0.5,LocalHost,16.1,16664068096,4623556608,72.3,11258408960,2697957376,5524070400,1124978688,325156864,2382544896,436428800
388,2022-01-27,18:29:03,0.5,LocalHost,18.6,16664068096,4623994880,72.3,11257978880,2698256384,5524070400,1125113856,325156864,2382675968,436428800
389,2022-01-27,18:29:03,0.5,LocalHost,17.9,16664068096,4623990784,72.3,11257950208,2698252288,5524070400,1125113856,325156864,2382708736,436428800
390,2022-01-27,18:29:04,0.5,LocalHost,18.8,16664068096,4623474688,72.3,11258433536,2697535488,5524070400,1125314560,325156864,2382942208,436428800
391,2022-01-27,18:29:04,0.5,LocalHost,17.9,16664068096,4623392768,72.3,11258482688,2697408512,5524103168,1125359616,325156864,2383020032,436428800
392,2022-01-27,18:29:05,0.5,LocalHost,13.1,16664068096,4623626240,72.3,11258277888,2697474048,5523922944,1125523456,325156864,2383159296,436428800
393,2022-01-27,18:29:05,0.5,LocalHost,19.0,16664068096,4623998976,72.3,11257892864,2697732096,5524013056,1125634048,325173248,2383269888,436428800
394,2022-01-27,18:29:06,0.5,LocalHost,15.8,16664068096,4623785984,72.3,11258003456,2697314304,5524082688,1125814272,325181440,2383568896,436428800
395,2022-01-27,18:29:06,0.5,LocalHost,14.6,16664068096,4624199680,72.3,11257638912,2697580544,5524086784,1125957632,325206016,2383642624,436428800
396,2022-01-27,18:29:07,0.5,LocalHost,20.4,16664068096,4624068608,72.3,11257843712,2697216000,5524099072,1126178816,325206016,2383802368,436428800
397,2022-01-27,18:29:07,0.5,LocalHost,23.0,16664068096,4624097280,72.3,11257724928,2697232384,5524103168,1126187008,325214208,2383896576,436428800
398,2022-01-27,18:29:08,0.5,LocalHost,15.7,16664068096,4624334848,72.2,11257499648,2697314304,5524131840,1126330368,325214208,2384039936,436428800
399,2022-01-27,18:29:08,0.5,LocalHost,15.8,16664068096,4624756736,72.2,11257081856,2697674752,5524131840,1126391808,325214208,2384097280,436428800
400,2022-01-27,18:29:09,0.5,LocalHost,21.3,16664068096,4624863232,72.2,11256971264,2697576448,5524140032,1126584320,325214208,2384306176,436428800
401,2022-01-27,18:29:09,0.5,LocalHost,16.5,16664068096,4624494592,72.2,11257319424,2697154560,5524148224,1126637568,325214208,2384379904,436428800
402,2022-01-27,18:29:10,0.5,LocalHost,16.3,16664068096,4624879616,72.2,11257049088,2697248768,5523968000,1126928384,325214208,2384556032,436428800
403,2022-01-27,18:29:10,0.5,LocalHost,8.7,16664068096,4624945152,72.2,11256958976,2697248768,5523968000,1126993920,325222400,2384637952,436428800
404,2022-01-27,18:29:11,0.5,LocalHost,11.4,16664068096,4624994304,72.2,11256889344,2697150464,5524078592,1127137280,325238784,2384789504,436428800
405,2022-01-27,18:29:11,0.5,LocalHost,13.0,16664068096,4623745024,72.3,11258134528,2695876608,5524180992,1127161856,325238784,2384818176,436428800
406,2022-01-27,18:29:12,0.5,LocalHost,18.8,16664068096,4622979072,72.3,11258974208,2694832128,5524131840,1127419904,325263360,2384998400,436428800
407,2022-01-27,18:29:12,0.5,LocalHost,23.8,16664068096,4623138816,72.3,11258798080,2694930432,5524131840,1127481344,325263360,2385076224,436428800
408,2022-01-27,18:29:13,0.5,LocalHost,15.8,16664068096,4623142912,72.3,11258724352,2694832128,5524103168,1127571456,325271552,2385240064,436428800
409,2022-01-27,18:29:13,0.5,LocalHost,12.8,16664068096,4623110144,72.3,11258679296,2694799360,5524103168,1127571456,325271552,2385317888,436428800
410,2022-01-27,18:29:14,0.5,LocalHost,22.9,16664068096,4623282176,72.3,11258470400,2694668288,5524127744,1127849984,325271552,2385657856,436428800
411,2022-01-27,18:29:14,0.5,LocalHost,23.1,16664068096,4623241216,72.3,11258527744,2694516736,5524144128,1127960576,325271552,2385752064,436428800
412,2022-01-27,18:29:15,0.5,LocalHost,14.7,16664068096,4623400960,72.3,11258445824,2694451200,5524156416,1128181760,325271552,2385899520,436428800
413,2022-01-27,18:29:15,0.5,LocalHost,12.4,16664068096,4623523840,72.3,11258306560,2694516736,5524160512,1128239104,325271552,2385973248,436428800
414,2022-01-27,18:29:16,0.5,LocalHost,13.5,16664068096,4623335424,72.3,11258576896,2694094848,5523980288,1128464384,325287936,2386108416,436428800
415,2022-01-27,18:29:16,0.5,LocalHost,10.9,16664068096,4623241216,72.3,11258675200,2693992448,5523980288,1128472576,325296128,2386104320,436428800
416,2022-01-27,18:29:17,0.5,LocalHost,9.4,16664068096,4623593472,72.3,11258200064,2694217728,5524144128,1128583168,325296128,2386354176,436428800
417,2022-01-27,18:29:17,0.5,LocalHost,8.8,16664068096,4623650816,72.3,11258224640,2694053888,5524160512,1128787968,325320704,2386468864,436428800
418,2022-01-27,18:29:18,0.5,LocalHost,11.8,16664068096,4624023552,72.3,11257835520,2694287360,5524176896,1128914944,325320704,2386624512,436428800
419,2022-01-27,18:29:18,0.5,LocalHost,11.1,16664068096,4623908864,72.3,11257958400,2694086656,5524176896,1129000960,325337088,2386685952,436428800
420,2022-01-27,18:29:19,0.5,LocalHost,9.4,16664068096,4624146432,72.3,11257741312,2694152192,5524205568,1129144320,325337088,2386837504,436428800
421,2022-01-27,18:29:19,0.5,LocalHost,27.2,16664068096,4624310272,72.2,11257589760,2694225920,5524242432,1129230336,325337088,2386915328,436428800
422,2022-01-27,18:29:20,0.5,LocalHost,30.1,16664068096,4624445440,72.2,11257401344,2694217728,5524242432,1129373696,325337088,2387111936,436428800
423,2022-01-27,18:29:20,0.5,LocalHost,27.9,16664068096,4624162816,72.3,11257602048,2693935104,5524242432,1129373696,325337088,2387193856,436428800
424,2022-01-27,18:29:21,0.5,LocalHost,25.4,16664068096,4624195584,72.3,11257544704,2693844992,5524242432,1129492480,325361664,2387316736,436428800
425,2022-01-27,18:29:21,0.5,LocalHost,22.3,16664068096,4623986688,72.3,11257729024,2693603328,5524242432,1129525248,325361664,2387374080,436428800
426,2022-01-27,18:29:22,0.5,LocalHost,20.6,16664068096,4623273984,72.3,11258638336,2692386816,5524467712,1129955328,325369856,2387673088,436432896
427,2022-01-27,18:29:22,0.5,LocalHost,23.2,16664068096,4622983168,72.3,11258925056,2692026368,5524361216,1130020864,325378048,2387738624,436428800
428,2022-01-27,18:29:23,0.5,LocalHost,13.5,16664068096,4622680064,72.3,11259174912,2691469312,5524242432,1130278912,325394432,2388029440,436428800
429,2022-01-27,18:29:23,0.5,LocalHost,13.3,16664068096,4622229504,72.3,11259584512,2690953216,5524242432,1130340352,325394432,2388135936,436428800
430,2022-01-27,18:29:24,0.5,LocalHost,18.5,16664068096,4622155776,72.3,11259621376,2690764800,5524250624,1130455040,325402624,2388279296,436428800
431,2022-01-27,18:29:24,0.5,LocalHost,19.4,16664068096,4622778368,72.3,11259031552,2691235840,5524365312,1130590208,325402624,2388398080,436428800
432,2022-01-27,18:29:25,0.5,LocalHost,15.1,16664068096,4622938112,72.3,11258961920,2691145728,5524332544,1130831872,325402624,2388557824,436428800
433,2022-01-27,18:29:25,0.5,LocalHost,16.2,16664068096,4622811136,72.3,11259076608,2691018752,5524332544,1130831872,325402624,2388570112,436428800
434,2022-01-27,18:29:26,0.5,LocalHost,14.7,16664068096,4622934016,72.3,11258830848,2691080192,5524332544,1130893312,325410816,2388746240,436428800
435,2022-01-27,18:29:26,0.5,LocalHost,14.6,16664068096,4622995456,72.3,11258777600,2691022848,5524344832,1131003904,325427200,2388840448,436428800
436,2022-01-27,18:29:27,0.5,LocalHost,15.7,16664068096,4622946304,72.3,11258818560,2690830336,5524348928,1131143168,325427200,2388992000,436428800
437,2022-01-27,18:29:27,0.5,LocalHost,18.6,16664068096,4623106048,72.3,11258773504,2690830336,5524307968,1131278336,325443584,2389020672,436428800
438,2022-01-27,18:29:28,0.5,LocalHost,29.2,16664068096,4623183872,72.3,11258654720,2690666496,5524336640,1131515904,325443584,2389303296,436428800
439,2022-01-27,18:29:28,0.5,LocalHost,24.9,16664068096,4623519744,72.3,11258318848,2690859008,5524373504,1131659264,325476352,2389413888,436428800
440,2022-01-27,18:29:29,0.5,LocalHost,25.5,16664068096,4623470592,72.3,11258318848,2690662400,5524357120,1131806720,325476352,2389610496,436428800
441,2022-01-27,18:29:29,0.5,LocalHost,24.1,16664068096,4623372288,72.3,11258462208,2690473984,5524406272,1131855872,325484544,2389647360,436428800
442,2022-01-27,18:29:30,0.5,LocalHost,23.4,16664068096,4623740928,72.3,11258077184,2690637824,5524443136,1132056576,325484544,2389868544,436428800
443,2022-01-27,18:29:30,0.5,LocalHost,24.7,16664068096,4624019456,72.3,11257798656,2690793472,5524451328,1132171264,325484544,2389991424,436428800
444,2022-01-27,18:29:31,0.5,LocalHost,23.9,16664068096,4623544320,72.3,11258167296,2690306048,5524451328,1132179456,325492736,2390102016,436428800
445,2022-01-27,18:29:31,0.5,LocalHost,25.6,16664068096,4623581184,72.3,11258130432,2690281472,5524451328,1132240896,325492736,2390163456,436428800
446,2022-01-27,18:29:32,0.5,LocalHost,25.5,16664068096,4623048704,72.3,11258761216,2689392640,5524590592,1132560384,325509120,2390405120,436424704
447,2022-01-27,18:29:33,0.5,LocalHost,22.7,16664068096,4622819328,72.3,11259035648,2689069056,5524647936,1132666880,325509120,2390454272,436428800
448,2022-01-27,18:29:33,0.5,LocalHost,19.9,16664068096,4622884864,72.3,11258949632,2689003520,5524283392,1132797952,325525504,2390589440,436428800
449,2022-01-27,18:29:34,0.5,LocalHost,21.8,16664068096,4622827520,72.3,11259002880,2688946176,5524406272,1132797952,325525504,2390593536,436428800
450,2022-01-27,18:29:34,0.5,LocalHost,22.4,16664068096,4623237120,72.3,11258515456,2688974848,5524455424,1133154304,325541888,2391035904,436428800
451,2022-01-27,18:29:35,0.5,LocalHost,22.6,16664068096,4623298560,72.3,11258466304,2688974848,5524463616,1133207552,325541888,2391085056,436428800
452,2022-01-27,18:29:35,0.5,LocalHost,21.8,16664068096,4623089664,72.3,11258605568,2688647168,5524471808,1133314048,325550080,2391265280,436428800
453,2022-01-27,18:29:36,0.5,LocalHost,20.7,16664068096,4623704064,72.3,11258060800,2689101824,5524422656,1133473792,325550080,2391355392,436428800
454,2022-01-27,18:29:36,0.5,LocalHost,16.7,16664068096,4623736832,72.3,11258068992,2688970752,5524434944,1133625344,325558272,2391470080,436428800
455,2022-01-27,18:29:37,0.5,LocalHost,14.3,16664068096,4623663104,72.3,11258155008,2688880640,5524426752,1133641728,325558272,2391474176,436428800
456,2022-01-27,18:29:37,0.5,LocalHost,18.4,16664068096,4623994880,72.3,11257753600,2689036288,5524439040,1133813760,325558272,2391719936,436428800
457,2022-01-27,18:29:38,0.5,LocalHost,17.9,16664068096,4623929344,72.3,11257864192,2688880640,5524451328,1133899776,325574656,2391748608,436428800
458,2022-01-27,18:29:38,0.5,LocalHost,15.1,16664068096,4623740928,72.3,11257982976,2688565248,5524467712,1134006272,325574656,2391945216,436428800
459,2022-01-27,18:29:39,0.5,LocalHost,16.5,16664068096,4623740928,72.3,11258003456,2688495616,5524303872,1134075904,325582848,2391986176,436428800
460,2022-01-27,18:29:39,0.5,LocalHost,23.1,16664068096,4623708160,72.3,11258097664,2688229376,5524443136,1134305280,325582848,2392158208,436428800
461,2022-01-27,18:29:40,0.5,LocalHost,27.2,16664068096,4624101376,72.3,11257692160,2688495616,5524451328,1134424064,325599232,2392281088,436428800
462,2022-01-27,18:29:40,0.5,LocalHost,22.3,16664068096,4624056320,72.3,11257720832,2688327680,5524504576,1134538752,325599232,2392420352,436428800
463,2022-01-27,18:29:41,0.5,LocalHost,17.5,16664068096,4624035840,72.3,11257708544,2688262144,5524504576,1134579712,325615616,2392481792,436428800
464,2022-01-27,18:29:41,0.5,LocalHost,17.9,16664068096,4624203776,72.3,11257524224,2688229376,5524537344,1134743552,325623808,2392690688,436428800
465,2022-01-27,18:29:42,0.5,LocalHost,17.8,16664068096,4624195584,72.3,11257528320,2688180224,5524557824,1134784512,325623808,2392735744,436428800
466,2022-01-27,18:29:42,0.5,LocalHost,15.4,16664068096,4624715776,72.2,11257143296,2688217088,5524570112,1135263744,325623808,2393083904,436428800
467,2022-01-27,18:29:43,0.5,LocalHost,16.5,16664068096,4623941632,72.3,11257896960,2687365120,5524811776,1135349760,325623808,2393182208,436428800
468,2022-01-27,18:29:43,0.5,LocalHost,19.1,16664068096,4623564800,72.3,11258150912,2686746624,5524578304,1135529984,325640192,2393530368,436428800
469,2022-01-27,18:29:44,0.5,LocalHost,19.0,16664068096,4623466496,72.3,11258228736,2686586880,5524463616,1135587328,325640192,2393612288,436428800
470,2022-01-27,18:29:44,0.5,LocalHost,18.1,16664068096,4623278080,72.3,11258396672,2686201856,5524361216,1135783936,325648384,2393821184,436428800
471,2022-01-27,18:29:45,0.5,LocalHost,15.7,16664068096,4623585280,72.3,11258093568,2686455808,5524357120,1135824896,325648384,2393870336,436428800
472,2022-01-27,18:29:45,0.5,LocalHost,15.3,16664068096,4623626240,72.3,11258085376,2686263296,5524504576,1136050176,325672960,2394046464,436428800
473,2022-01-27,18:29:46,0.5,LocalHost,13.1,16664068096,4623630336,72.3,11258023936,2686197760,5524557824,1136107520,325672960,2394173440,436428800
474,2022-01-27,18:29:46,0.5,LocalHost,16.2,16664068096,4623736832,72.3,11257970688,2686132224,5524582400,1136254976,325697536,2394267648,436428800
475,2022-01-27,18:29:47,0.5,LocalHost,13.0,16664068096,4624101376,72.3,11257602048,2686459904,5524582400,1136291840,325697536,2394308608,436428800
476,2022-01-27,18:29:47,0.5,LocalHost,13.9,16664068096,4624289792,72.2,11257380864,2686427136,5524586496,1136500736,325697536,2394562560,436428800
477,2022-01-27,18:29:48,0.5,LocalHost,11.3,16664068096,4624191488,72.3,11257438208,2686263296,5524586496,1136562176,325697536,2394669056,436428800
478,2022-01-27,18:29:48,0.5,LocalHost,15.2,16664068096,4623958016,72.3,11257692160,2685906944,5524602880,1136668672,325705728,2394763264,436428800
479,2022-01-27,18:29:49,0.5,LocalHost,15.4,16664068096,4623298560,72.3,11258425344,2685104128,5524680704,1136807936,325705728,2394832896,436428800
480,2022-01-27,18:29:49,0.5,LocalHost,15.5,16664068096,4623462400,72.3,11258232832,2685071360,5524598784,1137000448,325705728,2395058176,436428800
481,2022-01-27,18:29:50,0.5,LocalHost,16.7,16664068096,4622786560,72.3,11258957824,2684276736,5524619264,1137106944,325713920,2395119616,436428800
482,2022-01-27,18:29:50,0.5,LocalHost,12.2,16664068096,4623228928,72.3,11258449920,2684456960,5524447232,1137364992,325713920,2395447296,436428800
483,2022-01-27,18:29:51,0.5,LocalHost,9.3,16664068096,4622508032,72.3,11259133952,2683621376,5524598784,1137479680,325738496,2395574272,436428800
484,2022-01-27,18:29:51,0.5,LocalHost,8.8,16664068096,4622872576,72.3,11258712064,2683908096,5524615168,1137541120,325746688,2395701248,436428800
485,2022-01-27,18:29:52,0.5,LocalHost,12.4,16664068096,4623089664,72.3,11258564608,2684014592,5524631552,1137647616,325763072,2395725824,436428800
486,2022-01-27,18:29:52,0.5,LocalHost,9.5,16664068096,4622958592,72.3,11258707968,2683654144,5524516864,1137868800,325763072,2395942912,436428800
487,2022-01-27,18:29:53,0.5,LocalHost,11.5,16664068096,4620791808,72.3,11260891136,2681438208,5527080960,1137909760,325763072,2395975680,436424704
488,2022-01-27,18:29:53,0.5,LocalHost,11.1,16664068096,4622667776,72.3,11259043840,2683019264,5524549632,1138167808,325763072,2396241920,436428800
489,2022-01-27,18:29:54,0.5,LocalHost,15.4,16664068096,4622880768,72.3,11258810368,2683109376,5524549632,1138290688,325771264,2396377088,436428800
490,2022-01-27,18:29:54,0.5,LocalHost,19.3,16664068096,4622823424,72.3,11258806272,2682982400,5524557824,1138356224,325771264,2396508160,436428800
491,2022-01-27,18:29:55,0.5,LocalHost,18.7,16664068096,4622954496,72.3,11258613760,2683113472,5524557824,1138356224,325771264,2396569600,436428800
492,2022-01-27,18:29:55,0.5,LocalHost,15.4,16664068096,4623163392,72.3,11258388480,2683174912,5524373504,1138499584,325787648,2396717056,436428800
493,2022-01-27,18:29:56,0.5,LocalHost,16.5,16664068096,4623011840,72.3,11258580992,2682957824,5524500480,1138556928,325787648,2396741632,436428800
494,2022-01-27,18:29:56,0.5,LocalHost,10.6,16664068096,4623511552,72.3,11258130432,2683150336,5524533248,1138831360,325820416,2396966912,436428800
495,2022-01-27,18:29:57,0.5,LocalHost,5.9,16664068096,4623675392,72.3,11257970688,2683240448,5524516864,1138905088,325820416,2397036544,436428800
496,2022-01-27,18:29:57,0.5,LocalHost,8.9,16664068096,4623785984,72.3,11257786368,2683207680,5524537344,1139036160,325836800,2397237248,436428800
497,2022-01-27,18:29:58,0.5,LocalHost,5.7,16664068096,4623912960,72.3,11257663488,2683248640,5524586496,1139113984,325836800,2397319168,436428800
498,2022-01-27,18:29:58,0.5,LocalHost,6.9,16664068096,4624330752,72.2,11257257984,2683371520,5524639744,1139404800,325836800,2397601792,436428800
499,2022-01-27,18:29:59,0.5,LocalHost,5.1,16664068096,4623810560,72.3,11257790464,2682667008,5524615168,1139585024,325836800,2397773824,436428800
500,2022-01-27,18:29:59,0.5,LocalHost,7.6,16664068096,4624048128,72.3,11257593856,2682789888,5524643840,1139679232,325844992,2397839360,436428800
501,2022-01-27,18:30:00,0.5,LocalHost,10.8,16664068096,4614066176,72.3,11259031552,2672717824,5525716992,1139769344,325844992,2406473728,444948480
502,2022-01-27,18:30:00,0.5,LocalHost,21.6,16664068096,4613918720,72.3,11258961920,2672369664,5525929984,1139965952,325844992,2406891520,445132800
503,2022-01-27,18:30:01,0.5,LocalHost,16.0,16664068096,4614406144,72.3,11258482688,2672787456,5525942272,1140027392,325861376,2406936576,445132800
504,2022-01-27,18:30:01,0.5,LocalHost,10.2,16664068096,4623822848,72.3,11257868288,2681982976,5524611072,1140244480,325869568,2398347264,436330496
505,2022-01-27,18:30:02,0.5,LocalHost,12.1,16664068096,4623982592,72.3,11257663488,2682015744,5524549632,1140371456,325902336,2398486528,436428800
506,2022-01-27,18:30:02,0.5,LocalHost,6.9,16664068096,4623867904,72.3,11257651200,2681786368,5524738048,1140441088,325902336,2398728192,436428800
507,2022-01-27,18:30:03,0.5,LocalHost,10.6,16664068096,4624343040,72.2,11257204736,2682200064,5524746240,1140494336,325902336,2398760960,436428800
508,2022-01-27,18:30:03,0.5,LocalHost,12.0,16664068096,4622835712,72.3,11258875904,2680324096,5525016576,1140830208,325910528,2398957568,436432896
509,2022-01-27,18:30:04,0.5,LocalHost,13.7,16664068096,4622344192,72.3,11259305984,2679754752,5524828160,1140920320,325910528,2399096832,436428800
510,2022-01-27,18:30:04,0.5,LocalHost,13.4,16664068096,4622225408,72.3,11259400192,2679562240,5524770816,1140989952,325910528,2399195136,436428800
511,2022-01-27,18:30:05,0.5,LocalHost,10.6,16664068096,4622524416,72.3,11259101184,2679824384,5524791296,1141026816,325918720,2399223808,436428800
512,2022-01-27,18:30:05,0.5,LocalHost,10.0,16664068096,4622204928,72.3,11259392000,2679300096,5524803584,1141219328,325918720,2399457280,436428800
513,2022-01-27,18:30:06,0.5,LocalHost,10.8,16664068096,4622389248,72.3,11259252736,2679402496,5524811776,1141301248,325935104,2399477760,436428800
514,2022-01-27,18:30:06,0.5,LocalHost,10.5,16664068096,4622958592,72.3,11258609664,2679787520,5524656128,1141477376,325943296,2399727616,436428800
515,2022-01-27,18:30:07,0.5,LocalHost,10.3,16664068096,4622413824,72.3,11259383808,2678976512,5524656128,1141743616,325943296,2399764480,436428800
516,2022-01-27,18:30:07,0.5,LocalHost,13.2,16664068096,4622815232,72.3,11258757120,2679238656,5524770816,1141862400,325976064,2400096256,436428800
517,2022-01-27,18:30:08,0.5,LocalHost,13.9,16664068096,4623077376,72.3,11258462208,2679435264,5524770816,1141923840,325976064,2400194560,436428800
518,2022-01-27,18:30:08,0.5,LocalHost,9.2,16664068096,4622577664,72.3,11258974208,2678751232,5524848640,1142083584,325976064,2400366592,436428800
519,2022-01-27,18:30:09,0.5,LocalHost,12.8,16664068096,4622995456,72.3,11258597376,2679046144,5524869120,1142185984,325984256,2400440320,436428800
520,2022-01-27,18:30:09,0.5,LocalHost,11.5,16664068096,4622442496,72.3,11259117568,2678333440,5524869120,1142345728,325984256,2400632832,436428800
521,2022-01-27,18:30:10,0.5,LocalHost,8.5,16664068096,4622692352,72.3,11258892288,2678530048,5524877312,1142398976,325984256,2400661504,436428800
522,2022-01-27,18:30:10,0.5,LocalHost,15.7,16664068096,4622667776,72.3,11258900480,2678300672,5524877312,1142599680,326000640,2400866304,436428800
523,2022-01-27,18:30:11,0.5,LocalHost,20.1,16664068096,4622966784,72.3,11258576896,2678538240,5524889600,1142648832,326000640,2400952320,436428800
524,2022-01-27,18:30:11,0.5,LocalHost,21.2,16664068096,4623278080,72.3,11258261504,2678640640,5524865024,1142845440,326017024,2401148928,436428800
525,2022-01-27,18:30:12,0.5,LocalHost,21.8,16664068096,4623560704,72.3,11257999360,2678870016,5524873216,1142898688,326017024,2401181696,436428800
526,2022-01-27,18:30:12,0.5,LocalHost,15.6,16664068096,4623577088,72.3,11258073088,2678575104,5524819968,1143185408,326017024,2401402880,436428800
527,2022-01-27,18:30:13,0.5,LocalHost,15.7,16664068096,4623003648,72.3,11258679296,2677899264,5525086208,1143283712,326049792,2401439744,436428800
528,2022-01-27,18:30:13,0.5,LocalHost,18.4,16664068096,4623400960,72.3,11258249216,2678116352,5525434368,1143443456,326049792,2401652736,436428800
529,2022-01-27,18:30:14,0.5,LocalHost,7.8,16664068096,4623044608,72.3,11258462208,2677735424,5525155840,1143410688,326049792,2401820672,436428800
530,2022-01-27,18:30:14,0.5,LocalHost,8.9,16664068096,4623196160,72.3,11258318848,2677563392,5524992000,1143742464,326057984,2402127872,436428800
531,2022-01-27,18:30:15,0.5,LocalHost,13.8,16664068096,4623605760,72.3,11257933824,2677915648,5524992000,1143799808,326057984,2402160640,436428800
532,2022-01-27,18:30:15,0.5,LocalHost,15.0,16664068096,4623450112,72.3,11258044416,2677620736,5525053440,1143934976,326057984,2402344960,436428800
533,2022-01-27,18:30:16,0.5,LocalHost,16.1,16664068096,4623331328,72.3,11258118144,2677428224,5525053440,1144004608,326066176,2402455552,436428800
534,2022-01-27,18:30:16,0.5,LocalHost,10.5,16664068096,4623532032,72.3,11257958400,2677460992,5525061632,1144164352,326074368,2402574336,436428800
535,2022-01-27,18:30:17,0.5,LocalHost,6.6,16664068096,4623863808,72.3,11257561088,2677788672,5525065728,1144164352,326082560,2402635776,436428800
536,2022-01-27,18:30:17,0.5,LocalHost,12.4,16664068096,4624195584,72.3,11257294848,2677850112,5525106688,1144430592,326082560,2402840576,436428800
537,2022-01-27,18:30:18,0.5,LocalHost,9.4,16664068096,4624068608,72.3,11257356288,2677702656,5525106688,1144451072,326082560,2402926592,436428800
538,2022-01-27,18:30:18,0.5,LocalHost,11.6,16664068096,4624490496,72.2,11257081856,2677825536,5525123072,1144733696,326115328,2403045376,436428800
539,2022-01-27,18:30:19,0.5,LocalHost,17.0,16664068096,4624097280,72.3,11257495552,2677374976,5525250048,1144762368,326115328,2403082240,436428800
540,2022-01-27,18:30:19,0.5,LocalHost,13.7,16664068096,4624171008,72.3,11257352192,2677309440,5525049344,1144901632,326115328,2403291136,436428800
541,2022-01-27,18:30:20,0.5,LocalHost,21.3,16664068096,4624064512,72.3,11257470976,2677075968,5525110784,1145028608,326123520,2403397632,436428800
542,2022-01-27,18:30:20,0.5,LocalHost,21.1,16664068096,4624056320,72.3,11257425920,2677010432,5525110784,1145081856,326123520,2403508224,436428800
543,2022-01-27,18:30:21,0.5,LocalHost,13.0,16664068096,4624252928,72.3,11257257984,2677084160,5525114880,1145200640,326123520,2403602432,436428800
544,2022-01-27,18:30:21,0.5,LocalHost,8.8,16664068096,4624072704,72.3,11257372672,2676785152,5525143552,1145311232,326139904,2403770368,436428800
545,2022-01-27,18:30:22,0.5,LocalHost,10.9,16664068096,4624142336,72.3,11257335808,2676727808,5525151744,1145430016,326139904,2403864576,436428800
546,2022-01-27,18:30:22,0.5,LocalHost,14.1,16664068096,4623802368,72.3,11257651200,2676273152,5525164032,1145536512,326156288,2403987456,436428800
547,2022-01-27,18:30:23,0.5,LocalHost,9.8,16664068096,4624629760,72.2,11256791040,2676850688,5525164032,1145782272,326156288,2404270080,436428800
548,2022-01-27,18:30:23,0.5,LocalHost,18.7,16664068096,4624437248,72.2,11257024512,2676469760,5525164032,1145966592,326156288,2404417536,436428800
549,2022-01-27,18:30:24,0.5,LocalHost,19.3,16664068096,4623343616,72.3,11258163200,2675126272,5525581824,1146146816,326180864,2404597760,436428800
550,2022-01-27,18:30:24,0.5,LocalHost,15.1,16664068096,4623552512,72.3,11257966592,2675216384,5525004288,1146273792,326180864,2404704256,436428800
551,2022-01-27,18:30:25,0.5,LocalHost,10.8,16664068096,4623208448,72.3,11258245120,2674860032,5525123072,1146286080,326180864,2404782080,436428800
552,2022-01-27,18:30:25,0.5,LocalHost,8.8,16664068096,4623892480,72.3,11257597952,2675277824,5525176320,1146527744,326197248,2404995072,436428800
553,2022-01-27,18:30:26,0.5,LocalHost,8.8,16664068096,4623740928,72.3,11257696256,2675122176,5525176320,1146527744,326197248,2405052416,436428800
554,2022-01-27,18:30:26,0.5,LocalHost,9.2,16664068096,4623519744,72.3,11257876480,2674765824,5525180416,1146662912,326205440,2405220352,436428800
555,2022-01-27,18:30:27,0.5,LocalHost,12.0,16664068096,4623163392,72.3,11258245120,2674311168,5525180416,1146761216,326221824,2405289984,436428800
556,2022-01-27,18:30:27,0.5,LocalHost,8.7,16664068096,4623777792,72.3,11257667584,2674696192,5525229568,1146961920,326230016,2405474304,436428800
557,2022-01-27,18:30:28,0.5,LocalHost,10.1,16664068096,4623331328,72.3,11258056704,2674249728,5525229568,1146961920,326230016,2405531648,436428800
558,2022-01-27,18:30:28,0.5,LocalHost,10.7,16664068096,4624031744,72.3,11257376768,2674765824,5525258240,1147133952,326230016,2405695488,436428800
559,2022-01-27,18:30:29,0.5,LocalHost,14.5,16664068096,4623990784,72.3,11257528320,2674565120,5525266432,1147293696,326230016,2405744640,436428800
560,2022-01-27,18:30:29,0.5,LocalHost,10.3,16664068096,4623917056,72.3,11257540608,2674184192,5525295104,1147580416,326254592,2406088704,436428800
561,2022-01-27,18:30:30,0.5,LocalHost,11.3,16664068096,4623839232,72.3,11257606144,2674081792,5525127168,1147604992,326254592,2406125568,436428800
562,2022-01-27,18:30:30,0.5,LocalHost,13.3,16664068096,4623876096,72.3,11257581568,2673917952,5525254144,1147797504,326254592,2406313984,436428800
563,2022-01-27,18:30:31,0.5,LocalHost,9.0,16664068096,4624179200,72.3,11257307136,2674081792,5525282816,1147928576,326270976,2406408192,436428800
564,2022-01-27,18:30:31,0.5,LocalHost,7.3,16664068096,4623814656,72.3,11257614336,2673635328,5525295104,1148006400,326279168,2406539264,436428800
565,2022-01-27,18:30:32,0.5,LocalHost,19.2,16664068096,4624502784,72.2,11256901632,2674274304,5525319680,1148043264,326279168,2406612992,436428800
566,2022-01-27,18:30:32,0.5,LocalHost,21.9,16664068096,4623687680,72.3,11257626624,2673401856,5525319680,1148100608,326295552,2406744064,436428800
567,2022-01-27,18:30:33,0.5,LocalHost,24.1,16664068096,4624195584,72.3,11257204736,2673741824,5525348352,1148252160,326311936,2406809600,436428800
568,2022-01-27,18:30:33,0.5,LocalHost,22.0,16664068096,4624596992,72.2,11256832000,2673844224,5525348352,1148538880,326311936,2407079936,436428800
569,2022-01-27,18:30:34,0.5,LocalHost,18.0,16664068096,4621672448,72.3,11259789312,2670772224,5526052864,1148657664,326311936,2407194624,436428800
570,2022-01-27,18:30:34,0.5,LocalHost,14.4,16664068096,4622364672,72.3,11259150336,2670977024,5525381120,1149116416,326311936,2407628800,436428800
571,2022-01-27,18:30:35,0.5,LocalHost,12.9,16664068096,4622131200,72.3,11259351040,2670649344,5525385216,1149210624,326328320,2407739392,436428800
572,2022-01-27,18:30:35,0.5,LocalHost,9.3,16664068096,4622376960,72.3,11259011072,2670813184,5525344256,1149288448,326328320,2407915520,436428800
573,2022-01-27,18:30:36,0.5,LocalHost,8.8,16664068096,4622266368,72.3,11259080704,2670620672,5525311488,1149370368,326328320,2408038400,436428800
574,2022-01-27,18:30:36,0.5,LocalHost,9.2,16664068096,4622442496,72.3,11258982400,2670579712,5525331968,1149583360,326344704,2408161280,436428800
575,2022-01-27,18:30:37,0.5,LocalHost,5.8,16664068096,4622565376,72.3,11258929152,2670542848,5525483520,1149718528,326344704,2408251392,436428800
576,2022-01-27,18:30:37,0.5,LocalHost,8.3,16664068096,4622852096,72.3,11258597376,2670743552,5525340160,1149804544,326344704,2408382464,436428800
577,2022-01-27,18:30:38,0.5,LocalHost,11.0,16664068096,4622917632,72.3,11258535936,2670747648,5525340160,1149865984,326369280,2408415232,436428800
578,2022-01-27,18:30:38,0.5,LocalHost,13.4,16664068096,4622749696,72.3,11258654720,2670419968,5525397504,1149988864,326369280,2408624128,436428800
579,2022-01-27,18:30:39,0.5,LocalHost,17.1,16664068096,4622061568,72.3,11259359232,2669678592,5525405696,1150042112,326369280,2408660992,436428800
580,2022-01-27,18:30:39,0.5,LocalHost,17.0,16664068096,4622639104,72.3,11258695680,2670145536,5525405696,1150148608,326369280,2408857600,436428800
581,2022-01-27,18:30:40,0.5,LocalHost,16.9,16664068096,4623253504,72.3,11258130432,2670653440,5525422080,1150255104,326369280,2408914944,436428800
582,2022-01-27,18:30:40,0.5,LocalHost,17.2,16664068096,4622675968,72.3,11258650624,2669940736,5525417984,1150386176,326393856,2409082880,436428800
583,2022-01-27,18:30:41,0.5,LocalHost,11.2,16664068096,4622995456,72.3,11258396672,2670104576,5525352448,1150525440,326393856,2409172992,436428800
584,2022-01-27,18:30:41,0.5,LocalHost,14.8,16664068096,4623544320,72.3,11257839616,2670518272,5525360640,1150652416,326402048,2409308160,436428800
585,2022-01-27,18:30:42,0.5,LocalHost,18.6,16664068096,4623659008,72.3,11257712640,2670358528,5525409792,1150914560,326418432,2409578496,436428800
586,2022-01-27,18:30:42,0.5,LocalHost,12.0,16664068096,4622970880,72.3,11258490880,2669379584,5525549056,1151184896,326418432,2409779200,436428800
587,2022-01-27,18:30:43,0.5,LocalHost,8.3,16664068096,4623421440,72.3,11258052608,2669801472,5525442560,1151205376,326434816,2409779200,436428800
588,2022-01-27,18:30:43,0.5,LocalHost,9.0,16664068096,4623486976,72.3,11257970688,2669645824,5525458944,1151410176,326443008,2410008576,436428800
589,2022-01-27,18:30:44,0.5,LocalHost,9.4,16664068096,4623286272,72.3,11258142720,2669445120,5525458944,1151410176,326443008,2410037248,436428800
590,2022-01-27,18:30:44,0.5,LocalHost,14.1,16664068096,4621889536,72.3,11259551744,2667757568,5525831680,1151672320,326443008,2410315776,436428800
591,2022-01-27,18:30:45,0.5,LocalHost,15.2,16664068096,4621590528,72.3,11259797504,2667388928,5525647360,1151737856,326443008,2410438656,436428800
592,2022-01-27,18:30:45,0.5,LocalHost,13.0,16664068096,4622004224,72.3,11259371520,2667704320,5525512192,1151832064,326443008,2410549248,436428800
593,2022-01-27,18:30:46,0.5,LocalHost,9.2,16664068096,4622065664,72.3,11259305984,2667614208,5525581824,1151975424,326467584,2410680320,436428800
594,2022-01-27,18:30:46,0.5,LocalHost,9.8,16664068096,4622274560,72.3,11259039744,2667708416,5525389312,1152086016,326475776,2410844160,436428800
595,2022-01-27,18:30:47,0.5,LocalHost,15.5,16664068096,4622557184,72.3,11258736640,2667929600,5525389312,1152147456,326475776,2410926080,436428800
596,2022-01-27,18:30:47,0.5,LocalHost,22.2,16664068096,4622594048,72.3,11258740736,2667749376,5525520384,1152327680,326483968,2411094016,436428800
597,2022-01-27,18:30:48,0.5,LocalHost,12.6,16664068096,4622610432,72.3,11258740736,2667704320,5525561344,1152389120,326483968,2411139072,436428800
598,2022-01-27,18:30:48,0.5,LocalHost,12.7,16664068096,4622749696,72.3,11258597376,2667704320,5525606400,1152524288,326508544,2411257856,436428800
599,2022-01-27,18:30:49,0.5,LocalHost,14.3,16664068096,4628905984,72.2,11252441088,2673655808,5519310848,1152630784,326631424,2411339776,436428800
