iteration,date,time,measurement_period,machine/VNF,sys_cpu,totalmem,availablemem,percentmem,usedmem,freemem,activemem,inactivemem,buffers,cached,shared
0,2022-01-26,15:46:12,0.5,LocalHost,93.6,16664068096,862195712,94.8,14951022592,194121728,4823945216,435810304,118136832,1400786944,528343040
1,2022-01-26,15:46:12,0.5,LocalHost,96.3,16664068096,784314368,95.3,15034032128,181391360,4784185344,413478912,113176576,1335468032,526610432
2,2022-01-26,15:46:13,0.5,LocalHost,92.2,16664068096,764600320,95.4,15053197312,182190080,4773298176,403963904,112410624,1316270080,526610432
3,2022-01-26,15:46:13,0.5,LocalHost,28.1,16664068096,764407808,95.4,15053733888,183164928,4772102144,403726336,112402432,1314766848,526610432
4,2022-01-26,15:46:14,0.5,LocalHost,7.2,16664068096,762544128,95.4,15055269888,181800960,4771495936,403681280,112398336,1314598912,526610432
5,2022-01-26,15:46:14,0.5,LocalHost,9.6,16664068096,762535936,95.4,15055499264,181407744,4772298752,403894272,112398336,1314762752,526610432
6,2022-01-26,15:46:15,0.5,LocalHost,9.8,16664068096,761499648,95.4,15056519168,180371456,4772298752,403894272,112414720,1314762752,526610432
7,2022-01-26,15:46:15,0.5,LocalHost,7.6,16664068096,759336960,95.4,15058796544,177762304,4772163584,404320256,112439296,1315069952,526610432
8,2022-01-26,15:46:16,0.5,LocalHost,9.7,16664068096,757284864,95.5,15060619264,171581440,4773122048,408207360,112451584,1319415808,526614528
9,2022-01-26,15:46:16,0.5,LocalHost,15.2,16664068096,753192960,95.5,15065292800,162738176,4779028480,412856320,112451584,1323585536,526614528
10,2022-01-26,15:46:17,0.5,LocalHost,16.1,16664068096,748470272,95.5,15070638080,171479040,4772155392,407863296,110747648,1311203328,526614528
11,2022-01-26,15:46:17,0.5,LocalHost,15.0,16664068096,751964160,95.5,15065939968,199872512,4757757952,390254592,106917888,1291337728,526614528
12,2022-01-26,15:46:18,0.5,LocalHost,8.2,16664068096,753184768,95.5,15064985600,200794112,4756992000,390422528,106917888,1291370496,526610432
13,2022-01-26,15:46:18,0.5,LocalHost,7.1,16664068096,753631232,95.5,15064514560,200859648,4757127168,390811648,106921984,1291771904,526610432
14,2022-01-26,15:46:19,0.5,LocalHost,5.6,16664068096,753623040,95.5,15064567808,200699904,4757200896,390963200,106921984,1291878400,526610432
15,2022-01-26,15:46:19,0.5,LocalHost,8.2,16664068096,752226304,95.5,15065948160,199090176,4760145920,391172096,106921984,1292107776,526610432
16,2022-01-26,15:46:20,0.5,LocalHost,7.8,16664068096,727388160,95.6,15090872320,207556608,4739973120,401903616,102879232,1262759936,526610432
17,2022-01-26,15:46:20,0.5,LocalHost,15.1,16664068096,727760896,95.6,15090401280,207482880,4740476928,402157568,102879232,1263304704,526610432
18,2022-01-26,15:46:21,0.5,LocalHost,11.3,16664068096,727601152,95.6,15090561024,207323136,4740476928,402157568,102903808,1263280128,526610432
19,2022-01-26,15:46:21,0.5,LocalHost,15.0,16664068096,727760896,95.6,15090360320,207425536,4740591616,402214912,102912000,1263370240,526610432
20,2022-01-26,15:46:22,0.5,LocalHost,23.4,16664068096,727990272,95.6,15089942528,207388672,4740591616,402481152,102920192,1263816704,526610432
21,2022-01-26,15:46:22,0.5,LocalHost,32.9,16664068096,728158208,95.6,15089856512,206581760,4740747264,403415040,102944768,1264685056,526610432
22,2022-01-26,15:46:23,0.5,LocalHost,24.7,16664068096,727838720,95.6,15090057216,205193216,4741754880,403218432,102944768,1265872896,526610432
23,2022-01-26,15:46:23,0.5,LocalHost,24.8,16664068096,726859776,95.6,15091101696,203759616,4742397952,403423232,102948864,1266257920,526610432
24,2022-01-26,15:46:24,0.5,LocalHost,24.3,16664068096,727314432,95.6,15090618368,203759616,4742344704,403812352,102948864,1266741248,526610432
25,2022-01-26,15:46:24,0.5,LocalHost,26.0,16664068096,727572480,95.6,15090249728,203673600,4742373376,404148224,102948864,1267195904,526610432
26,2022-01-26,15:46:25,0.5,LocalHost,27.0,16664068096,727515136,95.6,15090331648,203190272,4742377472,404574208,102948864,1267597312,526610432
27,2022-01-26,15:46:25,0.5,LocalHost,24.1,16664068096,728051712,95.6,15089758208,203001856,4742443008,405299200,102948864,1268359168,526610432
28,2022-01-26,15:46:26,0.5,LocalHost,27.8,16664068096,727687168,95.6,15089950720,202350592,4742443008,405585920,102948864,1268817920,526610432
29,2022-01-26,15:46:26,0.5,LocalHost,26.7,16664068096,727912448,95.6,15089942528,201928704,4742479872,406224896,102973440,1269223424,526610432
30,2022-01-26,15:46:27,0.5,LocalHost,26.7,16664068096,727908352,95.6,15089938432,201670656,4742488064,406474752,102973440,1269485568,526610432
31,2022-01-26,15:46:27,0.5,LocalHost,29.1,16664068096,725659648,95.6,15092166656,198991872,4743327744,406892544,102973440,1269936128,526610432
32,2022-01-26,15:46:28,0.5,LocalHost,31.2,16664068096,715358208,95.7,15102341120,182980608,4754767872,412495872,103014400,1275731968,526610432
33,2022-01-26,15:46:28,0.5,LocalHost,29.8,16664068096,725618688,95.6,15092330496,191737856,4758237184,398540800,103014400,1276985344,526610432
34,2022-01-26,15:46:29,0.5,LocalHost,29.7,16664068096,726228992,95.6,15091662848,192040960,4758065152,398848000,103014400,1277349888,526610432
35,2022-01-26,15:46:29,0.5,LocalHost,27.8,16664068096,726110208,95.6,15091650560,191582208,4757987328,399192064,103014400,1277820928,526610432
36,2022-01-26,15:46:30,0.5,LocalHost,30.2,16664068096,726261760,95.6,15091449856,191389696,4757991424,399532032,103014400,1278214144,526610432
37,2022-01-26,15:46:30,0.5,LocalHost,29.8,16664068096,726855680,95.6,15090880512,191488000,4758032384,400027648,103014400,1278685184,526610432
38,2022-01-26,15:46:31,0.5,LocalHost,30.5,16664068096,727244800,95.6,15090515968,191295488,4758052864,400609280,103014400,1279242240,526610432
39,2022-01-26,15:46:31,0.5,LocalHost,29.1,16664068096,727068672,95.6,15090720768,190775296,4758085632,400945152,103038976,1279533056,526610432
40,2022-01-26,15:46:32,0.5,LocalHost,31.6,16664068096,727740416,95.6,15089926144,191102976,4757921792,401293312,103047168,1279991808,526610432
41,2022-01-26,15:46:32,0.5,LocalHost,30.0,16664068096,727158784,95.6,15090556928,190193664,4758069248,401616896,103047168,1280270336,526610432
42,2022-01-26,15:46:33,0.5,LocalHost,31.7,16664068096,726847488,95.6,15090810880,189550592,4758093824,401940480,103047168,1280659456,526610432
43,2022-01-26,15:46:33,0.5,LocalHost,32.3,16664068096,727220224,95.6,15090413568,189489152,4758110208,402354176,103079936,1281085440,526610432
44,2022-01-26,15:46:34,0.5,LocalHost,31.1,16664068096,727195648,95.6,15090270208,189198336,4758110208,402620416,103079936,1281519616,526610432
45,2022-01-26,15:46:34,0.5,LocalHost,32.7,16664068096,727003136,95.6,15090589696,188194816,4758138880,403398656,103079936,1282203648,526610432
46,2022-01-26,15:46:35,0.5,LocalHost,34.3,16664068096,727293952,95.6,15090470912,188129280,4758138880,403746816,103079936,1282387968,526610432
47,2022-01-26,15:46:35,0.5,LocalHost,36.0,16664068096,726638592,95.6,15091097600,187195392,4758188032,404021248,103084032,1282691072,526610432
48,2022-01-26,15:46:36,0.5,LocalHost,34.0,16664068096,727183360,95.6,15090577408,187129856,4758151168,404623360,103084032,1283276800,526610432
49,2022-01-26,15:46:36,0.5,LocalHost,39.8,16664068096,727281664,95.6,15090343936,186646528,4758323200,404975616,103108608,1283969024,526610432
50,2022-01-26,15:46:37,0.5,LocalHost,38.0,16664068096,727269376,95.6,15090470912,186195968,4758331392,405405696,103116800,1284284416,526610432
51,2022-01-26,15:46:37,0.5,LocalHost,33.6,16664068096,727404544,95.6,15090323456,185864192,4758372352,405843968,103116800,1284763648,526610432
52,2022-01-26,15:46:38,0.5,LocalHost,32.1,16664068096,727326720,95.6,15090360320,185638912,4758163456,405987328,103116800,1284952064,526610432
53,2022-01-26,15:46:38,0.5,LocalHost,38.0,16664068096,724262912,95.7,15093542912,181575680,4763648000,402182144,103116800,1285832704,526610432
54,2022-01-26,15:46:39,0.5,LocalHost,32.3,16664068096,724733952,95.7,15093022720,181694464,4763410432,402399232,103157760,1286193152,526610432
55,2022-01-26,15:46:39,0.5,LocalHost,34.4,16664068096,725598208,95.6,15092039680,182030336,4763275264,402923520,103157760,1286840320,526610432
56,2022-01-26,15:46:40,0.5,LocalHost,33.9,16664068096,725352448,95.6,15092334592,181415936,4763238400,403275776,103157760,1287159808,526610432
57,2022-01-26,15:46:40,0.5,LocalHost,36.3,16664068096,725630976,95.6,15092011008,181219328,4763271168,403726336,103157760,1287680000,526610432
58,2022-01-26,15:46:41,0.5,LocalHost,33.8,16664068096,726077440,95.6,15091515392,181354496,4763271168,404033536,103157760,1288040448,526610432
59,2022-01-26,15:46:41,0.5,LocalHost,35.1,16664068096,727289856,95.6,15090262016,181805056,4763287552,404795392,103174144,1288826880,526610432
60,2022-01-26,15:46:42,0.5,LocalHost,35.5,16664068096,727212032,95.6,15090470912,181424128,4763299840,405090304,103174144,1288998912,526610432
61,2022-01-26,15:46:42,0.5,LocalHost,33.6,16664068096,727384064,95.6,15090302976,181092352,4763258880,405577728,103182336,1289490432,526610432
62,2022-01-26,15:46:43,0.5,LocalHost,35.7,16664068096,727543808,95.6,15090163712,180969472,4763258880,405860352,103182336,1289752576,526610432
63,2022-01-26,15:46:43,0.5,LocalHost,36.6,16664068096,727105536,95.6,15090417664,180252672,4763303936,406122496,103182336,1290215424,526610432
64,2022-01-26,15:46:44,0.5,LocalHost,38.6,16664068096,728125440,95.6,15089369088,180846592,4763312128,406548480,103182336,1290670080,526610432
65,2022-01-26,15:46:44,0.5,LocalHost,35.0,16664068096,728199168,95.6,15089487872,180244480,4762910720,407212032,103206912,1291128832,526610432
66,2022-01-26,15:46:45,0.5,LocalHost,34.6,16664068096,727117824,95.6,15090520064,178757632,4762898432,407584768,103206912,1291583488,526610432
67,2022-01-26,15:46:45,0.5,LocalHost,33.3,16664068096,728322048,95.6,15089299456,179310592,4763062272,408219648,103206912,1292251136,526610432
68,2022-01-26,15:46:46,0.5,LocalHost,34.2,16664068096,728682496,95.6,15088939008,179281920,4763090944,408600576,103206912,1292640256,526610432
69,2022-01-26,15:46:46,0.5,LocalHost,36.9,16664068096,728408064,95.6,15089152000,178728960,4763127808,408870912,103223296,1292963840,526610432
70,2022-01-26,15:46:47,0.5,LocalHost,35.0,16664068096,728338432,95.6,15089258496,178376704,4763140096,409153536,103223296,1293209600,526610432
71,2022-01-26,15:46:47,0.5,LocalHost,33.6,16664068096,728428544,95.6,15089168384,177602560,4763160576,409993216,103223296,1294073856,526610432
72,2022-01-26,15:46:48,0.5,LocalHost,34.0,16664068096,728113152,95.6,15089401856,177086464,4763164672,410189824,103239680,1294340096,526610432
73,2022-01-26,15:46:48,0.5,LocalHost,38.0,16664068096,717099008,95.7,15100481536,165548032,4771110912,410705920,103239680,1294798848,526610432
74,2022-01-26,15:46:49,0.5,LocalHost,38.2,16664068096,725991424,95.6,15091990528,192868352,4743725056,411914240,101208064,1278001152,526610432
75,2022-01-26,15:46:49,0.5,LocalHost,34.4,16664068096,725921792,95.6,15091900416,192155648,4743880704,412536832,101208064,1278803968,526610432
76,2022-01-26,15:46:50,0.5,LocalHost,32.7,16664068096,725856256,95.6,15092097024,191799296,4743897088,412823552,101249024,1278922752,526610432
77,2022-01-26,15:46:50,0.5,LocalHost,35.1,16664068096,726597632,95.6,15091146752,191991808,4743770112,413233152,101249024,1279680512,526610432
78,2022-01-26,15:46:51,0.5,LocalHost,34.8,16664068096,726417408,95.6,15091228672,191246336,4743774208,413794304,101249024,1280344064,526610432
79,2022-01-26,15:46:51,0.5,LocalHost,34.7,16664068096,726941696,95.6,15090880512,191311872,4743913472,414248960,101257216,1280618496,526610432
80,2022-01-26,15:46:52,0.5,LocalHost,31.8,16664068096,727154688,95.6,15090581504,191217664,4743921664,414547968,101265408,1281003520,526610432
81,2022-01-26,15:46:52,0.5,LocalHost,37.0,16664068096,727928832,95.6,15089721344,191344640,4743942144,415182848,101265408,1281736704,526610432
82,2022-01-26,15:46:53,0.5,LocalHost,34.2,16664068096,727445504,95.6,15090208768,190795776,4743880704,415248384,101281792,1281781760,526610432
83,2022-01-26,15:46:53,0.5,LocalHost,36.6,16664068096,726130688,95.6,15091650560,188874752,4744273920,415834112,101281792,1282260992,526610432
84,2022-01-26,15:46:54,0.5,LocalHost,34.2,16664068096,726380544,95.6,15091564544,188497920,4744032256,416456704,101281792,1282723840,526610432
85,2022-01-26,15:46:54,0.5,LocalHost,31.0,16664068096,727076864,95.6,15090708480,188690432,4743991296,416825344,101281792,1283387392,526610432
86,2022-01-26,15:46:55,0.5,LocalHost,29.9,16664068096,727109632,95.6,15090597888,188207104,4743868416,417329152,101281792,1283981312,526610432
87,2022-01-26,15:46:55,0.5,LocalHost,32.4,16664068096,727572480,95.6,15090135040,188305408,4743852032,417685504,101314560,1284313088,526610432
88,2022-01-26,15:46:56,0.5,LocalHost,28.9,16664068096,727412736,95.6,15090155520,187600896,4743880704,418209792,101314560,1284997120,526610432
89,2022-01-26,15:46:56,0.5,LocalHost,29.5,16664068096,727576576,95.6,15090073600,187412480,4743884800,418553856,101322752,1285259264,526610432
90,2022-01-26,15:46:57,0.5,LocalHost,34.7,16664068096,728162304,95.6,15089364992,187473920,4744040448,419061760,101322752,1285906432,526610432
91,2022-01-26,15:46:57,0.5,LocalHost,31.1,16664068096,728399872,95.6,15089348608,187154432,4744019968,419598336,101339136,1286225920,526610432
92,2022-01-26,15:46:58,0.5,LocalHost,31.1,16664068096,728600576,95.6,15088963584,187084800,4744019968,419868672,101347328,1286672384,526610432
93,2022-01-26,15:46:58,0.5,LocalHost,33.8,16664068096,728875008,95.6,15088758784,186859520,4744036352,420364288,101347328,1287102464,526610432
94,2022-01-26,15:46:59,0.5,LocalHost,35.4,16664068096,724164608,95.7,15093317632,181370880,4747137024,418967552,101347328,1288032256,526610432
95,2022-01-26,15:46:59,0.5,LocalHost,31.1,16664068096,725950464,95.6,15091785728,181776384,4746588160,420024320,101347328,1289158656,526610432
96,2022-01-26,15:47:00,0.5,LocalHost,35.3,16664068096,720666624,95.7,15091609600,175620096,4747603968,420352000,101347328,1295491072,531402752
97,2022-01-26,15:47:00,0.5,LocalHost,38.7,16664068096,719929344,95.7,15091638272,174112768,4747591680,420782080,101347328,1296969728,531746816
98,2022-01-26,15:47:01,0.5,LocalHost,28.0,16664068096,720543744,95.7,15090880512,174145536,4747603968,421224448,101380096,1297661952,531746816
99,2022-01-26,15:47:01,0.5,LocalHost,29.0,16664068096,724328448,95.7,15091392512,177598464,4747624448,421539840,101388288,1293688832,527495168
100,2022-01-26,15:47:02,0.5,LocalHost,30.3,16664068096,725016576,95.6,15090753536,177917952,4747051008,421888000,101388288,1294008320,527495168
101,2022-01-26,15:47:02,0.5,LocalHost,30.8,16664068096,725381120,95.6,15090503680,177528832,4746731520,422621184,101396480,1294639104,527495168
102,2022-01-26,15:47:03,0.5,LocalHost,28.8,16664068096,725032960,95.6,15090638848,176885760,4746735616,422916096,101404672,1295138816,527495168
103,2022-01-26,15:47:03,0.5,LocalHost,32.0,16664068096,725340160,95.6,15090339840,176627712,4746772480,423460864,101404672,1295695872,527495168
104,2022-01-26,15:47:04,0.5,LocalHost,28.6,16664068096,725180416,95.6,15090511872,176214016,4746772480,423714816,101404672,1295937536,527495168
105,2022-01-26,15:47:04,0.5,LocalHost,28.0,16664068096,725499904,95.6,15090229248,175943680,4746772480,424304640,101404672,1296490496,527495168
106,2022-01-26,15:47:05,0.5,LocalHost,29.4,16664068096,725430272,95.6,15090262016,175501312,4746772480,424673280,101404672,1296900096,527495168
107,2022-01-26,15:47:05,0.5,LocalHost,31.1,16664068096,725995520,95.6,15089774592,175689728,4746649600,425037824,101404672,1297199104,527495168
108,2022-01-26,15:47:06,0.5,LocalHost,27.5,16664068096,726212608,95.6,15089438720,175595520,4746649600,425345024,101404672,1297629184,527495168
109,2022-01-26,15:47:06,0.5,LocalHost,29.2,16664068096,726478848,95.6,15089197056,175337472,4746780672,425861120,101445632,1298087936,527495168
110,2022-01-26,15:47:07,0.5,LocalHost,28.7,16664068096,726630400,95.6,15089078272,175243264,4746792960,426094592,101445632,1298300928,527495168
111,2022-01-26,15:47:07,0.5,LocalHost,27.0,16664068096,727261184,95.6,15088451584,174981120,4746850304,426962944,101445632,1299189760,527495168
112,2022-01-26,15:47:08,0.5,LocalHost,29.6,16664068096,727093248,95.6,15088455680,174465024,4746850304,427311104,101462016,1299685376,527495168
113,2022-01-26,15:47:08,0.5,LocalHost,29.7,16664068096,727588864,95.6,15088099328,174481408,4746874880,427757568,101470208,1300017152,527495168
114,2022-01-26,15:47:09,0.5,LocalHost,30.3,16664068096,716013568,95.7,15099449344,162254848,4756168704,428408832,101470208,1300893696,527495168
115,2022-01-26,15:47:09,0.5,LocalHost,26.7,16664068096,733544448,95.6,15092502528,191627264,4738727936,425689088,100478976,1279459328,518340608
116,2022-01-26,15:47:10,0.5,LocalHost,29.6,16664068096,733040640,95.6,15092940800,190926848,4738654208,425877504,100478976,1279721472,518336512
117,2022-01-26,15:47:10,0.5,LocalHost,29.4,16664068096,734273536,95.6,15091658752,191315968,4738793472,426762240,100478976,1280614400,518336512
118,2022-01-26,15:47:11,0.5,LocalHost,29.5,16664068096,734130176,95.6,15091793920,190738432,4738703360,427196416,100478976,1281056768,518336512
119,2022-01-26,15:47:11,0.5,LocalHost,29.0,16664068096,734797824,95.6,15091081216,190959616,4738715648,427634688,100487168,1281540096,518336512
120,2022-01-26,15:47:12,0.5,LocalHost,29.0,16664068096,734306304,95.6,15091564544,190410752,4738719744,427692032,100511744,1281581056,518336512
121,2022-01-26,15:47:12,0.5,LocalHost,26.4,16664068096,735440896,95.6,15090585600,190545920,4738809856,428670976,100511744,1282424832,518336512
122,2022-01-26,15:47:13,0.5,LocalHost,27.9,16664068096,734883840,95.6,15091134464,189927424,4738813952,428728320,100511744,1282494464,518336512
123,2022-01-26,15:47:13,0.5,LocalHost,28.0,16664068096,734556160,95.6,15091429376,189153280,4738822144,429170688,100528128,1282957312,518336512
124,2022-01-26,15:47:14,0.5,LocalHost,27.3,16664068096,735461376,95.6,15090376704,189329408,4738752512,429772800,100528128,1283833856,518336512
125,2022-01-26,15:47:14,0.5,LocalHost,28.9,16664068096,735129600,95.6,15090667520,188551168,4738777088,430198784,100528128,1284321280,518336512
126,2022-01-26,15:47:15,0.5,LocalHost,32.8,16664068096,735215616,95.6,15090442240,188170240,4738822144,430665728,100528128,1284927488,518336512
127,2022-01-26,15:47:15,0.5,LocalHost,29.0,16664068096,734502912,95.6,15091208192,186875904,4739493888,431239168,100528128,1285455872,518336512
128,2022-01-26,15:47:16,0.5,LocalHost,28.5,16664068096,734781440,95.6,15091040256,187015168,4739493888,431374336,100528128,1285484544,518336512
129,2022-01-26,15:47:16,0.5,LocalHost,30.7,16664068096,734601216,95.6,15091142656,186228736,4739571712,431972352,100536320,1286160384,518336512
130,2022-01-26,15:47:17,0.5,LocalHost,25.7,16664068096,735006720,95.6,15090728960,186200064,4739575808,432402432,100536320,1286602752,518336512
131,2022-01-26,15:47:17,0.5,LocalHost,27.4,16664068096,735088640,95.6,15090614272,185942016,4739588096,432726016,100569088,1286942720,518336512
132,2022-01-26,15:47:18,0.5,LocalHost,29.1,16664068096,735744000,95.6,15090155520,185942016,4739604480,433364992,100569088,1287401472,518336512
133,2022-01-26,15:47:18,0.5,LocalHost,28.9,16664068096,735154176,95.6,15090483200,184909824,4739633152,433786880,100585472,1288089600,518336512
134,2022-01-26,15:47:19,0.5,LocalHost,27.9,16664068096,735031296,95.6,15090491392,184397824,4739575808,434167808,100585472,1288593408,518336512
135,2022-01-26,15:47:19,0.5,LocalHost,37.5,16664068096,731226112,95.6,15093874688,178851840,4740841472,435339264,100585472,1290756096,518336512
136,2022-01-26,15:47:20,0.5,LocalHost,28.7,16664068096,731586560,95.6,15093960704,178855936,4740395008,435757056,100585472,1290665984,518340608
137,2022-01-26,15:47:20,0.5,LocalHost,25.6,16664068096,732192768,95.6,15093571584,178667520,4740333568,436252672,100585472,1291243520,518336512
138,2022-01-26,15:47:21,0.5,LocalHost,28.5,16664068096,733134848,95.6,15092625408,179023872,4740333568,436834304,100585472,1291833344,518336512
139,2022-01-26,15:47:21,0.5,LocalHost,28.0,16664068096,732893184,95.6,15092822016,178503680,4740366336,437108736,100593664,1292148736,518336512
140,2022-01-26,15:47:22,0.5,LocalHost,26.6,16664068096,732807168,95.6,15092989952,178147328,4740415488,437370880,100593664,1292337152,518336512
141,2022-01-26,15:47:22,0.5,LocalHost,29.3,16664068096,733585408,95.6,15092133888,178245632,4740415488,438046720,100593664,1293094912,518336512
142,2022-01-26,15:47:23,0.5,LocalHost,28.0,16664068096,733782016,95.6,15091978240,178118656,4740239360,438349824,100626432,1293344768,518336512
143,2022-01-26,15:47:23,0.5,LocalHost,28.8,16664068096,732213248,95.6,15093542912,176082944,4741246976,438804480,100651008,1293791232,518336512
144,2022-01-26,15:47:24,0.5,LocalHost,25.7,16664068096,732590080,95.6,15093301248,176017408,4740825088,439291904,100651008,1294098432,518336512
145,2022-01-26,15:47:24,0.5,LocalHost,27.6,16664068096,732860416,95.6,15092793344,175632384,4740431872,439848960,100651008,1294991360,518336512
146,2022-01-26,15:47:25,0.5,LocalHost,28.8,16664068096,733331456,95.6,15092322304,175489024,4740431872,440446976,100651008,1295605760,518336512
147,2022-01-26,15:47:25,0.5,LocalHost,26.3,16664068096,733876224,95.6,15091732480,175554560,4740452352,440913920,100651008,1296130048,518336512
148,2022-01-26,15:47:26,0.5,LocalHost,28.2,16664068096,734093312,95.6,15091539968,175329280,4740419584,441352192,100651008,1296547840,518336512
149,2022-01-26,15:47:26,0.5,LocalHost,28.4,16664068096,734285824,95.6,15091380224,175198208,4740419584,441667584,100659200,1296830464,518336512
150,2022-01-26,15:47:27,0.5,LocalHost,25.7,16664068096,733978624,95.6,15091625984,174813184,4740427776,441737216,100659200,1296969728,518336512
151,2022-01-26,15:47:27,0.5,LocalHost,27.5,16664068096,734806016,95.6,15090855936,174981120,4740448256,442392576,100659200,1297571840,518336512
152,2022-01-26,15:47:28,0.5,LocalHost,26.9,16664068096,734937088,95.6,15090671616,174555136,4740452352,442941440,100659200,1298182144,518336512
153,2022-01-26,15:47:28,0.5,LocalHost,35.0,16664068096,735043584,95.6,15090634752,174231552,4740460544,443363328,100708352,1298493440,518336512
154,2022-01-26,15:47:29,0.5,LocalHost,28.4,16664068096,734486528,95.6,15091142656,173101056,4740358144,443895808,100708352,1299116032,518336512
155,2022-01-26,15:47:29,0.5,LocalHost,30.6,16664068096,726577152,95.6,15099408384,164089856,4747907072,444993536,100708352,1299861504,518336512
156,2022-01-26,15:47:30,0.5,LocalHost,33.2,16664068096,731930624,95.6,15093948416,191729664,4731531264,431890432,98643968,1279746048,518336512
157,2022-01-26,15:47:30,0.5,LocalHost,28.1,16664068096,732405760,95.6,15093600256,191885312,4731564032,432087040,98643968,1279938560,518336512
158,2022-01-26,15:47:31,0.5,LocalHost,28.0,16664068096,732307456,95.6,15093669888,191725568,4731555840,432148480,98643968,1280028672,518336512
159,2022-01-26,15:47:31,0.5,LocalHost,25.1,16664068096,732676096,95.6,15093272576,191500288,4731576320,432742400,98652160,1280643072,518336512
160,2022-01-26,15:47:32,0.5,LocalHost,29.5,16664068096,733478912,95.6,15092289536,191791104,4731559936,433246208,98652160,1281335296,518336512
161,2022-01-26,15:47:32,0.5,LocalHost,29.5,16664068096,733560832,95.6,15092318208,191500288,4731568128,433614848,98652160,1281597440,518336512
162,2022-01-26,15:47:33,0.5,LocalHost,30.0,16664068096,734019584,95.6,15091851264,191340544,4731424768,434233344,98652160,1282224128,518336512
163,2022-01-26,15:47:33,0.5,LocalHost,29.9,16664068096,734240768,95.6,15091650560,191275008,4731568128,434520064,98652160,1282490368,518336512
164,2022-01-26,15:47:34,0.5,LocalHost,29.4,16664068096,733855744,95.6,15092092928,190496768,4731613184,434876416,98725888,1282752512,518336512
165,2022-01-26,15:47:34,0.5,LocalHost,27.8,16664068096,734326784,95.6,15091634176,190435328,4731654144,435376128,98725888,1283272704,518336512
166,2022-01-26,15:47:35,0.5,LocalHost,28.5,16664068096,734269440,95.6,15091580928,189804544,4731645952,435806208,98725888,1283956736,518336512
167,2022-01-26,15:47:35,0.5,LocalHost,25.3,16664068096,734375936,95.6,15091363840,189333504,4731645952,436359168,98725888,1284644864,518336512
168,2022-01-26,15:47:36,0.5,LocalHost,29.6,16664068096,734334976,95.6,15091511296,188751872,4731645952,436899840,98725888,1285079040,518336512
169,2022-01-26,15:47:36,0.5,LocalHost,26.7,16664068096,734388224,95.6,15091380224,188559360,4731650048,437141504,98734080,1285394432,518336512
170,2022-01-26,15:47:37,0.5,LocalHost,29.0,16664068096,734576640,95.6,15091142656,188334080,4731658240,437547008,98734080,1285857280,518336512
171,2022-01-26,15:47:37,0.5,LocalHost,25.6,16664068096,735023104,95.6,15090671616,188170240,4731662336,438157312,98734080,1286492160,518336512
172,2022-01-26,15:47:38,0.5,LocalHost,31.3,16664068096,734978048,95.6,15090688000,187871232,4731662336,438403072,98734080,1286774784,518336512
173,2022-01-26,15:47:38,0.5,LocalHost,25.4,16664068096,734830592,95.6,15090831360,187252736,4731506688,438874112,98734080,1287249920,518336512
174,2022-01-26,15:47:39,0.5,LocalHost,27.9,16664068096,735264768,95.6,15090561024,186994688,4731654144,439619584,98750464,1287761920,518336512
175,2022-01-26,15:47:39,0.5,LocalHost,29.3,16664068096,735629312,95.6,15090221056,186834944,4731691008,440135680,98799616,1288212480,518336512
176,2022-01-26,15:47:40,0.5,LocalHost,29.4,16664068096,732188672,95.6,15093690368,182337536,4732264448,441114624,98799616,1289240576,518336512
177,2022-01-26,15:47:40,0.5,LocalHost,32.9,16664068096,731836416,95.6,15093702656,180916224,4734234624,440590336,98799616,1290649600,518336512
178,2022-01-26,15:47:41,0.5,LocalHost,27.9,16664068096,731930624,95.6,15093739520,180215808,4733669376,441368576,98799616,1291313152,518336512
179,2022-01-26,15:47:41,0.5,LocalHost,28.4,16664068096,732205056,95.6,15093633024,179965952,4733452288,441888768,98807808,1291661312,518336512
180,2022-01-26,15:47:42,0.5,LocalHost,28.3,16664068096,732295168,95.6,15093444608,179646464,4733603840,442294272,98807808,1292169216,518336512
181,2022-01-26,15:47:42,0.5,LocalHost,27.0,16664068096,731983872,95.6,15093760000,179261440,4733624320,442368000,98807808,1292238848,518336512
182,2022-01-26,15:47:43,0.5,LocalHost,27.0,16664068096,731893760,95.6,15093743616,178384896,4733632512,443138048,98807808,1293131776,518336512
183,2022-01-26,15:47:43,0.5,LocalHost,29.0,16664068096,731832320,95.6,15093882880,178032640,4733632512,443424768,98807808,1293344768,518336512
184,2022-01-26,15:47:44,0.5,LocalHost,29.8,16664068096,732164096,95.6,15093583872,177999872,4733517824,443764736,98832384,1293651968,518336512
185,2022-01-26,15:47:44,0.5,LocalHost,28.9,16664068096,732778496,95.6,15092834304,177938432,4733673472,444428288,98832384,1294462976,518336512
186,2022-01-26,15:47:45,0.5,LocalHost,31.3,16664068096,732672000,95.6,15092879360,177614848,4733685760,444637184,98856960,1294716928,518336512
187,2022-01-26,15:47:45,0.5,LocalHost,29.1,16664068096,732692480,95.6,15092928512,177225728,4733714432,445018112,98856960,1295056896,518336512
188,2022-01-26,15:47:46,0.5,LocalHost,29.3,16664068096,733044736,95.6,15092477952,176967680,4733722624,445628416,98856960,1295765504,518336512
189,2022-01-26,15:47:46,0.5,LocalHost,27.5,16664068096,733822976,95.6,15091748864,177324032,4733722624,446038016,98865152,1296130048,518336512
190,2022-01-26,15:47:47,0.5,LocalHost,29.1,16664068096,733679616,95.6,15091978240,176611328,4733755392,446595072,98865152,1296613376,518336512
191,2022-01-26,15:47:47,0.5,LocalHost,27.7,16664068096,732737536,95.6,15092908032,175161344,4733825024,447098880,98865152,1297133568,518336512
192,2022-01-26,15:47:48,0.5,LocalHost,28.2,16664068096,733208576,95.6,15092428800,175194112,4733788160,447533056,98865152,1297580032,518336512
193,2022-01-26,15:47:48,0.5,LocalHost,27.3,16664068096,732667904,95.6,15093030912,174354432,4733685760,447819776,98865152,1297817600,518336512
194,2022-01-26,15:47:49,0.5,LocalHost,29.2,16664068096,733519872,95.6,15092224000,174718976,4733538304,448303104,98897920,1298227200,518336512
195,2022-01-26,15:47:49,0.5,LocalHost,29.6,16664068096,733564928,95.6,15092101120,174161920,4733472768,448897024,98897920,1298907136,518336512
196,2022-01-26,15:47:50,0.5,LocalHost,31.4,16664068096,734048256,95.6,15091544064,174194688,4733485056,449327104,98897920,1299431424,518336512
197,2022-01-26,15:47:50,0.5,LocalHost,35.8,16664068096,718307328,95.7,15107698688,181784576,4737437696,436441088,96874496,1277710336,518336512
198,2022-01-26,15:47:51,0.5,LocalHost,30.0,16664068096,730918912,95.6,15094710272,193748992,4724580352,436273152,96874496,1278734336,518336512
199,2022-01-26,15:47:51,0.5,LocalHost,28.8,16664068096,731930624,95.6,15094149120,194191360,4724297728,436711424,96882688,1278844928,518336512
200,2022-01-26,15:47:52,0.5,LocalHost,29.1,16664068096,731877376,95.6,15094026240,193810432,4724297728,437039104,96882688,1279348736,518336512
201,2022-01-26,15:47:52,0.5,LocalHost,28.1,16664068096,732078080,95.6,15093915648,193478656,4724293632,437563392,96882688,1279791104,518336512
202,2022-01-26,15:47:53,0.5,LocalHost,28.0,16664068096,732545024,95.6,15093350400,193421312,4724436992,438087680,96882688,1280413696,518336512
203,2022-01-26,15:47:53,0.5,LocalHost,28.1,16664068096,733110272,95.6,15092776960,193273856,4724416512,438652928,96882688,1281134592,518336512
204,2022-01-26,15:47:54,0.5,LocalHost,29.8,16664068096,733233152,95.6,15092580352,193159168,4724109312,438890496,96907264,1281421312,518336512
205,2022-01-26,15:47:54,0.5,LocalHost,27.6,16664068096,733425664,95.6,15092383744,192835584,4724342784,439349248,96907264,1281941504,518336512
206,2022-01-26,15:47:55,0.5,LocalHost,26.5,16664068096,733962240,95.6,15091814400,192933888,4724350976,439779328,96907264,1282412544,518336512
207,2022-01-26,15:47:55,0.5,LocalHost,26.2,16664068096,734244864,95.6,15091486720,193032192,4724350976,439963648,96907264,1282641920,518336512
208,2022-01-26,15:47:56,0.5,LocalHost,28.1,16664068096,734281728,95.6,15091433472,192380928,4724338688,440643584,96940032,1283313664,518336512
209,2022-01-26,15:47:56,0.5,LocalHost,25.3,16664068096,734961664,95.6,15090753536,192446464,4724346880,441249792,96948224,1283919872,518336512
210,2022-01-26,15:47:57,0.5,LocalHost,28.6,16664068096,734834688,95.6,15090835456,192057344,4724379648,441507840,96948224,1284227072,518336512
211,2022-01-26,15:47:57,0.5,LocalHost,26.6,16664068096,734519296,95.6,15091212288,191442944,4724408320,441786368,96948224,1284464640,518336512
212,2022-01-26,15:47:58,0.5,LocalHost,25.9,16664068096,735309824,95.6,15090458624,191574016,4724420608,442441728,96948224,1285087232,518336512
213,2022-01-26,15:47:58,0.5,LocalHost,30.1,16664068096,735088640,95.6,15090597888,190959616,4724420608,442748928,96948224,1285562368,518336512
214,2022-01-26,15:47:59,0.5,LocalHost,27.9,16664068096,734953472,95.6,15090774016,190320640,4724346880,443248640,96948224,1286025216,518336512
215,2022-01-26,15:47:59,0.5,LocalHost,28.3,16664068096,734617600,95.6,15090995200,189407232,4724363264,443805696,96972800,1286692864,518336512
216,2022-01-26,15:48:00,0.5,LocalHost,34.1,16664068096,727621632,95.6,15092736000,180838400,4726521856,444379136,96972800,1293520896,522719232
217,2022-01-26,15:48:00,0.5,LocalHost,24.0,16664068096,727543808,95.6,15092502528,180555776,4726685696,444579840,96972800,1294036992,522944512
218,2022-01-26,15:48:01,0.5,LocalHost,31.6,16664068096,715014144,95.7,15105232896,165916672,4737261568,446693376,96972800,1295945728,522948608
219,2022-01-26,15:48:01,0.5,LocalHost,30.1,16664068096,723468288,95.7,15096705024,173518848,4728578048,445890560,97013760,1296830464,522715136
220,2022-01-26,15:48:02,0.5,LocalHost,30.5,16664068096,725807104,95.6,15094415360,175431680,4726280192,446148608,97013760,1297207296,522702848
221,2022-01-26,15:48:02,0.5,LocalHost,28.6,16664068096,726130688,95.6,15093993472,175366144,4726280192,446537728,97013760,1297694720,522702848
222,2022-01-26,15:48:03,0.5,LocalHost,28.2,16664068096,726552576,95.6,15093743616,175206400,4726128640,447090688,97013760,1298104320,522702848
223,2022-01-26,15:48:03,0.5,LocalHost,30.0,16664068096,726999040,95.6,15093342208,175300608,4726276096,447434752,97013760,1298411520,522702848
224,2022-01-26,15:48:04,0.5,LocalHost,30.3,16664068096,727699456,95.6,15092588544,175431680,4726280192,448000000,97013760,1299034112,522702848
225,2022-01-26,15:48:04,0.5,LocalHost,26.5,16664068096,727674880,95.6,15092572160,174981120,4726243328,448417792,97038336,1299476480,522702848
226,2022-01-26,15:48:05,0.5,LocalHost,25.7,16664068096,727490560,95.6,15092817920,174235648,4726329344,448946176,97038336,1299976192,522702848
227,2022-01-26,15:48:05,0.5,LocalHost,28.1,16664068096,728002560,95.6,15092191232,174432256,4726337536,449261568,97038336,1300406272,522702848
228,2022-01-26,15:48:06,0.5,LocalHost,27.8,16664068096,728555520,95.6,15091724288,174465024,4726341632,449773568,97038336,1300840448,522702848
229,2022-01-26,15:48:06,0.5,LocalHost,27.8,16664068096,728707072,95.6,15091441664,174239744,4726353920,450150400,97046528,1301340160,522702848
230,2022-01-26,15:48:07,0.5,LocalHost,28.1,16664068096,729403392,95.6,15090786304,174333952,4726403072,450707456,97087488,1301860352,522702848
231,2022-01-26,15:48:07,0.5,LocalHost,27.6,16664068096,729247744,95.6,15090769920,173907968,4726403072,450973696,97087488,1302302720,522702848
232,2022-01-26,15:48:08,0.5,LocalHost,30.0,16664068096,729124864,95.6,15091073024,173555712,4726407168,451194880,97087488,1302351872,522702848
233,2022-01-26,15:48:08,0.5,LocalHost,27.2,16664068096,728920064,95.6,15091290112,172875776,4726349824,451661824,97087488,1302814720,522702848
234,2022-01-26,15:48:09,0.5,LocalHost,29.0,16664068096,729288704,95.6,15090958336,172711936,4726386688,452177920,97087488,1303310336,522702848
235,2022-01-26,15:48:09,0.5,LocalHost,27.9,16664068096,729255936,95.6,15090966528,172072960,4726423552,452780032,97087488,1303941120,522702848
236,2022-01-26,15:48:10,0.5,LocalHost,28.6,16664068096,729731072,95.6,15090462720,172003328,4726280192,453316608,97112064,1304489984,522702848
237,2022-01-26,15:48:10,0.5,LocalHost,27.2,16664068096,729890816,95.6,15090249728,171778048,4726300672,453677056,97112064,1304928256,522702848
238,2022-01-26,15:48:11,0.5,LocalHost,29.3,16664068096,729980928,95.6,15090221056,171294720,4726206464,454234112,97112064,1305440256,522702848
239,2022-01-26,15:48:11,0.5,LocalHost,30.2,16664068096,721899520,95.7,15104393216,178085888,4731420672,445743104,96088064,1285500928,518447104
240,2022-01-26,15:48:12,0.5,LocalHost,29.8,16664068096,732438528,95.6,15093866496,184950784,4721983488,448835584,96088064,1289162752,518340608
241,2022-01-26,15:48:12,0.5,LocalHost,28.9,16664068096,732622848,95.6,15093325824,184778752,4722012160,448905216,96120832,1289842688,518336512
242,2022-01-26,15:48:13,0.5,LocalHost,28.6,16664068096,731807744,95.6,15093702656,183287808,4722053120,449273856,96120832,1290956800,518336512
243,2022-01-26,15:48:13,0.5,LocalHost,27.6,16664068096,731897856,95.6,15093653504,183128064,4722053120,449519616,96120832,1291165696,518336512
244,2022-01-26,15:48:14,0.5,LocalHost,30.1,16664068096,732590080,95.6,15093014528,182996992,4722089984,450297856,96120832,1291935744,518336512
245,2022-01-26,15:48:14,0.5,LocalHost,28.3,16664068096,732684288,95.6,15092953088,182833152,4722044928,450551808,96120832,1292161024,518336512
246,2022-01-26,15:48:15,0.5,LocalHost,29.8,16664068096,733380608,95.6,15092146176,182898688,4722044928,451170304,96129024,1292894208,518336512
247,2022-01-26,15:48:15,0.5,LocalHost,29.0,16664068096,734081024,95.6,15091445760,183386112,4721840128,451379200,96137216,1293099008,518336512
248,2022-01-26,15:48:16,0.5,LocalHost,26.8,16664068096,734031872,95.6,15091437568,182673408,4721860608,452026368,96137216,1293819904,518336512
249,2022-01-26,15:48:16,0.5,LocalHost,30.8,16664068096,733757440,95.6,15091695616,182349824,4721872896,452075520,96145408,1293877248,518336512
250,2022-01-26,15:48:17,0.5,LocalHost,28.8,16664068096,734445568,95.6,15091093504,182091776,4722307072,453001216,96145408,1294737408,518336512
251,2022-01-26,15:48:17,0.5,LocalHost,31.9,16664068096,734621696,95.6,15090745344,182001664,4722307072,453267456,96145408,1295175680,518336512
252,2022-01-26,15:48:18,0.5,LocalHost,32.5,16664068096,734322688,95.6,15091179520,181284864,4722323456,453660672,96169984,1295433728,518336512
253,2022-01-26,15:48:18,0.5,LocalHost,29.7,16664068096,735010816,95.6,15090356224,181612544,4722323456,454021120,96169984,1295929344,518336512
254,2022-01-26,15:48:19,0.5,LocalHost,32.0,16664068096,734863360,95.6,15090675712,180801536,4722253824,454668288,96169984,1296420864,518336512
255,2022-01-26,15:48:19,0.5,LocalHost,32.0,16664068096,734695424,95.6,15090790400,180449280,4722253824,454852608,96169984,1296658432,518336512
256,2022-01-26,15:48:20,0.5,LocalHost,31.7,16664068096,734810112,95.6,15090733056,179802112,4722196480,455602176,96178176,1297354752,518336512
257,2022-01-26,15:48:20,0.5,LocalHost,32.0,16664068096,734724096,95.6,15090839552,179286016,4722204672,456024064,96186368,1297756160,518336512
258,2022-01-26,15:48:21,0.5,LocalHost,32.1,16664068096,734965760,95.6,15090524160,179060736,4722245632,456474624,96186368,1298296832,518336512
259,2022-01-26,15:48:21,0.5,LocalHost,31.5,16664068096,734797824,95.6,15090688000,178642944,4722245632,456720384,96194560,1298542592,518336512
260,2022-01-26,15:48:22,0.5,LocalHost,39.1,16664068096,720281600,95.7,15105523712,162439168,4733321216,458346496,96194560,1299910656,518340608
261,2022-01-26,15:48:22,0.5,LocalHost,37.9,16664068096,731844608,95.6,15094022144,196083712,4718284800,440918016,93679616,1280282624,518340608
262,2022-01-26,15:48:23,0.5,LocalHost,31.1,16664068096,732467200,95.6,15093297152,195674112,4717912064,441917440,93687808,1281409024,518336512
263,2022-01-26,15:48:23,0.5,LocalHost,33.7,16664068096,732856320,95.6,15092785152,195493888,4717600768,442322944,93704192,1282084864,518336512
264,2022-01-26,15:48:24,0.5,LocalHost,33.5,16664068096,733306880,95.6,15092248576,195489792,4717993984,442744832,93704192,1282625536,518336512
265,2022-01-26,15:48:24,0.5,LocalHost,32.3,16664068096,733171712,95.6,15092457472,195239936,4718002176,442859520,93704192,1282666496,518336512
266,2022-01-26,15:48:25,0.5,LocalHost,31.6,16664068096,733507584,95.6,15092031488,194781184,4718034944,443645952,93720576,1283534848,518336512
267,2022-01-26,15:48:25,0.5,LocalHost,32.9,16664068096,732692480,95.6,15092797440,193781760,4718034944,443830272,93720576,1283768320,518336512
268,2022-01-26,15:48:26,0.5,LocalHost,34.4,16664068096,733634560,95.6,15091900416,193941504,4718034944,444571648,93728768,1284497408,518336512
269,2022-01-26,15:48:26,0.5,LocalHost,33.3,16664068096,733986816,95.6,15091589120,194048000,4718047232,444805120,93736960,1284694016,518336512
270,2022-01-26,15:48:27,0.5,LocalHost,31.4,16664068096,734076928,95.6,15091470336,193425408,4718047232,445509632,93736960,1285435392,518336512
271,2022-01-26,15:48:27,0.5,LocalHost,35.4,16664068096,733904896,95.6,15091703808,192974848,4718080000,445784064,93736960,1285652480,518336512
272,2022-01-26,15:48:28,0.5,LocalHost,36.7,16664068096,734236672,95.6,15091286016,192651264,4718051328,446427136,93753344,1286377472,518336512
273,2022-01-26,15:48:28,0.5,LocalHost,34.5,16664068096,734023680,95.6,15091499008,192069632,4718055424,446668800,93753344,1286746112,518336512
274,2022-01-26,15:48:29,0.5,LocalHost,34.1,16664068096,733954048,95.6,15091458048,191488000,4718002176,447168512,93769728,1287352320,518336512
275,2022-01-26,15:48:29,0.5,LocalHost,33.3,16664068096,734076928,95.6,15091326976,191197184,4718026752,447574016,93769728,1287774208,518336512
276,2022-01-26,15:48:30,0.5,LocalHost,32.8,16664068096,734527488,95.6,15090835456,191180800,4718067712,448028672,93777920,1288273920,518336512
277,2022-01-26,15:48:30,0.5,LocalHost,35.3,16664068096,734920704,95.6,15090429952,191344640,4717920256,448253952,93777920,1288515584,518336512
278,2022-01-26,15:48:31,0.5,LocalHost,31.9,16664068096,734687232,95.6,15090671616,190373888,4717961216,448942080,93794304,1289228288,518336512
279,2022-01-26,15:48:31,0.5,LocalHost,36.1,16664068096,734375936,95.6,15090995200,190001152,4717961216,449003520,93802496,1289269248,518336512
280,2022-01-26,15:48:32,0.5,LocalHost,35.3,16664068096,734887936,95.6,15090487296,189599744,4717932544,449892352,93802496,1290178560,518336512
281,2022-01-26,15:48:32,0.5,LocalHost,37.2,16664068096,734601216,95.6,15090745344,186929152,4721692672,448884736,93802496,1292591104,518336512
282,2022-01-26,15:48:33,0.5,LocalHost,33.8,16664068096,732766208,95.6,15092609024,184578048,4721287168,449433600,93810688,1293070336,518336512
283,2022-01-26,15:48:33,0.5,LocalHost,32.8,16664068096,733208576,95.6,15092195328,184774656,4721287168,449679360,93810688,1293287424,518336512
284,2022-01-26,15:48:34,0.5,LocalHost,30.6,16664068096,733458432,95.6,15091769344,184512512,4721295360,450183168,93810688,1293975552,518336512
285,2022-01-26,15:48:34,0.5,LocalHost,32.3,16664068096,733614080,95.6,15091593216,184295424,4721303552,450543616,93835264,1294344192,518336512
286,2022-01-26,15:48:35,0.5,LocalHost,34.1,16664068096,734060544,95.6,15091216384,184094720,4721266688,451178496,93835264,1294921728,518336512
287,2022-01-26,15:48:35,0.5,LocalHost,33.5,16664068096,733507584,95.6,15091748864,183308288,4721553408,451407872,93843456,1295167488,518336512
288,2022-01-26,15:48:36,0.5,LocalHost,33.6,16664068096,733687808,95.6,15091527680,182755328,4721336320,452096000,93843456,1295941632,518336512
289,2022-01-26,15:48:36,0.5,LocalHost,31.8,16664068096,733966336,95.6,15091302400,182722560,4721373184,452366336,93868032,1296175104,518336512
290,2022-01-26,15:48:37,0.5,LocalHost,32.7,16664068096,734142464,95.6,15091126272,182206464,4721369088,453046272,93868032,1296867328,518336512
291,2022-01-26,15:48:37,0.5,LocalHost,33.0,16664068096,733937664,95.6,15091273728,181624832,4721242112,453402624,93868032,1297301504,518336512
292,2022-01-26,15:48:38,0.5,LocalHost,32.5,16664068096,734224384,95.6,15090970624,181432320,4721385472,453873664,93868032,1297797120,518336512
293,2022-01-26,15:48:38,0.5,LocalHost,34.2,16664068096,734420992,95.6,15090733056,181440512,4721385472,454057984,93876224,1298018304,518336512
294,2022-01-26,15:48:39,0.5,LocalHost,30.7,16664068096,734408704,95.6,15090794496,180690944,4721401856,454782976,93876224,1298706432,518336512
295,2022-01-26,15:48:39,0.5,LocalHost,33.5,16664068096,734404608,95.6,15090778112,180498432,4721401856,454967296,93876224,1298915328,518336512
296,2022-01-26,15:48:40,0.5,LocalHost,33.8,16664068096,734793728,95.6,15090364416,180174848,4721401856,455671808,93900800,1299628032,518336512
297,2022-01-26,15:48:40,0.5,LocalHost,33.9,16664068096,734658560,95.6,15090499584,179789824,4721401856,455917568,93908992,1299869696,518336512
298,2022-01-26,15:48:41,0.5,LocalHost,31.1,16664068096,735051776,95.6,15090122752,179658752,4721401856,456421376,93908992,1300377600,518336512
299,2022-01-26,15:48:41,0.5,LocalHost,32.2,16664068096,735113216,95.6,15090040832,179531776,4721401856,456605696,93933568,1300561920,518336512
300,2022-01-26,15:48:42,0.5,LocalHost,30.5,16664068096,735240192,95.6,15089938432,178884608,4721418240,457355264,93933568,1301311488,518336512
301,2022-01-26,15:48:42,0.5,LocalHost,29.8,16664068096,735035392,95.6,15090122752,178307072,4721418240,457723904,93933568,1301704704,518336512
302,2022-01-26,15:48:43,0.5,LocalHost,31.4,16664068096,731447296,95.6,15094177792,178307072,4719022080,456769536,93810688,1297772544,518336512
303,2022-01-26,15:48:43,0.5,LocalHost,30.3,16664068096,731848704,95.6,15093465088,178290688,4719022080,457060352,93810688,1298501632,518336512
304,2022-01-26,15:48:44,0.5,LocalHost,32.8,16664068096,732254208,95.6,15093026816,178257920,4718997504,457486336,93818880,1298964480,518336512
305,2022-01-26,15:48:44,0.5,LocalHost,30.3,16664068096,732377088,95.6,15092883456,178130944,4719005696,457723904,93818880,1299234816,518336512
306,2022-01-26,15:48:45,0.5,LocalHost,31.8,16664068096,733212672,95.6,15092125696,178225152,4719050752,458461184,93818880,1299898368,518336512
307,2022-01-26,15:48:45,0.5,LocalHost,28.4,16664068096,733065216,95.6,15092125696,177750016,4719063040,458776576,93859840,1300332544,518336512
308,2022-01-26,15:48:46,0.5,LocalHost,31.6,16664068096,733351936,95.6,15091929088,177418240,4719087616,459366400,93859840,1300860928,518336512
309,2022-01-26,15:48:46,0.5,LocalHost,29.9,16664068096,733810688,95.6,15091445760,177483776,4718833664,459747328,93884416,1301254144,518336512
310,2022-01-26,15:48:47,0.5,LocalHost,28.7,16664068096,734040064,95.6,15091240960,177192960,4718825472,460242944,93884416,1301749760,518336512
311,2022-01-26,15:48:47,0.5,LocalHost,29.7,16664068096,734846976,95.6,15090413568,177975296,4718256128,460267520,93884416,1301794816,518336512
312,2022-01-26,15:48:48,0.5,LocalHost,29.3,16664068096,735166464,95.6,15090085888,177442816,4718313472,461111296,93884416,1302654976,518336512
313,2022-01-26,15:48:48,0.5,LocalHost,30.8,16664068096,734740480,95.6,15090536448,176766976,4718321664,461348864,93884416,1302880256,518336512
314,2022-01-26,15:48:49,0.5,LocalHost,29.8,16664068096,735371264,95.6,15089860608,176701440,4718448640,462032896,93892608,1303613440,518336512
315,2022-01-26,15:48:49,0.5,LocalHost,30.1,16664068096,735055872,95.6,15090065408,176021504,4718284800,462397440,93892608,1304088576,518336512
316,2022-01-26,15:48:50,0.5,LocalHost,29.6,16664068096,735555584,95.6,15089717248,175927296,4718436352,462983168,93892608,1304530944,518336512
317,2022-01-26,15:48:50,0.5,LocalHost,28.1,16664068096,735203328,95.6,15090020352,175349760,4718436352,463204352,93892608,1304805376,518336512
318,2022-01-26,15:48:51,0.5,LocalHost,30.2,16664068096,734986240,95.6,15090262016,174571520,4718485504,463749120,93925376,1305309184,518336512
319,2022-01-26,15:48:51,0.5,LocalHost,28.2,16664068096,735162368,95.6,15089885184,174477312,4718485504,464015360,93941760,1305763840,518336512
320,2022-01-26,15:48:52,0.5,LocalHost,29.9,16664068096,735256576,95.6,15089991680,173895680,4718522368,464650240,93941760,1306238976,518336512
321,2022-01-26,15:48:52,0.5,LocalHost,27.1,16664068096,734343168,95.6,15090827264,172670976,4719054848,464957440,93941760,1306628096,518336512
322,2022-01-26,15:48:53,0.5,LocalHost,33.0,16664068096,722587648,95.7,15103021056,178204672,4728045568,451211264,90001408,1292840960,518340608
323,2022-01-26,15:48:53,0.5,LocalHost,30.7,16664068096,731332608,95.6,15094120448,187027456,4716539904,451629056,89751552,1293168640,518340608
324,2022-01-26,15:48:54,0.5,LocalHost,28.3,16664068096,731713536,95.6,15093694464,186589184,4716015616,451981312,89751552,1294032896,518336512
325,2022-01-26,15:48:54,0.5,LocalHost,29.2,16664068096,731631616,95.6,15093743616,186265600,4716019712,452222976,89767936,1294290944,518336512
326,2022-01-26,15:48:55,0.5,LocalHost,26.8,16664068096,732176384,95.6,15093133312,186171392,4716023808,452849664,89767936,1294995456,518336512
327,2022-01-26,15:48:55,0.5,LocalHost,28.2,16664068096,732585984,95.6,15092736000,186146816,4716032000,453271552,89767936,1295417344,518336512
328,2022-01-26,15:48:56,0.5,LocalHost,26.2,16664068096,733147136,95.6,15092269056,186105856,4716019712,453861376,89767936,1295925248,518336512
329,2022-01-26,15:48:56,0.5,LocalHost,29.0,16664068096,732860416,95.6,15092486144,185597952,4716052480,454074368,89825280,1296158720,518336512
330,2022-01-26,15:48:57,0.5,LocalHost,24.7,16664068096,733040640,95.6,15092338688,185040896,4716068864,454795264,89825280,1296863232,518336512
331,2022-01-26,15:48:57,0.5,LocalHost,28.3,16664068096,733253632,95.6,15092101120,184881152,4716068864,455163904,89825280,1297260544,518336512
332,2022-01-26,15:48:58,0.5,LocalHost,28.1,16664068096,733126656,95.6,15092178944,184266752,4716118016,455598080,89825280,1297797120,518336512
333,2022-01-26,15:48:58,0.5,LocalHost,28.0,16664068096,733122560,95.6,15091965952,183992320,4716118016,455864320,89825280,1298284544,518336512
334,2022-01-26,15:48:59,0.5,LocalHost,31.4,16664068096,733782016,95.6,15091527680,183894016,4716068864,456577024,89825280,1298821120,518336512
335,2022-01-26,15:48:59,0.5,LocalHost,28.6,16664068096,732942336,95.6,15092342784,183033856,4716363776,456597504,89825280,1298866176,518336512
336,2022-01-26,15:49:00,0.5,LocalHost,31.8,16664068096,731156480,95.6,15092019200,179499008,4716290048,457371648,89833472,1302716416,519524352
337,2022-01-26,15:49:00,0.5,LocalHost,27.1,16664068096,731230208,95.6,15091924992,179531776,4716306432,457412608,89833472,1302777856,519524352
338,2022-01-26,15:49:01,0.5,LocalHost,25.5,16664068096,732295168,95.6,15091118080,179564544,4716314624,458436608,89833472,1303552000,518991872
339,2022-01-26,15:49:01,0.5,LocalHost,24.4,16664068096,732217344,95.6,15091089408,179113984,4716318720,458809344,89849856,1304014848,518991872
340,2022-01-26,15:49:02,0.5,LocalHost,27.5,16664068096,732069888,95.6,15091630080,178307072,4716232704,459423744,89890816,1304240128,519024640
341,2022-01-26,15:49:02,0.5,LocalHost,27.9,16664068096,731791360,95.6,15091712000,177758208,4716232704,459689984,89890816,1304707072,519024640
342,2022-01-26,15:49:03,0.5,LocalHost,28.1,16664068096,732225536,95.6,15091466240,177692672,4716310528,460161024,89890816,1305018368,519024640
343,2022-01-26,15:49:03,0.5,LocalHost,30.5,16664068096,731709440,95.6,15091937280,177176576,4716310528,460161024,89890816,1305063424,519024640
344,2022-01-26,15:49:04,0.5,LocalHost,34.1,16664068096,718807040,95.7,15106781184,183488512,4724600832,448483328,86700032,1287098368,518496256
345,2022-01-26,15:49:04,0.5,LocalHost,26.9,16664068096,731901952,95.6,15093354496,196333568,4712390656,446537728,86700032,1287680000,518340608
346,2022-01-26,15:49:05,0.5,LocalHost,30.2,16664068096,732487680,95.6,15093088256,195993600,4712562688,447045632,86700032,1288286208,518336512
347,2022-01-26,15:49:05,0.5,LocalHost,27.1,16664068096,732286976,95.6,15093268480,195543040,4712562688,447291392,86716416,1288540160,518336512
348,2022-01-26,15:49:06,0.5,LocalHost,26.9,16664068096,732672000,95.6,15092826112,195284992,4712607744,447930368,86716416,1289240576,518336512
349,2022-01-26,15:49:06,0.5,LocalHost,26.2,16664068096,732905472,95.6,15092580352,195092480,4712615936,448339968,86724608,1289670656,518336512
350,2022-01-26,15:49:07,0.5,LocalHost,28.4,16664068096,732803072,95.6,15092666368,194510848,4712673280,448798720,86732800,1290158080,518336512
351,2022-01-26,15:49:07,0.5,LocalHost,28.6,16664068096,732975104,95.6,15092375552,194355200,4712673280,449126400,86757376,1290579968,518336512
352,2022-01-26,15:49:08,0.5,LocalHost,26.3,16664068096,733601792,95.6,15092043776,194179072,4712677376,449884160,86757376,1291087872,518336512
353,2022-01-26,15:49:08,0.5,LocalHost,28.1,16664068096,732815360,95.6,15092740096,193212416,4712685568,450060288,86757376,1291358208,518336512
354,2022-01-26,15:49:09,0.5,LocalHost,26.9,16664068096,733044736,95.6,15092432896,192856064,4712689664,450637824,86757376,1292021760,518336512
355,2022-01-26,15:49:09,0.5,LocalHost,27.9,16664068096,733646848,95.6,15091781632,193024000,4712706048,451072000,86757376,1292505088,518336512
356,2022-01-26,15:49:10,0.5,LocalHost,27.6,16664068096,733790208,95.6,15091810304,192663552,4712767488,451567616,86757376,1292836864,518336512
357,2022-01-26,15:49:10,0.5,LocalHost,27.0,16664068096,733933568,95.6,15091613696,192503808,4712771584,451870720,86757376,1293193216,518336512
358,2022-01-26,15:49:11,0.5,LocalHost,28.6,16664068096,733536256,95.6,15091941376,191598592,4712804352,452374528,86773760,1293754368,518336512
359,2022-01-26,15:49:11,0.5,LocalHost,26.9,16664068096,733806592,95.6,15091507200,191414272,4712804352,452825088,86781952,1294364672,518336512
360,2022-01-26,15:49:12,0.5,LocalHost,24.5,16664068096,733827072,95.6,15091679232,190889984,4712845312,453320704,86798336,1294700544,518336512
361,2022-01-26,15:49:12,0.5,LocalHost,26.1,16664068096,733786112,95.6,15091707904,190734336,4712853504,453435392,86814720,1294811136,518336512
362,2022-01-26,15:49:13,0.5,LocalHost,28.9,16664068096,734023680,95.6,15091355648,190275584,4712878080,454098944,86847488,1295589376,518336512
363,2022-01-26,15:49:13,0.5,LocalHost,31.6,16664068096,734507008,95.6,15090798592,190373888,4712632320,454467584,86847488,1296048128,518336512
364,2022-01-26,15:49:14,0.5,LocalHost,31.6,16664068096,734027776,95.6,15091535872,189145088,4712730624,455208960,86847488,1296539648,518336512
365,2022-01-26,15:49:14,0.5,LocalHost,34.2,16664068096,721879040,95.7,15103680512,174817280,4722507776,457330688,86847488,1298722816,518336512
366,2022-01-26,15:49:15,0.5,LocalHost,27.6,16664068096,732590080,95.6,15092957184,184233984,4716470272,454877184,86847488,1300029440,518336512
367,2022-01-26,15:49:15,0.5,LocalHost,21.3,16664068096,731553792,95.6,15093903360,183169024,4716474368,454905856,86847488,1300148224,518336512
368,2022-01-26,15:49:16,0.5,LocalHost,22.3,16664068096,706240512,95.8,15118979072,181395456,4724879360,449126400,83324928,1280368640,518336512
369,2022-01-26,15:49:16,0.5,LocalHost,24.7,16664068096,637087744,96.2,15188975616,161452032,4766687232,433070080,78876672,1234763776,518336512
370,2022-01-26,15:49:17,0.5,LocalHost,21.0,16664068096,636297216,96.2,15190097920,160546816,4767371264,433311744,78893056,1234530304,518336512
371,2022-01-26,15:49:17,0.5,LocalHost,21.9,16664068096,636252160,96.2,15190065152,160419840,4767412224,433393664,78901248,1234681856,518336512
372,2022-01-26,15:49:18,0.5,LocalHost,21.5,16664068096,636313600,96.2,15189983232,160321536,4767481856,433537024,78901248,1234862080,518336512
373,2022-01-26,15:49:18,0.5,LocalHost,20.6,16664068096,635465728,96.2,15191564288,182132736,4752384000,426258432,74924032,1215447040,518336512
374,2022-01-26,15:49:19,0.5,LocalHost,21.1,16664068096,635584512,96.2,15191277568,182525952,4752261120,426209280,74924032,1215340544,518336512
375,2022-01-26,15:49:19,0.5,LocalHost,22.4,16664068096,635867136,96.2,15191007232,182747136,4752261120,426270720,74924032,1215389696,518336512
376,2022-01-26,15:49:20,0.5,LocalHost,20.4,16664068096,635174912,96.2,15191506944,181665792,4752261120,426504192,74924032,1215971328,518336512
377,2022-01-26,15:49:20,0.5,LocalHost,22.8,16664068096,622551040,96.3,15204200448,168820736,4765896704,426725376,74932224,1216114688,518336512
378,2022-01-26,15:49:21,0.5,LocalHost,19.9,16664068096,622198784,96.3,15204519936,168271872,4766302208,426913792,74932224,1216344064,518336512
379,2022-01-26,15:49:21,0.5,LocalHost,19.4,16664068096,622395392,96.3,15204343808,168407040,4766302208,426975232,74932224,1216385024,518336512
380,2022-01-26,15:49:22,0.5,LocalHost,18.9,16664068096,622612480,96.3,15204139008,168304640,4766171136,427278336,74964992,1216659456,518336512
381,2022-01-26,15:49:22,0.5,LocalHost,19.2,16664068096,612757504,96.3,15213850624,180666368,4763684864,415801344,70025216,1199525888,518336512
382,2022-01-26,15:49:23,0.5,LocalHost,19.5,16664068096,613023744,96.3,15213932544,180920320,4764213248,416096256,70025216,1199190016,518336512
383,2022-01-26,15:49:23,0.5,LocalHost,18.3,16664068096,609710080,96.3,15216812032,176340992,4765810688,416260096,71200768,1199714304,518336512
384,2022-01-26,15:49:24,0.5,LocalHost,20.0,16664068096,610664448,96.3,15216099328,176795648,4765716480,416247808,71225344,1199947776,518336512
385,2022-01-26,15:49:24,0.5,LocalHost,20.4,16664068096,610480128,96.3,15216222208,176607232,4765716480,416247808,71225344,1200013312,518336512
386,2022-01-26,15:49:25,0.5,LocalHost,20.8,16664068096,609587200,96.3,15217356800,173813760,4766420992,418045952,71233536,1201664000,518336512
387,2022-01-26,15:49:25,0.5,LocalHost,18.2,16664068096,609742848,96.3,15217192960,166236160,4766199808,425775104,71233536,1209405440,518340608
388,2022-01-26,15:49:26,0.5,LocalHost,19.2,16664068096,608616448,96.3,15218454528,184287232,4755591168,418721792,69435392,1191890944,518340608
389,2022-01-26,15:49:26,0.5,LocalHost,19.8,16664068096,598413312,96.4,15228948480,169136128,4765765632,423735296,69435392,1196548096,518340608
390,2022-01-26,15:49:27,0.5,LocalHost,18.9,16664068096,593735680,96.4,15234158592,179195904,4767477760,413229056,66965504,1183748096,518340608
391,2022-01-26,15:49:27,0.5,LocalHost,21.9,16664068096,604225536,96.4,15222771712,188608512,4757577728,411017216,66998272,1185689600,518336512
392,2022-01-26,15:49:28,0.5,LocalHost,21.2,16664068096,604082176,96.4,15222616064,187789312,4757331968,411181056,66998272,1186664448,518336512
393,2022-01-26,15:49:28,0.5,LocalHost,18.7,16664068096,603136000,96.4,15223558144,186724352,4759302144,411299840,66998272,1186787328,518336512
394,2022-01-26,15:49:29,0.5,LocalHost,16.5,16664068096,603127808,96.4,15223537664,186208256,4759621632,411795456,66998272,1187323904,518336512
395,2022-01-26,15:49:29,0.5,LocalHost,18.0,16664068096,603361280,96.4,15223255040,186380288,4759621632,411856896,67031040,1187401728,518336512
396,2022-01-26,15:49:30,0.5,LocalHost,16.3,16664068096,603914240,96.4,15222734848,186339328,4759678976,412422144,67039232,1187954688,518336512
397,2022-01-26,15:49:30,0.5,LocalHost,16.9,16664068096,603836416,96.4,15222853632,185954304,4759691264,412717056,67039232,1188220928,518336512
398,2022-01-26,15:49:31,0.5,LocalHost,16.5,16664068096,603660288,96.4,15223046144,185540608,4759588864,412950528,67039232,1188442112,518336512
399,2022-01-26,15:49:31,0.5,LocalHost,18.2,16664068096,603480064,96.4,15223160832,185307136,4759597056,413003776,67039232,1188560896,518336512
400,2022-01-26,15:49:32,0.5,LocalHost,14.4,16664068096,603799552,96.4,15222906880,185339904,4759719936,413290496,67039232,1188782080,518336512
401,2022-01-26,15:49:32,0.5,LocalHost,18.6,16664068096,602636288,96.4,15224049664,184147968,4761616384,413319168,67039232,1188831232,518336512
402,2022-01-26,15:49:33,0.5,LocalHost,11.9,16664068096,602583040,96.4,15224094720,183791616,4761886720,413622272,67072000,1189109760,518336512
403,2022-01-26,15:49:33,0.5,LocalHost,13.0,16664068096,602865664,96.4,15223812096,183963648,4761911296,413720576,67072000,1189220352,518336512
404,2022-01-26,15:49:34,0.5,LocalHost,12.8,16664068096,602628096,96.4,15224086528,183468032,4761718784,413954048,67072000,1189441536,518336512
405,2022-01-26,15:49:34,0.5,LocalHost,13.9,16664068096,601337856,96.4,15225380864,182145024,4762558464,413986816,67072000,1189470208,518336512
406,2022-01-26,15:49:35,0.5,LocalHost,13.6,16664068096,601698304,96.4,15224999936,182145024,4763246592,414339072,67096576,1189826560,518336512
407,2022-01-26,15:49:35,0.5,LocalHost,13.0,16664068096,602206208,96.4,15224528896,182534144,4763258880,414457856,67096576,1189908480,518336512
408,2022-01-26,15:49:36,0.5,LocalHost,12.0,16664068096,601518080,96.4,15225122816,181694464,4763267072,414584832,67112960,1190137856,518336512
409,2022-01-26,15:49:36,0.5,LocalHost,11.4,16664068096,601214976,96.4,15225413632,181342208,4763283456,414629888,67129344,1190182912,518336512
410,2022-01-26,15:49:37,0.5,LocalHost,11.9,16664068096,601567232,96.4,15225044992,181403648,4763332608,414904320,67129344,1190490112,518336512
411,2022-01-26,15:49:37,0.5,LocalHost,15.1,16664068096,598265856,96.4,15228342272,177917952,4764131328,415088640,67129344,1190678528,518336512
412,2022-01-26,15:49:38,0.5,LocalHost,20.2,16664068096,598691840,96.4,15228063744,175820800,4782125056,398839808,67153920,1193029632,518336512
413,2022-01-26,15:49:38,0.5,LocalHost,14.8,16664068096,599166976,96.4,15227461632,176275456,4783136768,398860288,67170304,1193160704,518336512
414,2022-01-26,15:49:39,0.5,LocalHost,11.7,16664068096,598638592,96.4,15227940864,175210496,4783198208,399376384,67170304,1193746432,518336512
415,2022-01-26,15:49:39,0.5,LocalHost,10.1,16664068096,598507520,96.4,15228149760,174886912,4783202304,399568896,67227648,1193803776,518336512
416,2022-01-26,15:49:40,0.5,LocalHost,9.0,16664068096,598872064,96.4,15227719680,174886912,4783243264,399888384,67235840,1194225664,518336512
417,2022-01-26,15:49:40,0.5,LocalHost,10.9,16664068096,598011904,96.4,15228645376,173821952,4784582656,400080896,67235840,1194364928,518336512
418,2022-01-26,15:49:41,0.5,LocalHost,10.5,16664068096,597975040,96.4,15228649472,173563904,4785176576,400293888,67235840,1194618880,518336512
419,2022-01-26,15:49:41,0.5,LocalHost,10.8,16664068096,598179840,96.4,15228502016,173572096,4785254400,400490496,67252224,1194741760,518336512
420,2022-01-26,15:49:42,0.5,LocalHost,7.6,16664068096,598122496,96.4,15228461056,173404160,4785303552,400588800,67252224,1194950656,518336512
421,2022-01-26,15:49:42,0.5,LocalHost,9.8,16664068096,598061056,96.4,15228473344,173342720,4785303552,400588800,67252224,1194999808,518336512
422,2022-01-26,15:49:43,0.5,LocalHost,10.7,16664068096,598089728,96.4,15228530688,173015040,4785156096,400945152,67252224,1195270144,518336512
423,2022-01-26,15:49:43,0.5,LocalHost,7.6,16664068096,598020096,96.4,15228567552,172888064,4785168384,400994304,67260416,1195352064,518336512
424,2022-01-26,15:49:44,0.5,LocalHost,7.9,16664068096,598257664,96.4,15228321792,172888064,4785070080,401219584,67260416,1195597824,518336512
425,2022-01-26,15:49:44,0.5,LocalHost,9.4,16664068096,597438464,96.4,15229169664,171954176,4785999872,401334272,67260416,1195683840,518336512
426,2022-01-26,15:49:45,0.5,LocalHost,7.5,16664068096,619347968,96.3,15207301120,193048576,4763836416,402132992,67284992,1196433408,518336512
427,2022-01-26,15:49:45,0.5,LocalHost,14.9,16664068096,619507712,96.3,15207182336,193089536,4763693056,402219008,67284992,1196511232,518336512
428,2022-01-26,15:49:46,0.5,LocalHost,8.2,16664068096,619249664,96.3,15207505920,192757760,4763828224,402288640,67284992,1196519424,518336512
429,2022-01-26,15:49:46,0.5,LocalHost,7.1,16664068096,619151360,96.3,15207604224,192659456,4763828224,402288640,67284992,1196519424,518336512
430,2022-01-26,15:49:47,0.5,LocalHost,6.9,16664068096,619208704,96.3,15207559168,192692224,4763897856,402305024,67309568,1196507136,518336512
431,2022-01-26,15:49:47,0.5,LocalHost,13.3,16664068096,618860544,96.3,15207956480,192380928,4764225536,402087936,67309568,1196421120,518336512
432,2022-01-26,15:49:48,0.5,LocalHost,14.4,16664068096,611090432,96.3,15215726592,184528896,4771106816,402169856,67309568,1196503040,518336512
433,2022-01-26,15:49:48,0.5,LocalHost,19.9,16664068096,616951808,96.3,15209758720,189603840,4765605888,401899520,67309568,1197395968,518336512
434,2022-01-26,15:49:49,0.5,LocalHost,20.9,16664068096,617197568,96.3,15209558016,189755392,4765343744,401801216,67325952,1197428736,518336512
435,2022-01-26,15:49:49,0.5,LocalHost,16.6,16664068096,617435136,96.3,15209312256,189992960,4765343744,401801216,67325952,1197436928,518336512
436,2022-01-26,15:49:50,0.5,LocalHost,9.8,16664068096,617644032,96.3,15209050112,189956096,4765360128,402042880,67334144,1197727744,518336512
437,2022-01-26,15:49:50,0.5,LocalHost,14.2,16664068096,617799680,96.3,15208861696,190111744,4765360128,402042880,67350528,1197744128,518336512
438,2022-01-26,15:49:51,0.5,LocalHost,10.7,16664068096,617426944,96.3,15209209856,189722624,4765368320,402051072,67350528,1197785088,518336512
439,2022-01-26,15:49:51,0.5,LocalHost,8.8,16664068096,617492480,96.3,15209136128,189788160,4765368320,402051072,67350528,1197793280,518336512
440,2022-01-26,15:49:52,0.5,LocalHost,6.7,16664068096,617861120,96.3,15208828928,190078976,4765376512,402116608,67350528,1197809664,518336512
441,2022-01-26,15:49:52,0.5,LocalHost,8.3,16664068096,617885696,96.3,15208796160,190078976,4765392896,402141184,67375104,1197817856,518336512
442,2022-01-26,15:49:53,0.5,LocalHost,9.6,16664068096,617893888,96.3,15208775680,190078976,4765392896,402149376,67375104,1197838336,518336512
443,2022-01-26,15:49:53,0.5,LocalHost,12.4,16664068096,617578496,96.3,15209091072,189763584,4765925376,402149376,67375104,1197838336,518336512
444,2022-01-26,15:49:54,0.5,LocalHost,10.1,16664068096,617926656,96.3,15208738816,189898752,4765499392,402190336,67375104,1198055424,518336512
445,2022-01-26,15:49:54,0.5,LocalHost,7.4,16664068096,617517056,96.3,15209144320,189476864,4765511680,402194432,67383296,1198063616,518336512
446,2022-01-26,15:49:55,0.5,LocalHost,9.8,16664068096,617820160,96.3,15208828928,189767680,4765454336,402206720,67391488,1198080000,518336512
447,2022-01-26,15:49:55,0.5,LocalHost,8.2,16664068096,617918464,96.3,15208718336,189865984,4765454336,402206720,67391488,1198092288,518336512
448,2022-01-26,15:49:56,0.5,LocalHost,13.0,16664068096,617578496,96.3,15209029632,189509632,4765515776,402214912,67407872,1198120960,518336512
449,2022-01-26,15:49:56,0.5,LocalHost,9.4,16664068096,617578496,96.3,15209017344,189509632,4765515776,402214912,67407872,1198133248,518336512
450,2022-01-26,15:49:57,0.5,LocalHost,8.9,16664068096,617922560,96.3,15208677376,189833216,4765528064,402223104,67407872,1198149632,518336512
451,2022-01-26,15:49:57,0.5,LocalHost,6.9,16664068096,617607168,96.3,15208992768,189509632,4765528064,402231296,67407872,1198157824,518336512
452,2022-01-26,15:49:58,0.5,LocalHost,10.4,16664068096,617578496,96.3,15209000960,189444096,4765466624,402268160,67440640,1198182400,518336512
453,2022-01-26,15:49:58,0.5,LocalHost,13.5,16664068096,616230912,96.3,15210127360,187797504,4767109120,402272256,67440640,1198702592,518336512
454,2022-01-26,15:49:59,0.5,LocalHost,5.4,16664068096,616230912,96.3,15210491904,187195392,4766269440,402505728,67440640,1198940160,518336512
455,2022-01-26,15:49:59,0.5,LocalHost,5.7,16664068096,616493056,96.3,15210229760,187457536,4766269440,402505728,67440640,1198940160,518336512
456,2022-01-26,15:50:00,0.5,LocalHost,10.5,16664068096,610856960,96.3,15210246144,180858880,4766793728,402567168,67465216,1205497856,523014144
457,2022-01-26,15:50:00,0.5,LocalHost,16.7,16664068096,610787328,96.3,15210295296,180789248,4766793728,402567168,67465216,1205518336,523014144
458,2022-01-26,15:50:01,0.5,LocalHost,24.5,16664068096,611880960,96.3,15209406464,181829632,4766351360,402612224,67465216,1205366784,522813440
459,2022-01-26,15:50:01,0.5,LocalHost,22.4,16664068096,611766272,96.3,15209648128,181628928,4766171136,402681856,67497984,1205293056,522702848
460,2022-01-26,15:50:02,0.5,LocalHost,7.2,16664068096,611713024,96.3,15209697280,181563392,4766146560,402694144,67497984,1205309440,522702848
461,2022-01-26,15:50:02,0.5,LocalHost,7.0,16664068096,611717120,96.3,15209693184,181563392,4766150656,402698240,67497984,1205313536,522702848
462,2022-01-26,15:50:03,0.5,LocalHost,6.5,16664068096,611942400,96.3,15209451520,181788672,4766150656,402698240,67497984,1205329920,522702848
463,2022-01-26,15:50:03,0.5,LocalHost,7.0,16664068096,611975168,96.3,15209431040,181792768,4766191616,402718720,67522560,1205321728,522702848
464,2022-01-26,15:50:04,0.5,LocalHost,5.2,16664068096,611856384,96.3,15209558016,181633024,4766208000,402751488,67522560,1205354496,522702848
465,2022-01-26,15:50:04,0.5,LocalHost,9.8,16664068096,611565568,96.3,15209840640,181342208,4766208000,402751488,67522560,1205362688,522702848
466,2022-01-26,15:50:05,0.5,LocalHost,9.4,16664068096,611749888,96.3,15209656320,181497856,4766191616,402763776,67530752,1205383168,522702848
467,2022-01-26,15:50:05,0.5,LocalHost,10.3,16664068096,611815424,96.3,15209553920,181563392,4766191616,402763776,67547136,1205403648,522702848
468,2022-01-26,15:50:06,0.5,LocalHost,7.7,16664068096,611946496,96.3,15209562112,181809152,4766179328,402788352,67547136,1205149696,522702848
469,2022-01-26,15:50:06,0.5,LocalHost,7.9,16664068096,612225024,96.3,15209283584,182091776,4766179328,402792448,67547136,1205145600,522702848
470,2022-01-26,15:50:07,0.5,LocalHost,7.4,16664068096,611913728,96.3,15209644032,181702656,4766240768,402841600,67571712,1205149696,522702848
471,2022-01-26,15:50:07,0.5,LocalHost,7.4,16664068096,611909632,96.3,15209619456,181698560,4766240768,402841600,67571712,1205178368,522702848
472,2022-01-26,15:50:08,0.5,LocalHost,9.9,16664068096,611880960,96.3,15209644032,181633024,4766167040,402866176,67571712,1205219328,522702848
473,2022-01-26,15:50:08,0.5,LocalHost,11.7,16664068096,600088576,96.4,15221460992,169730048,4778827776,402952192,67588096,1205288960,522702848
474,2022-01-26,15:50:09,0.5,LocalHost,9.1,16664068096,611655680,96.3,15209918464,180756480,4766838784,402968576,67604480,1205788672,522702848
475,2022-01-26,15:50:09,0.5,LocalHost,11.6,16664068096,612061184,96.3,15209504768,181153792,4766838784,402976768,67604480,1205805056,522702848
476,2022-01-26,15:50:10,0.5,LocalHost,16.2,16664068096,612032512,96.3,15209480192,181047296,4766797824,403038208,67612672,1205927936,522702848
477,2022-01-26,15:50:10,0.5,LocalHost,13.4,16664068096,612229120,96.3,15209271296,181243904,4766797824,403038208,67612672,1205940224,522702848
478,2022-01-26,15:50:11,0.5,LocalHost,14.1,16664068096,611868672,96.3,15209668608,180756480,4766715904,403152896,67620864,1206022144,522702848
479,2022-01-26,15:50:11,0.5,LocalHost,11.6,16664068096,612126720,96.3,15209406464,181002240,4766777344,403165184,67620864,1206038528,522702848
480,2022-01-26,15:50:12,0.5,LocalHost,30.0,16664068096,612225024,96.3,15209209856,180555776,4766769152,403656704,67620864,1206681600,522702848
481,2022-01-26,15:50:12,0.5,LocalHost,14.4,16664068096,612786176,96.3,15208579072,180690944,4766769152,404082688,67653632,1207144448,522702848
482,2022-01-26,15:50:13,0.5,LocalHost,14.6,16664068096,612745216,96.3,15208706048,180207616,4766834688,404488192,67653632,1207500800,522702848
483,2022-01-26,15:50:13,0.5,LocalHost,17.0,16664068096,613056512,96.3,15208349696,180396032,4766834688,404611072,67653632,1207668736,522702848
484,2022-01-26,15:50:14,0.5,LocalHost,45.2,16664068096,612958208,96.3,15208398848,179458048,4766842880,405446656,67661824,1208549376,522702848
485,2022-01-26,15:50:14,0.5,LocalHost,43.1,16664068096,613265408,96.3,15208071168,179212288,4766842880,405999616,67670016,1209114624,522702848
486,2022-01-26,15:50:15,0.5,LocalHost,49.7,16664068096,613965824,96.3,15207387136,179265536,4766883840,406638592,67678208,1209737216,522702848
487,2022-01-26,15:50:15,0.5,LocalHost,31.5,16664068096,613638144,96.3,15207743488,178814976,4766883840,406761472,67678208,1209831424,522702848
488,2022-01-26,15:50:16,0.5,LocalHost,33.4,16664068096,613797888,96.3,15207559168,178360320,4766904320,407367680,67694592,1210454016,522702848
489,2022-01-26,15:50:16,0.5,LocalHost,28.0,16664068096,614129664,96.3,15207030784,178425856,4766904320,407633920,67694592,1210916864,522702848
490,2022-01-26,15:50:17,0.5,LocalHost,25.5,16664068096,614084608,96.3,15207362560,177684480,4766892032,408313856,67694592,1211326464,522702848
491,2022-01-26,15:50:17,0.5,LocalHost,26.1,16664068096,614469632,96.3,15206965248,177684480,4766646272,408698880,67710976,1211707392,522702848
492,2022-01-26,15:50:18,0.5,LocalHost,25.5,16664068096,614162432,96.3,15207227392,176877568,4766703616,409161728,67723264,1212239872,522702848
493,2022-01-26,15:50:18,0.5,LocalHost,28.1,16664068096,614477824,96.3,15206793216,176685056,4766707712,409669632,67723264,1212866560,522702848
494,2022-01-26,15:50:19,0.5,LocalHost,36.0,16664068096,617738240,96.3,15209017344,183017472,4766167040,408481792,67682304,1204350976,518336512
495,2022-01-26,15:50:19,0.5,LocalHost,27.9,16664068096,617676800,96.3,15208927232,182673408,4766027776,408784896,67690496,1204776960,518336512
496,2022-01-26,15:50:20,0.5,LocalHost,25.2,16664068096,617402368,96.3,15209136128,181637120,4765859840,409432064,67715072,1205579776,518336512
497,2022-01-26,15:50:20,0.5,LocalHost,26.3,16664068096,617426944,96.3,15209021440,181477376,4765859840,409616384,67739648,1205829632,518336512
498,2022-01-26,15:50:21,0.5,LocalHost,25.2,16664068096,617603072,96.3,15208820736,181186560,4765896704,410030080,67739648,1206321152,518336512
499,2022-01-26,15:50:21,0.5,LocalHost,26.0,16664068096,618201088,96.3,15208222720,181415936,4765900800,410394624,67747840,1206681600,518336512
500,2022-01-26,15:50:22,0.5,LocalHost,26.2,16664068096,618881024,96.3,15207649280,181485568,4765908992,411004928,67747840,1207185408,518336512
501,2022-01-26,15:50:22,0.5,LocalHost,27.6,16664068096,618299392,96.3,15208284160,180420608,4765650944,411480064,67764224,1207599104,518336512
502,2022-01-26,15:50:23,0.5,LocalHost,27.2,16664068096,618668032,96.3,15207825408,180350976,4765605888,411906048,67764224,1208127488,518336512
503,2022-01-26,15:50:23,0.5,LocalHost,28.3,16664068096,617578496,96.3,15208886272,178892800,4766138368,412274688,67764224,1208524800,518336512
504,2022-01-26,15:50:24,0.5,LocalHost,26.0,16664068096,618131456,96.3,15208333312,178946048,4765630464,412684288,67764224,1209024512,518336512
505,2022-01-26,15:50:24,0.5,LocalHost,24.8,16664068096,618455040,96.3,15207919616,179085312,4765630464,412868608,67764224,1209298944,518336512
506,2022-01-26,15:50:25,0.5,LocalHost,27.4,16664068096,619311104,96.3,15207153664,179204096,4765241344,413601792,67780608,1209929728,518336512
507,2022-01-26,15:50:25,0.5,LocalHost,28.5,16664068096,619155456,96.3,15207104512,178774016,4765241344,413868032,67805184,1210384384,518336512
508,2022-01-26,15:50:26,0.5,LocalHost,28.1,16664068096,619597824,96.3,15206797312,178573312,4765093888,414502912,67805184,1210892288,518336512
509,2022-01-26,15:50:26,0.5,LocalHost,25.4,16664068096,619855872,96.3,15206440960,178511872,4765204480,414822400,67805184,1211310080,518336512
510,2022-01-26,15:50:27,0.5,LocalHost,30.3,16664068096,619642880,96.3,15206785024,177807360,4765224960,415264768,67821568,1211654144,518336512
511,2022-01-26,15:50:27,0.5,LocalHost,28.5,16664068096,619225088,96.3,15207231488,176910336,4765237248,415744000,67821568,1212104704,518336512
512,2022-01-26,15:50:28,0.5,LocalHost,27.4,16664068096,619368448,96.3,15206998016,176574464,4765270016,416219136,67837952,1212657664,518336512
513,2022-01-26,15:50:28,0.5,LocalHost,26.2,16664068096,619954176,96.3,15206297600,176836608,4765290496,416526336,67837952,1213095936,518336512
514,2022-01-26,15:50:29,0.5,LocalHost,29.8,16664068096,607051776,96.4,15219929088,162689024,4776189952,417767424,67837952,1213612032,518336512
515,2022-01-26,15:50:29,0.5,LocalHost,31.7,16664068096,616935424,96.3,15209828352,195817472,4759416832,401956864,65802240,1192620032,518340608
516,2022-01-26,15:50:30,0.5,LocalHost,29.6,16664068096,617508864,96.3,15209631744,195780608,4758519808,402620416,65810432,1192845312,518336512
517,2022-01-26,15:50:30,0.5,LocalHost,29.7,16664068096,617193472,96.3,15209885696,195465216,4758519808,402620416,65835008,1192882176,518336512
518,2022-01-26,15:50:31,0.5,LocalHost,28.9,16664068096,617656320,96.3,15209443328,195166208,4758548480,403357696,65843200,1193615360,518336512
519,2022-01-26,15:50:31,0.5,LocalHost,32.0,16664068096,618020864,96.3,15208968192,195174400,4758581248,403714048,65843200,1194082304,518336512
520,2022-01-26,15:50:32,0.5,LocalHost,27.0,16664068096,618430464,96.3,15208652800,194818048,4758532096,404471808,65843200,1194754048,518336512
521,2022-01-26,15:50:32,0.5,LocalHost,29.1,16664068096,618668032,96.3,15208251392,194789376,4758532096,404738048,65851392,1195175936,518336512
522,2022-01-26,15:50:33,0.5,LocalHost,31.3,16664068096,618467328,96.3,15208648704,194043904,4758589440,405262336,65867776,1195507712,518336512
523,2022-01-26,15:50:33,0.5,LocalHost,30.7,16664068096,618819584,96.3,15208325120,193941504,4758630400,405700608,65867776,1195933696,518336512
524,2022-01-26,15:50:34,0.5,LocalHost,30.7,16664068096,618926080,96.3,15208161280,193617920,4758634496,406126592,65867776,1196421120,518336512
525,2022-01-26,15:50:34,0.5,LocalHost,30.9,16664068096,618733568,96.3,15208411136,193134592,4758650880,406417408,65867776,1196654592,518336512
526,2022-01-26,15:50:35,0.5,LocalHost,28.5,16664068096,618205184,96.3,15208701952,191918080,4758609920,406900736,65875968,1197572096,518336512
527,2022-01-26,15:50:35,0.5,LocalHost,30.8,16664068096,618414080,96.3,15208419328,191750144,4758630400,407265280,65896448,1198002176,518336512
528,2022-01-26,15:50:36,0.5,LocalHost,30.4,16664068096,619073536,96.3,15207833600,191844352,4758634496,407773184,65904640,1198485504,518336512
529,2022-01-26,15:50:36,0.5,LocalHost,31.6,16664068096,619474944,96.3,15207276544,191909888,4758704128,408092672,65921024,1198960640,518336512
530,2022-01-26,15:50:37,0.5,LocalHost,31.4,16664068096,619675648,96.3,15207256064,191467520,4758757376,408715264,65921024,1199423488,518336512
531,2022-01-26,15:50:37,0.5,LocalHost,34.5,16664068096,619425792,96.3,15207493632,190787584,4758757376,409145344,65921024,1199865856,518336512
532,2022-01-26,15:50:38,0.5,LocalHost,33.6,16664068096,619417600,96.3,15207510016,190038016,4758663168,409886720,65937408,1200582656,518336512
533,2022-01-26,15:50:38,0.5,LocalHost,31.3,16664068096,619347968,96.3,15207436288,189845504,4758724608,410009600,65937408,1200848896,518336512
534,2022-01-26,15:50:39,0.5,LocalHost,31.7,16664068096,619536384,96.3,15207395328,189394944,4758745088,410632192,65937408,1201340416,518336512
535,2022-01-26,15:50:39,0.5,LocalHost,42.4,16664068096,618102784,96.3,15208890368,186544128,4760715264,410152960,65937408,1202696192,518332416
536,2022-01-26,15:50:40,0.5,LocalHost,30.9,16664068096,619024384,96.3,15207886848,186646528,4760928256,410660864,65945600,1203589120,518336512
537,2022-01-26,15:50:40,0.5,LocalHost,29.6,16664068096,619307008,96.3,15207550976,186556416,4760948736,411025408,65945600,1204015104,518336512
538,2022-01-26,15:50:41,0.5,LocalHost,29.0,16664068096,619315200,96.3,15207608320,185999360,4760952832,411590656,65953792,1204506624,518336512
539,2022-01-26,15:50:41,0.5,LocalHost,33.3,16664068096,619339776,96.3,15207518208,185839616,4760952832,411774976,65961984,1204748288,518336512
540,2022-01-26,15:50:42,0.5,LocalHost,33.7,16664068096,619950080,96.3,15206895616,185716736,4760944640,412499968,65970176,1205485568,518336512
541,2022-01-26,15:50:42,0.5,LocalHost,34.8,16664068096,620015616,96.3,15206666240,185454592,4760952832,412819456,65970176,1205977088,518336512
542,2022-01-26,15:50:43,0.5,LocalHost,34.3,16664068096,620285952,96.3,15206649856,185225216,4761006080,413310976,65978368,1206214656,518336512
543,2022-01-26,15:50:43,0.5,LocalHost,36.1,16664068096,620269568,96.3,15206498304,184938496,4761006080,413577216,65994752,1206636544,518336512
544,2022-01-26,15:50:44,0.5,LocalHost,33.7,16664068096,620552192,96.3,15206293504,184582144,4761018368,414208000,65994752,1207197696,518336512
545,2022-01-26,15:50:44,0.5,LocalHost,34.7,16664068096,620589056,96.3,15206150144,184291328,4761018368,414535680,65994752,1207631872,518336512
546,2022-01-26,15:50:45,0.5,LocalHost,35.1,16664068096,621019136,96.3,15205801984,184307712,4760965120,414928896,66002944,1207955456,518336512
547,2022-01-26,15:50:45,0.5,LocalHost,32.6,16664068096,620609536,96.3,15206125568,183709696,4760973312,415105024,66002944,1208229888,518336512
548,2022-01-26,15:50:46,0.5,LocalHost,35.6,16664068096,620527616,96.3,15206289408,182837248,4760969216,415887360,66011136,1208930304,518336512
549,2022-01-26,15:50:46,0.5,LocalHost,32.9,16664068096,620744704,96.3,15206182912,182558720,4760969216,416378880,66019328,1209307136,518336512
550,2022-01-26,15:50:47,0.5,LocalHost,33.1,16664068096,620834816,96.3,15205961728,182202368,4760842240,416804864,66019328,1209884672,518336512
551,2022-01-26,15:50:47,0.5,LocalHost,33.1,16664068096,620584960,96.3,15206162432,181518336,4760842240,417234944,66027520,1210359808,518336512
552,2022-01-26,15:50:48,0.5,LocalHost,33.8,16664068096,620343296,96.3,15206457344,180711424,4760993792,417783808,66035712,1210863616,518336512
553,2022-01-26,15:50:48,0.5,LocalHost,35.4,16664068096,620347392,96.3,15206477824,180654080,4760993792,417845248,66039808,1210896384,518336512
554,2022-01-26,15:50:49,0.5,LocalHost,32.0,16664068096,621182976,96.3,15205654528,180486144,4761026560,418803712,66056192,1211871232,518336512
555,2022-01-26,15:50:49,0.5,LocalHost,37.6,16664068096,606597120,96.4,15220080640,165457920,4773007360,419241984,66056192,1212473344,518336512
556,2022-01-26,15:50:50,0.5,LocalHost,37.9,16664068096,617242624,96.3,15209648128,174800896,4761960448,419528704,66064384,1213554688,518336512
557,2022-01-26,15:50:50,0.5,LocalHost,33.2,16664068096,617783296,96.3,15209009152,175030272,4761960448,419835904,66064384,1213964288,518336512
558,2022-01-26,15:50:51,0.5,LocalHost,32.0,16664068096,617459712,96.3,15209345024,174194688,4762030080,420339712,66064384,1214464000,518336512
559,2022-01-26,15:50:51,0.5,LocalHost,32.0,16664068096,618078208,96.3,15208570880,174546944,4762030080,420605952,66072576,1214877696,518336512
560,2022-01-26,15:50:52,0.5,LocalHost,31.5,16664068096,617959424,96.3,15208755200,174170112,4762079232,420855808,66080768,1215062016,518336512
561,2022-01-26,15:50:52,0.5,LocalHost,33.0,16664068096,618115072,96.3,15208509440,173768704,4762079232,421408768,66080768,1215709184,518336512
562,2022-01-26,15:50:53,0.5,LocalHost,33.9,16664068096,618627072,96.3,15208230912,173711360,4762013696,421949440,66105344,1216020480,518336512
563,2022-01-26,15:50:53,0.5,LocalHost,35.4,16664068096,618610688,96.3,15208034304,173232128,4762062848,422412288,66105344,1216696320,518336512
564,2022-01-26,15:50:54,0.5,LocalHost,31.6,16664068096,618713088,96.3,15208005632,172716032,4762091520,422887424,66105344,1217241088,518336512
565,2022-01-26,15:50:54,0.5,LocalHost,33.2,16664068096,618352640,96.3,15208312832,172167168,4762091520,423071744,66113536,1217474560,518336512
566,2022-01-26,15:50:55,0.5,LocalHost,32.7,16664068096,618733568,96.3,15207866368,171876352,4762095616,423735296,66121728,1218203648,518336512
567,2022-01-26,15:50:55,0.5,LocalHost,36.1,16664068096,618504192,96.3,15208124416,171134976,4762656768,424230912,66121728,1218686976,518336512
568,2022-01-26,15:50:56,0.5,LocalHost,33.1,16664068096,618659840,96.3,15208038400,170713088,4762611712,424800256,66121728,1219194880,518336512
569,2022-01-26,15:50:56,0.5,LocalHost,32.8,16664068096,619397120,96.3,15207235584,171073536,4762611712,425168896,66129920,1219629056,518336512
570,2022-01-26,15:50:57,0.5,LocalHost,29.2,16664068096,618778624,96.3,15207751680,170237952,4762656768,425385984,66129920,1219948544,518336512
571,2022-01-26,15:50:57,0.5,LocalHost,32.3,16664068096,619065344,96.3,15207579648,169910272,4762664960,425996288,66146304,1220431872,518336512
572,2022-01-26,15:50:58,0.5,LocalHost,31.4,16664068096,618889216,96.3,15207698432,169263104,4762689536,426446848,66146304,1220960256,518336512
573,2022-01-26,15:50:58,0.5,LocalHost,30.8,16664068096,618561536,96.3,15207989248,168685568,4762689536,426692608,66170880,1221222400,518336512
574,2022-01-26,15:50:59,0.5,LocalHost,30.0,16664068096,619364352,96.3,15207297024,168656896,4762669056,427515904,66170880,1221943296,518336512
575,2022-01-26,15:50:59,0.5,LocalHost,30.2,16664068096,618471424,96.3,15208165376,167546880,4762865664,427712512,66170880,1222184960,518336512
576,2022-01-26,15:51:00,0.5,LocalHost,46.2,16664068096,599265280,96.4,15223406592,168919040,4762263552,423256064,64569344,1207173120,521953280
577,2022-01-26,15:51:00,0.5,LocalHost,32.7,16664068096,611053568,96.3,15211474944,179077120,4751175680,422006784,64569344,1208946688,521949184
578,2022-01-26,15:51:01,0.5,LocalHost,30.8,16664068096,612196352,96.3,15210254336,179781632,4749025280,422469632,64569344,1209462784,522047488
579,2022-01-26,15:51:01,0.5,LocalHost,27.7,16664068096,612528128,96.3,15209828352,179781632,4749025280,422801408,64569344,1209888768,522047488
580,2022-01-26,15:51:02,0.5,LocalHost,30.8,16664068096,612769792,96.3,15209660416,179617792,4748963840,423198720,64577536,1210212352,522047488
581,2022-01-26,15:51:02,0.5,LocalHost,30.6,16664068096,613023744,96.3,15209385984,179458048,4748976128,423612416,64593920,1210630144,522047488
582,2022-01-26,15:51:03,0.5,LocalHost,29.9,16664068096,613253120,96.3,15209091072,179232768,4748980224,424062976,64593920,1211150336,522047488
583,2022-01-26,15:51:03,0.5,LocalHost,27.7,16664068096,613396480,96.3,15208882176,179007488,4748980224,424431616,64593920,1211584512,522047488
584,2022-01-26,15:51:04,0.5,LocalHost,29.2,16664068096,613629952,96.3,15208714240,178651136,4748996608,425017344,64610304,1212092416,522047488
585,2022-01-26,15:51:04,0.5,LocalHost,28.0,16664068096,612868096,96.3,15209373696,177524736,4749021184,425381888,64610304,1212559360,522047488
586,2022-01-26,15:51:05,0.5,LocalHost,31.6,16664068096,613265408,96.3,15209000960,177197056,4749000704,425988096,64618496,1213251584,522047488
587,2022-01-26,15:51:05,0.5,LocalHost,28.2,16664068096,613851136,96.3,15208316928,177393664,4749025280,426352640,64634880,1213722624,522047488
588,2022-01-26,15:51:06,0.5,LocalHost,27.6,16664068096,613437440,96.3,15208808448,176394240,4749058048,426930176,64634880,1214230528,522047488
589,2022-01-26,15:51:06,0.5,LocalHost,28.9,16664068096,614060032,96.3,15208230912,176713728,4749062144,427233280,64634880,1214488576,522047488
590,2022-01-26,15:51:07,0.5,LocalHost,27.9,16664068096,614043648,96.3,15208243200,176226304,4749062144,427700224,64643072,1214955520,522047488
591,2022-01-26,15:51:07,0.5,LocalHost,28.9,16664068096,614649856,96.3,15207571456,176463872,4749062144,428068864,64643072,1215389696,522047488
592,2022-01-26,15:51:08,0.5,LocalHost,26.1,16664068096,614633472,96.3,15207591936,175874048,4749029376,428642304,64659456,1215942656,522047488
593,2022-01-26,15:51:08,0.5,LocalHost,28.0,16664068096,614805504,96.3,15207399424,175792128,4749033472,428883968,64659456,1216217088,522047488
594,2022-01-26,15:51:09,0.5,LocalHost,29.4,16664068096,615161856,96.3,15207108608,175542272,4749041664,429481984,64659456,1216757760,522047488
595,2022-01-26,15:51:09,0.5,LocalHost,27.6,16664068096,615100416,96.3,15206989824,175149056,4749041664,429809664,64675840,1217253376,522047488
596,2022-01-26,15:51:10,0.5,LocalHost,27.1,16664068096,615505920,96.3,15206739968,174694400,4749086720,430653440,64684032,1217949696,522047488
597,2022-01-26,15:51:10,0.5,LocalHost,28.4,16664068096,602636288,96.4,15224164352,173568000,4762787840,418521088,63139840,1203195904,518586368
598,2022-01-26,15:51:11,0.5,LocalHost,30.2,16664068096,615448576,96.3,15211474944,191578112,4749910016,414040064,63143936,1197871104,518336512
599,2022-01-26,15:51:11,0.5,LocalHost,26.5,16664068096,622862336,96.3,15203528704,198406144,4743376896,414457856,63275008,1198858240,518336512
