iteration,date,time,measurement_period,machine/VNF,sys_cpu,totalmem,availablemem,percentmem,usedmem,freemem,activemem,inactivemem,buffers,cached,shared
0,2022-01-25,13:53:15,0.5,LocalHost,94.7,16664068096,3184369664,80.9,12612276224,415944704,5807386624,1478787072,1271721984,2364125184,517074944
1,2022-01-25,13:53:15,0.5,LocalHost,99.0,16664068096,3128897536,81.2,12667764736,360296448,5802553344,1478922240,1271738368,2364268544,517074944
2,2022-01-25,13:53:16,0.5,LocalHost,90.8,16664068096,3113992192,81.3,12682633216,345300992,5802569728,1479004160,1271750656,2364383232,517074944
3,2022-01-25,13:53:16,0.5,LocalHost,48.4,16664068096,3099115520,81.4,12697456640,330371072,5802549248,1479057408,1271750656,2364489728,517074944
4,2022-01-25,13:53:17,0.5,LocalHost,18.9,16664068096,3097681920,81.4,12698898432,328859648,5802987520,1479122944,1271750656,2364559360,517074944
5,2022-01-25,13:53:17,0.5,LocalHost,19.8,16664068096,3100098560,81.4,12696453120,331165696,5801054208,1479200768,1271750656,2364698624,517074944
6,2022-01-25,13:53:18,0.5,LocalHost,28.1,16664068096,3092791296,81.4,12703834112,418590720,5800943616,1386401792,1271750656,2269892608,517070848
7,2022-01-25,13:53:18,0.5,LocalHost,20.1,16664068096,3093082112,81.4,12703547392,418971648,5800611840,1386491904,1271750656,2269798400,517074944
8,2022-01-25,13:53:19,0.5,LocalHost,24.7,16664068096,3093266432,81.4,12703289344,418873344,5800615936,1386774528,1271750656,2270154752,517074944
9,2022-01-25,13:53:19,0.5,LocalHost,26.1,16664068096,3074457600,81.6,12703690752,400035840,5801103360,1386799104,1271750656,2288590848,535445504
10,2022-01-25,13:53:20,0.5,LocalHost,22.1,16664068096,3074895872,81.5,12703346688,400093184,5801193472,1387175936,1271783424,2288844800,535412736
11,2022-01-25,13:53:20,0.5,LocalHost,21.1,16664068096,3074781184,81.5,12703272960,399622144,5801164800,1387511808,1271791616,2289381376,535592960
12,2022-01-25,13:53:21,0.5,LocalHost,21.6,16664068096,3075297280,81.5,12702715904,399831040,5801312256,1387806720,1271812096,2289709056,535592960
13,2022-01-25,13:53:21,0.5,LocalHost,17.1,16664068096,3075375104,81.5,12702580736,399785984,5801070592,1387921408,1271812096,2289889280,535592960
14,2022-01-25,13:53:22,0.5,LocalHost,21.3,16664068096,3076300800,81.5,12701704192,400269312,5800886272,1388347392,1271812096,2290282496,535592960
15,2022-01-25,13:53:22,0.5,LocalHost,20.8,16664068096,3076030464,81.5,12701974528,399814656,5801017344,1388523520,1271812096,2290466816,535592960
16,2022-01-25,13:53:23,0.5,LocalHost,19.4,16664068096,3076374528,81.5,12701499392,399814656,5801017344,1388867584,1271812096,2290941952,535592960
17,2022-01-25,13:53:23,0.5,LocalHost,19.9,16664068096,3076411392,81.5,12701548544,399654912,5801050112,1389060096,1271812096,2291052544,535592960
18,2022-01-25,13:53:24,0.5,LocalHost,20.3,16664068096,3076796416,81.5,12701261824,399622144,5801238528,1389469696,1271812096,2291372032,535592960
19,2022-01-25,13:53:24,0.5,LocalHost,24.1,16664068096,3076481024,81.5,12701552640,399290368,5801222144,1389486080,1271812096,2291412992,535592960
20,2022-01-25,13:53:25,0.5,LocalHost,22.3,16664068096,3076759552,81.5,12701302784,399089664,5801222144,1389953024,1271812096,2291863552,535592960
21,2022-01-25,13:53:25,0.5,LocalHost,21.7,16664068096,3076706304,81.5,12701339648,398929920,5801283584,1390051328,1271844864,2291953664,535592960
22,2022-01-25,13:53:26,0.5,LocalHost,21.4,16664068096,3077038080,81.5,12700880896,398905344,5801304064,1390387200,1271861248,2292420608,535592960
23,2022-01-25,13:53:26,0.5,LocalHost,20.6,16664068096,3086401536,81.5,12702289920,407982080,5801197568,1390866432,1271877632,2281918464,524935168
24,2022-01-25,13:53:27,0.5,LocalHost,19.5,16664068096,3086659584,81.5,12702064640,408088576,5801521152,1390788608,1271877632,2282037248,524873728
25,2022-01-25,13:53:27,0.5,LocalHost,19.8,16664068096,3086786560,81.5,12701904896,407887872,5801533440,1391108096,1271877632,2282397696,524873728
26,2022-01-25,13:53:28,0.5,LocalHost,22.9,16664068096,3086082048,81.5,12702584832,406704128,5801398272,1391382528,1271877632,2282901504,524873728
27,2022-01-25,13:53:28,0.5,LocalHost,23.1,16664068096,3084025856,81.5,12704829440,404303872,5801918464,1391730688,1271877632,2283057152,524873728
28,2022-01-25,13:53:29,0.5,LocalHost,19.2,16664068096,3084394496,81.5,12704378880,404361216,5802303488,1392095232,1271877632,2283450368,524873728
29,2022-01-25,13:53:29,0.5,LocalHost,17.6,16664068096,3084800000,81.5,12703989760,404590592,5801824256,1392271360,1271877632,2283610112,524873728
30,2022-01-25,13:53:30,0.5,LocalHost,21.0,16664068096,3084566528,81.5,12704194560,404008960,5801910272,1392611328,1271877632,2283986944,524873728
31,2022-01-25,13:53:30,0.5,LocalHost,21.2,16664068096,3084709888,81.5,12704038912,404008960,5801910272,1392754688,1271885824,2284134400,524873728
32,2022-01-25,13:53:31,0.5,LocalHost,25.8,16664068096,3085316096,81.5,12703256576,404172800,5801930752,1393197056,1271910400,2284728320,524873728
33,2022-01-25,13:53:31,0.5,LocalHost,20.0,16664068096,3085320192,81.5,12703428608,404008960,5801943040,1393356800,1271934976,2284695552,524873728
34,2022-01-25,13:53:32,0.5,LocalHost,26.3,16664068096,3084697600,81.5,12704022528,403042304,5801947136,1393696768,1271934976,2285068288,524873728
35,2022-01-25,13:53:32,0.5,LocalHost,22.5,16664068096,3084578816,81.5,12704161792,402653184,5801947136,1393958912,1271934976,2285318144,524873728
36,2022-01-25,13:53:33,0.5,LocalHost,21.6,16664068096,3085012992,81.5,12703698944,402919424,5801705472,1394114560,1271934976,2285514752,524873728
37,2022-01-25,13:53:33,0.5,LocalHost,21.9,16664068096,3085099008,81.5,12703604736,402784256,5801984000,1394290688,1271934976,2285744128,524873728
38,2022-01-25,13:53:34,0.5,LocalHost,19.5,16664068096,3085402112,81.5,12703342592,402653184,5801721856,1394712576,1271934976,2286137344,524873728
39,2022-01-25,13:53:34,0.5,LocalHost,23.8,16664068096,3085291520,81.5,12703444992,402501632,5801639936,1394753536,1271934976,2286186496,524873728
40,2022-01-25,13:53:35,0.5,LocalHost,24.2,16664068096,3085553664,81.5,12703191040,402243584,5801717760,1395261440,1271934976,2286698496,524873728
41,2022-01-25,13:53:35,0.5,LocalHost,23.3,16664068096,3085770752,81.5,12702990336,402378752,5801713664,1395339264,1271951360,2286747648,524873728
42,2022-01-25,13:53:36,0.5,LocalHost,18.4,16664068096,3086012416,81.5,12702797824,402116608,5801619456,1395818496,1271951360,2287202304,524873728
43,2022-01-25,13:53:36,0.5,LocalHost,22.0,16664068096,3086024704,81.5,12702748672,402087936,5801730048,1395859456,1271975936,2287255552,524873728
44,2022-01-25,13:53:37,0.5,LocalHost,22.6,16664068096,3085602816,81.5,12703133696,401190912,5801705472,1396301824,1271992320,2287751168,524873728
45,2022-01-25,13:53:37,0.5,LocalHost,18.5,16664068096,3086213120,81.5,12702593024,401494016,5801762816,1396592640,1271992320,2287988736,524873728
46,2022-01-25,13:53:38,0.5,LocalHost,21.2,16664068096,3086385152,81.5,12702433280,401526784,5801775104,1396731904,1271992320,2288115712,524873728
47,2022-01-25,13:53:38,0.5,LocalHost,29.5,16664068096,3084058624,81.5,12705026048,398921728,5802541056,1397002240,1271992320,2288128000,524607488
48,2022-01-25,13:53:39,0.5,LocalHost,19.4,16664068096,3083718656,81.5,12705480704,398143488,5801922560,1397424128,1271992320,2288451584,524500992
49,2022-01-25,13:53:39,0.5,LocalHost,24.9,16664068096,3083485184,81.5,12705648640,397934592,5801652224,1397334016,1271992320,2288492544,524500992
50,2022-01-25,13:53:40,0.5,LocalHost,20.4,16664068096,3083821056,81.5,12705275904,397807616,5801680896,1397784576,1271992320,2288992256,524500992
51,2022-01-25,13:53:40,0.5,LocalHost,21.8,16664068096,3083640832,81.5,12705497088,397545472,5801582592,1397862400,1272008704,2289016832,524500992
52,2022-01-25,13:53:41,0.5,LocalHost,21.4,16664068096,3083730944,81.5,12705456128,397029376,5801865216,1398439936,1272008704,2289573888,524500992
53,2022-01-25,13:53:41,0.5,LocalHost,20.6,16664068096,3083739136,81.5,12705411072,397029376,5801865216,1398448128,1272016896,2289610752,524500992
54,2022-01-25,13:53:42,0.5,LocalHost,16.9,16664068096,3084140544,81.5,12704993280,396955648,5801709568,1398898688,1272041472,2290077696,524500992
55,2022-01-25,13:53:42,0.5,LocalHost,21.8,16664068096,3084156928,81.5,12705046528,396836864,5801918464,1399009280,1272057856,2290126848,524500992
56,2022-01-25,13:53:43,0.5,LocalHost,20.2,16664068096,3084206080,81.5,12704968704,396505088,5801938944,1399361536,1272057856,2290536448,524500992
57,2022-01-25,13:53:43,0.5,LocalHost,20.6,16664068096,3084599296,81.5,12704555008,396709888,5801943040,1399545856,1272057856,2290745344,524500992
58,2022-01-25,13:53:44,0.5,LocalHost,19.8,16664068096,3084382208,81.5,12704772096,396242944,5801984000,1399787520,1272057856,2290995200,524500992
59,2022-01-25,13:53:44,0.5,LocalHost,23.1,16664068096,3085352960,81.5,12703768576,397017088,5802074112,1399984128,1272057856,2291224576,524500992
60,2022-01-25,13:53:45,0.5,LocalHost,20.4,16664068096,3085352960,81.5,12703752192,396619776,5801934848,1400373248,1272057856,2291638272,524500992
61,2022-01-25,13:53:45,0.5,LocalHost,19.8,16664068096,3085201408,81.5,12703928320,396427264,5802078208,1400414208,1272057856,2291654656,524500992
62,2022-01-25,13:53:46,0.5,LocalHost,19.7,16664068096,3085643776,81.5,12703510528,396361728,5802123264,1400897536,1272074240,2292121600,524500992
63,2022-01-25,13:53:46,0.5,LocalHost,18.6,16664068096,3085553664,81.5,12703604736,396234752,5802131456,1400934400,1272082432,2292146176,524500992
64,2022-01-25,13:53:47,0.5,LocalHost,17.2,16664068096,3086176256,81.5,12702924800,396394496,5802070016,1401376768,1272082432,2292666368,524500992
65,2022-01-25,13:53:47,0.5,LocalHost,22.5,16664068096,3085950976,81.5,12703084544,395878400,5802086400,1401667584,1272115200,2292989952,524500992
66,2022-01-25,13:53:48,0.5,LocalHost,19.1,16664068096,3086413824,81.5,12702695424,395845632,5802139648,1402134528,1272139776,2293387264,524500992
67,2022-01-25,13:53:48,0.5,LocalHost,22.5,16664068096,3079815168,81.5,12709269504,388952064,5803335680,1402384384,1272139776,2293706752,524500992
68,2022-01-25,13:53:49,0.5,LocalHost,20.7,16664068096,3080552448,81.5,12708577280,389230592,5802450944,1402695680,1272139776,2294120448,524500992
69,2022-01-25,13:53:49,0.5,LocalHost,17.6,16664068096,3080634368,81.5,12708491264,389296128,5802139648,1402712064,1272139776,2294140928,524500992
70,2022-01-25,13:53:50,0.5,LocalHost,19.2,16664068096,3081310208,81.5,12707819520,389554176,5802004480,1403121664,1272139776,2294554624,524500992
71,2022-01-25,13:53:50,0.5,LocalHost,19.9,16664068096,3081445376,81.5,12707700736,389435392,5802004480,1403367424,1272139776,2294792192,524500992
72,2022-01-25,13:53:51,0.5,LocalHost,21.5,16664068096,3081314304,81.5,12707811328,388972544,5802225664,1403691008,1272139776,2295144448,524500992
73,2022-01-25,13:53:51,0.5,LocalHost,23.0,16664068096,3081359360,81.5,12707807232,388947968,5802229760,1403756544,1272156160,2295156736,524500992
74,2022-01-25,13:53:52,0.5,LocalHost,21.9,16664068096,3081371648,81.5,12707704832,388489216,5802160128,1404190720,1272156160,2295717888,524500992
75,2022-01-25,13:53:52,0.5,LocalHost,21.3,16664068096,3081314304,81.5,12707745792,388431872,5802160128,1404190720,1272156160,2295734272,524500992
76,2022-01-25,13:53:53,0.5,LocalHost,20.8,16664068096,3082297344,81.5,12706877440,388747264,5801922560,1404825600,1272180736,2296262656,524500992
77,2022-01-25,13:53:53,0.5,LocalHost,20.3,16664068096,3082563584,81.5,12706582528,388820992,5801930752,1405014016,1272188928,2296475648,524500992
78,2022-01-25,13:53:54,0.5,LocalHost,17.2,16664068096,3082838016,81.5,12706365440,388747264,5801840640,1405353984,1272188928,2296766464,524500992
79,2022-01-25,13:53:54,0.5,LocalHost,17.4,16664068096,3083194368,81.5,12706037760,389013504,5801693184,1405427712,1272188928,2296827904,524500992
80,2022-01-25,13:53:55,0.5,LocalHost,20.9,16664068096,3083194368,81.5,12705947648,388681728,5801828352,1405755392,1272188928,2297249792,524500992
81,2022-01-25,13:53:55,0.5,LocalHost,20.3,16664068096,3084009472,81.5,12705165312,389435392,5801828352,1405816832,1272188928,2297278464,524500992
82,2022-01-25,13:53:56,0.5,LocalHost,22.6,16664068096,3084177408,81.5,12704907264,389197824,5801877504,1406214144,1272188928,2297774080,524500992
83,2022-01-25,13:53:56,0.5,LocalHost,21.5,16664068096,3084050432,81.5,12705058816,389038080,5801697280,1406246912,1272197120,2297774080,524500992
84,2022-01-25,13:53:57,0.5,LocalHost,19.4,16664068096,3084070912,81.5,12705026048,388489216,5801799680,1406799872,1272205312,2298347520,524500992
85,2022-01-25,13:53:57,0.5,LocalHost,19.8,16664068096,3084247040,81.5,12704854016,388620288,5801807872,1406844928,1272205312,2298388480,524500992
86,2022-01-25,13:53:58,0.5,LocalHost,22.5,16664068096,3084582912,81.5,12704522240,388456448,5801852928,1407324160,1272213504,2298875904,524500992
87,2022-01-25,13:53:58,0.5,LocalHost,19.5,16664068096,3084746752,81.5,12704276480,388554752,5801852928,1407385600,1272238080,2298998784,524500992
88,2022-01-25,13:53:59,0.5,LocalHost,24.1,16664068096,3082940416,81.5,12706312192,386236416,5801922560,1407909888,1272246272,2299273216,524500992
89,2022-01-25,13:53:59,0.5,LocalHost,20.6,16664068096,3083304960,81.5,12705902592,386539520,5801922560,1407971328,1272246272,2299379712,524500992
90,2022-01-25,13:54:00,0.5,LocalHost,27.1,16664068096,3090284544,81.5,12705894400,393072640,5802090496,1408397312,1272246272,2292854784,517472256
91,2022-01-25,13:54:00,0.5,LocalHost,19.3,16664068096,3090845696,81.5,12705304576,393441280,5802090496,1408581632,1272246272,2293075968,517472256
92,2022-01-25,13:54:01,0.5,LocalHost,21.6,16664068096,3091415040,81.4,12704739328,393625600,5801984000,1408917504,1272246272,2293456896,517472256
93,2022-01-25,13:54:01,0.5,LocalHost,19.2,16664068096,3091300352,81.4,12704841728,393367552,5802106880,1409052672,1272254464,2293604352,517472256
94,2022-01-25,13:54:02,0.5,LocalHost,20.2,16664068096,3091529728,81.4,12704694272,393109504,5801988096,1409536000,1272254464,2294009856,517472256
95,2022-01-25,13:54:02,0.5,LocalHost,21.7,16664068096,3091832832,81.4,12704645120,393412608,5801988096,1409536000,1272270848,2293739520,517206016
96,2022-01-25,13:54:03,0.5,LocalHost,19.7,16664068096,3091943424,81.4,12704555008,393007104,5801967616,1410027520,1272270848,2294235136,517169152
97,2022-01-25,13:54:03,0.5,LocalHost,21.3,16664068096,3092201472,81.4,12704288768,393138176,5801967616,1410150400,1272279040,2294362112,517169152
98,2022-01-25,13:54:04,0.5,LocalHost,21.2,16664068096,3092082688,81.4,12704374784,392716288,5801979904,1410437120,1272295424,2294681600,517169152
99,2022-01-25,13:54:04,0.5,LocalHost,22.1,16664068096,3092180992,81.4,12704251904,392622080,5801996288,1410613248,1272303616,2294890496,517169152
100,2022-01-25,13:54:05,0.5,LocalHost,27.5,16664068096,3092381696,81.4,12704083968,392466432,5802622976,1410961408,1272303616,2295214080,517169152
101,2022-01-25,13:54:05,0.5,LocalHost,24.7,16664068096,3092578304,81.4,12703928320,392413184,5802622976,1411211264,1272303616,2295422976,517169152
102,2022-01-25,13:54:06,0.5,LocalHost,23.4,16664068096,3092160512,81.4,12704264192,391716864,5802426368,1411481600,1272303616,2295783424,517169152
103,2022-01-25,13:54:06,0.5,LocalHost,25.5,16664068096,3092553728,81.4,12703772672,391790592,5802557440,1411801088,1272311808,2296193024,517169152
104,2022-01-25,13:54:07,0.5,LocalHost,21.8,16664068096,3092844544,81.4,12703571968,391716864,5802565632,1412136960,1272311808,2296467456,517169152
105,2022-01-25,13:54:07,0.5,LocalHost,22.5,16664068096,3093053440,81.4,12703350784,391815168,5802696704,1412247552,1272311808,2296590336,517169152
106,2022-01-25,13:54:08,0.5,LocalHost,28.1,16664068096,3093487616,81.4,12703002624,391749632,5802573824,1412739072,1272320000,2296995840,517169152
107,2022-01-25,13:54:08,0.5,LocalHost,23.9,16664068096,3093368832,81.4,12703154176,391557120,5802631168,1412792320,1272336384,2297020416,517169152
108,2022-01-25,13:54:09,0.5,LocalHost,28.8,16664068096,3090534400,81.5,12706066432,387862528,5802717184,1413509120,1272336384,2297802752,517169152
109,2022-01-25,13:54:09,0.5,LocalHost,25.2,16664068096,3091263488,81.4,12705325056,388628480,5802184704,1413509120,1272369152,2297745408,517169152
110,2022-01-25,13:54:10,0.5,LocalHost,24.6,16664068096,3091456000,81.4,12704980992,388423680,5802659840,1413902336,1272385536,2298277888,517169152
111,2022-01-25,13:54:10,0.5,LocalHost,27.5,16664068096,3091476480,81.4,12704927744,388444160,5802926080,1413902336,1272385536,2298310656,517169152
112,2022-01-25,13:54:11,0.5,LocalHost,33.0,16664068096,3093176320,81.4,12703326208,389627904,5802614784,1414377472,1272385536,2298728448,517169152
113,2022-01-25,13:54:11,0.5,LocalHost,31.4,16664068096,3093409792,81.4,12703100928,389726208,5802725376,1414512640,1272393728,2298847232,517169152
114,2022-01-25,13:54:12,0.5,LocalHost,25.5,16664068096,3093413888,81.4,12703031296,389369856,5802627072,1414856704,1272393728,2299273216,517169152
115,2022-01-25,13:54:12,0.5,LocalHost,26.0,16664068096,3093606400,81.4,12702826496,389373952,5802627072,1415041024,1272393728,2299473920,517169152
116,2022-01-25,13:54:13,0.5,LocalHost,27.8,16664068096,3093999616,81.4,12702445568,389402624,5802631168,1415397376,1272410112,2299809792,517169152
117,2022-01-25,13:54:13,0.5,LocalHost,24.5,16664068096,3094003712,81.4,12702433280,389406720,5802631168,1415397376,1272410112,2299817984,517169152
118,2022-01-25,13:54:14,0.5,LocalHost,26.5,16664068096,3093987328,81.4,12702408704,388886528,5802688512,1415872512,1272418304,2300354560,517169152
119,2022-01-25,13:54:14,0.5,LocalHost,27.3,16664068096,3094216704,81.4,12702162944,388931584,5802688512,1416056832,1272418304,2300555264,517169152
120,2022-01-25,13:54:15,0.5,LocalHost,29.8,16664068096,3094020096,81.4,12702420992,388313088,5803089920,1416441856,1272434688,2300899328,517169152
121,2022-01-25,13:54:15,0.5,LocalHost,28.9,16664068096,3093618688,81.4,12702810112,387899392,5803143168,1416450048,1272451072,2300907520,517169152
122,2022-01-25,13:54:16,0.5,LocalHost,28.3,16664068096,3094056960,81.4,12702326784,387854336,5803085824,1416896512,1272451072,2301435904,517169152
123,2022-01-25,13:54:16,0.5,LocalHost,27.4,16664068096,3093803008,81.4,12702564352,387600384,5803085824,1416896512,1272459264,2301444096,517169152
124,2022-01-25,13:54:17,0.5,LocalHost,27.1,16664068096,3094122496,81.4,12702363648,387272704,5803065344,1417539584,1272459264,2301972480,517169152
125,2022-01-25,13:54:17,0.5,LocalHost,29.4,16664068096,3093987328,81.4,12702507008,387215360,5802934272,1417461760,1272459264,2301886464,517169152
126,2022-01-25,13:54:18,0.5,LocalHost,25.4,16664068096,3094396928,81.4,12702019584,387047424,5803126784,1418022912,1272459264,2302541824,517169152
127,2022-01-25,13:54:18,0.5,LocalHost,29.3,16664068096,3094507520,81.4,12701876224,387145728,5803126784,1418035200,1272467456,2302578688,517169152
128,2022-01-25,13:54:19,0.5,LocalHost,33.7,16664068096,3094081536,81.4,12702474240,385982464,5803155456,1418747904,1272475648,2303135744,517169152
129,2022-01-25,13:54:19,0.5,LocalHost,23.6,16664068096,3071193088,81.6,12706463744,363081728,5803532288,1418760192,1272475648,2322046976,536072192
130,2022-01-25,13:54:20,0.5,LocalHost,20.8,16664068096,3071291392,81.6,12706381824,362754048,5803495424,1419116544,1272492032,2322440192,536002560
131,2022-01-25,13:54:20,0.5,LocalHost,23.6,16664068096,3071672320,81.6,12705980416,363134976,5803495424,1419116544,1272500224,2322452480,536002560
132,2022-01-25,13:54:21,0.5,LocalHost,21.5,16664068096,3071606784,81.6,12706082816,362496000,5803130880,1419657216,1272508416,2322980864,536002560
133,2022-01-25,13:54:21,0.5,LocalHost,20.5,16664068096,3071848448,81.6,12705787904,362659840,5803175936,1419735040,1272516608,2323103744,536002560
134,2022-01-25,13:54:22,0.5,LocalHost,18.3,16664068096,3072045056,81.6,12705550336,362496000,5802954752,1420083200,1272516608,2323505152,536002560
135,2022-01-25,13:54:22,0.5,LocalHost,18.5,16664068096,3071897600,81.6,12705665024,362131456,5802958848,1420288000,1272541184,2323730432,536002560
136,2022-01-25,13:54:23,0.5,LocalHost,25.0,16664068096,3072315392,81.6,12705292288,362205184,5802860544,1420627968,1272541184,2324029440,536002560
137,2022-01-25,13:54:23,0.5,LocalHost,21.5,16664068096,3072139264,81.6,12705460224,361914368,5803008000,1420718080,1272541184,2324152320,536002560
138,2022-01-25,13:54:24,0.5,LocalHost,18.2,16664068096,3072806912,81.6,12704833536,362115072,5802938368,1421164544,1272549376,2324570112,536002560
139,2022-01-25,13:54:24,0.5,LocalHost,21.3,16664068096,3073228800,81.6,12704395264,362479616,5803167744,1421221888,1272557568,2324635648,536002560
140,2022-01-25,13:54:25,0.5,LocalHost,19.0,16664068096,3073458176,81.6,12704210944,362205184,5802934272,1421709312,1272557568,2325094400,536002560
141,2022-01-25,13:54:25,0.5,LocalHost,22.7,16664068096,3073847296,81.6,12703862784,362467328,5802934272,1421832192,1272565760,2325172224,536002560
142,2022-01-25,13:54:26,0.5,LocalHost,19.3,16664068096,3073638400,81.6,12704014336,361824256,5802958848,1422237696,1272573952,2325655552,536002560
143,2022-01-25,13:54:26,0.5,LocalHost,18.5,16664068096,3083579392,81.5,12705533952,371621888,5803278336,1422368768,1272582144,2314330112,524554240
144,2022-01-25,13:54:27,0.5,LocalHost,19.9,16664068096,3084316672,81.5,12704903168,371990528,5802926080,1422729216,1272582144,2314592256,524468224
145,2022-01-25,13:54:27,0.5,LocalHost,19.6,16664068096,3084591104,81.5,12704616448,372264960,5802926080,1422729216,1272590336,2314596352,524468224
146,2022-01-25,13:54:28,0.5,LocalHost,18.1,16664068096,3084726272,81.5,12704403456,371957760,5802979328,1423159296,1272590336,2315116544,524468224
147,2022-01-25,13:54:28,0.5,LocalHost,21.7,16664068096,3084877824,81.5,12704202752,372023296,5802979328,1423241216,1272590336,2315251712,524468224
148,2022-01-25,13:54:29,0.5,LocalHost,20.7,16664068096,3085582336,81.5,12703567872,372080640,5803040768,1423872000,1272590336,2315829248,524468224
149,2022-01-25,13:54:29,0.5,LocalHost,26.2,16664068096,3080933376,81.5,12708282368,367321088,5804150784,1423953920,1272631296,2315833344,524468224
150,2022-01-25,13:54:30,0.5,LocalHost,18.5,16664068096,3082145792,81.5,12707033088,367955968,5802967040,1424392192,1272631296,2316447744,524468224
151,2022-01-25,13:54:30,0.5,LocalHost,19.8,16664068096,3082383360,81.5,12706779136,368185344,5803081728,1424400384,1272631296,2316472320,524468224
152,2022-01-25,13:54:31,0.5,LocalHost,19.9,16664068096,3082858496,81.5,12706279424,368173056,5803171840,1424879616,1272647680,2316967936,524468224
153,2022-01-25,13:54:31,0.5,LocalHost,20.7,16664068096,3082903552,81.5,12706234368,368156672,5803171840,1424941056,1272655872,2317021184,524468224
154,2022-01-25,13:54:32,0.5,LocalHost,22.0,16664068096,3083436032,81.5,12705759232,368119808,5803155456,1425473536,1272672256,2317516800,524468224
155,2022-01-25,13:54:32,0.5,LocalHost,22.0,16664068096,3083767808,81.5,12705402880,368451584,5803155456,1425473536,1272672256,2317541376,524468224
156,2022-01-25,13:54:33,0.5,LocalHost,19.3,16664068096,3083534336,81.5,12705632256,367710208,5803126784,1425952768,1272672256,2318053376,524468224
157,2022-01-25,13:54:33,0.5,LocalHost,20.5,16664068096,3083931648,81.5,12705226752,368107520,5803126784,1425952768,1272672256,2318061568,524468224
158,2022-01-25,13:54:34,0.5,LocalHost,19.8,16664068096,3083964416,81.5,12705210368,367587328,5803188224,1426493440,1272672256,2318598144,524468224
159,2022-01-25,13:54:34,0.5,LocalHost,25.5,16664068096,3083513856,81.5,12705669120,367067136,5803024384,1426563072,1272705024,2318626816,524468224
160,2022-01-25,13:54:35,0.5,LocalHost,22.6,16664068096,3084111872,81.5,12705046528,367259648,5803216896,1426931712,1272705024,2319056896,524468224
161,2022-01-25,13:54:35,0.5,LocalHost,19.8,16664068096,3083984896,81.5,12705161216,367132672,5803216896,1426931712,1272705024,2319069184,524468224
162,2022-01-25,13:54:36,0.5,LocalHost,17.6,16664068096,3084488704,81.5,12704706560,367071232,5803200512,1427488768,1272705024,2319585280,524468224
163,2022-01-25,13:54:36,0.5,LocalHost,17.3,16664068096,3084361728,81.5,12704821248,366944256,5803200512,1427488768,1272713216,2319589376,524468224
164,2022-01-25,13:54:37,0.5,LocalHost,17.7,16664068096,3084541952,81.5,12704604160,366612480,5803208704,1427976192,1272729600,2320121856,524468224
165,2022-01-25,13:54:37,0.5,LocalHost,20.3,16664068096,3085328384,81.5,12703891456,367230976,5803270144,1428144128,1272737792,2320207872,524468224
166,2022-01-25,13:54:38,0.5,LocalHost,19.7,16664068096,3085471744,81.5,12703735808,366936064,5803253760,1428549632,1272737792,2320658432,524468224
167,2022-01-25,13:54:38,0.5,LocalHost,19.1,16664068096,3085246464,81.5,12703956992,366710784,5803253760,1428549632,1272737792,2320662528,524468224
168,2022-01-25,13:54:39,0.5,LocalHost,21.2,16664068096,3085312000,81.5,12703764480,366354432,5803257856,1428959232,1272737792,2321211392,524468224
169,2022-01-25,13:54:39,0.5,LocalHost,22.0,16664068096,3083415552,81.5,12705767424,364228608,5805387776,1429184512,1272745984,2321326080,524361728
170,2022-01-25,13:54:40,0.5,LocalHost,25.1,16664068096,3083145216,81.5,12706217984,363503616,5803384832,1429536768,1272762368,2321584128,524361728
171,2022-01-25,13:54:40,0.5,LocalHost,20.9,16664068096,3083116544,81.5,12706222080,363474944,5803651072,1429536768,1272762368,2321608704,524361728
172,2022-01-25,13:54:41,0.5,LocalHost,21.1,16664068096,3083309056,81.5,12706062336,363212800,5803364352,1429983232,1272762368,2322030592,524361728
173,2022-01-25,13:54:41,0.5,LocalHost,21.5,16664068096,3083440128,81.5,12705898496,363343872,5803364352,1429983232,1272762368,2322063360,524361728
174,2022-01-25,13:54:42,0.5,LocalHost,19.9,16664068096,3083476992,81.5,12705775616,362930176,5803442176,1430417408,1272778752,2322583552,524361728
175,2022-01-25,13:54:42,0.5,LocalHost,19.5,16664068096,3083243520,81.5,12706066432,362504192,5803466752,1430597632,1272786944,2322710528,524361728
176,2022-01-25,13:54:43,0.5,LocalHost,18.7,16664068096,3083550720,81.5,12705730560,362418176,5803450368,1430962176,1272795136,2323124224,524361728
177,2022-01-25,13:54:43,0.5,LocalHost,22.5,16664068096,3083681792,81.5,12705595392,362549248,5803450368,1430962176,1272795136,2323128320,524361728
178,2022-01-25,13:54:44,0.5,LocalHost,21.8,16664068096,3090337792,81.5,12705824768,368660480,5803638784,1431486464,1272803328,2316779520,517472256
179,2022-01-25,13:54:44,0.5,LocalHost,24.8,16664068096,3090350080,81.5,12705800192,368672768,5803638784,1431486464,1272803328,2316791808,517472256
180,2022-01-25,13:54:45,0.5,LocalHost,24.5,16664068096,3090386944,81.5,12705751040,368144384,5803491328,1432031232,1272819712,2317352960,517472256
181,2022-01-25,13:54:45,0.5,LocalHost,25.5,16664068096,3090423808,81.5,12705746944,368144384,5803491328,1432068096,1272827904,2317348864,517472256
182,2022-01-25,13:54:46,0.5,LocalHost,22.6,16664068096,3090796544,81.5,12705292288,368078848,5803298816,1432489984,1272827904,2317869056,517472256
183,2022-01-25,13:54:46,0.5,LocalHost,22.5,16664068096,3090194432,81.5,12705906688,367337472,5803429888,1432604672,1272827904,2317996032,517472256
184,2022-01-25,13:54:47,0.5,LocalHost,23.2,16664068096,3090583552,81.5,12705587200,367337472,5803339776,1432977408,1272827904,2318315520,517472256
185,2022-01-25,13:54:47,0.5,LocalHost,22.1,16664068096,3090513920,81.5,12705685504,367222784,5803540480,1433022464,1272836096,2318323712,517472256
186,2022-01-25,13:54:48,0.5,LocalHost,23.6,16664068096,3090968576,81.5,12705255424,366956544,5803364352,1433726976,1272852480,2319003648,517472256
187,2022-01-25,13:54:48,0.5,LocalHost,25.4,16664068096,3090726912,81.5,12705476608,366682112,5803384832,1433739264,1272868864,2319040512,517472256
188,2022-01-25,13:54:49,0.5,LocalHost,25.0,16664068096,3091329024,81.4,12704845824,366784512,5803364352,1434206208,1272877056,2319560704,517472256
189,2022-01-25,13:54:49,0.5,LocalHost,24.4,16664068096,3091623936,81.4,12704542720,366891008,5803364352,1434390528,1272877056,2319757312,517472256
190,2022-01-25,13:54:50,0.5,LocalHost,30.0,16664068096,3089674240,81.5,12706619392,364290048,5803905024,1434959872,1272893440,2320265216,517472256
191,2022-01-25,13:54:50,0.5,LocalHost,28.8,16664068096,3090640896,81.5,12705910784,365244416,5803638784,1434972160,1272901632,2320011264,517206016
192,2022-01-25,13:54:51,0.5,LocalHost,23.7,16664068096,3090919424,81.5,12705599488,365166592,5803495424,1435348992,1272901632,2320400384,517103616
193,2022-01-25,13:54:51,0.5,LocalHost,25.8,16664068096,3090784256,81.5,12705697792,364834816,5803446272,1435537408,1272901632,2320633856,517103616
194,2022-01-25,13:54:52,0.5,LocalHost,26.7,16664068096,3090857984,81.5,12705669120,364564480,5803388928,1435869184,1272901632,2320932864,517103616
195,2022-01-25,13:54:52,0.5,LocalHost,24.0,16664068096,3091050496,81.5,12705456128,364630016,5803388928,1435992064,1272901632,2321080320,517103616
196,2022-01-25,13:54:53,0.5,LocalHost,27.5,16664068096,3091365888,81.4,12705132544,364564480,5803425792,1436368896,1272918016,2321453056,517103616
197,2022-01-25,13:54:53,0.5,LocalHost,26.3,16664068096,3091771392,81.4,12704641024,364793856,5803429888,1436532736,1272926208,2321707008,517103616
198,2022-01-25,13:54:54,0.5,LocalHost,23.1,16664068096,3091562496,81.4,12705038336,364060672,5803450368,1437020160,1272942592,2322026496,517103616
199,2022-01-25,13:54:54,0.5,LocalHost,31.2,16664068096,3091501056,81.4,12705095680,363999232,5803634688,1437020160,1272942592,2322030592,517103616
200,2022-01-25,13:54:55,0.5,LocalHost,27.6,16664068096,3091922944,81.4,12704645120,363995136,5803302912,1437421568,1272950784,2322477056,517103616
201,2022-01-25,13:54:55,0.5,LocalHost,27.9,16664068096,3091857408,81.4,12704641024,363868160,5803302912,1437483008,1272950784,2322608128,517103616
202,2022-01-25,13:54:56,0.5,LocalHost,25.3,16664068096,3091984384,81.4,12704542720,363556864,5803470848,1437913088,1272958976,2323009536,517103616
203,2022-01-25,13:54:56,0.5,LocalHost,27.9,16664068096,3092078592,81.4,12704296960,363384832,5803470848,1438179328,1272958976,2323427328,517103616
204,2022-01-25,13:54:57,0.5,LocalHost,26.9,16664068096,3092029440,81.4,12704559104,362995712,5803433984,1438486528,1272958976,2323554304,517103616
205,2022-01-25,13:54:57,0.5,LocalHost,26.9,16664068096,3092574208,81.4,12703608832,363503616,5803642880,1438523392,1272958976,2323996672,517103616
206,2022-01-25,13:54:58,0.5,LocalHost,30.6,16664068096,3092803584,81.4,12703780864,363253760,5803491328,1438990336,1272958976,2324074496,517103616
207,2022-01-25,13:54:58,0.5,LocalHost,29.9,16664068096,3092459520,81.4,12704145408,362663936,5803495424,1439232000,1272967168,2324291584,517103616
208,2022-01-25,13:54:59,0.5,LocalHost,26.6,16664068096,3092570112,81.4,12704002048,362446848,5803421696,1439522816,1272987648,2324631552,517103616
209,2022-01-25,13:54:59,0.5,LocalHost,27.6,16664068096,3092799488,81.4,12703756288,362676224,5803421696,1439522816,1272995840,2324639744,517103616
210,2022-01-25,13:55:00,0.5,LocalHost,34.8,16664068096,3082489856,81.5,12713725952,351805440,5811318784,1440063488,1272995840,2325540864,517472256
211,2022-01-25,13:55:00,0.5,LocalHost,29.1,16664068096,3088396288,81.5,12707799040,357388288,5804396544,1440374784,1273012224,2325868544,517472256
212,2022-01-25,13:55:01,0.5,LocalHost,31.2,16664068096,3088744448,81.5,12707385344,357269504,5803712512,1440657408,1273012224,2326401024,517472256
213,2022-01-25,13:55:01,0.5,LocalHost,28.9,16664068096,3089457152,81.5,12706697216,357928960,5803536384,1440694272,1273028608,2326413312,517472256
214,2022-01-25,13:55:02,0.5,LocalHost,29.2,16664068096,3089403904,81.5,12706762752,357335040,5803593728,1441198080,1273028608,2326941696,517472256
215,2022-01-25,13:55:02,0.5,LocalHost,29.1,16664068096,3089608704,81.5,12706492416,357474304,5803593728,1441259520,1273028608,2327072768,517472256
216,2022-01-25,13:55:03,0.5,LocalHost,28.7,16664068096,3089694720,81.5,12706471936,357076992,5803577344,1441734656,1273028608,2327490560,517472256
217,2022-01-25,13:55:03,0.5,LocalHost,26.8,16664068096,3089915904,81.5,12706234368,356990976,5803585536,1442033664,1273028608,2327814144,517472256
218,2022-01-25,13:55:04,0.5,LocalHost,26.9,16664068096,3090300928,81.5,12705812480,357175296,5803569152,1442217984,1273044992,2328035328,517472256
219,2022-01-25,13:55:04,0.5,LocalHost,28.0,16664068096,3090460672,81.5,12705685504,357068800,5803466752,1442476032,1273053184,2328260608,517472256
220,2022-01-25,13:55:05,0.5,LocalHost,27.9,16664068096,3090599936,81.5,12705599488,356818944,5803544576,1442848768,1273069568,2328580096,517472256
221,2022-01-25,13:55:05,0.5,LocalHost,26.9,16664068096,3090817024,81.5,12705361920,357036032,5803544576,1442848768,1273069568,2328600576,517472256
222,2022-01-25,13:55:06,0.5,LocalHost,28.6,16664068096,3090731008,81.5,12705558528,356302848,5803372544,1443446784,1273085952,2329120768,517472256
223,2022-01-25,13:55:06,0.5,LocalHost,27.3,16664068096,3091189760,81.4,12704960512,356466688,5803290624,1443737600,1273085952,2329554944,517472256
224,2022-01-25,13:55:07,0.5,LocalHost,31.5,16664068096,3092115456,81.4,12704088064,357076992,5801783296,1444036608,1273094144,2329808896,517472256
225,2022-01-25,13:55:07,0.5,LocalHost,26.3,16664068096,3092246528,81.4,12703940608,357208064,5801783296,1444036608,1273094144,2329825280,517472256
226,2022-01-25,13:55:08,0.5,LocalHost,25.3,16664068096,3092865024,81.4,12703309824,357310464,5801824256,1444544512,1273094144,2330353664,517472256
227,2022-01-25,13:55:08,0.5,LocalHost,27.9,16664068096,3092828160,81.4,12703330304,357273600,5801824256,1444544512,1273094144,2330370048,517472256
228,2022-01-25,13:55:09,0.5,LocalHost,25.1,16664068096,3092520960,81.4,12703559680,356528128,5801824256,1444966400,1273102336,2330877952,517472256
229,2022-01-25,13:55:09,0.5,LocalHost,25.6,16664068096,3092582400,81.4,12703543296,356401152,5801828352,1445146624,1273118720,2331004928,517472256
230,2022-01-25,13:55:10,0.5,LocalHost,26.5,16664068096,3092877312,81.4,12703248384,356270080,5801807872,1445548032,1273126912,2331422720,517472256
231,2022-01-25,13:55:10,0.5,LocalHost,31.3,16664068096,3091165184,81.5,12704940032,354557952,5802606592,1445548032,1273135104,2331435008,517472256
232,2022-01-25,13:55:11,0.5,LocalHost,27.0,16664068096,3091664896,81.4,12704575488,354254848,5801943040,1446072320,1273135104,2332102656,517472256
233,2022-01-25,13:55:11,0.5,LocalHost,26.7,16664068096,3092004864,81.4,12704202752,354586624,5801811968,1446080512,1273143296,2332135424,517472256
234,2022-01-25,13:55:12,0.5,LocalHost,24.5,16664068096,3092537344,81.4,12703608832,354627584,5801910272,1446551552,1273143296,2332688384,517472256
235,2022-01-25,13:55:12,0.5,LocalHost,25.5,16664068096,3092496384,81.4,12703637504,354586624,5801910272,1446551552,1273151488,2332692480,517472256
236,2022-01-25,13:55:13,0.5,LocalHost,29.1,16664068096,3092672512,81.4,12703485952,354201600,5801865216,1447096320,1273151488,2333229056,517472256
237,2022-01-25,13:55:13,0.5,LocalHost,26.9,16664068096,3093012480,81.4,12703100928,354455552,5802086400,1447182336,1273151488,2333360128,517472256
238,2022-01-25,13:55:14,0.5,LocalHost,26.7,16664068096,3093364736,81.4,12702781440,354426880,5801873408,1447550976,1273159680,2333700096,517472256
239,2022-01-25,13:55:14,0.5,LocalHost,24.4,16664068096,3092824064,81.4,12703674368,353751040,5801791488,1447682048,1273159680,2333483008,517206016
240,2022-01-25,13:55:15,0.5,LocalHost,22.9,16664068096,3092049920,81.4,12704407552,352587776,5801906176,1448054784,1273167872,2333904896,517169152
241,2022-01-25,13:55:15,0.5,LocalHost,24.2,16664068096,3092447232,81.4,12703989760,352976896,5801914368,1448058880,1273176064,2333925376,517169152
242,2022-01-25,13:55:16,0.5,LocalHost,25.1,16664068096,3093151744,81.4,12703383552,353042432,5801930752,1448660992,1273192448,2334449664,517169152
243,2022-01-25,13:55:16,0.5,LocalHost,25.1,16664068096,3093491712,81.4,12702879744,353099776,5802160128,1448943616,1273192448,2334896128,517169152
244,2022-01-25,13:55:17,0.5,LocalHost,20.7,16664068096,3093581824,81.4,12702846976,353009664,5801984000,1449099264,1273208832,2335002624,517169152
245,2022-01-25,13:55:17,0.5,LocalHost,23.8,16664068096,3093295104,81.4,12703141888,352600064,5801984000,1449222144,1273208832,2335117312,517169152
246,2022-01-25,13:55:18,0.5,LocalHost,25.4,16664068096,3093549056,81.4,12702965760,352370688,5801930752,1449676800,1273217024,2335514624,517169152
247,2022-01-25,13:55:18,0.5,LocalHost,26.5,16664068096,3093942272,81.4,12702420992,352497664,5801930752,1449943040,1273217024,2335932416,517169152
248,2022-01-25,13:55:19,0.5,LocalHost,23.0,16664068096,3094069248,81.4,12702429184,352210944,5801955328,1450323968,1273225216,2336202752,517169152
249,2022-01-25,13:55:19,0.5,LocalHost,26.9,16664068096,3083972608,81.5,12702928896,342114304,5802221568,1450323968,1273225216,2345799680,526753792
250,2022-01-25,13:55:20,0.5,LocalHost,20.0,16664068096,3083702272,81.5,12703105024,341475328,5802266624,1450676224,1273225216,2346262528,526786560
251,2022-01-25,13:55:20,0.5,LocalHost,24.2,16664068096,3073224704,81.6,12714074112,330403840,5812916224,1451270144,1273225216,2346364928,526786560
252,2022-01-25,13:55:21,0.5,LocalHost,23.4,16664068096,3082272768,81.5,12704677888,339320832,5802270720,1451331584,1273241600,2346827776,526786560
253,2022-01-25,13:55:21,0.5,LocalHost,24.1,16664068096,3082706944,81.5,12704231424,339390464,5802311680,1451675648,1273249792,2347196416,526786560
254,2022-01-25,13:55:22,0.5,LocalHost,23.7,16664068096,3083218944,81.5,12703617024,339816448,5802057728,1451741184,1273249792,2347384832,526786560
255,2022-01-25,13:55:22,0.5,LocalHost,22.6,16664068096,3083153408,81.5,12703580160,339423232,5802057728,1452068864,1273266176,2347798528,526786560
256,2022-01-25,13:55:23,0.5,LocalHost,23.0,16664068096,3083403264,81.5,12703428608,339423232,5802123264,1452298240,1273266176,2347950080,526786560
257,2022-01-25,13:55:23,0.5,LocalHost,20.3,16664068096,3083689984,81.5,12703162368,339664896,5802131456,1452339200,1273282560,2347958272,526786560
258,2022-01-25,13:55:24,0.5,LocalHost,23.7,16664068096,3083980800,81.5,12702879744,339423232,5802078208,1452847104,1273290752,2348474368,526786560
259,2022-01-25,13:55:24,0.5,LocalHost,22.6,16664068096,3084369920,81.5,12702461952,339652608,5802110976,1452998656,1273290752,2348662784,526786560
260,2022-01-25,13:55:25,0.5,LocalHost,24.8,16664068096,3084173312,81.5,12702613504,339132416,5802139648,1453309952,1273290752,2349031424,526786560
261,2022-01-25,13:55:25,0.5,LocalHost,20.7,16664068096,3084328960,81.5,12702478336,339255296,5802168320,1453342720,1273290752,2349043712,526786560
262,2022-01-25,13:55:26,0.5,LocalHost,22.6,16664068096,3084595200,81.5,12702265344,339009536,5802184704,1453834240,1273290752,2349502464,526786560
263,2022-01-25,13:55:26,0.5,LocalHost,20.9,16664068096,3084849152,81.5,12701958144,339197952,5802184704,1453895680,1273307136,2349604864,526786560
264,2022-01-25,13:55:27,0.5,LocalHost,23.8,16664068096,3084750848,81.5,12702175232,338526208,5802180608,1454436352,1273323520,2350043136,526786560
265,2022-01-25,13:55:27,0.5,LocalHost,21.0,16664068096,3085283328,81.5,12701609984,338759680,5802184704,1454723072,1273323520,2350374912,526786560
266,2022-01-25,13:55:28,0.5,LocalHost,20.5,16664068096,3084922880,81.5,12701949952,338210816,5802041344,1454903296,1273331712,2350575616,526786560
267,2022-01-25,13:55:28,0.5,LocalHost,20.3,16664068096,3085246464,81.5,12701687808,338341888,5802065920,1455079424,1273331712,2350706688,526786560
268,2022-01-25,13:55:29,0.5,LocalHost,23.4,16664068096,3085172736,81.5,12701622272,337842176,5802205184,1455493120,1273348096,2351255552,526786560
269,2022-01-25,13:55:29,0.5,LocalHost,22.9,16664068096,3085168640,81.5,12701507584,337555456,5802250240,1455775744,1273348096,2351656960,526786560
270,2022-01-25,13:55:30,0.5,LocalHost,19.8,16664068096,3085336576,81.5,12701519872,337391616,5802192896,1456087040,1273348096,2351808512,526786560
271,2022-01-25,13:55:30,0.5,LocalHost,21.1,16664068096,3085594624,81.5,12701237248,337649664,5802192896,1456087040,1273348096,2351833088,526786560
272,2022-01-25,13:55:31,0.5,LocalHost,25.5,16664068096,3083091968,81.5,12703850496,334454784,5802672128,1456713728,1273348096,2352414720,526786560
273,2022-01-25,13:55:31,0.5,LocalHost,22.7,16664068096,3083735040,81.5,12703170560,335048704,5802299392,1456783360,1273348096,2352500736,526786560
274,2022-01-25,13:55:32,0.5,LocalHost,22.3,16664068096,3083448320,81.5,12703404032,334516224,5802250240,1457061888,1273364480,2352783360,526786560
275,2022-01-25,13:55:32,0.5,LocalHost,21.4,16664068096,3083751424,81.5,12703092736,334483456,5802053632,1457385472,1273372672,2353119232,526786560
276,2022-01-25,13:55:33,0.5,LocalHost,25.2,16664068096,3084226560,81.5,12702638080,334708736,5802065920,1457610752,1273372672,2353348608,526786560
277,2022-01-25,13:55:33,0.5,LocalHost,20.4,16664068096,3084447744,81.5,12702412800,334692352,5802188800,1457840128,1273393152,2353569792,526786560
278,2022-01-25,13:55:34,0.5,LocalHost,21.7,16664068096,3084505088,81.5,12702367744,334372864,5802356736,1458163712,1273417728,2353909760,526786560
279,2022-01-25,13:55:34,0.5,LocalHost,21.3,16664068096,3084570624,81.5,12702281728,334245888,5802405888,1458352128,1273417728,2354122752,526786560
280,2022-01-25,13:55:35,0.5,LocalHost,20.0,16664068096,3084197888,81.5,12702666752,333512704,5802307584,1458688000,1273417728,2354470912,526786560
281,2022-01-25,13:55:35,0.5,LocalHost,24.4,16664068096,3083776000,81.5,12703055872,333090816,5802307584,1458688000,1273417728,2354503680,526786560
282,2022-01-25,13:55:36,0.5,LocalHost,19.8,16664068096,3084546048,81.5,12702306304,333361152,5802274816,1459175424,1273417728,2354982912,526786560
283,2022-01-25,13:55:36,0.5,LocalHost,22.3,16664068096,3084406784,81.5,12702457856,333078528,5802274816,1459318784,1273417728,2355113984,526786560
284,2022-01-25,13:55:37,0.5,LocalHost,18.0,16664068096,3084455936,81.5,12702371840,332759040,5802184704,1459671040,1273417728,2355519488,526786560
285,2022-01-25,13:55:37,0.5,LocalHost,21.4,16664068096,3084288000,81.5,12702519296,332484608,5802987520,1459773440,1273434112,2355630080,526786560
286,2022-01-25,13:55:38,0.5,LocalHost,20.9,16664068096,3084251136,81.5,12702633984,331915264,5803069440,1460277248,1273450496,2356068352,526786560
287,2022-01-25,13:55:38,0.5,LocalHost,21.8,16664068096,3085516800,81.5,12703793152,333049856,5803180032,1460404224,1273450496,2353774592,524369920
288,2022-01-25,13:55:39,0.5,LocalHost,20.1,16664068096,3085815808,81.5,12703408128,332959744,5803143168,1460760576,1273483264,2354216960,524468224
289,2022-01-25,13:55:39,0.5,LocalHost,20.5,16664068096,3086262272,81.5,12702912512,333156352,5803143168,1461006336,1273483264,2354515968,524468224
290,2022-01-25,13:55:40,0.5,LocalHost,23.1,16664068096,3085975552,81.5,12703092736,332738560,5803143168,1461133312,1273483264,2354753536,524468224
291,2022-01-25,13:55:40,0.5,LocalHost,20.2,16664068096,3084742656,81.5,12704329728,331190272,5803409408,1461440512,1273483264,2355064832,524468224
292,2022-01-25,13:55:41,0.5,LocalHost,25.6,16664068096,3084611584,81.5,12704632832,330661888,5803438080,1461805056,1273483264,2355290112,524468224
293,2022-01-25,13:55:41,0.5,LocalHost,21.3,16664068096,3083370496,81.5,12705771520,329117696,5803687936,1462108160,1273483264,2355695616,524468224
294,2022-01-25,13:55:42,0.5,LocalHost,20.9,16664068096,3083210752,81.5,12705980416,328818688,5803126784,1462419456,1273483264,2355785728,524468224
295,2022-01-25,13:55:42,0.5,LocalHost,20.4,16664068096,3083223040,81.5,12705808384,328552448,5803237376,1462697984,1273483264,2356224000,524468224
296,2022-01-25,13:55:43,0.5,LocalHost,18.8,16664068096,3083530240,81.5,12705681408,328593408,5803253760,1462947840,1273507840,2356285440,524468224
297,2022-01-25,13:55:43,0.5,LocalHost,24.6,16664068096,3083665408,81.5,12705538048,328507392,5803470848,1463160832,1273516032,2356506624,524468224
298,2022-01-25,13:55:44,0.5,LocalHost,19.0,16664068096,3083812864,81.5,12705382400,328294400,5803237376,1463476224,1273532416,2356858880,524468224
299,2022-01-25,13:55:44,0.5,LocalHost,18.7,16664068096,3084451840,81.5,12704702464,328830976,5803253760,1463562240,1273548800,2356985856,524468224
300,2022-01-25,13:55:45,0.5,LocalHost,19.7,16664068096,3084365824,81.5,12704747520,328359936,5803257856,1463930880,1273548800,2357411840,524468224
301,2022-01-25,13:55:45,0.5,LocalHost,19.8,16664068096,3084652544,81.5,12704387072,328298496,5803073536,1464270848,1273548800,2357833728,524468224
302,2022-01-25,13:55:46,0.5,LocalHost,22.8,16664068096,3084877824,81.5,12704264192,328314880,5803261952,1464467456,1273548800,2357940224,524468224
303,2022-01-25,13:55:46,0.5,LocalHost,21.2,16664068096,3084554240,81.5,12704595968,327921664,5803094016,1464528896,1273548800,2358001664,524468224
304,2022-01-25,13:55:47,0.5,LocalHost,19.2,16664068096,3084967936,81.5,12704206848,327823360,5803237376,1465028608,1273548800,2358489088,524468224
305,2022-01-25,13:55:47,0.5,LocalHost,24.1,16664068096,3084902400,81.5,12704292864,327696384,5803237376,1465090048,1273548800,2358530048,524468224
306,2022-01-25,13:55:48,0.5,LocalHost,24.2,16664068096,3084947456,81.5,12704239616,327176192,5803225088,1465638912,1273548800,2359103488,524468224
307,2022-01-25,13:55:48,0.5,LocalHost,20.7,16664068096,3085160448,81.5,12704022528,327172096,5803257856,1465851904,1273573376,2359300096,524468224
308,2022-01-25,13:55:49,0.5,LocalHost,20.3,16664068096,3085283328,81.5,12703920128,326918144,5803282432,1466195968,1273589760,2359640064,524468224
309,2022-01-25,13:55:49,0.5,LocalHost,21.6,16664068096,3085271040,81.5,12703547392,326864896,5803282432,1466236928,1273606144,2360049664,524468224
310,2022-01-25,13:55:50,0.5,LocalHost,24.1,16664068096,3085832192,81.5,12703367168,326918144,5803319296,1466691584,1273614336,2360168448,524468224
311,2022-01-25,13:55:50,0.5,LocalHost,20.9,16664068096,3085901824,81.5,12703141888,326717440,5803319296,1466957824,1273614336,2360594432,524468224
312,2022-01-25,13:55:51,0.5,LocalHost,17.9,16664068096,3085770752,81.5,12703346688,326303744,5803319296,1467232256,1273614336,2360803328,524468224
313,2022-01-25,13:55:51,0.5,LocalHost,23.9,16664068096,3082489856,81.5,12706693120,322854912,5804175360,1467314176,1273614336,2360905728,524468224
314,2022-01-25,13:55:52,0.5,LocalHost,21.6,16664068096,3082706944,81.5,12706533376,322662400,5803487232,1467727872,1273614336,2361257984,524468224
315,2022-01-25,13:55:52,0.5,LocalHost,25.1,16664068096,3082846208,81.5,12706258944,322535424,5803487232,1467994112,1273614336,2361659392,524468224
316,2022-01-25,13:55:53,0.5,LocalHost,21.7,16664068096,3082805248,81.5,12706287616,322363392,5803397120,1468108800,1273614336,2361802752,524468224
317,2022-01-25,13:55:53,0.5,LocalHost,21.4,16664068096,3082752000,81.5,12706328576,322289664,5803413504,1468129280,1273614336,2361835520,524468224
318,2022-01-25,13:55:54,0.5,LocalHost,21.0,16664068096,3083464704,81.5,12705693696,322392064,5803233280,1468735488,1273655296,2362327040,524468224
319,2022-01-25,13:55:54,0.5,LocalHost,21.3,16664068096,3083194368,81.5,12705959936,322109440,5803233280,1468747776,1273663488,2362335232,524468224
320,2022-01-25,13:55:55,0.5,LocalHost,20.7,16664068096,3084099584,81.5,12705112064,322424832,5803384832,1469288448,1273679872,2362851328,524468224
321,2022-01-25,13:55:55,0.5,LocalHost,20.3,16664068096,3084234752,81.5,12705009664,322297856,5803237376,1469521920,1273679872,2363080704,524468224
322,2022-01-25,13:55:56,0.5,LocalHost,23.2,16664068096,3084406784,81.5,12704768000,322228224,5803356160,1469751296,1273679872,2363392000,524468224
323,2022-01-25,13:55:56,0.5,LocalHost,21.6,16664068096,3084480512,81.5,12704681984,322174976,5803356160,1469874176,1273679872,2363531264,524468224
324,2022-01-25,13:55:57,0.5,LocalHost,21.7,16664068096,3084337152,81.5,12704780288,321744896,5803417600,1470156800,1273679872,2363863040,524468224
325,2022-01-25,13:55:57,0.5,LocalHost,23.0,16664068096,3084562432,81.5,12704575488,321843200,5803417600,1470279680,1273679872,2363969536,524468224
326,2022-01-25,13:55:58,0.5,LocalHost,19.3,16664068096,3084804096,81.5,12704423936,321556480,5803368448,1470799872,1273679872,2364407808,524468224
327,2022-01-25,13:55:58,0.5,LocalHost,22.9,16664068096,3084578816,81.5,12704632832,321331200,5803368448,1470799872,1273679872,2364424192,524468224
328,2022-01-25,13:55:59,0.5,LocalHost,22.0,16664068096,3084877824,81.5,12704280576,321105920,5803376640,1471295488,1273688064,2364993536,524468224
329,2022-01-25,13:55:59,0.5,LocalHost,19.1,16664068096,3085090816,81.5,12704071680,321097728,5803376640,1471512576,1273712640,2365186048,524468224
330,2022-01-25,13:56:00,0.5,LocalHost,24.8,16664068096,3092189184,81.4,12703997952,327790592,5803540480,1471881216,1273720832,2358558720,517472256
331,2022-01-25,13:56:00,0.5,LocalHost,18.0,16664068096,3092353024,81.4,12703870976,327700480,5803601920,1472126976,1273737216,2358759424,517472256
332,2022-01-25,13:56:01,0.5,LocalHost,23.9,16664068096,3091582976,81.4,12704874496,326623232,5803393024,1472430080,1273737216,2358833152,517206016
333,2022-01-25,13:56:01,0.5,LocalHost,24.3,16664068096,3092316160,81.4,12703981568,327065600,5803659264,1472720896,1273737216,2359283712,517238784
334,2022-01-25,13:56:02,0.5,LocalHost,25.9,16664068096,3090800640,81.5,12705869824,325234688,5803454464,1472987136,1273737216,2359226368,517033984
335,2022-01-25,13:56:02,0.5,LocalHost,19.8,16664068096,3090620416,81.5,12706013184,325033984,5803585536,1473007616,1273737216,2359283712,517033984
336,2022-01-25,13:56:03,0.5,LocalHost,19.8,16664068096,3090923520,81.5,12705525760,324804608,5803401216,1473527808,1273737216,2360000512,517169152
337,2022-01-25,13:56:03,0.5,LocalHost,23.0,16664068096,3091046400,81.5,12705386496,324927488,5803401216,1473527808,1273737216,2360016896,517169152
338,2022-01-25,13:56:04,0.5,LocalHost,20.5,16664068096,3091378176,81.4,12705107968,324833280,5803438080,1473937408,1273745408,2360381440,517169152
339,2022-01-25,13:56:04,0.5,LocalHost,20.2,16664068096,3091349504,81.4,12705075200,324620288,5803446272,1474121728,1273745408,2360627200,517169152
340,2022-01-25,13:56:05,0.5,LocalHost,22.5,16664068096,3091365888,81.4,12705050624,324313088,5803466752,1474412544,1273778176,2360926208,517169152
341,2022-01-25,13:56:05,0.5,LocalHost,20.0,16664068096,3091361792,81.4,12705062912,324268032,5803630592,1474453504,1273786368,2360950784,517169152
342,2022-01-25,13:56:06,0.5,LocalHost,18.8,16664068096,3091791872,81.4,12704636928,324149248,5803552768,1474965504,1273810944,2361470976,517169152
343,2022-01-25,13:56:06,0.5,LocalHost,18.5,16664068096,3092111360,81.4,12704350208,324280320,5803556864,1475145728,1273810944,2361626624,517169152
344,2022-01-25,13:56:07,0.5,LocalHost,17.4,16664068096,3092361216,81.4,12704083968,323989504,5803524096,1475657728,1273810944,2362183680,517169152
345,2022-01-25,13:56:07,0.5,LocalHost,20.4,16664068096,3092439040,81.4,12703997952,324055040,5803573248,1475670016,1273810944,2362204160,517169152
346,2022-01-25,13:56:08,0.5,LocalHost,22.8,16664068096,3092664320,81.4,12703764480,323665920,5803573248,1476268032,1273810944,2362826752,517169152
347,2022-01-25,13:56:08,0.5,LocalHost,19.8,16664068096,3092881408,81.4,12703510528,323792896,5803573248,1476354048,1273810944,2362953728,517169152
348,2022-01-25,13:56:09,0.5,LocalHost,22.2,16664068096,3092713472,81.4,12703694848,323276800,5803679744,1476689920,1273819136,2363277312,517169152
349,2022-01-25,13:56:09,0.5,LocalHost,24.9,16664068096,3092959232,81.4,12703502336,323334144,5803679744,1476874240,1273819136,2363412480,517169152
350,2022-01-25,13:56:10,0.5,LocalHost,25.1,16664068096,3092877312,81.4,12703592448,322826240,5803601920,1477283840,1273819136,2363830272,517169152
351,2022-01-25,13:56:10,0.5,LocalHost,21.8,16664068096,3091603456,81.4,12704874496,321511424,5803868160,1477320704,1273835520,2363846656,517169152
352,2022-01-25,13:56:11,0.5,LocalHost,22.6,16664068096,3091709952,81.4,12704821248,321019904,5803614208,1477885952,1273868288,2364358656,517169152
353,2022-01-25,13:56:11,0.5,LocalHost,19.8,16664068096,3091914752,81.4,12704591872,321085440,5803646976,1477992448,1273868288,2364522496,517169152
354,2022-01-25,13:56:12,0.5,LocalHost,22.9,16664068096,3090620416,81.5,12705935360,319266816,5804208128,1478467584,1273868288,2364997632,517169152
355,2022-01-25,13:56:12,0.5,LocalHost,19.4,16664068096,3091070976,81.5,12705468416,319713280,5804019712,1478471680,1273868288,2365018112,517169152
356,2022-01-25,13:56:13,0.5,LocalHost,19.9,16664068096,3090157568,81.5,12706295808,318509056,5803302912,1478811648,1273868288,2365394944,517169152
357,2022-01-25,13:56:13,0.5,LocalHost,18.6,16664068096,3090231296,81.5,12706091008,318316544,5803569152,1479077888,1273868288,2365792256,517169152
358,2022-01-25,13:56:14,0.5,LocalHost,18.7,16664068096,3090362368,81.5,12706082816,318169088,5803704320,1479335936,1273876480,2365939712,517169152
359,2022-01-25,13:56:14,0.5,LocalHost,17.4,16664068096,3090472960,81.5,12705939456,318169088,5803704320,1479442432,1273876480,2366083072,517169152
360,2022-01-25,13:56:15,0.5,LocalHost,19.1,16664068096,3090890752,81.5,12705583104,318033920,5803749376,1479987200,1273876480,2366574592,517169152
361,2022-01-25,13:56:15,0.5,LocalHost,20.5,16664068096,3090849792,81.5,12705579008,317992960,5803749376,1479987200,1273892864,2366603264,517169152
362,2022-01-25,13:56:16,0.5,LocalHost,21.7,16664068096,3091181568,81.5,12705345536,317808640,5803782144,1480474624,1273933824,2366980096,517169152
363,2022-01-25,13:56:16,0.5,LocalHost,20.5,16664068096,3091230720,81.4,12705288192,317841408,5803630592,1480491008,1273950208,2366988288,517169152
364,2022-01-25,13:56:17,0.5,LocalHost,18.9,16664068096,3091300352,81.4,12705107968,317452288,5803896832,1480888320,1273950208,2367557632,517169152
365,2022-01-25,13:56:17,0.5,LocalHost,19.9,16664068096,3091333120,81.4,12704706560,317423616,5803896832,1480949760,1273950208,2367987712,517169152
366,2022-01-25,13:56:18,0.5,LocalHost,19.5,16664068096,3091800064,81.4,12704731136,317042688,5803851776,1481768960,1273950208,2368344064,517169152
367,2022-01-25,13:56:18,0.5,LocalHost,19.9,16664068096,3091730432,81.4,12704784384,316846080,5803855872,1481887744,1273950208,2368487424,517169152
368,2022-01-25,13:56:19,0.5,LocalHost,19.7,16664068096,3092045824,81.4,12704321536,317009920,5803859968,1482031104,1273958400,2368778240,517169152
369,2022-01-25,13:56:19,0.5,LocalHost,21.1,16664068096,3092393984,81.4,12703825920,317083648,5803945984,1482301440,1273958400,2369200128,517169152
370,2022-01-25,13:56:20,0.5,LocalHost,24.4,16664068096,3082993664,81.5,12703916032,307290112,5804154880,1482674176,1273958400,2378903552,526753792
371,2022-01-25,13:56:20,0.5,LocalHost,20.3,16664068096,3082485760,81.5,12704395264,306544640,5804380160,1482903552,1273958400,2379169792,526753792
372,2022-01-25,13:56:21,0.5,LocalHost,19.7,16664068096,3082702848,81.5,12704260096,306503680,5804171264,1483157504,1273974784,2379329536,526753792
373,2022-01-25,13:56:21,0.5,LocalHost,18.4,16664068096,3082866688,81.5,12704067584,306667520,5804171264,1483157504,1273999360,2379333632,526753792
374,2022-01-25,13:56:22,0.5,LocalHost,21.4,16664068096,3081289728,81.5,12705607680,304463872,5805129728,1483694080,1274007552,2379988992,526753792
375,2022-01-25,13:56:22,0.5,LocalHost,19.7,16664068096,3081048064,81.5,12705886208,304074752,5804261376,1483829248,1274007552,2380099584,526753792
376,2022-01-25,13:56:23,0.5,LocalHost,19.3,16664068096,3081392128,81.5,12705579008,304005120,5803929600,1484214272,1274007552,2380476416,526753792
377,2022-01-25,13:56:23,0.5,LocalHost,19.1,16664068096,3081437184,81.5,12705476608,303988736,5803945984,1484275712,1274007552,2380595200,526753792
378,2022-01-25,13:56:24,0.5,LocalHost,22.9,16664068096,3081347072,81.5,12705574912,303452160,5804040192,1484718080,1274015744,2381025280,526753792
379,2022-01-25,13:56:24,0.5,LocalHost,26.8,16664068096,3082014720,81.5,12704915456,303882240,5804056576,1484947456,1274015744,2381254656,526753792
380,2022-01-25,13:56:25,0.5,LocalHost,21.2,16664068096,3081490432,81.5,12705386496,303095808,5804007424,1485193216,1274015744,2381570048,526753792
381,2022-01-25,13:56:25,0.5,LocalHost,18.5,16664068096,3081248768,81.5,12705460224,302587904,5804007424,1485459456,1274015744,2382004224,526753792
382,2022-01-25,13:56:26,0.5,LocalHost,18.4,16664068096,3081764864,81.5,12705112064,302735360,5803876352,1485807616,1274015744,2382204928,526753792
383,2022-01-25,13:56:26,0.5,LocalHost,18.7,16664068096,3082969088,81.5,12706017280,303878144,5804142592,1485869056,1274040320,2380132352,524623872
384,2022-01-25,13:56:27,0.5,LocalHost,23.6,16664068096,3082977280,81.5,12706238464,303505408,5803982848,1486217216,1274048512,2380275712,524468224
385,2022-01-25,13:56:27,0.5,LocalHost,18.9,16664068096,3083202560,81.5,12706004992,303517696,5803995136,1486413824,1274056704,2380488704,524468224
386,2022-01-25,13:56:28,0.5,LocalHost,21.3,16664068096,3083186176,81.5,12706017280,303177728,5803950080,1486721024,1274056704,2380816384,524468224
387,2022-01-25,13:56:28,0.5,LocalHost,22.6,16664068096,3083468800,81.5,12705710080,303181824,5803950080,1486991360,1274056704,2381119488,524468224
388,2022-01-25,13:56:29,0.5,LocalHost,22.1,16664068096,3083055104,81.5,12706041856,302592000,5803905024,1487167488,1274064896,2381369344,524468224
389,2022-01-25,13:56:29,0.5,LocalHost,21.0,16664068096,3083223040,81.5,12705955840,302415872,5803728896,1487499264,1274064896,2381631488,524468224
390,2022-01-25,13:56:30,0.5,LocalHost,21.7,16664068096,3084042240,81.5,12705132544,302800896,5803868160,1487917056,1274064896,2382069760,524468224
391,2022-01-25,13:56:30,0.5,LocalHost,19.1,16664068096,3084386304,81.5,12704628736,302866432,5803896832,1488195584,1274064896,2382508032,524468224
392,2022-01-25,13:56:31,0.5,LocalHost,20.0,16664068096,3083939840,81.5,12705161216,302108672,5803900928,1488490496,1274064896,2382733312,524468224
393,2022-01-25,13:56:31,0.5,LocalHost,20.1,16664068096,3084222464,81.5,12704899072,302325760,5803855872,1488556032,1274064896,2382778368,524468224
394,2022-01-25,13:56:32,0.5,LocalHost,23.7,16664068096,3084636160,81.5,12704555008,302239744,5803900928,1489031168,1274105856,2383167488,524468224
395,2022-01-25,13:56:32,0.5,LocalHost,24.5,16664068096,3084378112,81.5,12704870400,301903872,5804539904,1489100800,1274114048,2383179776,524468224
396,2022-01-25,13:56:33,0.5,LocalHost,22.9,16664068096,3084677120,81.5,12704534528,301662208,5803917312,1489649664,1274122240,2383749120,524468224
397,2022-01-25,13:56:33,0.5,LocalHost,21.7,16664068096,3084578816,81.5,12704649216,301330432,5803958272,1489879040,1274122240,2383966208,524468224
398,2022-01-25,13:56:34,0.5,LocalHost,21.4,16664068096,3085123584,81.5,12704055296,301600768,5804023808,1490137088,1274130432,2384281600,524468224
399,2022-01-25,13:56:34,0.5,LocalHost,22.5,16664068096,3084726272,81.5,12704452608,301015040,5804023808,1490321408,1274130432,2384470016,524468224
400,2022-01-25,13:56:35,0.5,LocalHost,23.1,16664068096,3085242368,81.5,12703940608,301142016,5804011520,1490681856,1274130432,2384855040,524468224
401,2022-01-25,13:56:35,0.5,LocalHost,20.6,16664068096,3085471744,81.5,12703334400,301314048,5804011520,1490739200,1274130432,2385289216,524468224
402,2022-01-25,13:56:36,0.5,LocalHost,21.7,16664068096,3085455360,81.5,12703670272,300855296,5804027904,1491169280,1274130432,2385412096,524468224
403,2022-01-25,13:56:36,0.5,LocalHost,22.1,16664068096,3085398016,81.5,12703645696,300441600,5804077056,1491521536,1274130432,2385850368,524468224
404,2022-01-25,13:56:37,0.5,LocalHost,25.7,16664068096,3085733888,81.5,12703469568,300494848,5804019712,1491791872,1274155008,2385948672,524468224
405,2022-01-25,13:56:37,0.5,LocalHost,26.2,16664068096,3085541376,81.5,12703649792,300302336,5804019712,1491791872,1274163200,2385952768,524468224
406,2022-01-25,13:56:38,0.5,LocalHost,21.3,16664068096,3085717504,81.5,12703477760,299978752,5803900928,1492258816,1274179584,2386432000,524468224
407,2022-01-25,13:56:38,0.5,LocalHost,24.6,16664068096,3085864960,81.5,12703293440,300011520,5803937792,1492365312,1274187776,2386575360,524468224
408,2022-01-25,13:56:39,0.5,LocalHost,22.8,16664068096,3086577664,81.5,12702621696,300281856,5804060672,1492779008,1274195968,2386968576,524468224
409,2022-01-25,13:56:39,0.5,LocalHost,23.4,16664068096,3086360576,81.5,12702420992,300056576,5804052480,1492787200,1274195968,2387394560,524468224
410,2022-01-25,13:56:40,0.5,LocalHost,24.1,16664068096,3086524416,81.5,12702695424,299675648,5803982848,1493307392,1274195968,2387501056,524468224
411,2022-01-25,13:56:40,0.5,LocalHost,26.9,16664068096,3085430784,81.5,12703776768,298287104,5804249088,1493602304,1274195968,2387808256,524361728
412,2022-01-25,13:56:41,0.5,LocalHost,25.4,16664068096,3085574144,81.5,12703772672,298160128,5803917312,1493860352,1274195968,2387939328,524361728
413,2022-01-25,13:56:42,0.5,LocalHost,26.5,16664068096,3085701120,81.5,12703207424,298278912,5804027904,1493868544,1274195968,2388385792,524361728
414,2022-01-25,13:56:42,0.5,LocalHost,24.6,16664068096,3085168640,81.5,12703711232,297193472,5803888640,1494405120,1274228736,2388934656,524828672
415,2022-01-25,13:56:43,0.5,LocalHost,33.3,16664068096,3081592832,81.5,12707262464,293576704,5805187072,1494421504,1274228736,2389000192,524828672
416,2022-01-25,13:56:43,0.5,LocalHost,27.0,16664068096,3089801216,81.5,12706435072,301350912,5804228608,1494839296,1274236928,2382045184,517472256
417,2022-01-25,13:56:44,0.5,LocalHost,27.8,16664068096,3089289216,81.5,12706942976,300683264,5804244992,1494974464,1274245120,2382196736,517472256
418,2022-01-25,13:56:44,0.5,LocalHost,29.6,16664068096,3089276928,81.5,12706865152,300363776,5804281856,1495265280,1274261504,2382577664,517472256
419,2022-01-25,13:56:45,0.5,LocalHost,23.2,16664068096,3090169856,81.5,12706004992,301199360,5804122112,1495322624,1274261504,2382602240,517472256
420,2022-01-25,13:56:45,0.5,LocalHost,26.8,16664068096,3089969152,81.5,12706222080,300449792,5804060672,1495838720,1274261504,2383134720,517472256
421,2022-01-25,13:56:46,0.5,LocalHost,28.1,16664068096,3090026496,81.5,12706189312,300384256,5804060672,1495961600,1274261504,2383233024,517472256
422,2022-01-25,13:56:46,0.5,LocalHost,23.1,16664068096,3090423808,81.5,12705746944,300285952,5804089344,1496444928,1274261504,2383773696,517472256
423,2022-01-25,13:56:47,0.5,LocalHost,25.8,16664068096,3090972672,81.5,12705185792,300716032,5804097536,1496559616,1274261504,2383904768,517472256
424,2022-01-25,13:56:47,0.5,LocalHost,26.2,16664068096,3091402752,81.4,12704747520,300822528,5804171264,1496875008,1274269696,2384228352,517472256
425,2022-01-25,13:56:48,0.5,LocalHost,28.6,16664068096,3091308544,81.4,12704665600,300437504,5804171264,1497165824,1274286080,2384678912,517472256
426,2022-01-25,13:56:48,0.5,LocalHost,28.2,16664068096,3091931136,81.4,12704309248,300425216,5804236800,1497755648,1274286080,2385047552,517472256
427,2022-01-25,13:56:49,0.5,LocalHost,27.3,16664068096,3092385792,81.4,12703801344,300814336,5803970560,1497817088,1274302464,2385149952,517472256
428,2022-01-25,13:56:49,0.5,LocalHost,30.1,16664068096,3092226048,81.4,12703944704,300326912,5804126208,1498136576,1274310656,2385485824,517472256
429,2022-01-25,13:56:50,0.5,LocalHost,28.0,16664068096,3092230144,81.4,12703973376,300158976,5804126208,1498304512,1274318848,2385616896,517472256
430,2022-01-25,13:56:50,0.5,LocalHost,28.9,16664068096,3092410368,81.4,12703719424,299995136,5804265472,1498591232,1274318848,2386034688,517472256
431,2022-01-25,13:56:51,0.5,LocalHost,28.4,16664068096,3093024768,81.4,12703580160,300371968,5804306432,1498820608,1274318848,2385797120,517005312
432,2022-01-25,13:56:51,0.5,LocalHost,28.1,16664068096,3092692992,81.4,12703899648,299720704,5804130304,1499131904,1274318848,2386128896,517103616
433,2022-01-25,13:56:52,0.5,LocalHost,25.1,16664068096,3093086208,81.4,12703354880,299819008,5804130304,1499426816,1274318848,2386575360,517103616
434,2022-01-25,13:56:52,0.5,LocalHost,25.0,16664068096,3092078592,81.4,12704481280,298500096,5804175360,1499725824,1274327040,2386759680,517103616
435,2022-01-25,13:56:53,0.5,LocalHost,23.9,16664068096,3092377600,81.4,12704206848,298754048,5804113920,1499770880,1274335232,2386771968,517103616
436,2022-01-25,13:56:53,0.5,LocalHost,31.3,16664068096,3090542592,81.5,12706111488,296357888,5804421120,1500262400,1274343424,2387255296,517103616
437,2022-01-25,13:56:54,0.5,LocalHost,27.0,16664068096,3090350080,81.5,12706287616,296157184,5804535808,1500266496,1274343424,2387279872,517103616
438,2022-01-25,13:56:54,0.5,LocalHost,28.1,16664068096,3090067456,81.5,12706467840,295538688,5804314624,1500585984,1274351616,2387709952,517103616
439,2022-01-25,13:56:55,0.5,LocalHost,25.5,16664068096,3089870848,81.5,12706643968,295219200,5804527616,1500708864,1274368000,2387836928,517103616
440,2022-01-25,13:56:55,0.5,LocalHost,27.1,16664068096,3090325504,81.5,12706271232,295186432,5804183552,1501167616,1274384384,2388226048,517103616
441,2022-01-25,13:56:56,0.5,LocalHost,28.7,16664068096,3090149376,81.5,12706439168,294858752,5804494848,1501310976,1274384384,2388385792,517103616
442,2022-01-25,13:56:56,0.5,LocalHost,25.5,16664068096,3090788352,81.5,12705746944,295133184,5804261376,1501638656,1274384384,2388803584,517103616
443,2022-01-25,13:56:57,0.5,LocalHost,26.0,16664068096,3090788352,81.5,12705767424,294985728,5804298240,1501786112,1274384384,2388930560,517103616
444,2022-01-25,13:56:57,0.5,LocalHost,26.0,16664068096,3091402752,81.4,12705165312,295186432,5804285952,1502191616,1274392576,2389323776,517103616
445,2022-01-25,13:56:58,0.5,LocalHost,25.4,16664068096,3091476480,81.4,12705034240,295194624,5804285952,1502253056,1274392576,2389446656,517103616
446,2022-01-25,13:56:58,0.5,LocalHost,27.0,16664068096,3091464192,81.4,12705038336,294735872,5804310528,1502674944,1274417152,2389876736,517103616
447,2022-01-25,13:56:59,0.5,LocalHost,27.5,16664068096,3091869696,81.4,12704669696,294969344,5804310528,1502842880,1274417152,2390011904,517103616
448,2022-01-25,13:56:59,0.5,LocalHost,26.2,16664068096,3091918848,81.4,12704591872,294612992,5804339200,1503240192,1274417152,2390446080,517103616
449,2022-01-25,13:57:00,0.5,LocalHost,25.6,16664068096,3091574784,81.4,12704509952,293965824,5804347392,1503531008,1274425344,2391166976,517369856
450,2022-01-25,13:57:00,0.5,LocalHost,28.0,16664068096,3091099648,81.5,12705103872,293089280,5804539904,1503899648,1274433536,2391441408,517472256
451,2022-01-25,13:57:01,0.5,LocalHost,25.1,16664068096,3091259392,81.4,12704919552,293134336,5804539904,1504014336,1274441728,2391572480,517472256
452,2022-01-25,13:57:01,0.5,LocalHost,24.5,16664068096,3091525632,81.4,12704620544,293130240,5804294144,1504268288,1274441728,2391875584,517472256
453,2022-01-25,13:57:02,0.5,LocalHost,27.1,16664068096,3091492864,81.4,12704641024,293072896,5804216320,1504292864,1274441728,2391912448,517472256
454,2022-01-25,13:57:02,0.5,LocalHost,27.5,16664068096,3092172800,81.4,12703940608,293240832,5804322816,1504780288,1274449920,2392436736,517472256
455,2022-01-25,13:57:03,0.5,LocalHost,33.4,16664068096,3092185088,81.4,12703928320,293216256,5804322816,1504817152,1274449920,2392473600,517472256
456,2022-01-25,13:57:03,0.5,LocalHost,32.5,16664068096,3088121856,81.5,12708118528,288468992,5804957696,1505480704,1274449920,2393030656,517472256
457,2022-01-25,13:57:04,0.5,LocalHost,23.8,16664068096,3088556032,81.5,12707762176,288649216,5804474368,1505730560,1274482688,2393174016,517472256
458,2022-01-25,13:57:04,0.5,LocalHost,23.7,16664068096,3089031168,81.5,12707143680,288681984,5803909120,1505955840,1274482688,2393759744,517472256
459,2022-01-25,13:57:05,0.5,LocalHost,21.5,16664068096,3089420288,81.5,12706766848,289038336,5803757568,1505988608,1274482688,2393780224,517472256
460,2022-01-25,13:57:05,0.5,LocalHost,24.1,16664068096,3089666048,81.5,12706455552,288907264,5804081152,1506353152,1274482688,2394222592,517472256
461,2022-01-25,13:57:06,0.5,LocalHost,24.1,16664068096,3089584128,81.5,12706549760,288796672,5804081152,1506381824,1274515456,2394206208,517472256
462,2022-01-25,13:57:06,0.5,LocalHost,20.9,16664068096,3090231296,81.5,12706000896,288792576,5804085248,1507004416,1274523648,2394750976,517472256
463,2022-01-25,13:57:07,0.5,LocalHost,24.8,16664068096,3090800640,81.5,12705329152,288997376,5804126208,1507332096,1274523648,2395217920,517472256
464,2022-01-25,13:57:07,0.5,LocalHost,23.8,16664068096,3090759680,81.5,12705361920,288641024,5804302336,1507643392,1274531840,2395533312,517472256
465,2022-01-25,13:57:08,0.5,LocalHost,22.8,16664068096,3091025920,81.5,12705083392,288858112,5804302336,1507692544,1274531840,2395594752,517472256
466,2022-01-25,13:57:08,0.5,LocalHost,22.2,16664068096,3091279872,81.4,12704874496,288575488,5804253184,1508208640,1274531840,2396086272,517472256
467,2022-01-25,13:57:09,0.5,LocalHost,25.7,16664068096,3091111936,81.5,12705067008,288276480,5804224512,1508339712,1274531840,2396192768,517472256
468,2022-01-25,13:57:09,0.5,LocalHost,24.6,16664068096,3091668992,81.4,12704489472,288514048,5804261376,1508642816,1274548224,2396516352,517472256
469,2022-01-25,13:57:10,0.5,LocalHost,21.6,16664068096,3091820544,81.4,12704346112,288608256,5804261376,1508696064,1274548224,2396565504,517472256
470,2022-01-25,13:57:10,0.5,LocalHost,21.4,16664068096,3092103168,81.4,12704038912,288296960,5804277760,1509273600,1274548224,2397184000,517472256
471,2022-01-25,13:57:11,0.5,LocalHost,22.8,16664068096,3092041728,81.4,12704030720,288165888,5805076480,1509335040,1274548224,2397323264,517472256
472,2022-01-25,13:57:11,0.5,LocalHost,20.9,16664068096,3092574208,81.4,12703670272,288116736,5804175360,1509879808,1274564608,2397716480,517472256
473,2022-01-25,13:57:12,0.5,LocalHost,19.9,16664068096,3092504576,81.4,12703727616,287911936,5804216320,1510010880,1274580992,2397847552,517472256
474,2022-01-25,13:57:12,0.5,LocalHost,24.6,16664068096,3093065728,81.4,12703068160,288129024,5804322816,1510346752,1274589184,2398281728,517472256
475,2022-01-25,13:57:13,0.5,LocalHost,19.9,16664068096,3092926464,81.4,12703186944,287973376,5804322816,1510363136,1274589184,2398318592,517472256
476,2022-01-25,13:57:13,0.5,LocalHost,23.9,16664068096,3092787200,81.4,12703301632,287526912,5804204032,1510649856,1274589184,2398650368,517472256
477,2022-01-25,13:57:14,0.5,LocalHost,24.2,16664068096,3089342464,81.5,12706791424,284008448,5805105152,1510715392,1274589184,2398679040,517472256
478,2022-01-25,13:57:14,0.5,LocalHost,21.5,16664068096,3089514496,81.5,12706676736,283308032,5804367872,1511383040,1274589184,2399494144,517472256
479,2022-01-25,13:57:15,0.5,LocalHost,19.4,16664068096,3088498688,81.5,12707811328,282259456,5804126208,1511415808,1274605568,2399391744,517369856
480,2022-01-25,13:57:15,0.5,LocalHost,26.2,16664068096,3089887232,81.5,12706635776,283213824,5804343296,1511821312,1274605568,2399612928,517169152
481,2022-01-25,13:57:16,0.5,LocalHost,21.3,16664068096,3089960960,81.5,12706562048,283058176,5804204032,1512046592,1274605568,2399842304,517169152
482,2022-01-25,13:57:16,0.5,LocalHost,19.9,16664068096,3090321408,81.5,12706181120,283099136,5804285952,1512345600,1274605568,2400182272,517169152
483,2022-01-25,13:57:17,0.5,LocalHost,17.8,16664068096,3090317312,81.5,12706168832,283095040,5804285952,1512345600,1274621952,2400182272,517169152
484,2022-01-25,13:57:17,0.5,LocalHost,21.9,16664068096,3090710528,81.5,12705763328,282968064,5804126208,1512845312,1274638336,2400698368,517169152
485,2022-01-25,13:57:18,0.5,LocalHost,18.1,16664068096,3090644992,81.5,12705796096,282894336,5804507136,1512853504,1274638336,2400739328,517169152
486,2022-01-25,13:57:18,0.5,LocalHost,23.3,16664068096,3091296256,81.4,12705140736,283029504,5804351488,1513349120,1274638336,2401259520,517169152
487,2022-01-25,13:57:19,0.5,LocalHost,21.3,16664068096,3092152320,81.4,12704305152,283414528,5804306432,1513803776,1274638336,2401710080,517169152
488,2022-01-25,13:57:19,0.5,LocalHost,21.0,16664068096,3092066304,81.4,12704362496,283246592,5804367872,1513881600,1274638336,2401820672,517169152
489,2022-01-25,13:57:20,0.5,LocalHost,18.4,16664068096,3092897792,81.4,12703379456,283811840,5804367872,1514147840,1274638336,2402238464,517169152
490,2022-01-25,13:57:20,0.5,LocalHost,23.1,16664068096,3072995328,81.6,12704706560,263581696,5804326912,1514442752,1274654720,2421125120,535928832
491,2022-01-25,13:57:21,0.5,LocalHost,22.3,16664068096,3072536576,81.6,12705132544,262934528,5804580864,1514618880,1274654720,2421346304,535928832
492,2022-01-25,13:57:21,0.5,LocalHost,20.5,16664068096,3072696320,81.6,12705030144,262692864,5804662784,1515016192,1274654720,2421690368,535928832
493,2022-01-25,13:57:22,0.5,LocalHost,20.9,16664068096,3072634880,81.6,12704935936,262348800,5804396544,1515294720,1274654720,2422128640,535928832
494,2022-01-25,13:57:22,0.5,LocalHost,25.0,16664068096,3072811008,81.6,12704927744,262201344,5804707840,1515597824,1274687488,2422251520,535928832
495,2022-01-25,13:57:23,0.5,LocalHost,23.9,16664068096,3073400832,81.6,12704284672,262709248,5804716032,1515679744,1274703872,2422370304,535928832
496,2022-01-25,13:57:23,0.5,LocalHost,20.4,16664068096,3073499136,81.6,12704133120,262537216,5804269568,1515917312,1274703872,2422693888,535928832
497,2022-01-25,13:57:24,0.5,LocalHost,25.3,16664068096,3071827968,81.6,12705771520,260452352,5805346816,1516322816,1274703872,2423140352,535932928
498,2022-01-25,13:57:24,0.5,LocalHost,18.4,16664068096,3071959040,81.6,12705800192,260059136,5804544000,1516765184,1274703872,2423504896,535928832
499,2022-01-25,13:57:25,0.5,LocalHost,18.8,16664068096,3072520192,81.6,12705202176,260608000,5804314624,1516777472,1274703872,2423554048,535928832
500,2022-01-25,13:57:25,0.5,LocalHost,24.1,16664068096,3072684032,81.6,12705013760,260370432,5804507136,1517158400,1274736640,2423947264,535928832
501,2022-01-25,13:57:26,0.5,LocalHost,21.1,16664068096,3072958464,81.6,12704755712,260567040,5804507136,1517236224,1274736640,2424008704,535928832
502,2022-01-25,13:57:26,0.5,LocalHost,19.3,16664068096,3073126400,81.6,12704555008,260231168,5804519424,1517715456,1274736640,2424545280,535928832
503,2022-01-25,13:57:27,0.5,LocalHost,20.1,16664068096,3073806336,81.6,12703924224,260644864,5804527616,1517965312,1274736640,2424762368,535928832
504,2022-01-25,13:57:27,0.5,LocalHost,20.8,16664068096,3074129920,81.6,12703559680,260587520,5804400640,1518333952,1274744832,2425176064,535928832
505,2022-01-25,13:57:28,0.5,LocalHost,21.0,16664068096,3074166784,81.6,12703592448,260382720,5804572672,1518551040,1274761216,2425331712,535928832
506,2022-01-25,13:57:28,0.5,LocalHost,20.6,16664068096,3074347008,81.6,12703395840,260300800,5804687360,1518809088,1274769408,2425602048,535928832
507,2022-01-25,13:57:29,0.5,LocalHost,23.5,16664068096,3074043904,81.6,12703727616,259923968,5804802048,1518878720,1274769408,2425647104,535928832
508,2022-01-25,13:57:29,0.5,LocalHost,19.6,16664068096,3074236416,81.6,12703440896,259715072,5804421120,1519263744,1274769408,2426142720,535928832
509,2022-01-25,13:57:30,0.5,LocalHost,18.3,16664068096,3074617344,81.5,12703059968,259739648,5804568576,1519607808,1274769408,2426499072,535928832
510,2022-01-25,13:57:30,0.5,LocalHost,22.2,16664068096,3074244608,81.6,12703399936,259125248,5804568576,1519845376,1274802176,2426740736,535928832
511,2022-01-25,13:57:31,0.5,LocalHost,20.3,16664068096,3073814528,81.6,12703797248,258695168,5804568576,1519845376,1274802176,2426773504,535928832
512,2022-01-25,13:57:31,0.5,LocalHost,19.1,16664068096,3074248704,81.6,12703416320,258519040,5804711936,1520422912,1274802176,2427330560,535928832
513,2022-01-25,13:57:32,0.5,LocalHost,18.9,16664068096,3074027520,81.6,12703637504,258297856,5804711936,1520422912,1274802176,2427330560,535928832
514,2022-01-25,13:57:32,0.5,LocalHost,18.9,16664068096,3074465792,81.6,12703191040,258179072,5804589056,1520943104,1274810368,2427887616,535928832
515,2022-01-25,13:57:33,0.5,LocalHost,23.1,16664068096,3074670592,81.5,12702584832,258326528,5804593152,1521000448,1274810368,2428346368,535928832
516,2022-01-25,13:57:33,0.5,LocalHost,19.8,16664068096,3074662400,81.5,12703043584,257789952,5804765184,1521500160,1274843136,2428391424,535928832
517,2022-01-25,13:57:34,0.5,LocalHost,23.3,16664068096,3069407232,81.6,12708188160,252231680,5808586752,1521799168,1274851328,2428796928,535928832
518,2022-01-25,13:57:34,0.5,LocalHost,23.5,16664068096,3071471616,81.6,12706357248,253788160,5805232128,1522122752,1274851328,2429071360,535928832
519,2022-01-25,13:57:35,0.5,LocalHost,19.6,16664068096,3071672320,81.6,12706164736,253964288,5805113344,1522167808,1274851328,2429087744,535928832
520,2022-01-25,13:57:35,0.5,LocalHost,20.3,16664068096,3071705088,81.6,12705972224,253661184,5804593152,1522491392,1274875904,2429558784,535928832
521,2022-01-25,13:57:36,0.5,LocalHost,20.5,16664068096,3071750144,81.6,12705927168,253444096,5804068864,1522745344,1274875904,2429820928,535928832
522,2022-01-25,13:57:36,0.5,LocalHost,20.2,16664068096,3072073728,81.6,12705652736,253411328,5804498944,1523077120,1274875904,2430128128,535928832
523,2022-01-25,13:57:37,0.5,LocalHost,20.0,16664068096,3072573440,81.6,12705185792,253534208,5804646400,1523445760,1274875904,2430472192,535928832
524,2022-01-25,13:57:37,0.5,LocalHost,21.3,16664068096,3072774144,81.6,12704915456,253681664,5804515328,1523490816,1274884096,2430586880,535928832
525,2022-01-25,13:57:38,0.5,LocalHost,20.6,16664068096,3072933888,81.6,12704792576,253779968,5804515328,1523552256,1274884096,2430611456,535928832
526,2022-01-25,13:57:38,0.5,LocalHost,20.6,16664068096,3073056768,81.6,12704645120,253345792,5804404736,1524092928,1274884096,2431193088,535928832
527,2022-01-25,13:57:39,0.5,LocalHost,22.3,16664068096,3083276288,81.5,12705816576,263282688,5804474368,1524486144,1274900480,2420068352,524578816
528,2022-01-25,13:57:39,0.5,LocalHost,21.3,16664068096,3083145216,81.5,12706045952,262746112,5804523520,1524736000,1274916864,2420359168,524468224
529,2022-01-25,13:57:40,0.5,LocalHost,22.2,16664068096,3083239424,81.5,12705964032,262815744,5804560384,1524760576,1274916864,2420371456,524468224
530,2022-01-25,13:57:40,0.5,LocalHost,19.4,16664068096,3083710464,81.5,12705419264,262909952,5804535808,1525116928,1274933248,2420805632,524468224
531,2022-01-25,13:57:41,0.5,LocalHost,21.3,16664068096,3082891264,81.5,12706353152,261931008,5805428736,1525149696,1274941440,2420842496,524361728
532,2022-01-25,13:57:41,0.5,LocalHost,21.7,16664068096,3083743232,81.5,12705644544,262299648,5804691456,1525714944,1274941440,2421182464,524361728
533,2022-01-25,13:57:42,0.5,LocalHost,26.4,16664068096,3083874304,81.5,12705505280,262107136,5804744704,1526030336,1274941440,2421514240,524361728
534,2022-01-25,13:57:42,0.5,LocalHost,26.5,16664068096,3083771904,81.5,12705501184,261754880,5804777472,1526272000,1274949632,2421862400,524361728
535,2022-01-25,13:57:43,0.5,LocalHost,18.7,16664068096,3083927552,81.5,12705280000,261849088,5804777472,1526333440,1274949632,2421989376,524361728
536,2022-01-25,13:57:43,0.5,LocalHost,17.0,16664068096,3084328960,81.5,12704944128,261849088,5804740608,1526726656,1274949632,2422325248,524361728
537,2022-01-25,13:57:44,0.5,LocalHost,21.3,16664068096,3083730944,81.5,12705124352,261251072,5804740608,1526726656,1274966016,2422726656,524361728
538,2022-01-25,13:57:44,0.5,LocalHost,21.8,16664068096,3081740288,81.5,12707590144,258748416,5805522944,1527185408,1274982400,2422747136,524361728
539,2022-01-25,13:57:45,0.5,LocalHost,21.3,16664068096,3082268672,81.5,12706906112,258998272,5805522944,1527341056,1274990592,2423173120,524365824
540,2022-01-25,13:57:45,0.5,LocalHost,20.8,16664068096,3083055104,81.5,12706242560,259239936,5805006848,1527681024,1274990592,2423595008,524361728
541,2022-01-25,13:57:46,0.5,LocalHost,23.2,16664068096,3083005952,81.5,12706172928,258859008,5804797952,1528004608,1274990592,2424045568,524361728
542,2022-01-25,13:57:46,0.5,LocalHost,22.6,16664068096,3083276288,81.5,12705951744,259010560,5804933120,1528107008,1274998784,2424107008,524361728
543,2022-01-25,13:57:47,0.5,LocalHost,24.3,16664068096,3083132928,81.5,12706127872,258686976,5805207552,1528283136,1274998784,2424254464,524361728
544,2022-01-25,13:57:47,0.5,LocalHost,22.2,16664068096,3083407360,81.5,12705878016,258514944,5805039616,1528713216,1275006976,2424668160,524361728
545,2022-01-25,13:57:48,0.5,LocalHost,20.4,16664068096,3083141120,81.5,12706103296,258064384,5805101056,1528897536,1275006976,2424893440,524361728
546,2022-01-25,13:57:48,0.5,LocalHost,21.9,16664068096,3084005376,81.5,12705042432,258449408,5804953600,1529372672,1275006976,2425569280,524361728
547,2022-01-25,13:57:49,0.5,LocalHost,21.9,16664068096,3084197888,81.5,12704825344,258514944,5804949504,1529495552,1275015168,2425712640,524361728
548,2022-01-25,13:57:49,0.5,LocalHost,21.8,16664068096,3084427264,81.5,12704854016,258269184,5804859392,1529946112,1275015168,2425929728,524361728
549,2022-01-25,13:57:50,0.5,LocalHost,20.4,16664068096,3084435456,81.5,12704862208,258121728,5805162496,1530097664,1275047936,2426036224,524361728
550,2022-01-25,13:57:50,0.5,LocalHost,22.2,16664068096,3084390400,81.5,12704878592,257785856,5804961792,1530343424,1275056128,2426347520,524361728
551,2022-01-25,13:57:51,0.5,LocalHost,22.5,16664068096,3084967936,81.5,12704206848,258023424,5804785664,1530683392,1275056128,2426781696,524361728
552,2022-01-25,13:57:51,0.5,LocalHost,16.8,16664068096,3085144064,81.5,12704161792,257847296,5804953600,1530998784,1275064320,2426994688,524361728
553,2022-01-25,13:57:52,0.5,LocalHost,21.7,16664068096,3085254656,81.5,12704014336,257937408,5804953600,1531019264,1275064320,2427052032,524361728
554,2022-01-25,13:57:52,0.5,LocalHost,20.5,16664068096,3085021184,81.5,12704219136,257236992,5804949504,1531478016,1275072512,2427539456,524361728
555,2022-01-25,13:57:53,0.5,LocalHost,21.4,16664068096,3085103104,81.5,12704067584,257314816,5804949504,1531478016,1275072512,2427613184,524361728
556,2022-01-25,13:57:53,0.5,LocalHost,19.3,16664068096,3085443072,81.5,12703821824,257269760,5804965888,1531850752,1275072512,2427904000,524361728
557,2022-01-25,13:57:54,0.5,LocalHost,20.7,16664068096,3085283328,81.5,12703977472,257110016,5804965888,1531850752,1275080704,2427899904,524361728
558,2022-01-25,13:57:54,0.5,LocalHost,26.4,16664068096,3072925696,81.6,12716666880,243871744,5815967744,1532706816,1275080704,2428448768,524361728
559,2022-01-25,13:57:55,0.5,LocalHost,24.0,16664068096,3082051584,81.5,12707307520,253353984,5805137920,1532497920,1275080704,2428325888,524365824
560,2022-01-25,13:57:55,0.5,LocalHost,21.0,16664068096,3083157504,81.5,12706156544,253759488,5805215744,1532956672,1275105280,2429046784,524361728
561,2022-01-25,13:57:56,0.5,LocalHost,20.8,16664068096,3082199040,81.5,12707061760,252604416,5805256704,1533145088,1275113472,2429288448,524361728
562,2022-01-25,13:57:56,0.5,LocalHost,17.8,16664068096,3082432512,81.5,12706844672,252506112,5805064192,1533460480,1275113472,2429603840,524361728
563,2022-01-25,13:57:57,0.5,LocalHost,24.9,16664068096,3082436608,81.5,12706824192,252252160,5805084672,1533693952,1275129856,2429861888,524361728
564,2022-01-25,13:57:57,0.5,LocalHost,20.1,16664068096,3082907648,81.5,12706304000,252420096,5805019136,1533997056,1275138048,2430205952,524361728
565,2022-01-25,13:57:58,0.5,LocalHost,18.5,16664068096,3083640832,81.5,12705636352,252964864,5805019136,1534181376,1275138048,2430328832,524361728
566,2022-01-25,13:57:58,0.5,LocalHost,21.9,16664068096,3084025856,81.5,12705234944,252973056,5805084672,1534533632,1275138048,2430722048,524361728
567,2022-01-25,13:57:59,0.5,LocalHost,18.9,16664068096,3083530240,81.5,12705697792,252252160,5805248512,1534754816,1275150336,2430967808,524361728
568,2022-01-25,13:57:59,0.5,LocalHost,22.6,16664068096,3083792384,81.5,12705460224,252243968,5805125632,1535012864,1275154432,2431209472,524361728
569,2022-01-25,13:58:00,0.5,LocalHost,24.8,16664068096,3090862080,81.5,12705628160,259047424,5805015040,1535098880,1275154432,2424238080,517148672
570,2022-01-25,13:58:00,0.5,LocalHost,20.4,16664068096,3090817024,81.5,12705353728,258617344,5805195264,1535643648,1275162624,2424934400,517472256
571,2022-01-25,13:58:01,0.5,LocalHost,23.6,16664068096,3091353600,81.4,12704899072,258949120,5805047808,1535811584,1275170816,2425049088,517472256
572,2022-01-25,13:58:01,0.5,LocalHost,20.4,16664068096,3091382272,81.4,12705026048,258646016,5805113344,1536139264,1275187200,2425208832,517238784
573,2022-01-25,13:58:02,0.5,LocalHost,19.7,16664068096,3091537920,81.4,12705144832,258478080,5805268992,1536454656,1275195392,2425249792,517238784
574,2022-01-25,13:58:02,0.5,LocalHost,18.6,16664068096,3092074496,81.4,12704612352,258707456,5804924928,1536737280,1275203584,2425544704,517033984
575,2022-01-25,13:58:03,0.5,LocalHost,21.3,16664068096,3090509824,81.5,12706160640,257118208,5805137920,1536761856,1275203584,2425585664,517033984
576,2022-01-25,13:58:03,0.5,LocalHost,22.4,16664068096,3090014208,81.5,12706488320,256143360,5805199360,1537224704,1275203584,2426232832,517169152
577,2022-01-25,13:58:04,0.5,LocalHost,22.8,16664068096,3090505728,81.5,12705964032,256385024,5805199360,1537470464,1275211776,2426507264,517169152
578,2022-01-25,13:58:04,0.5,LocalHost,18.3,16664068096,3090989056,81.5,12705431552,256643072,5805215744,1537691648,1275219968,2426773504,517169152
579,2022-01-25,13:58:05,0.5,LocalHost,24.9,16664068096,3089055744,81.5,12707352576,254390272,5805707264,1538007040,1275219968,2427105280,517173248
580,2022-01-25,13:58:05,0.5,LocalHost,21.6,16664068096,3089858560,81.5,12706697216,255033344,5805133824,1538240512,1275219968,2427117568,517169152
581,2022-01-25,13:58:06,0.5,LocalHost,21.4,16664068096,3090214912,81.5,12706328576,255074304,5805133824,1538543616,1275228160,2427437056,517169152
582,2022-01-25,13:58:06,0.5,LocalHost,21.4,16664068096,3090173952,81.5,12706291712,254844928,5805150208,1538707456,1275244544,2427686912,517169152
583,2022-01-25,13:58:07,0.5,LocalHost,23.7,16664068096,3091075072,81.5,12705247232,255438848,5805187072,1539006464,1275269120,2428112896,517169152
584,2022-01-25,13:58:07,0.5,LocalHost,19.1,16664068096,3091144704,81.5,12705341440,254963712,5805318144,1539502080,1275277312,2428485632,517169152
585,2022-01-25,13:58:08,0.5,LocalHost,22.4,16664068096,3091140608,81.5,12705259520,254705664,5805584384,1539747840,1275277312,2428825600,517169152
586,2022-01-25,13:58:08,0.5,LocalHost,19.5,16664068096,3091546112,81.4,12704911360,254853120,5805285376,1540001792,1275277312,2429026304,517169152
587,2022-01-25,13:58:09,0.5,LocalHost,23.3,16664068096,3091505152,81.4,12704944128,254812160,5805285376,1540001792,1275277312,2429034496,517169152
588,2022-01-25,13:58:09,0.5,LocalHost,20.1,16664068096,3092254720,81.4,12704219136,255086592,5805203456,1540448256,1275293696,2429468672,517169152
589,2022-01-25,13:58:10,0.5,LocalHost,22.1,16664068096,3091910656,81.4,12704641024,254648320,5805256704,1540538368,1275293696,2429485056,517169152
590,2022-01-25,13:58:10,0.5,LocalHost,20.9,16664068096,3092238336,81.4,12704194560,254488576,5805252608,1541005312,1275293696,2430091264,517169152
591,2022-01-25,13:58:11,0.5,LocalHost,23.3,16664068096,3091578880,81.4,12704882688,253763584,5805592576,1541070848,1275293696,2430128128,517169152
592,2022-01-25,13:58:11,0.5,LocalHost,18.0,16664068096,3091910656,81.4,12704653312,253595648,5805416448,1541554176,1275301888,2430517248,517169152
593,2022-01-25,13:58:12,0.5,LocalHost,20.7,16664068096,3091980288,81.4,12704497664,253583360,5805109248,1541636096,1275318272,2430668800,517169152
594,2022-01-25,13:58:12,0.5,LocalHost,20.2,16664068096,3092287488,81.4,12704133120,253440000,5805342720,1542070272,1275342848,2431152128,517169152
595,2022-01-25,13:58:13,0.5,LocalHost,20.5,16664068096,3092246528,81.4,12704194560,253321216,5805350912,1542135808,1275342848,2431209472,517169152
596,2022-01-25,13:58:13,0.5,LocalHost,22.2,16664068096,3092168704,81.4,12704321536,252801024,5805400064,1542529024,1275342848,2431602688,517169152
597,2022-01-25,13:58:14,0.5,LocalHost,23.3,16664068096,3092107264,81.4,12704337920,252645376,5805400064,1542623232,1275342848,2431741952,517169152
598,2022-01-25,13:58:14,0.5,LocalHost,22.5,16664068096,3091763200,81.4,12704649216,251826176,5805240320,1543086080,1275359232,2432233472,517169152
599,2022-01-25,13:58:15,0.5,LocalHost,25.1,16664068096,3081924608,81.5,12714491904,241737728,5812985856,1543307264,1275441152,2432397312,517169152
