iteration,date,time,measurement_period,machine/VNF,sys_cpu,totalmem,availablemem,percentmem,usedmem,freemem,activemem,inactivemem,buffers,cached,shared
0,2022-01-28,00:41:50,0.5,LocalHost,95.5,16664068096,3777413120,77.3,12096602112,453836800,6402580480,1373241344,1054056448,3059572736,439693312
1,2022-01-28,00:41:50,0.5,LocalHost,98.3,16664068096,3706105856,77.8,12167946240,382353408,6402592768,1373315072,1054056448,3059712000,439693312
2,2022-01-28,00:41:51,0.5,LocalHost,85.0,16664068096,3693400064,77.8,12180639744,369647616,6402592768,1373315072,1054056448,3059724288,439693312
3,2022-01-28,00:41:51,0.5,LocalHost,39.7,16664068096,3689287680,77.9,12184641536,365453312,6402895872,1373392896,1054056448,3059916800,439693312
4,2022-01-28,00:41:52,0.5,LocalHost,23.9,16664068096,3691421696,77.8,12182519808,367529984,6403002368,1373450240,1054056448,3059961856,439693312
5,2022-01-28,00:41:52,0.5,LocalHost,25.3,16664068096,3686617088,77.9,12187348992,385216512,6403104768,1351221248,1054056448,3037446144,439693312
6,2022-01-28,00:41:53,0.5,LocalHost,26.7,16664068096,3686187008,77.9,12187791360,384950272,6403055616,1351221248,1054056448,3037270016,439693312
7,2022-01-28,00:41:53,0.5,LocalHost,23.9,16664068096,3686023168,77.9,12187947008,384499712,6403108864,1351507968,1054056448,3037564928,439693312
8,2022-01-28,00:41:54,0.5,LocalHost,21.3,16664068096,3685888000,77.9,12188033024,384303104,6403108864,1351569408,1054068736,3037663232,439693312
9,2022-01-28,00:41:54,0.5,LocalHost,21.4,16664068096,3686551552,77.9,12187336704,384823296,6403133440,1351700480,1054068736,3037839360,439693312
10,2022-01-28,00:41:55,0.5,LocalHost,21.6,16664068096,3686506496,77.9,12187480064,384466944,6403149824,1352011776,1054126080,3037995008,439693312
11,2022-01-28,00:41:55,0.5,LocalHost,25.4,16664068096,3686178816,77.9,12187807744,383860736,6403272704,1352237056,1054134272,3038265344,439693312
12,2022-01-28,00:41:56,0.5,LocalHost,23.0,16664068096,3686084608,77.9,12187963392,383672320,6403108864,1352331264,1054134272,3038298112,439693312
13,2022-01-28,00:41:56,0.5,LocalHost,24.7,16664068096,3686002688,77.9,12187951104,383406080,6403117056,1352507392,1054134272,3038576640,439693312
14,2022-01-28,00:41:57,0.5,LocalHost,28.8,16664068096,3679547392,77.9,12194365440,376614912,6409928704,1352843264,1054134272,3038953472,439693312
15,2022-01-28,00:41:57,0.5,LocalHost,22.4,16664068096,3684597760,77.9,12189483008,381214720,6404239360,1353224192,1054134272,3039236096,439697408
16,2022-01-28,00:41:58,0.5,LocalHost,21.3,16664068096,3684413440,77.9,12189593600,380936192,6403301376,1353347072,1054134272,3039404032,439693312
17,2022-01-28,00:41:58,0.5,LocalHost,23.8,16664068096,3684564992,77.9,12189421568,380936192,6403301376,1353498624,1054134272,3039576064,439693312
18,2022-01-28,00:41:59,0.5,LocalHost,22.9,16664068096,3684593664,77.9,12189331456,380899328,6403301376,1353560064,1054142464,3039694848,439693312
19,2022-01-28,00:41:59,0.5,LocalHost,23.8,16664068096,3685175296,77.9,12188774400,381308928,6403309568,1353728000,1054142464,3039842304,439693312
20,2022-01-28,00:42:00,0.5,LocalHost,27.0,16664068096,3686817792,77.9,12189442048,382742528,6403309568,1353936896,1054142464,3037741056,437399552
21,2022-01-28,00:42:00,0.5,LocalHost,21.1,16664068096,3686555648,77.9,12189974528,382050304,6403612672,1354362880,1054208000,3037835264,437161984
22,2022-01-28,00:42:01,0.5,LocalHost,22.6,16664068096,3686838272,77.9,12189659136,382181376,6403641344,1354485760,1054208000,3038019584,437161984
23,2022-01-28,00:42:01,0.5,LocalHost,24.1,16664068096,3688894464,77.9,12189765632,384086016,6403383296,1354600448,1054208000,3036008448,435032064
24,2022-01-28,00:42:02,0.5,LocalHost,23.7,16664068096,3688980480,77.9,12189560832,384090112,6403395584,1354674176,1054208000,3036209152,435130368
25,2022-01-28,00:42:02,0.5,LocalHost,24.7,16664068096,3689005056,77.9,12189507584,383860736,6403395584,1354924032,1054208000,3036491776,435109888
26,2022-01-28,00:42:03,0.5,LocalHost,24.0,16664068096,3689295872,77.9,12189167616,383959040,6403395584,1355116544,1054208000,3036733440,435109888
27,2022-01-28,00:42:03,0.5,LocalHost,24.7,16664068096,3689496576,77.9,12188999680,383926272,6403395584,1355345920,1054208000,3036934144,435109888
28,2022-01-28,00:42:04,0.5,LocalHost,26.0,16664068096,3689635840,77.9,12188884992,383959040,6403399680,1355452416,1054216192,3037007872,435109888
29,2022-01-28,00:42:04,0.5,LocalHost,23.6,16664068096,3689730048,77.9,12188700672,383807488,6403399680,1355698176,1054216192,3037343744,435109888
30,2022-01-28,00:42:05,0.5,LocalHost,25.6,16664068096,3690242048,77.9,12188241920,383893504,6403653632,1356111872,1054216192,3037716480,435109888
31,2022-01-28,00:42:05,0.5,LocalHost,27.0,16664068096,3690536960,77.9,12187979776,383991808,6403657728,1356300288,1054216192,3037880320,435109888
32,2022-01-28,00:42:06,0.5,LocalHost,23.5,16664068096,3690405888,77.9,12188094464,383635456,6403538944,1356500992,1054273536,3038064640,435109888
33,2022-01-28,00:42:06,0.5,LocalHost,24.9,16664068096,3690323968,77.9,12188209152,383291392,6403739648,1356726272,1054281728,3038285824,435109888
34,2022-01-28,00:42:07,0.5,LocalHost,24.5,16664068096,3690606592,77.9,12187877376,383442944,6403739648,1356849152,1054281728,3038466048,435109888
35,2022-01-28,00:42:07,0.5,LocalHost,25.9,16664068096,3687985152,77.9,12190564352,380530688,6404313088,1357103104,1054281728,3038691328,435109888
36,2022-01-28,00:42:08,0.5,LocalHost,21.9,16664068096,3688427520,77.9,12190117888,380723200,6403911680,1357344768,1054281728,3038945280,435109888
37,2022-01-28,00:42:08,0.5,LocalHost,21.8,16664068096,3688632320,77.9,12189925376,380813312,6403776512,1357434880,1054281728,3039047680,435109888
38,2022-01-28,00:42:09,0.5,LocalHost,22.1,16664068096,3689058304,77.9,12189462528,381042688,6403780608,1357623296,1054281728,3039281152,435109888
39,2022-01-28,00:42:09,0.5,LocalHost,24.1,16664068096,3688869888,77.9,12189634560,380780544,6403780608,1357697024,1054289920,3039363072,435109888
40,2022-01-28,00:42:10,0.5,LocalHost,21.8,16664068096,3689340928,77.9,12189118464,381042688,6403579904,1357901824,1054289920,3039617024,435109888
41,2022-01-28,00:42:10,0.5,LocalHost,22.6,16664068096,3689353216,77.9,12189147136,380878848,6403555328,1358073856,1054298112,3039744000,435109888
42,2022-01-28,00:42:11,0.5,LocalHost,27.0,16664068096,3689525248,77.9,12189065216,380727296,6403379200,1358376960,1054322688,3039952896,435109888
43,2022-01-28,00:42:11,0.5,LocalHost,25.9,16664068096,3688812544,77.9,12189798400,379768832,6404014080,1358606336,1054339072,3040161792,435109888
44,2022-01-28,00:42:12,0.5,LocalHost,20.1,16664068096,3689320448,77.9,12189315072,380030976,6403584000,1358807040,1054347264,3040374784,435109888
45,2022-01-28,00:42:12,0.5,LocalHost,21.0,16664068096,3689578496,77.9,12189020160,380030976,6403633152,1359052800,1054347264,3040669696,435109888
46,2022-01-28,00:42:13,0.5,LocalHost,19.9,16664068096,3689885696,77.9,12188680192,380211200,6403645440,1359179776,1054347264,3040829440,435109888
47,2022-01-28,00:42:13,0.5,LocalHost,21.2,16664068096,3689377792,77.9,12189118464,379576320,6403915776,1359298560,1054347264,3041026048,435109888
48,2022-01-28,00:42:14,0.5,LocalHost,19.0,16664068096,3689848832,77.9,12188712960,379748352,6403682304,1359597568,1054347264,3041259520,435109888
49,2022-01-28,00:42:14,0.5,LocalHost,19.9,16664068096,3689684992,77.9,12188897280,379412480,6403858432,1359765504,1054347264,3041411072,435109888
50,2022-01-28,00:42:15,0.5,LocalHost,18.1,16664068096,3690057728,77.9,12188487680,379564032,6403887104,1359982592,1054347264,3041669120,435109888
51,2022-01-28,00:42:15,0.5,LocalHost,19.1,16664068096,3689926656,77.9,12188573696,379412480,6403895296,1359998976,1054355456,3041726464,435109888
52,2022-01-28,00:42:16,0.5,LocalHost,18.5,16664068096,3690573824,77.9,12187869184,379564032,6403760128,1360482304,1054371840,3042263040,435109888
53,2022-01-28,00:42:16,0.5,LocalHost,20.3,16664068096,3690479616,77.9,12188114944,379154432,6403702784,1360789504,1054371840,3042426880,435109888
54,2022-01-28,00:42:17,0.5,LocalHost,20.6,16664068096,3690754048,77.9,12187832320,379273216,6403731456,1360912384,1054404608,3042557952,435109888
55,2022-01-28,00:42:17,0.5,LocalHost,21.4,16664068096,3679223808,77.9,12199407616,367562752,6414692352,1361084416,1054420992,3042676736,435109888
56,2022-01-28,00:42:18,0.5,LocalHost,19.5,16664068096,3690033152,77.9,12188581888,377966592,6403842048,1361436672,1054420992,3043098624,435109888
57,2022-01-28,00:42:18,0.5,LocalHost,18.5,16664068096,3690123264,77.9,12188430336,377966592,6403809280,1361518592,1054420992,3043250176,435109888
58,2022-01-28,00:42:19,0.5,LocalHost,15.3,16664068096,3690237952,77.9,12188295168,378064896,6403809280,1361534976,1054420992,3043287040,435109888
59,2022-01-28,00:42:19,0.5,LocalHost,16.8,16664068096,3690381312,77.9,12188069888,377913344,6403809280,1361825792,1054420992,3043663872,435109888
60,2022-01-28,00:42:20,0.5,LocalHost,16.8,16664068096,3690561536,77.9,12187860992,377933824,6403678208,1361985536,1054420992,3043852288,435109888
61,2022-01-28,00:42:20,0.5,LocalHost,17.7,16664068096,3690897408,77.9,12187631616,377966592,6403690496,1362276352,1054420992,3044048896,435109888
62,2022-01-28,00:42:21,0.5,LocalHost,18.4,16664068096,3690987520,77.9,12187533312,377901056,6403719168,1362432000,1054420992,3044212736,435109888
63,2022-01-28,00:42:21,0.5,LocalHost,19.6,16664068096,3690835968,77.9,12187705344,377487360,6403661824,1362681856,1054437376,3044438016,435109888
64,2022-01-28,00:42:22,0.5,LocalHost,15.3,16664068096,3691147264,77.8,12187389952,377610240,6403670016,1362857984,1054437376,3044630528,435109888
65,2022-01-28,00:42:22,0.5,LocalHost,17.1,16664068096,3691212800,77.8,12187303936,377655296,6403670016,1362878464,1054470144,3044638720,435109888
66,2022-01-28,00:42:23,0.5,LocalHost,19.0,16664068096,3691335680,77.8,12187222016,377483264,6403710976,1363161088,1054478336,3044884480,435109888
67,2022-01-28,00:42:23,0.5,LocalHost,15.4,16664068096,3691130880,77.8,12187344896,377094144,6403735552,1363308544,1054478336,3045150720,435109888
68,2022-01-28,00:42:24,0.5,LocalHost,14.4,16664068096,3691282432,77.8,12187258880,376999936,6403739648,1363550208,1054478336,3045330944,435109888
69,2022-01-28,00:42:24,0.5,LocalHost,15.2,16664068096,3691671552,77.8,12186705920,376967168,6403751936,1363963904,1054478336,3045916672,435109888
70,2022-01-28,00:42:25,0.5,LocalHost,16.3,16664068096,3691479040,77.8,12187037696,376545280,6403567616,1364180992,1054478336,3046006784,435109888
71,2022-01-28,00:42:25,0.5,LocalHost,19.0,16664068096,3691606016,77.8,12186882048,376610816,6403690496,1364242432,1054478336,3046096896,435109888
72,2022-01-28,00:42:26,0.5,LocalHost,17.0,16664068096,3691761664,77.8,12186677248,376676352,6403751936,1364332544,1054478336,3046236160,435109888
73,2022-01-28,00:42:26,0.5,LocalHost,14.5,16664068096,3691700224,77.8,12186796032,376287232,6403780608,1364635648,1054502912,3046481920,435109888
74,2022-01-28,00:42:27,0.5,LocalHost,15.9,16664068096,3691667456,77.8,12186816512,376127488,6403784704,1364754432,1054502912,3046621184,435109888
75,2022-01-28,00:42:27,0.5,LocalHost,13.3,16664068096,3691769856,77.8,12186726400,375865344,6403796992,1365110784,1054511104,3046965248,435109888
76,2022-01-28,00:42:28,0.5,LocalHost,15.8,16664068096,3689549824,77.9,12189020160,373354496,6403928064,1365368832,1054535680,3047157760,435105792
77,2022-01-28,00:42:28,0.5,LocalHost,15.4,16664068096,3689963520,77.9,12188643328,373551104,6403825664,1365565440,1054552064,3047321600,435109888
78,2022-01-28,00:42:29,0.5,LocalHost,17.3,16664068096,3690160128,77.9,12188372992,373551104,6403825664,1365749760,1054552064,3047591936,435109888
79,2022-01-28,00:42:29,0.5,LocalHost,18.8,16664068096,3689959424,77.9,12188549120,373260288,6403837952,1365839872,1054552064,3047706624,435109888
80,2022-01-28,00:42:30,0.5,LocalHost,23.6,16664068096,3690147840,77.9,12188364800,373391360,6403837952,1365897216,1054552064,3047759872,435109888
81,2022-01-28,00:42:30,0.5,LocalHost,22.7,16664068096,3690348544,77.9,12188168192,373260288,6403846144,1366204416,1054552064,3048087552,435109888
82,2022-01-28,00:42:31,0.5,LocalHost,16.5,16664068096,3690586112,77.9,12187910144,373325824,6403674112,1366376448,1054552064,3048280064,435109888
83,2022-01-28,00:42:31,0.5,LocalHost,14.7,16664068096,3690856448,77.9,12187615232,373530624,6403792896,1366437888,1054552064,3048370176,435109888
84,2022-01-28,00:42:32,0.5,LocalHost,16.3,16664068096,3691048960,77.9,12187480064,373583872,6403588096,1366577152,1054568448,3048435712,435109888
85,2022-01-28,00:42:32,0.5,LocalHost,16.7,16664068096,3691372544,77.8,12186853376,373518336,6403608576,1366958080,1054576640,3049119744,435109888
86,2022-01-28,00:42:33,0.5,LocalHost,17.1,16664068096,3691868160,77.8,12186705920,373583872,6403604480,1367355392,1054576640,3049201664,435109888
87,2022-01-28,00:42:33,0.5,LocalHost,15.9,16664068096,3691749376,77.8,12186787840,373391360,6403604480,1367429120,1054601216,3049287680,435109888
88,2022-01-28,00:42:34,0.5,LocalHost,16.1,16664068096,3691970560,77.8,12186636288,373391360,6403543040,1367621632,1054617600,3049422848,435109888
89,2022-01-28,00:42:34,0.5,LocalHost,15.7,16664068096,3691536384,77.8,12187054080,372776960,6403543040,1367793664,1054617600,3049619456,435109888
90,2022-01-28,00:42:35,0.5,LocalHost,18.2,16664068096,3691847680,77.8,12186763264,372875264,6403559424,1367982080,1054617600,3049811968,435109888
91,2022-01-28,00:42:35,0.5,LocalHost,15.5,16664068096,3691909120,77.8,12186628096,372809728,6403559424,1368104960,1054617600,3050012672,435109888
92,2022-01-28,00:42:36,0.5,LocalHost,16.4,16664068096,3691962368,77.8,12186550272,372551680,6403407872,1368408064,1054617600,3050348544,435109888
93,2022-01-28,00:42:36,0.5,LocalHost,18.3,16664068096,3691864064,77.8,12186689536,372355072,6403555328,1368506368,1054617600,3050405888,435109888
94,2022-01-28,00:42:37,0.5,LocalHost,17.6,16664068096,3692220416,77.8,12186324992,372396032,6403555328,1368813568,1054617600,3050729472,435109888
95,2022-01-28,00:42:37,0.5,LocalHost,17.3,16664068096,3691638784,77.8,12186873856,371777536,6403821568,1368850432,1054650368,3050766336,435109888
96,2022-01-28,00:42:38,0.5,LocalHost,19.8,16664068096,3691167744,77.8,12187484160,370864128,6403448832,1369223168,1054650368,3051069440,435109888
97,2022-01-28,00:42:38,0.5,LocalHost,14.4,16664068096,3690749952,77.9,12187885568,370384896,6403956736,1369292800,1054650368,3051147264,435109888
98,2022-01-28,00:42:39,0.5,LocalHost,13.1,16664068096,3691048960,77.9,12187484160,370442240,6403600384,1369534464,1054674944,3051466752,435109888
99,2022-01-28,00:42:39,0.5,LocalHost,15.4,16664068096,3691089920,77.9,12187381760,370356224,6403600384,1369661440,1054683136,3051646976,435109888
100,2022-01-28,00:42:40,0.5,LocalHost,17.1,16664068096,3691122688,77.8,12187308032,370216960,6403063808,1369829376,1054683136,3051859968,435109888
101,2022-01-28,00:42:40,0.5,LocalHost,16.7,16664068096,3691515904,77.8,12186841088,370249728,6403305472,1370189824,1054683136,3052294144,435109888
102,2022-01-28,00:42:41,0.5,LocalHost,12.4,16664068096,3691798528,77.8,12186558464,370417664,6403334144,1370300416,1054683136,3052408832,435109888
103,2022-01-28,00:42:41,0.5,LocalHost,16.6,16664068096,3691499520,77.8,12187107328,369786880,6403481600,1370599424,1054683136,3052490752,435109888
104,2022-01-28,00:42:42,0.5,LocalHost,13.7,16664068096,3691499520,77.8,12187090944,369561600,6403444736,1370816512,1054683136,3052732416,435109888
105,2022-01-28,00:42:42,0.5,LocalHost,16.2,16664068096,3691503616,77.8,12187066368,369463296,6403375104,1370914816,1054707712,3052830720,435109888
106,2022-01-28,00:42:43,0.5,LocalHost,15.4,16664068096,3691847680,77.8,12186652672,369537024,6403375104,1371181056,1054724096,3053154304,435109888
107,2022-01-28,00:42:43,0.5,LocalHost,17.0,16664068096,3692060672,77.8,12186435584,369672192,6403399680,1371234304,1054724096,3053236224,435109888
108,2022-01-28,00:42:44,0.5,LocalHost,20.3,16664068096,3691958272,77.8,12186574848,369278976,6403399680,1371516928,1054732288,3053481984,435109888
109,2022-01-28,00:42:44,0.5,LocalHost,19.4,16664068096,3692265472,77.8,12186255360,369401856,6403424256,1371676672,1054748672,3053662208,435109888
110,2022-01-28,00:42:45,0.5,LocalHost,18.4,16664068096,3692445696,77.8,12186128384,369311744,6403436544,1371938816,1054765056,3053862912,435109888
111,2022-01-28,00:42:45,0.5,LocalHost,16.8,16664068096,3692466176,77.8,12186075136,369143808,6403735552,1372098560,1054765056,3054084096,435109888
112,2022-01-28,00:42:46,0.5,LocalHost,15.5,16664068096,3692605440,77.8,12185886720,369143808,6403731456,1372237824,1054765056,3054272512,435109888
113,2022-01-28,00:42:46,0.5,LocalHost,15.1,16664068096,3692654592,77.8,12185886720,369065984,6403674112,1372364800,1054765056,3054350336,435109888
114,2022-01-28,00:42:47,0.5,LocalHost,14.6,16664068096,3692843008,77.8,12185620480,369020928,6403715072,1372598272,1054765056,3054661632,435109888
115,2022-01-28,00:42:47,0.5,LocalHost,13.1,16664068096,3692843008,77.8,12185583616,369016832,6403715072,1372598272,1054789632,3054678016,435109888
116,2022-01-28,00:42:48,0.5,LocalHost,14.3,16664068096,3692830720,77.8,12185632768,368758784,6403731456,1372827648,1054789632,3054886912,435109888
117,2022-01-28,00:42:48,0.5,LocalHost,17.2,16664068096,3690246144,77.9,12188282880,365772800,6404214784,1373204480,1054797824,3055214592,435105792
118,2022-01-28,00:42:49,0.5,LocalHost,18.3,16664068096,3690893312,77.9,12187267072,366239744,6403866624,1373356032,1054797824,3055763456,435105792
119,2022-01-28,00:42:49,0.5,LocalHost,22.3,16664068096,3690934272,77.9,12187648000,365867008,6403756032,1373757440,1054806016,3055747072,435109888
120,2022-01-28,00:42:50,0.5,LocalHost,15.2,16664068096,3691245568,77.8,12187316224,365940736,6403772416,1373978624,1054814208,3055996928,435109888
121,2022-01-28,00:42:50,0.5,LocalHost,16.2,16664068096,3691433984,77.8,12187156480,365912064,6403780608,1374187520,1054822400,3056177152,435109888
122,2022-01-28,00:42:51,0.5,LocalHost,17.0,16664068096,3691499520,77.8,12187049984,365875200,6403809280,1374281728,1054822400,3056320512,435109888
123,2022-01-28,00:42:51,0.5,LocalHost,16.2,16664068096,3691610112,77.8,12186923008,365809664,6403801088,1374453760,1054822400,3056513024,435109888
124,2022-01-28,00:42:52,0.5,LocalHost,16.2,16664068096,3691876352,77.8,12186624000,365940736,6403633152,1374588928,1054822400,3056680960,435109888
125,2022-01-28,00:42:52,0.5,LocalHost,12.2,16664068096,3692003328,77.8,12186537984,365854720,6403731456,1374797824,1054830592,3056844800,435109888
126,2022-01-28,00:42:53,0.5,LocalHost,11.4,16664068096,3692023808,77.8,12186550272,365551616,6403792896,1375113216,1054846976,3057119232,435109888
127,2022-01-28,00:42:53,0.5,LocalHost,13.4,16664068096,3691978752,77.8,12186587136,365383680,6403809280,1375219712,1054846976,3057250304,435109888
128,2022-01-28,00:42:54,0.5,LocalHost,15.8,16664068096,3692122112,77.8,12186431488,365326336,6403813376,1375416320,1054863360,3057446912,435109888
129,2022-01-28,00:42:54,0.5,LocalHost,17.0,16664068096,3692310528,77.8,12186152960,365363200,6403813376,1375559680,1054863360,3057688576,435109888
130,2022-01-28,00:42:55,0.5,LocalHost,15.4,16664068096,3692363776,77.8,12186165248,365125632,6403829760,1375825920,1054879744,3057897472,435109888
131,2022-01-28,00:42:55,0.5,LocalHost,15.1,16664068096,3692433408,77.8,12185952256,365191168,6403829760,1375825920,1054887936,3058036736,435109888
132,2022-01-28,00:42:56,0.5,LocalHost,18.1,16664068096,3692793856,77.8,12185763840,365158400,6403829760,1376215040,1054896128,3058249728,435109888
133,2022-01-28,00:42:56,0.5,LocalHost,17.1,16664068096,3692957696,77.8,12185587712,365203456,6403854336,1376305152,1054896128,3058380800,435109888
134,2022-01-28,00:42:57,0.5,LocalHost,17.3,16664068096,3692937216,77.8,12185522176,364900352,6403661824,1376579584,1054896128,3058749440,435109888
135,2022-01-28,00:42:57,0.5,LocalHost,13.7,16664068096,3693121536,77.8,12185325568,364847104,6403661824,1376808960,1054904320,3058991104,435109888
136,2022-01-28,00:42:58,0.5,LocalHost,16.9,16664068096,3693305856,77.8,12185153536,364777472,6403784704,1377054720,1054912512,3059224576,435109888
137,2022-01-28,00:42:58,0.5,LocalHost,19.5,16664068096,3690934272,77.9,12187414528,362508288,6403973120,1376948224,1054912512,3059232768,435109888
138,2022-01-28,00:42:59,0.5,LocalHost,17.7,16664068096,3690479616,77.9,12188090368,361414656,6403854336,1377517568,1054912512,3059650560,435109888
139,2022-01-28,00:42:59,0.5,LocalHost,14.4,16664068096,3690573824,77.9,12187947008,361381888,6403870720,1377624064,1054928896,3059810304,435109888
140,2022-01-28,00:43:00,0.5,LocalHost,18.0,16664068096,3686465536,77.9,12188901376,356995072,6404952064,1377894400,1054928896,3063242752,438292480
141,2022-01-28,00:43:00,0.5,LocalHost,15.1,16664068096,3686375424,77.9,12189188096,356708352,6404952064,1378086912,1054945280,3063226368,438104064
142,2022-01-28,00:43:01,0.5,LocalHost,18.1,16664068096,3687358464,77.9,12188209152,357466112,6403989504,1378291712,1054953472,3063439360,438104064
143,2022-01-28,00:43:01,0.5,LocalHost,23.9,16664068096,3695513600,77.8,12189274112,365404160,6404313088,1378480128,1054969856,3054419968,428896256
144,2022-01-28,00:43:02,0.5,LocalHost,19.2,16664068096,3696173056,77.8,12188684288,365887488,6403985408,1378652160,1054969856,3054526464,428802048
145,2022-01-28,00:43:02,0.5,LocalHost,15.2,16664068096,3696222208,77.8,12188667904,365731840,6404161536,1378856960,1054978048,3054690304,428802048
146,2022-01-28,00:43:03,0.5,LocalHost,14.7,16664068096,3696422912,77.8,12188413952,365752320,6403936256,1379028992,1054978048,3054923776,428802048
147,2022-01-28,00:43:03,0.5,LocalHost,17.2,16664068096,3696594944,77.8,12188266496,365785088,6403977216,1379151872,1054986240,3055030272,428802048
148,2022-01-28,00:43:04,0.5,LocalHost,18.0,16664068096,3696734208,77.8,12188119040,365662208,6403977216,1379409920,1054986240,3055300608,428802048
149,2022-01-28,00:43:04,0.5,LocalHost,16.2,16664068096,3696971776,77.8,12187836416,365764608,6404001792,1379540992,1055002624,3055464448,428802048
150,2022-01-28,00:43:05,0.5,LocalHost,18.1,16664068096,3697180672,77.8,12187533312,365654016,6404001792,1379848192,1055002624,3055878144,428802048
151,2022-01-28,00:43:05,0.5,LocalHost,14.7,16664068096,3696992256,77.8,12187738112,365408256,6404018176,1379889152,1055002624,3055919104,428802048
152,2022-01-28,00:43:06,0.5,LocalHost,16.0,16664068096,3697573888,77.8,12187291648,365494272,6404022272,1380372480,1055019008,3056263168,428802048
153,2022-01-28,00:43:06,0.5,LocalHost,17.8,16664068096,3697618944,77.8,12187209728,365473792,6404059136,1380433920,1055027200,3056357376,428802048
154,2022-01-28,00:43:07,0.5,LocalHost,18.0,16664068096,3698167808,77.8,12186714112,365662208,6403903488,1380749312,1055043584,3056648192,428802048
155,2022-01-28,00:43:07,0.5,LocalHost,15.4,16664068096,3698180096,77.8,12186689536,365527040,6404009984,1380888576,1055043584,3056807936,428802048
156,2022-01-28,00:43:08,0.5,LocalHost,16.0,16664068096,3698069504,77.8,12186767360,365203456,6404055040,1381089280,1055051776,3057045504,428802048
157,2022-01-28,00:43:08,0.5,LocalHost,16.7,16664068096,3698081792,77.8,12186722304,365150208,6404055040,1381150720,1055059968,3057135616,428802048
158,2022-01-28,00:43:09,0.5,LocalHost,20.7,16664068096,3696730112,77.8,12188229632,363208704,6404079616,1381715968,1055059968,3057569792,428802048
159,2022-01-28,00:43:09,0.5,LocalHost,14.0,16664068096,3696922624,77.8,12188020736,363274240,6404087808,1381830656,1055068160,3057704960,428802048
160,2022-01-28,00:43:10,0.5,LocalHost,14.1,16664068096,3696644096,77.8,12188192768,362917888,6404087808,1381908480,1055068160,3057889280,428802048
161,2022-01-28,00:43:10,0.5,LocalHost,14.0,16664068096,3697045504,77.8,12187762688,363253760,6404087808,1381969920,1055068160,3057983488,428802048
162,2022-01-28,00:43:11,0.5,LocalHost,16.2,16664068096,3697344512,77.8,12187500544,363233280,6404009984,1382281216,1055068160,3058266112,428802048
163,2022-01-28,00:43:11,0.5,LocalHost,17.1,16664068096,3696254976,77.8,12188639232,361836544,6404296704,1382580224,1055076352,3058515968,428802048
164,2022-01-28,00:43:12,0.5,LocalHost,16.2,16664068096,3696984064,77.8,12187922432,362303488,6403923968,1382821888,1055092736,3058749440,428802048
165,2022-01-28,00:43:12,0.5,LocalHost,14.0,16664068096,3696898048,77.8,12187987968,362209280,6403923968,1382830080,1055100928,3058769920,428802048
166,2022-01-28,00:43:13,0.5,LocalHost,16.7,16664068096,3697078272,77.8,12187697152,362110976,6404063232,1383104512,1055109120,3059150848,428802048
167,2022-01-28,00:43:13,0.5,LocalHost,16.5,16664068096,3697360896,77.8,12187422720,362299392,6404063232,1383194624,1055117312,3059228672,428802048
168,2022-01-28,00:43:14,0.5,LocalHost,15.7,16664068096,3697168384,77.8,12187561984,361844736,6404075520,1383428096,1055117312,3059544064,428802048
169,2022-01-28,00:43:14,0.5,LocalHost,15.2,16664068096,3697721344,77.8,12187033600,362278912,6404075520,1383546880,1055117312,3059638272,428802048
170,2022-01-28,00:43:15,0.5,LocalHost,16.6,16664068096,3697983488,77.8,12186824704,362168320,6404132864,1383890944,1055133696,3059941376,428802048
171,2022-01-28,00:43:15,0.5,LocalHost,16.1,16664068096,3697709056,77.8,12187107328,361852928,6404132864,1383931904,1055133696,3059974144,428802048
172,2022-01-28,00:43:16,0.5,LocalHost,19.2,16664068096,3697729536,77.8,12187074560,361361408,6404239360,1384411136,1055133696,3060498432,428802048
173,2022-01-28,00:43:16,0.5,LocalHost,18.6,16664068096,3697508352,77.8,12187267072,361078784,6404239360,1384472576,1055133696,3060588544,428802048
174,2022-01-28,00:43:17,0.5,LocalHost,15.2,16664068096,3697676288,77.8,12187119616,360910848,6404390912,1384804352,1055150080,3060887552,428802048
175,2022-01-28,00:43:17,0.5,LocalHost,15.9,16664068096,3697754112,77.8,12187095040,360787968,6404399104,1384996864,1055158272,3061026816,428802048
176,2022-01-28,00:43:18,0.5,LocalHost,14.5,16664068096,3697713152,77.8,12187082752,360587264,6404407296,1385148416,1055174656,3061223424,428802048
177,2022-01-28,00:43:18,0.5,LocalHost,16.3,16664068096,3698192384,77.8,12186562560,360955904,6404403200,1385250816,1055182848,3061366784,428802048
178,2022-01-28,00:43:19,0.5,LocalHost,20.1,16664068096,3695423488,77.8,12189548544,357634048,6405234688,1385676800,1055182848,3061702656,428802048
179,2022-01-28,00:43:19,0.5,LocalHost,12.1,16664068096,3696365568,77.8,12188569600,358555648,6404612096,1385758720,1055182848,3061760000,428802048
180,2022-01-28,00:43:20,0.5,LocalHost,18.6,16664068096,3696148480,77.8,12188692480,358199296,6404489216,1385910272,1055182848,3061993472,428802048
181,2022-01-28,00:43:20,0.5,LocalHost,23.0,16664068096,3696197632,77.8,12188688384,358072320,6404431872,1386082304,1055199232,3062108160,428802048
182,2022-01-28,00:43:21,0.5,LocalHost,19.2,16664068096,3696472064,77.8,12188372992,358109184,6404423680,1386291200,1055199232,3062386688,428802048
183,2022-01-28,00:43:21,0.5,LocalHost,16.9,16664068096,3696795648,77.8,12188073984,358297600,6404112384,1386422272,1055199232,3062497280,428802048
184,2022-01-28,00:43:22,0.5,LocalHost,17.8,16664068096,3696631808,77.8,12188258304,357842944,6404050944,1386708992,1055199232,3062767616,428802048
185,2022-01-28,00:43:22,0.5,LocalHost,15.9,16664068096,3697168384,77.8,12187680768,358252544,6404050944,1386831872,1055207424,3062927360,428802048
186,2022-01-28,00:43:23,0.5,LocalHost,16.5,16664068096,3697131520,77.8,12187684864,358043648,6404050944,1386999808,1055232000,3063107584,428802048
187,2022-01-28,00:43:23,0.5,LocalHost,17.4,16664068096,3697164288,77.8,12187619328,357974016,6404050944,1387102208,1055248384,3063226368,428802048
188,2022-01-28,00:43:24,0.5,LocalHost,17.5,16664068096,3697508352,77.8,12187357184,357908480,6404128768,1387458560,1055248384,3063554048,428802048
189,2022-01-28,00:43:24,0.5,LocalHost,16.4,16664068096,3697565696,77.8,12187250688,357908480,6404136960,1387511808,1055248384,3063660544,428802048
190,2022-01-28,00:43:25,0.5,LocalHost,17.4,16664068096,3697827840,77.8,12186951680,357818368,6404136960,1387859968,1055248384,3064049664,428802048
191,2022-01-28,00:43:25,0.5,LocalHost,17.8,16664068096,3697463296,77.8,12187328512,357437440,6403923968,1387876352,1055264768,3064037376,428802048
192,2022-01-28,00:43:26,0.5,LocalHost,17.3,16664068096,3697246208,77.8,12187631616,356745216,6404038656,1388318720,1055264768,3064426496,428802048
193,2022-01-28,00:43:26,0.5,LocalHost,19.3,16664068096,3697582080,77.8,12187271168,357072896,6404034560,1388326912,1055264768,3064459264,428802048
194,2022-01-28,00:43:27,0.5,LocalHost,18.9,16664068096,3697295360,77.8,12187447296,356552704,6404112384,1388556288,1055264768,3064803328,428802048
195,2022-01-28,00:43:27,0.5,LocalHost,17.1,16664068096,3697627136,77.8,12187123712,356847616,6404112384,1388589056,1055264768,3064832000,428802048
196,2022-01-28,00:43:28,0.5,LocalHost,17.7,16664068096,3697799168,77.8,12187095040,356495360,6404124672,1389092864,1055289344,3065188352,428802048
197,2022-01-28,00:43:28,0.5,LocalHost,16.9,16664068096,3697889280,77.8,12186951680,356458496,6404124672,1389219840,1055305728,3065352192,428802048
198,2022-01-28,00:43:29,0.5,LocalHost,19.2,16664068096,3698024448,77.8,12186783744,356360192,6404194304,1389408256,1055330304,3065593856,428802048
199,2022-01-28,00:43:29,0.5,LocalHost,17.8,16664068096,3694780416,77.8,12189806592,353308672,6405152768,1389215744,1055330304,3065622528,428806144
200,2022-01-28,00:43:30,0.5,LocalHost,18.8,16664068096,3695894528,77.8,12188999680,353759232,6404067328,1389830144,1055330304,3065978880,428802048
201,2022-01-28,00:43:30,0.5,LocalHost,20.8,16664068096,3695722496,77.8,12189143040,353460224,6404210688,1389953024,1055330304,3066134528,428802048
202,2022-01-28,00:43:31,0.5,LocalHost,18.5,16664068096,3695984640,77.8,12188807168,353558528,6404218880,1390116864,1055346688,3066355712,428802048
203,2022-01-28,00:43:31,0.5,LocalHost,18.7,16664068096,3696386048,77.8,12188401664,353796096,6404218880,1390276608,1055346688,3066523648,428802048
204,2022-01-28,00:43:32,0.5,LocalHost,18.6,16664068096,3696615424,77.8,12188172288,353816576,6404329472,1390481408,1055346688,3066732544,428802048
205,2022-01-28,00:43:32,0.5,LocalHost,20.5,16664068096,3696771072,77.8,12187996160,353722368,6404345856,1390710784,1055346688,3067002880,428802048
206,2022-01-28,00:43:33,0.5,LocalHost,18.9,16664068096,3696902144,77.8,12187848704,353591296,6404345856,1390968832,1055354880,3067273216,428802048
207,2022-01-28,00:43:33,0.5,LocalHost,19.3,16664068096,3697270784,77.8,12187607040,353656832,6404227072,1391263744,1055371264,3067432960,428802048
208,2022-01-28,00:43:34,0.5,LocalHost,21.5,16664068096,3697577984,77.8,12187299840,353759232,6404263936,1391423488,1055387648,3067621376,428802048
209,2022-01-28,00:43:34,0.5,LocalHost,22.2,16664068096,3697369088,77.8,12187447296,353492992,6404288512,1391472640,1055412224,3067715584,428802048
210,2022-01-28,00:43:35,0.5,LocalHost,22.0,16664068096,3697819648,77.8,12187070464,353591296,6404292608,1391812608,1055412224,3067994112,428802048
211,2022-01-28,00:43:35,0.5,LocalHost,21.5,16664068096,3697975296,77.8,12186898432,353624064,6404300800,1391927296,1055412224,3068133376,428802048
212,2022-01-28,00:43:36,0.5,LocalHost,21.8,16664068096,3698380800,77.8,12186546176,353726464,6404128768,1392205824,1055428608,3068366848,428802048
213,2022-01-28,00:43:36,0.5,LocalHost,17.9,16664068096,3698307072,77.8,12186578944,353591296,6404128768,1392267264,1055428608,3068469248,428802048
214,2022-01-28,00:43:37,0.5,LocalHost,21.1,16664068096,3698450432,77.8,12186398720,353492992,6404128768,1392496640,1055428608,3068747776,428802048
215,2022-01-28,00:43:37,0.5,LocalHost,19.4,16664068096,3698630656,77.8,12186198016,353665024,6403944448,1392500736,1055428608,3068776448,428802048
216,2022-01-28,00:43:38,0.5,LocalHost,19.9,16664068096,3698536448,77.8,12186222592,353267712,6404091904,1392799744,1055436800,3069140992,428802048
217,2022-01-28,00:43:38,0.5,LocalHost,20.3,16664068096,3699040256,77.8,12185739264,353591296,6404091904,1392975872,1055436800,3069300736,428802048
218,2022-01-28,00:43:39,0.5,LocalHost,23.2,16664068096,3699200000,77.8,12185567232,353525760,6404108288,1393192960,1055453184,3069521920,428802048
219,2022-01-28,00:43:39,0.5,LocalHost,20.6,16664068096,3695624192,77.8,12189167616,349814784,6404411392,1393307648,1055461376,3069624320,428802048
220,2022-01-28,00:43:40,0.5,LocalHost,19.5,16664068096,3696562176,77.8,12188303360,350388224,6403588096,1393598464,1055477760,3069898752,428802048
221,2022-01-28,00:43:40,0.5,LocalHost,26.2,16664068096,3696685056,77.8,12188209152,350322688,6403588096,1393782784,1055477760,3070058496,428802048
222,2022-01-28,00:43:41,0.5,LocalHost,22.0,16664068096,3697029120,77.8,12187803648,350322688,6403510272,1394102272,1055477760,3070464000,428802048
223,2022-01-28,00:43:41,0.5,LocalHost,20.3,16664068096,3698593792,77.8,12186296320,351649792,6403452928,1394331648,1055494144,3070627840,428802048
224,2022-01-28,00:43:42,0.5,LocalHost,19.8,16664068096,3698638848,77.8,12186243072,351473664,6403547136,1394544640,1055494144,3070857216,428802048
225,2022-01-28,00:43:42,0.5,LocalHost,20.0,16664068096,3698339840,77.8,12186529792,351084544,6403547136,1394634752,1055494144,3070959616,428802048
226,2022-01-28,00:43:43,0.5,LocalHost,22.3,16664068096,3698597888,77.8,12186181632,351150080,6403555328,1394810880,1055502336,3071234048,428802048
227,2022-01-28,00:43:43,0.5,LocalHost,20.4,16664068096,3698728960,77.8,12186005504,351129600,6403592192,1394954240,1055502336,3071430656,428802048
228,2022-01-28,00:43:44,0.5,LocalHost,20.9,16664068096,3698839552,77.8,12186001408,350937088,6403600384,1395253248,1055502336,3071627264,428802048
229,2022-01-28,00:43:44,0.5,LocalHost,21.8,16664068096,3699003392,77.8,12185776128,351088640,6403379200,1395257344,1055510528,3071692800,428802048
230,2022-01-28,00:43:45,0.5,LocalHost,19.2,16664068096,3699015680,77.8,12185759744,350834688,6403543040,1395515392,1055518720,3071954944,428802048
231,2022-01-28,00:43:45,0.5,LocalHost,22.6,16664068096,3699507200,77.8,12185341952,351072256,6403559424,1395744768,1055543296,3072110592,428802048
232,2022-01-28,00:43:46,0.5,LocalHost,22.4,16664068096,3699720192,77.8,12185104384,351055872,6403575808,1395953664,1055543296,3072364544,428802048
233,2022-01-28,00:43:46,0.5,LocalHost,22.9,16664068096,3699392512,77.8,12185419776,350633984,6403575808,1396047872,1055543296,3072471040,428802048
234,2022-01-28,00:43:47,0.5,LocalHost,22.1,16664068096,3699798016,77.8,12185071616,350699520,6403809280,1396375552,1055551488,3072745472,428802048
235,2022-01-28,00:43:47,0.5,LocalHost,19.3,16664068096,3700023296,77.8,12184846336,350797824,6403809280,1396498432,1055551488,3072872448,428802048
236,2022-01-28,00:43:48,0.5,LocalHost,23.3,16664068096,3699859456,77.8,12184948736,350408704,6403858432,1396707328,1055559680,3073150976,428802048
237,2022-01-28,00:43:48,0.5,LocalHost,22.3,16664068096,3700092928,77.8,12184743936,350474240,6403694592,1396871168,1055559680,3073290240,428802048
238,2022-01-28,00:43:49,0.5,LocalHost,21.1,16664068096,3700408320,77.8,12184440832,350375936,6403858432,1397260288,1055559680,3073691648,428802048
239,2022-01-28,00:43:49,0.5,LocalHost,22.1,16664068096,3698847744,77.8,12186025984,348618752,6403870720,1397452800,1055559680,3073863680,428802048
240,2022-01-28,00:43:50,0.5,LocalHost,24.2,16664068096,3695374336,77.8,12189544448,344858624,6404005888,1397714944,1055567872,3074097152,428802048
241,2022-01-28,00:43:50,0.5,LocalHost,23.3,16664068096,3695611904,77.8,12189249536,345030656,6404014080,1397768192,1055576064,3074211840,428802048
242,2022-01-28,00:43:51,0.5,LocalHost,23.2,16664068096,3695652864,77.8,12189175808,344793088,6403825664,1398030336,1055600640,3074498560,428802048
243,2022-01-28,00:43:51,0.5,LocalHost,23.6,16664068096,3695718400,77.8,12189118464,344793088,6403825664,1398091776,1055600640,3074555904,428802048
244,2022-01-28,00:43:52,0.5,LocalHost,22.5,16664068096,3695833088,77.8,12188962816,344670208,6404018176,1398296576,1055600640,3074834432,428802048
245,2022-01-28,00:43:52,0.5,LocalHost,24.7,16664068096,3696234496,77.8,12188618752,344825856,6404149248,1398542336,1055617024,3075006464,428802048
246,2022-01-28,00:43:53,0.5,LocalHost,23.0,16664068096,3696189440,77.8,12188614656,344535040,6403964928,1398763520,1055625216,3075293184,428802048
247,2022-01-28,00:43:53,0.5,LocalHost,24.2,16664068096,3696459776,77.8,12188315648,344805376,6403964928,1398763520,1055625216,3075321856,428802048
248,2022-01-28,00:43:54,0.5,LocalHost,24.7,16664068096,3696795648,77.8,12187975680,344793088,6403969024,1399103488,1055625216,3075674112,428802048
249,2022-01-28,00:43:54,0.5,LocalHost,23.4,16664068096,3696533504,77.8,12188250112,344469504,6403969024,1399164928,1055625216,3075723264,428802048
250,2022-01-28,00:43:55,0.5,LocalHost,23.4,16664068096,3697029120,77.8,12187881472,344502272,6403432448,1399599104,1055625216,3076059136,428802048
251,2022-01-28,00:43:55,0.5,LocalHost,21.5,16664068096,3697537024,77.8,12187402240,344793088,6403325952,1399816192,1055633408,3076239360,428802048
252,2022-01-28,00:43:56,0.5,LocalHost,20.2,16664068096,3697401856,77.8,12187488256,344502272,6403375104,1399967744,1055649792,3076427776,428802048
253,2022-01-28,00:43:56,0.5,LocalHost,23.0,16664068096,3698057216,77.8,12186808320,345153536,6403375104,1399967744,1055682560,3076423680,428802048
254,2022-01-28,00:43:57,0.5,LocalHost,22.3,16664068096,3697954816,77.8,12186857472,344727552,6403432448,1400229888,1055682560,3076800512,428802048
255,2022-01-28,00:43:57,0.5,LocalHost,20.2,16664068096,3697913856,77.8,12186898432,344436736,6403424256,1400475648,1055682560,3077050368,428802048
256,2022-01-28,00:43:58,0.5,LocalHost,21.4,16664068096,3698274304,77.8,12186550272,344502272,6403461120,1400758272,1055698944,3077316608,428802048
257,2022-01-28,00:43:58,0.5,LocalHost,23.4,16664068096,3698618368,77.8,12186234880,344633344,6403469312,1400967168,1055698944,3077500928,428802048
258,2022-01-28,00:43:59,0.5,LocalHost,24.8,16664068096,3698905088,77.8,12185944064,344727552,6403334144,1401147392,1055698944,3077697536,428802048
259,2022-01-28,00:43:59,0.5,LocalHost,23.4,16664068096,3698896896,77.8,12185952256,344633344,6403334144,1401229312,1055698944,3077783552,428802048
260,2022-01-28,00:44:00,0.5,LocalHost,27.9,16664068096,3683876864,77.9,12191952896,328769536,6406062080,1401987072,1055698944,3087646720,438136832
261,2022-01-28,00:44:00,0.5,LocalHost,16.0,16664068096,3683946496,77.9,12191657984,329056256,6405435392,1401815040,1055698944,3087654912,438136832
262,2022-01-28,00:44:01,0.5,LocalHost,19.3,16664068096,3691384832,77.8,12192677888,336211968,6404870144,1402118144,1055707136,3079471104,429576192
263,2022-01-28,00:44:01,0.5,LocalHost,20.3,16664068096,3692634112,77.8,12191449088,337354752,6403809280,1402216448,1055723520,3079540736,429576192
264,2022-01-28,00:44:02,0.5,LocalHost,19.2,16664068096,3692810240,77.8,12191485952,337293312,6403399680,1402441728,1055748096,3079540736,429326336
265,2022-01-28,00:44:02,0.5,LocalHost,16.2,16664068096,3692769280,77.8,12191498240,337100800,6403506176,1402580992,1055748096,3079720960,429326336
266,2022-01-28,00:44:03,0.5,LocalHost,16.5,16664068096,3693367296,77.8,12190953472,337424384,6403403776,1402814464,1055756288,3079933952,429326336
267,2022-01-28,00:44:03,0.5,LocalHost,18.4,16664068096,3693395968,77.8,12190941184,337391616,6403403776,1402875904,1055772672,3079962624,429326336
268,2022-01-28,00:44:04,0.5,LocalHost,16.7,16664068096,3693301760,77.8,12191010816,336969728,6403420160,1403170816,1055772672,3080314880,429326336
269,2022-01-28,00:44:04,0.5,LocalHost,15.2,16664068096,3693187072,77.8,12191121408,336842752,6403420160,1403183104,1055772672,3080331264,429326336
270,2022-01-28,00:44:05,0.5,LocalHost,15.5,16664068096,3693768704,77.8,12190511104,336969728,6403420160,1403625472,1055772672,3080814592,429326336
271,2022-01-28,00:44:05,0.5,LocalHost,16.5,16664068096,3693744128,77.8,12190580736,336842752,6403264512,1403727872,1055772672,3080871936,429326336
272,2022-01-28,00:44:06,0.5,LocalHost,17.0,16664068096,3693740032,77.8,12190535680,336601088,6403420160,1404063744,1055772672,3081158656,429326336
273,2022-01-28,00:44:06,0.5,LocalHost,16.8,16664068096,3694182400,77.8,12190076928,337022976,6403420160,1404084224,1055789056,3081179136,429326336
274,2022-01-28,00:44:07,0.5,LocalHost,15.4,16664068096,3694202880,77.8,12190072832,336633856,6403440640,1404469248,1055805440,3081555968,429326336
275,2022-01-28,00:44:07,0.5,LocalHost,14.4,16664068096,3694313472,77.8,12190011392,336601088,6403448832,1404600320,1055813632,3081641984,429326336
276,2022-01-28,00:44:08,0.5,LocalHost,17.2,16664068096,3694399488,77.8,12189925376,336375808,6403448832,1404907520,1055821824,3081945088,429326336
277,2022-01-28,00:44:08,0.5,LocalHost,17.1,16664068096,3694690304,77.8,12189614080,336666624,6403448832,1404907520,1055821824,3081965568,429326336
278,2022-01-28,00:44:09,0.5,LocalHost,16.1,16664068096,3694526464,77.8,12189790208,336117760,6403457024,1405276160,1055838208,3082321920,429326336
279,2022-01-28,00:44:09,0.5,LocalHost,15.6,16664068096,3695042560,77.8,12189310976,336572416,6403399680,1405321216,1055838208,3082346496,429326336
280,2022-01-28,00:44:10,0.5,LocalHost,17.0,16664068096,3694997504,77.8,12189245440,336343040,6403411968,1405493248,1055838208,3082641408,429326336
281,2022-01-28,00:44:10,0.5,LocalHost,19.3,16664068096,3693203456,77.8,12191125504,334336000,6404214784,1405698048,1055838208,3082768384,429326336
282,2022-01-28,00:44:11,0.5,LocalHost,14.0,16664068096,3693428736,77.8,12190932992,334241792,6403465216,1405992960,1055838208,3083055104,429326336
283,2022-01-28,00:44:11,0.5,LocalHost,16.9,16664068096,3693477888,77.8,12190752768,333991936,6403661824,1406291968,1055838208,3083485184,429326336
284,2022-01-28,00:44:12,0.5,LocalHost,13.3,16664068096,3693461504,77.8,12190896128,333758464,6403493888,1406484480,1055846400,3083567104,429326336
285,2022-01-28,00:44:12,0.5,LocalHost,17.0,16664068096,3693662208,77.8,12190695424,333824000,6403502080,1406607360,1055862784,3083685888,429326336
286,2022-01-28,00:44:13,0.5,LocalHost,18.2,16664068096,3693871104,77.8,12190453760,333758464,6403428352,1406849024,1055887360,3083968512,429326336
287,2022-01-28,00:44:13,0.5,LocalHost,15.6,16664068096,3693936640,77.8,12190429184,333733888,6403424256,1406922752,1055887360,3084017664,429326336
288,2022-01-28,00:44:14,0.5,LocalHost,16.0,16664068096,3694260224,77.8,12190076928,333725696,6403489792,1407242240,1055903744,3084361728,429326336
289,2022-01-28,00:44:14,0.5,LocalHost,9.8,16664068096,3694039040,77.8,12190343168,333369344,6403489792,1407377408,1055903744,3084451840,429326336
290,2022-01-28,00:44:15,0.5,LocalHost,13.3,16664068096,3694039040,77.8,12190220288,333176832,6403489792,1407565824,1055903744,3084767232,429326336
291,2022-01-28,00:44:15,0.5,LocalHost,14.9,16664068096,3694465024,77.8,12189868032,333504512,6403481600,1407664128,1055903744,3084791808,429326336
292,2022-01-28,00:44:16,0.5,LocalHost,18.5,16664068096,3694493696,77.8,12189802496,333209600,6403366912,1407979520,1055903744,3085152256,429326336
293,2022-01-28,00:44:16,0.5,LocalHost,13.3,16664068096,3695230976,77.8,12188979200,333664256,6403371008,1408258048,1055903744,3085520896,429326336
294,2022-01-28,00:44:17,0.5,LocalHost,17.1,16664068096,3695079424,77.8,12189138944,333377536,6403571712,1408372736,1055903744,3085647872,429326336
295,2022-01-28,00:44:17,0.5,LocalHost,20.1,16664068096,3695038464,77.8,12189147136,333275136,6403575808,1408430080,1055920128,3085725696,429326336
296,2022-01-28,00:44:18,0.5,LocalHost,26.4,16664068096,3695468544,77.8,12188848128,333242368,6403600384,1408856064,1055944704,3086032896,429326336
297,2022-01-28,00:44:18,0.5,LocalHost,20.4,16664068096,3695374336,77.8,12188987392,333017088,6403608576,1408974848,1055952896,3086110720,429326336
298,2022-01-28,00:44:19,0.5,LocalHost,14.4,16664068096,3695300608,77.8,12188983296,332660736,6403620864,1409232896,1055952896,3086471168,429326336
299,2022-01-28,00:44:19,0.5,LocalHost,16.3,16664068096,3695247360,77.8,12189028352,332443648,6403469312,1409384448,1055969280,3086626816,429326336
300,2022-01-28,00:44:20,0.5,LocalHost,16.7,16664068096,3695357952,77.8,12188975104,332337152,6403600384,1409585152,1055969280,3086786560,429326336
301,2022-01-28,00:44:20,0.5,LocalHost,17.2,16664068096,3692658688,77.8,12191797248,329478144,6404538368,1409720320,1055969280,3086823424,429322240
302,2022-01-28,00:44:21,0.5,LocalHost,15.8,16664068096,3693318144,77.8,12190994432,329904128,6403661824,1409957888,1055969280,3087200256,429326336
303,2022-01-28,00:44:21,0.5,LocalHost,15.9,16664068096,3693801472,77.8,12190474240,330268672,6403670016,1410072576,1055969280,3087355904,429326336
304,2022-01-28,00:44:22,0.5,LocalHost,17.8,16664068096,3694034944,77.8,12190257152,330260480,6403670016,1410310144,1055969280,3087581184,429326336
305,2022-01-28,00:44:22,0.5,LocalHost,18.6,16664068096,3693580288,77.8,12190773248,329613312,6404149248,1410502656,1055969280,3087712256,429326336
306,2022-01-28,00:44:23,0.5,LocalHost,16.7,16664068096,3694424064,77.8,12189868032,330260480,6404001792,1410682880,1055985664,3087953920,429326336
307,2022-01-28,00:44:23,0.5,LocalHost,19.4,16664068096,3694374912,77.8,12189945856,330067968,6404026368,1410822144,1056010240,3088044032,429326336
308,2022-01-28,00:44:24,0.5,LocalHost,16.4,16664068096,3694358528,77.8,12190011392,329646080,6404247552,1411178496,1056018432,3088392192,429326336
309,2022-01-28,00:44:24,0.5,LocalHost,15.9,16664068096,3694583808,77.8,12189757440,329551872,6404259840,1411485696,1056026624,3088732160,429326336
310,2022-01-28,00:44:25,0.5,LocalHost,15.1,16664068096,3694596096,77.8,12189679616,329420800,6404263936,1411624960,1056026624,3088941056,429326336
311,2022-01-28,00:44:25,0.5,LocalHost,14.8,16664068096,3694796800,77.8,12189437952,329551872,6404263936,1411686400,1056026624,3089051648,429326336
312,2022-01-28,00:44:26,0.5,LocalHost,15.3,16664068096,3694694400,77.8,12189564928,329195520,6404259840,1411932160,1056026624,3089281024,429326336
313,2022-01-28,00:44:26,0.5,LocalHost,17.2,16664068096,3695185920,77.8,12189134848,329396224,6404091904,1412210688,1056026624,3089510400,429326336
314,2022-01-28,00:44:27,0.5,LocalHost,16.2,16664068096,3695063040,77.8,12189196288,329162752,6404231168,1412317184,1056026624,3089682432,429326336
315,2022-01-28,00:44:27,0.5,LocalHost,15.0,16664068096,3694813184,77.8,12189429760,328871936,6404206592,1412358144,1056026624,3089739776,429326336
316,2022-01-28,00:44:28,0.5,LocalHost,14.1,16664068096,3695316992,77.8,12188987392,328937472,6404206592,1412788224,1056034816,3090108416,429326336
317,2022-01-28,00:44:28,0.5,LocalHost,12.2,16664068096,3694825472,77.8,12189491200,328323072,6404210688,1412907008,1056067584,3090186240,429326336
318,2022-01-28,00:44:29,0.5,LocalHost,13.2,16664068096,3695239168,77.8,12189044736,328523776,6404222976,1413111808,1056083968,3090415616,429326336
319,2022-01-28,00:44:29,0.5,LocalHost,15.4,16664068096,3695034368,77.8,12189331456,328065024,6404255744,1413328896,1056116736,3090554880,429326336
320,2022-01-28,00:44:30,0.5,LocalHost,16.1,16664068096,3694956544,77.8,12189405184,327700480,6404063232,1413586944,1056116736,3090845696,429326336
321,2022-01-28,00:44:30,0.5,LocalHost,18.6,16664068096,3686354944,77.9,12197974016,319094784,6411022336,1413586944,1056116736,3090882560,429326336
322,2022-01-28,00:44:31,0.5,LocalHost,14.8,16664068096,3693400064,77.8,12191023104,325689344,6404161536,1414004736,1056116736,3091238912,429326336
323,2022-01-28,00:44:31,0.5,LocalHost,12.7,16664068096,3693756416,77.8,12190613504,325914624,6404161536,1414127616,1056116736,3091423232,429326336
324,2022-01-28,00:44:32,0.5,LocalHost,13.0,16664068096,3693854720,77.8,12190453760,325881856,6404161536,1414254592,1056116736,3091615744,429326336
325,2022-01-28,00:44:32,0.5,LocalHost,16.0,16664068096,3694133248,77.8,12190146560,326045696,6404161536,1414369280,1056116736,3091759104,429326336
326,2022-01-28,00:44:33,0.5,LocalHost,14.9,16664068096,3694403584,77.8,12189880320,325881856,6404161536,1414787072,1056124928,3092180992,429326336
327,2022-01-28,00:44:33,0.5,LocalHost,14.5,16664068096,3694338048,77.8,12190003200,325689344,6404280320,1414914048,1056124928,3092250624,429326336
328,2022-01-28,00:44:34,0.5,LocalHost,15.0,16664068096,3694874624,77.8,12189421568,325947392,6404145152,1415172096,1056141312,3092557824,429326336
329,2022-01-28,00:44:34,0.5,LocalHost,15.1,16664068096,3694829568,77.8,12189425664,325787648,6404161536,1415262208,1056157696,3092697088,429326336
330,2022-01-28,00:44:35,0.5,LocalHost,15.8,16664068096,3695173632,77.8,12189163520,325816320,6404169728,1415565312,1056182272,3092905984,429326336
331,2022-01-28,00:44:35,0.5,LocalHost,17.6,16664068096,3695341568,77.8,12188991488,325849088,6404169728,1415696384,1056182272,3093045248,429326336
332,2022-01-28,00:44:36,0.5,LocalHost,17.0,16664068096,3695321088,77.8,12188925952,325656576,6404206592,1415843840,1056182272,3093303296,429326336
333,2022-01-28,00:44:36,0.5,LocalHost,16.1,16664068096,3695595520,77.8,12188749824,325623808,6404190208,1416138752,1056182272,3093512192,429326336
334,2022-01-28,00:44:37,0.5,LocalHost,12.9,16664068096,3695747072,77.8,12188512256,325689344,6404231168,1416220672,1056182272,3093684224,429326336
335,2022-01-28,00:44:37,0.5,LocalHost,15.2,16664068096,3694514176,77.8,12189794304,324399104,6404505600,1416278016,1056182272,3093692416,429326336
336,2022-01-28,00:44:38,0.5,LocalHost,15.7,16664068096,3694702592,77.8,12189577216,324210688,6404227072,1416630272,1056190464,3094089728,429326336
337,2022-01-28,00:44:38,0.5,LocalHost,14.0,16664068096,3694837760,77.8,12189429760,324345856,6404227072,1416630272,1056190464,3094102016,429326336
338,2022-01-28,00:44:39,0.5,LocalHost,13.1,16664068096,3695230976,77.8,12189102080,324300800,6403952640,1417048064,1056198656,3094466560,429326336
339,2022-01-28,00:44:39,0.5,LocalHost,13.7,16664068096,3695341568,77.8,12188987392,324374528,6403985408,1417076736,1056215040,3094491136,429326336
340,2022-01-28,00:44:40,0.5,LocalHost,16.8,16664068096,3695366144,77.8,12188917760,324042752,6403997696,1417416704,1056247808,3094859776,429326336
341,2022-01-28,00:44:40,0.5,LocalHost,21.0,16664068096,3695304704,77.8,12189003776,323768320,6403960832,1417613312,1056264192,3095031808,429326336
342,2022-01-28,00:44:41,0.5,LocalHost,21.6,16664068096,3694759936,77.8,12189868032,322543616,6404608000,1418133504,1056264192,3095392256,429326336
343,2022-01-28,00:44:41,0.5,LocalHost,16.5,16664068096,3695468544,77.8,12189163520,323047424,6404272128,1418383360,1056264192,3095592960,429326336
344,2022-01-28,00:44:42,0.5,LocalHost,13.9,16664068096,3695366144,77.8,12189016064,322965504,6404034560,1418358784,1056264192,3095822336,429326336
345,2022-01-28,00:44:42,0.5,LocalHost,16.5,16664068096,3695394816,77.8,12188987392,322834432,6404034560,1418514432,1056264192,3095982080,429326336
346,2022-01-28,00:44:43,0.5,LocalHost,14.9,16664068096,3695259648,77.8,12189036544,322555904,6404026368,1418657792,1056272384,3096203264,429326336
347,2022-01-28,00:44:43,0.5,LocalHost,14.7,16664068096,3695316992,77.8,12188950528,322424832,6404026368,1418842112,1056272384,3096420352,429326336
348,2022-01-28,00:44:44,0.5,LocalHost,13.5,16664068096,3695468544,77.8,12188758016,322445312,6404022272,1418952704,1056272384,3096592384,429326336
349,2022-01-28,00:44:44,0.5,LocalHost,17.5,16664068096,3695468544,77.8,12188749824,322220032,6404030464,1419169792,1056280576,3096817664,429326336
350,2022-01-28,00:44:45,0.5,LocalHost,17.0,16664068096,3696128000,77.8,12188209152,322510848,6404038656,1419513856,1056305152,3097042944,429326336
351,2022-01-28,00:44:45,0.5,LocalHost,14.2,16664068096,3696324608,77.8,12188004352,322519040,6404046848,1419689984,1056313344,3097231360,429326336
352,2022-01-28,00:44:46,0.5,LocalHost,14.9,16664068096,3696164864,77.8,12188151808,322220032,6404063232,1419812864,1056321536,3097374720,429326336
353,2022-01-28,00:44:46,0.5,LocalHost,14.8,16664068096,3696586752,77.8,12187725824,322621440,6404063232,1419833344,1056321536,3097399296,429326336
354,2022-01-28,00:44:47,0.5,LocalHost,14.7,16664068096,3696197632,77.8,12188073984,321896448,6404022272,1420161024,1056321536,3097776128,429326336
355,2022-01-28,00:44:47,0.5,LocalHost,15.6,16664068096,3696488448,77.8,12187807744,321994752,6404026368,1420341248,1056321536,3097944064,429326336
356,2022-01-28,00:44:48,0.5,LocalHost,20.5,16664068096,3696304128,77.8,12187930624,321728512,6404018176,1420423168,1056329728,3098079232,429326336
357,2022-01-28,00:44:48,0.5,LocalHost,16.5,16664068096,3696590848,77.8,12187709440,321761280,6404034560,1420664832,1056329728,3098267648,429326336
358,2022-01-28,00:44:49,0.5,LocalHost,16.5,16664068096,3696877568,77.8,12187357184,321662976,6404038656,1421029376,1056329728,3098718208,429326336
359,2022-01-28,00:44:49,0.5,LocalHost,20.2,16664068096,3696758784,77.8,12187561984,321286144,6404038656,1421287424,1056329728,3098890240,429326336
360,2022-01-28,00:44:50,0.5,LocalHost,20.6,16664068096,3696734208,77.8,12187594752,321089536,6403915776,1421443072,1056362496,3099021312,429326336
361,2022-01-28,00:44:50,0.5,LocalHost,17.6,16664068096,3696676864,77.8,12187668480,320888832,6404018176,1421586432,1056370688,3099140096,429326336
362,2022-01-28,00:44:51,0.5,LocalHost,22.9,16664068096,3685629952,77.9,12198719488,309567488,6414733312,1421828096,1056378880,3099402240,429326336
363,2022-01-28,00:44:51,0.5,LocalHost,17.9,16664068096,3694145536,77.8,12190224384,317947904,6404579328,1421955072,1056387072,3099508736,429326336
364,2022-01-28,00:44:52,0.5,LocalHost,15.9,16664068096,3694579712,77.8,12189777920,317960192,6404112384,1422364672,1056387072,3099942912,429326336
365,2022-01-28,00:44:52,0.5,LocalHost,15.5,16664068096,3694952448,77.8,12189368320,318263296,6404112384,1422426112,1056387072,3100049408,429326336
366,2022-01-28,00:44:53,0.5,LocalHost,18.3,16664068096,3695042560,77.8,12189253632,318160896,6404124672,1422618624,1056395264,3100258304,429326336
367,2022-01-28,00:44:53,0.5,LocalHost,17.2,16664068096,3694923776,77.8,12189429760,317865984,6403932160,1422778368,1056395264,3100377088,429326336
368,2022-01-28,00:44:54,0.5,LocalHost,19.0,16664068096,3694702592,77.8,12189589504,317378560,6404272128,1423028224,1056395264,3100704768,429326336
369,2022-01-28,00:44:54,0.5,LocalHost,19.9,16664068096,3695153152,77.8,12189085696,317702144,6404272128,1423151104,1056395264,3100884992,429326336
370,2022-01-28,00:44:55,0.5,LocalHost,19.4,16664068096,3695239168,77.8,12189044736,317579264,6404308992,1423355904,1056411648,3101032448,429326336
371,2022-01-28,00:44:55,0.5,LocalHost,21.9,16664068096,3695112192,77.8,12189159424,317186048,6404325376,1423601664,1056419840,3101302784,429326336
372,2022-01-28,00:44:56,0.5,LocalHost,22.1,16664068096,3695394816,77.8,12188901376,317317120,6404325376,1423749120,1056436224,3101413376,429326336
373,2022-01-28,00:44:56,0.5,LocalHost,18.8,16664068096,3695423488,77.8,12188807168,317132800,6404349952,1423929344,1056452608,3101675520,429326336
374,2022-01-28,00:44:57,0.5,LocalHost,19.0,16664068096,3695419392,77.8,12188917760,316862464,6404337664,1424171008,1056468992,3101818880,429326336
375,2022-01-28,00:44:57,0.5,LocalHost,16.8,16664068096,3695792128,77.8,12188532736,316837888,6404349952,1424543744,1056468992,3102228480,429326336
376,2022-01-28,00:44:58,0.5,LocalHost,18.1,16664068096,3695673344,77.8,12188569600,316637184,6404349952,1424621568,1056477184,3102384128,429326336
377,2022-01-28,00:44:58,0.5,LocalHost,17.7,16664068096,3695927296,77.8,12188327936,316768256,6404349952,1424744448,1056477184,3102494720,429326336
378,2022-01-28,00:44:59,0.5,LocalHost,18.6,16664068096,3696476160,77.8,12187844608,316895232,6404362240,1425154048,1056477184,3102851072,429326336
379,2022-01-28,00:44:59,0.5,LocalHost,18.0,16664068096,3696103424,77.8,12188184576,316444672,6404362240,1425227776,1056477184,3102961664,429326336
380,2022-01-28,00:45:00,0.5,LocalHost,29.3,16664068096,3695591424,77.8,12188413952,315580416,6405730304,1425575936,1056485376,3103588352,429682688
381,2022-01-28,00:45:00,0.5,LocalHost,31.2,16664068096,3695468544,77.8,12188532736,315363328,6405566464,1425661952,1056493568,3103678464,429682688
382,2022-01-28,00:45:01,0.5,LocalHost,30.3,16664068096,3694460928,77.8,12189601792,314167296,6405738496,1425829888,1056493568,3103805440,429514752
383,2022-01-28,00:45:01,0.5,LocalHost,29.0,16664068096,3692847104,77.8,12191342592,312340480,6405537792,1426030592,1056509952,3103875072,429510656
384,2022-01-28,00:45:02,0.5,LocalHost,23.6,16664068096,3693494272,77.8,12190896128,312623104,6404452352,1426366464,1056526336,3104022528,429326336
385,2022-01-28,00:45:02,0.5,LocalHost,23.8,16664068096,3693776896,77.8,12190609408,312819712,6404415488,1426448384,1056534528,3104104448,429326336
386,2022-01-28,00:45:03,0.5,LocalHost,21.6,16664068096,3693821952,77.8,12190527488,312635392,6404493312,1426632704,1056542720,3104362496,429326336
387,2022-01-28,00:45:03,0.5,LocalHost,21.0,16664068096,3694329856,77.8,12190011392,312913920,6404308992,1426853888,1056542720,3104600064,429326336
388,2022-01-28,00:45:04,0.5,LocalHost,20.9,16664068096,3694587904,77.8,12189741056,312946688,6404472832,1427058688,1056542720,3104837632,429326336
389,2022-01-28,00:45:04,0.5,LocalHost,22.6,16664068096,3694817280,77.8,12189466624,313044992,6404472832,1427181568,1056542720,3105013760,429326336
390,2022-01-28,00:45:05,0.5,LocalHost,20.4,16664068096,3694546944,77.8,12189765632,312590336,6404497408,1427365888,1056542720,3105169408,429326336
391,2022-01-28,00:45:05,0.5,LocalHost,21.0,16664068096,3695124480,77.8,12189163520,313044992,6404505600,1427480576,1056567296,3105292288,429326336
392,2022-01-28,00:45:06,0.5,LocalHost,21.3,16664068096,3695517696,77.8,12188864512,312848384,6404521984,1428045824,1056567296,3105787904,429326336
393,2022-01-28,00:45:06,0.5,LocalHost,25.6,16664068096,3695603712,77.8,12188758016,312860672,6404521984,1428115456,1056567296,3105882112,429326336
394,2022-01-28,00:45:07,0.5,LocalHost,26.4,16664068096,3695136768,77.8,12189126656,312266752,6404521984,1428238336,1056575488,3106099200,429326336
395,2022-01-28,00:45:07,0.5,LocalHost,24.4,16664068096,3695267840,77.8,12189003776,312238080,6404669440,1428393984,1056583680,3106242560,429326336
396,2022-01-28,00:45:08,0.5,LocalHost,24.8,16664068096,3695546368,77.8,12188708864,312274944,6404501504,1428623360,1056600064,3106484224,429326336
397,2022-01-28,00:45:08,0.5,LocalHost,26.8,16664068096,3695820800,77.8,12188422144,312442880,6404501504,1428725760,1056600064,3106603008,429326336
398,2022-01-28,00:45:09,0.5,LocalHost,27.0,16664068096,3695681536,77.8,12188540928,312008704,6404513792,1429016576,1056600064,3106918400,429326336
399,2022-01-28,00:45:09,0.5,LocalHost,25.6,16664068096,3695878144,77.8,12188319744,312205312,6404513792,1429016576,1056600064,3106942976,429326336
400,2022-01-28,00:45:10,0.5,LocalHost,24.7,16664068096,3696283648,77.8,12187967488,312274944,6404591616,1429315584,1056600064,3107225600,429326336
401,2022-01-28,00:45:10,0.5,LocalHost,25.7,16664068096,3696316416,77.8,12187963392,312045568,6404739072,1429569536,1056624640,3107434496,429326336
402,2022-01-28,00:45:11,0.5,LocalHost,26.9,16664068096,3695857664,77.8,12188467200,311365632,6404612096,1429774336,1056624640,3107610624,429326336
403,2022-01-28,00:45:11,0.5,LocalHost,31.4,16664068096,3695767552,77.8,12188590080,311189504,6404648960,1429843968,1056624640,3107663872,429326336
404,2022-01-28,00:45:12,0.5,LocalHost,24.0,16664068096,3695042560,77.8,12189372416,309907456,6404661248,1430339584,1056624640,3108163584,429326336
405,2022-01-28,00:45:12,0.5,LocalHost,23.6,16664068096,3695042560,77.8,12189331456,309780480,6404661248,1430462464,1056641024,3108315136,429326336
406,2022-01-28,00:45:13,0.5,LocalHost,24.1,16664068096,3694772224,77.8,12189499392,309309440,6404665344,1430654976,1056657408,3108601856,429326336
407,2022-01-28,00:45:13,0.5,LocalHost,23.6,16664068096,3695190016,77.8,12189102080,309665792,6404665344,1430716416,1056669696,3108630528,429326336
408,2022-01-28,00:45:14,0.5,LocalHost,20.5,16664068096,3695554560,77.8,12188815360,309665792,6404685824,1431031808,1056669696,3108917248,429326336
409,2022-01-28,00:45:14,0.5,LocalHost,23.2,16664068096,3695751168,77.8,12188598272,309706752,6404685824,1431183360,1056669696,3109093376,429326336
410,2022-01-28,00:45:15,0.5,LocalHost,22.9,16664068096,3695976448,77.8,12188389376,309665792,6404685824,1431445504,1056669696,3109343232,429326336
411,2022-01-28,00:45:15,0.5,LocalHost,22.8,16664068096,3696111616,77.8,12188254208,309702656,6404702208,1431539712,1056686080,3109425152,429326336
412,2022-01-28,00:45:16,0.5,LocalHost,22.2,16664068096,3695775744,77.8,12188631040,309084160,6404726784,1431797760,1056694272,3109658624,429326336
413,2022-01-28,00:45:16,0.5,LocalHost,22.1,16664068096,3696111616,77.8,12188106752,309149696,6404726784,1432064000,1056694272,3110117376,429326336
414,2022-01-28,00:45:17,0.5,LocalHost,22.1,16664068096,3695902720,77.8,12188393472,308760576,6404726784,1432236032,1056694272,3110219776,429326336
415,2022-01-28,00:45:17,0.5,LocalHost,21.9,16664068096,3696037888,77.8,12188291072,308736000,6404579328,1432395776,1056694272,3110346752,429326336
416,2022-01-28,00:45:18,0.5,LocalHost,20.8,16664068096,3696721920,77.8,12187525120,309215232,6404689920,1432592384,1056710656,3110617088,429326336
417,2022-01-28,00:45:18,0.5,LocalHost,22.3,16664068096,3696607232,77.8,12187697152,308957184,6404689920,1432731648,1056727040,3110686720,429326336
418,2022-01-28,00:45:19,0.5,LocalHost,26.8,16664068096,3696816128,77.8,12187529216,308793344,6404739072,1433075712,1056743424,3111002112,429326336
419,2022-01-28,00:45:19,0.5,LocalHost,25.7,16664068096,3697360896,77.8,12186992640,309084160,6404780032,1433313280,1056743424,3111247872,429326336
420,2022-01-28,00:45:20,0.5,LocalHost,20.6,16664068096,3696898048,77.8,12187394048,308535296,6404788224,1433391104,1056743424,3111395328,429326336
421,2022-01-28,00:45:20,0.5,LocalHost,20.6,16664068096,3697131520,77.8,12187152384,308633600,6404816896,1433501696,1056743424,3111538688,429326336
422,2022-01-28,00:45:21,0.5,LocalHost,22.7,16664068096,3697168384,77.8,12187213824,308277248,6404870144,1433882624,1056759808,3111817216,429326336
423,2022-01-28,00:45:21,0.5,LocalHost,18.7,16664068096,3696988160,77.8,12187381760,308084736,6404902912,1433894912,1056759808,3111841792,429326336
424,2022-01-28,00:45:22,0.5,LocalHost,23.1,16664068096,3694006272,77.8,12190433280,304599040,6405554176,1434304512,1056759808,3112275968,429326336
425,2022-01-28,00:45:22,0.5,LocalHost,15.7,16664068096,3694530560,77.8,12189872128,305098752,6405091328,1434378240,1056759808,3112337408,429326336
426,2022-01-28,00:45:23,0.5,LocalHost,20.0,16664068096,3694526464,77.8,12189794304,304910336,6404894720,1434558464,1056768000,3112595456,429326336
427,2022-01-28,00:45:23,0.5,LocalHost,19.7,16664068096,3694952448,77.8,12189364224,305164288,6404894720,1434726400,1056776192,3112763392,429326336
428,2022-01-28,00:45:24,0.5,LocalHost,18.8,16664068096,3695001600,77.8,12189364224,304934912,6404890624,1434992640,1056784384,3112984576,429326336
429,2022-01-28,00:45:24,0.5,LocalHost,15.1,16664068096,3695349760,77.8,12188995584,304975872,6404714496,1435295744,1056792576,3113304064,429326336
430,2022-01-28,00:45:25,0.5,LocalHost,18.0,16664068096,3695095808,77.8,12189224960,304484352,6404849664,1435496448,1056792576,3113566208,429326336
431,2022-01-28,00:45:25,0.5,LocalHost,20.6,16664068096,3694657536,77.8,12189712384,303828992,6405029888,1435705344,1056792576,3113734144,429326336
432,2022-01-28,00:45:26,0.5,LocalHost,17.2,16664068096,3694710784,77.8,12189626368,303689728,6404915200,1435889664,1056792576,3113959424,429326336
433,2022-01-28,00:45:27,0.5,LocalHost,14.6,16664068096,3694518272,77.8,12189851648,303419392,6404919296,1435963392,1056817152,3113979904,429326336
434,2022-01-28,00:45:27,0.5,LocalHost,15.2,16664068096,3694743552,77.8,12189523968,303419392,6404923392,1436180480,1056817152,3114307584,429326336
435,2022-01-28,00:45:28,0.5,LocalHost,16.8,16664068096,3695087616,77.8,12189249536,303583232,6404952064,1436344320,1056817152,3114418176,429326336
436,2022-01-28,00:45:28,0.5,LocalHost,17.2,16664068096,3694870528,77.8,12189454336,303095808,6404927488,1436602368,1056825344,3114692608,429326336
437,2022-01-28,00:45:29,0.5,LocalHost,16.1,16664068096,3695280128,77.8,12189032448,303452160,6404931584,1436651520,1056825344,3114758144,429326336
438,2022-01-28,00:45:29,0.5,LocalHost,14.5,16664068096,3695173632,77.8,12189122560,303038464,6404898816,1436950528,1056841728,3115065344,429326336
439,2022-01-28,00:45:30,0.5,LocalHost,15.5,16664068096,3695529984,77.8,12188823552,303271936,6404907008,1437061120,1056849920,3115122688,429326336
440,2022-01-28,00:45:30,0.5,LocalHost,13.9,16664068096,3695329280,77.8,12188905472,302903296,6404927488,1437204480,1056866304,3115393024,429326336
441,2022-01-28,00:45:31,0.5,LocalHost,14.9,16664068096,3694981120,77.8,12189319168,302452736,6404927488,1437306880,1056866304,3115429888,429326336
442,2022-01-28,00:45:31,0.5,LocalHost,14.7,16664068096,3695837184,77.8,12188491776,302936064,6404820992,1437659136,1056866304,3115773952,429326336
443,2022-01-28,00:45:32,0.5,LocalHost,13.6,16664068096,3695566848,77.8,12188737536,302657536,6404935680,1437667328,1056874496,3115798528,429326336
444,2022-01-28,00:45:32,0.5,LocalHost,17.8,16664068096,3696529408,77.8,12187762688,303243264,6404685824,1438003200,1056882688,3116179456,429326336
445,2022-01-28,00:45:33,0.5,LocalHost,15.0,16664068096,3694989312,77.8,12189335552,301535232,6405120000,1438154752,1056882688,3116314624,429322240
446,2022-01-28,00:45:33,0.5,LocalHost,18.0,16664068096,3695235072,77.8,12189089792,301256704,6404988928,1438666752,1056890880,3116830720,429326336
447,2022-01-28,00:45:34,0.5,LocalHost,16.7,16664068096,3695665152,77.8,12188676096,301420544,6404993024,1438924800,1056890880,3117080576,429326336
448,2022-01-28,00:45:34,0.5,LocalHost,16.2,16664068096,3695415296,77.8,12188905472,301023232,6404997120,1439059968,1056890880,3117248512,429326336
449,2022-01-28,00:45:35,0.5,LocalHost,16.2,16664068096,3695783936,77.8,12188545024,301219840,6404853760,1439227904,1056890880,3117412352,429326336
450,2022-01-28,00:45:35,0.5,LocalHost,15.6,16664068096,3695517696,77.8,12188729344,300806144,6405001216,1439367168,1056923648,3117608960,429326336
451,2022-01-28,00:45:36,0.5,LocalHost,16.7,16664068096,3695640576,77.8,12188585984,300863488,6405013504,1439416320,1056940032,3117678592,429326336
452,2022-01-28,00:45:36,0.5,LocalHost,14.2,16664068096,3696005120,77.8,12188286976,300765184,6405046272,1439838208,1056940032,3118075904,429326336
453,2022-01-28,00:45:37,0.5,LocalHost,12.2,16664068096,3696197632,77.8,12188090368,300929024,6405046272,1439866880,1056940032,3118108672,429326336
454,2022-01-28,00:45:37,0.5,LocalHost,12.6,16664068096,3696197632,77.8,12188192768,300572672,6405058560,1440215040,1056956416,3118346240,429326336
455,2022-01-28,00:45:38,0.5,LocalHost,14.2,16664068096,3696140288,77.8,12188192768,300515328,6405050368,1440215040,1056956416,3118403584,429326336
456,2022-01-28,00:45:38,0.5,LocalHost,14.0,16664068096,3696562176,77.8,12187832320,300605440,6405103616,1440530432,1056964608,3118665728,429326336
457,2022-01-28,00:45:39,0.5,LocalHost,21.9,16664068096,3696603136,77.8,12187766784,300584960,6405103616,1440591872,1056964608,3118751744,429326336
458,2022-01-28,00:45:39,0.5,LocalHost,19.2,16664068096,3696685056,77.8,12187594752,300449792,6404968448,1440796672,1056964608,3119058944,429326336
459,2022-01-28,00:45:40,0.5,LocalHost,12.6,16664068096,3697106944,77.8,12187238400,300548096,6405025792,1441107968,1056964608,3119316992,429326336
460,2022-01-28,00:45:40,0.5,LocalHost,14.5,16664068096,3696676864,77.8,12187607040,299958272,6405033984,1441255424,1056980992,3119521792,429326336
461,2022-01-28,00:45:41,0.5,LocalHost,13.1,16664068096,3697111040,77.8,12187185152,300290048,6405083136,1441349632,1056989184,3119603712,429326336
462,2022-01-28,00:45:41,0.5,LocalHost,15.2,16664068096,3696963584,77.8,12187303936,299900928,6405025792,1441579008,1056997376,3119865856,429326336
463,2022-01-28,00:45:42,0.5,LocalHost,16.3,16664068096,3695300608,77.8,12189077504,297955328,6405242880,1441841152,1056997376,3120037888,429326336
464,2022-01-28,00:45:42,0.5,LocalHost,14.6,16664068096,3696001024,77.8,12188401664,298184704,6404993024,1442287616,1056997376,3120484352,429326336
465,2022-01-28,00:45:43,0.5,LocalHost,15.0,16664068096,3693993984,77.8,12190367744,295866368,6405451776,1442533376,1057013760,3120820224,429326336
466,2022-01-28,00:45:43,0.5,LocalHost,13.0,16664068096,3694374912,77.8,12189986816,296103936,6404780032,1442717696,1057021952,3120955392,429326336
467,2022-01-28,00:45:44,0.5,LocalHost,14.1,16664068096,3694563328,77.8,12189720576,296169472,6404788224,1442832384,1057021952,3121156096,429326336
468,2022-01-28,00:45:44,0.5,LocalHost,15.3,16664068096,3694706688,77.8,12189548544,296136704,6404808704,1442979840,1057030144,3121352704,429326336
469,2022-01-28,00:45:45,0.5,LocalHost,14.5,16664068096,3694968832,77.8,12189356032,296148992,6404812800,1443221504,1057030144,3121532928,429326336
470,2022-01-28,00:45:45,0.5,LocalHost,13.8,16664068096,3695501312,77.8,12188893184,296308736,6404775936,1443586048,1057046528,3121819648,429326336
471,2022-01-28,00:45:46,0.5,LocalHost,15.7,16664068096,3695628288,77.8,12188745728,296361984,6404775936,1443659776,1057046528,3121913856,429326336
472,2022-01-28,00:45:46,0.5,LocalHost,13.3,16664068096,3695882240,77.8,12188409856,296460288,6404784128,1443803136,1057054720,3122143232,429326336
473,2022-01-28,00:45:47,0.5,LocalHost,16.4,16664068096,3696037888,77.8,12188192768,296493056,6404788224,1443921920,1057071104,3122311168,429326336
474,2022-01-28,00:45:47,0.5,LocalHost,16.9,16664068096,3696246784,77.8,12188041216,296427520,6404820992,1444192256,1057071104,3122528256,429326336
475,2022-01-28,00:45:48,0.5,LocalHost,16.6,16664068096,3696103424,77.8,12188229632,296148992,6404558848,1444323328,1057087488,3122601984,429326336
476,2022-01-28,00:45:48,0.5,LocalHost,13.0,16664068096,3696386048,77.8,12187959296,296148992,6404366336,1444564992,1057095680,3122864128,429326336
477,2022-01-28,00:45:49,0.5,LocalHost,14.8,16664068096,3696603136,77.8,12187742208,296144896,6404198400,1444777984,1057095680,3123085312,429326336
478,2022-01-28,00:45:49,0.5,LocalHost,16.2,16664068096,3696627712,77.8,12187582464,295878656,6404345856,1445060608,1057095680,3123511296,429326336
479,2022-01-28,00:45:50,0.5,LocalHost,15.2,16664068096,3696291840,77.8,12187942912,295460864,6404136960,1445142528,1057095680,3123568640,429326336
480,2022-01-28,00:45:50,0.5,LocalHost,15.6,16664068096,3696566272,77.8,12187754496,295395328,6404321280,1445457920,1057095680,3123822592,429326336
481,2022-01-28,00:45:51,0.5,LocalHost,13.5,16664068096,3696578560,77.8,12187783168,295268352,6404374528,1445588992,1057103872,3123912704,429326336
482,2022-01-28,00:45:51,0.5,LocalHost,16.7,16664068096,3696664576,77.8,12187652096,295104512,6404386816,1445830656,1057103872,3124207616,429326336
483,2022-01-28,00:45:52,0.5,LocalHost,14.9,16664068096,3696852992,77.8,12187492352,295071744,6404227072,1446043648,1057112064,3124391936,429326336
484,2022-01-28,00:45:52,0.5,LocalHost,17.8,16664068096,3696791552,77.8,12187561984,294715392,6404370432,1446326272,1057120256,3124670464,429326336
485,2022-01-28,00:45:53,0.5,LocalHost,19.2,16664068096,3695439872,77.8,12188917760,293281792,6404636672,1446408192,1057136640,3124731904,429326336
486,2022-01-28,00:45:53,0.5,LocalHost,19.3,16664068096,3695898624,77.8,12188475392,293281792,6404427776,1446830080,1057144832,3125166080,429326336
487,2022-01-28,00:45:54,0.5,LocalHost,16.7,16664068096,3695927296,77.8,12188409856,293216256,6404435968,1446912000,1057144832,3125297152,429326336
488,2022-01-28,00:45:54,0.5,LocalHost,15.2,16664068096,3695935488,77.8,12188348416,293023744,6404472832,1447104512,1057144832,3125551104,429326336
489,2022-01-28,00:45:55,0.5,LocalHost,14.2,16664068096,3695886336,77.8,12188413952,292859904,6404546560,1447215104,1057144832,3125649408,429326336
490,2022-01-28,00:45:55,0.5,LocalHost,12.5,16664068096,3696173056,77.8,12188135424,292917248,6404870144,1447444480,1057144832,3125870592,429326336
491,2022-01-28,00:45:56,0.5,LocalHost,15.1,16664068096,3695837184,77.8,12188430336,292569088,6404669440,1447456768,1057144832,3125923840,429326336
492,2022-01-28,00:45:56,0.5,LocalHost,15.8,16664068096,3696418816,77.8,12187885568,292691968,6404833280,1447903232,1057153024,3126337536,429326336
493,2022-01-28,00:45:57,0.5,LocalHost,14.4,16664068096,3696435200,77.8,12187885568,292634624,6404829184,1447972864,1057153024,3126394880,429326336
494,2022-01-28,00:45:57,0.5,LocalHost,17.4,16664068096,3696676864,77.8,12187566080,292614144,6404878336,1448230912,1057161216,3126726656,429326336
495,2022-01-28,00:45:58,0.5,LocalHost,20.7,16664068096,3696631808,77.8,12187668480,292208640,6404857856,1448579072,1057177600,3127013376,429326336
496,2022-01-28,00:45:58,0.5,LocalHost,23.6,16664068096,3696611328,77.8,12187721728,291917824,6404919296,1448808448,1057202176,3127226368,429326336
497,2022-01-28,00:45:59,0.5,LocalHost,17.9,16664068096,3697319936,77.8,12187000832,292470784,6404845568,1448960000,1057202176,3127394304,429326336
498,2022-01-28,00:45:59,0.5,LocalHost,16.5,16664068096,3697233920,77.8,12186988544,292241408,6404898816,1449099264,1057202176,3127635968,429326336
499,2022-01-28,00:46:00,0.5,LocalHost,15.3,16664068096,3695685632,77.8,12188549120,290631680,6405963776,1449160704,1057202176,3127685120,429060096
500,2022-01-28,00:46:00,0.5,LocalHost,17.1,16664068096,3695517696,77.8,12188975104,289931264,6406037504,1449656320,1057202176,3127959552,429158400
501,2022-01-28,00:46:01,0.5,LocalHost,14.1,16664068096,3696254976,77.8,12188160000,290545664,6406049792,1449754624,1057202176,3128160256,429158400
502,2022-01-28,00:46:01,0.5,LocalHost,17.2,16664068096,3696455680,77.8,12188438528,290541568,6406123520,1449955328,1057202176,3127885824,428703744
503,2022-01-28,00:46:02,0.5,LocalHost,15.5,16664068096,3696377856,77.8,12188454912,290308096,6405001216,1450102784,1057218560,3128086528,428802048
504,2022-01-28,00:46:02,0.5,LocalHost,17.2,16664068096,3696611328,77.8,12188209152,290308096,6404829184,1450328064,1057218560,3128332288,428802048
505,2022-01-28,00:46:03,0.5,LocalHost,15.4,16664068096,3696529408,77.8,12188303360,290095104,6404829184,1450450944,1057226752,3128442880,428802048
506,2022-01-28,00:46:03,0.5,LocalHost,18.3,16664068096,3694424064,77.8,12190531584,287555584,6405758976,1450831872,1057251328,3128729600,428802048
507,2022-01-28,00:46:04,0.5,LocalHost,13.1,16664068096,3694559232,77.8,12190277632,287563776,6405136384,1450962944,1057275904,3128950784,428802048
508,2022-01-28,00:46:04,0.5,LocalHost,13.1,16664068096,3694788608,77.8,12190011392,287625216,6405001216,1451126784,1057275904,3129155584,428802048
509,2022-01-28,00:46:05,0.5,LocalHost,15.7,16664068096,3694952448,77.8,12189872128,287694848,6405038080,1451216896,1057275904,3129225216,428802048
510,2022-01-28,00:46:05,0.5,LocalHost,15.1,16664068096,3695247360,77.8,12189564928,287657984,6405091328,1451499520,1057275904,3129569280,428802048
511,2022-01-28,00:46:06,0.5,LocalHost,17.3,16664068096,3695624192,77.8,12189126656,287748096,6405238784,1451782144,1057275904,3129917440,428802048
512,2022-01-28,00:46:06,0.5,LocalHost,18.2,16664068096,3695685632,77.8,12189102080,287649792,6405029888,1451937792,1057275904,3130040320,428802048
513,2022-01-28,00:46:07,0.5,LocalHost,14.8,16664068096,3696078848,77.8,12188725248,287813632,6405029888,1452163072,1057275904,3130253312,428802048
514,2022-01-28,00:46:07,0.5,LocalHost,12.6,16664068096,3696070656,77.8,12188721152,287584256,6405033984,1452376064,1057292288,3130470400,428802048
515,2022-01-28,00:46:08,0.5,LocalHost,14.4,16664068096,3696357376,77.8,12188475392,287715328,6405079040,1452515328,1057292288,3130585088,428802048
516,2022-01-28,00:46:08,0.5,LocalHost,14.4,16664068096,3696504832,77.8,12188323840,287551488,6405079040,1452822528,1057316864,3130875904,428802048
517,2022-01-28,00:46:09,0.5,LocalHost,14.0,16664068096,3696754688,77.8,12188057600,287617024,6405107712,1452990464,1057325056,3131068416,428802048
518,2022-01-28,00:46:09,0.5,LocalHost,13.3,16664068096,3696455680,77.8,12188418048,287068160,6405132288,1453211648,1057341440,3131240448,428802048
519,2022-01-28,00:46:10,0.5,LocalHost,16.6,16664068096,3696422912,77.8,12188463104,286842880,6405050368,1453395968,1057341440,3131420672,428802048
520,2022-01-28,00:46:10,0.5,LocalHost,20.8,16664068096,3696676864,77.8,12188127232,286908416,6405050368,1453580288,1057341440,3131691008,428802048
521,2022-01-28,00:46:11,0.5,LocalHost,23.5,16664068096,3696869376,77.8,12187963392,286908416,6405033984,1453772800,1057341440,3131854848,428802048
522,2022-01-28,00:46:11,0.5,LocalHost,17.7,16664068096,3697127424,77.8,12187750400,286900224,6405111808,1454034944,1057341440,3132076032,428802048
523,2022-01-28,00:46:12,0.5,LocalHost,17.7,16664068096,3697405952,77.8,12187525120,286740480,6405263360,1454452736,1057341440,3132461056,428802048
524,2022-01-28,00:46:12,0.5,LocalHost,13.5,16664068096,3697467392,77.8,12187410432,286781440,6405083136,1454456832,1057341440,3132534784,428802048
525,2022-01-28,00:46:13,0.5,LocalHost,15.0,16664068096,3697111040,77.8,12187774976,286367744,6405025792,1454510080,1057349632,3132575744,428802048
526,2022-01-28,00:46:13,0.5,LocalHost,17.2,16664068096,3694583808,77.8,12190175232,283705344,6406094848,1454641152,1057357824,3132829696,428802048
527,2022-01-28,00:46:14,0.5,LocalHost,15.1,16664068096,3694604288,77.8,12190384128,283320320,6405378048,1455030272,1057374208,3132989440,428797952
528,2022-01-28,00:46:14,0.5,LocalHost,12.3,16664068096,3695013888,77.8,12189822976,283574272,6405124096,1455181824,1057398784,3133272064,428802048
529,2022-01-28,00:46:15,0.5,LocalHost,14.3,16664068096,3695116288,77.8,12189798400,283537408,6405165056,1455263744,1057419264,3133313024,428802048
530,2022-01-28,00:46:15,0.5,LocalHost,10.6,16664068096,3695497216,77.8,12189368320,283570176,6405046272,1455595520,1057419264,3133710336,428802048
531,2022-01-28,00:46:16,0.5,LocalHost,13.6,16664068096,3695652864,77.8,12189212672,283549696,6404943872,1455763456,1057419264,3133886464,428802048
532,2022-01-28,00:46:16,0.5,LocalHost,14.7,16664068096,3695738880,77.8,12189069312,283541504,6405001216,1455849472,1057419264,3134038016,428802048
533,2022-01-28,00:46:17,0.5,LocalHost,17.3,16664068096,3695935488,77.8,12189093888,283344896,6405001216,1456238592,1057419264,3134210048,428802048
534,2022-01-28,00:46:17,0.5,LocalHost,14.7,16664068096,3695599616,77.8,12189061120,282988544,6405042176,1456250880,1057419264,3134599168,428802048
535,2022-01-28,00:46:18,0.5,LocalHost,13.5,16664068096,3695591424,77.8,12189155328,282734592,6404997120,1456492544,1057419264,3134758912,428802048
536,2022-01-28,00:46:18,0.5,LocalHost,12.7,16664068096,3695915008,77.8,12188884992,282767360,6405058560,1456779264,1057427456,3134988288,428802048
537,2022-01-28,00:46:19,0.5,LocalHost,14.5,16664068096,3696275456,77.8,12188553216,282918912,6405058560,1456979968,1057435648,3135160320,428802048
538,2022-01-28,00:46:19,0.5,LocalHost,14.9,16664068096,3695915008,77.8,12188909568,282345472,6404874240,1457184768,1057452032,3135361024,428802048
539,2022-01-28,00:46:20,0.5,LocalHost,14.0,16664068096,3696340992,77.8,12188528640,282476544,6404878336,1457467392,1057492992,3135569920,428802048
540,2022-01-28,00:46:20,0.5,LocalHost,15.3,16664068096,3696361472,77.8,12188491776,282378240,6405058560,1457549312,1057492992,3135705088,428802048
541,2022-01-28,00:46:21,0.5,LocalHost,13.1,16664068096,3696656384,77.8,12188221440,282476544,6405120000,1457713152,1057492992,3135877120,428802048
542,2022-01-28,00:46:21,0.5,LocalHost,15.5,16664068096,3696803840,77.8,12187979776,282423296,6405120000,1457897472,1057492992,3136172032,428802048
543,2022-01-28,00:46:22,0.5,LocalHost,12.7,16664068096,3696476160,77.8,12188286976,282034176,6405120000,1457958912,1057492992,3136253952,428802048
544,2022-01-28,00:46:22,0.5,LocalHost,15.7,16664068096,3696631808,77.8,12188119040,281927680,6405120000,1458216960,1057492992,3136528384,428802048
545,2022-01-28,00:46:23,0.5,LocalHost,17.2,16664068096,3696697344,77.8,12188028928,281894912,6404960256,1458307072,1057492992,3136651264,428802048
546,2022-01-28,00:46:23,0.5,LocalHost,14.0,16664068096,3696885760,77.8,12187971584,281731072,6405103616,1458655232,1057492992,3136872448,428802048
547,2022-01-28,00:46:24,0.5,LocalHost,17.8,16664068096,3694747648,77.8,12190216192,279244800,6405246976,1458978816,1057509376,3137097728,428802048
548,2022-01-28,00:46:24,0.5,LocalHost,13.5,16664068096,3695276032,77.8,12189638656,279519232,6405136384,1459204096,1057509376,3137400832,428802048
549,2022-01-28,00:46:25,0.5,LocalHost,16.3,16664068096,3695329280,77.8,12189532160,279572480,6405136384,1459204096,1057517568,3137445888,428802048
550,2022-01-28,00:46:25,0.5,LocalHost,17.3,16664068096,3695616000,77.8,12189224960,279420928,6405136384,1459638272,1057550336,3137871872,428802048
551,2022-01-28,00:46:26,0.5,LocalHost,16.5,16664068096,3696009216,77.8,12188823552,279605248,6404931584,1459822592,1057550336,3138088960,428802048
552,2022-01-28,00:46:26,0.5,LocalHost,12.9,16664068096,3695906816,77.8,12188889088,279347200,6404870144,1459978240,1057550336,3138281472,428802048
553,2022-01-28,00:46:27,0.5,LocalHost,15.6,16664068096,3695718400,77.8,12189106176,278994944,6404870144,1460133888,1057550336,3138416640,428802048
554,2022-01-28,00:46:27,0.5,LocalHost,16.9,16664068096,3696123904,77.8,12188635136,279252992,6404915200,1460273152,1057550336,3138629632,428802048
555,2022-01-28,00:46:28,0.5,LocalHost,11.7,16664068096,3696062464,77.8,12188774400,278999040,6404947968,1460436992,1057550336,3138744320,428802048
556,2022-01-28,00:46:28,0.5,LocalHost,14.1,16664068096,3696021504,77.8,12188807168,278708224,6404947968,1460682752,1057550336,3139002368,428802048
557,2022-01-28,00:46:29,0.5,LocalHost,13.2,16664068096,3696050176,77.8,12188758016,278675456,6404947968,1460744192,1057558528,3139076096,428802048
558,2022-01-28,00:46:29,0.5,LocalHost,15.4,16664068096,3696594944,77.8,12188135424,278966272,6404919296,1460989952,1057574912,3139391488,428802048
559,2022-01-28,00:46:30,0.5,LocalHost,18.6,16664068096,3696607232,77.8,12188241920,278810624,6404935680,1461137408,1057574912,3139440640,428802048
560,2022-01-28,00:46:30,0.5,LocalHost,21.5,16664068096,3696922624,77.8,12187922432,278736896,6404988928,1461510144,1057583104,3139825664,428802048
561,2022-01-28,00:46:31,0.5,LocalHost,15.9,16664068096,3696889856,77.8,12188000256,278609920,6404988928,1461600256,1057599488,3139858432,428802048
562,2022-01-28,00:46:31,0.5,LocalHost,14.2,16664068096,3697303552,77.8,12187566080,278675456,6404775936,1461927936,1057607680,3140218880,428802048
563,2022-01-28,00:46:32,0.5,LocalHost,15.5,16664068096,3697291264,77.8,12187521024,278589440,6404780032,1461997568,1057607680,3140349952,428802048
564,2022-01-28,00:46:32,0.5,LocalHost,13.9,16664068096,3697119232,77.8,12187656192,278228992,6404796416,1462165504,1057607680,3140575232,428802048
565,2022-01-28,00:46:33,0.5,LocalHost,14.9,16664068096,3697176576,77.8,12187643904,278224896,6404796416,1462226944,1057607680,3140591616,428802048
566,2022-01-28,00:46:33,0.5,LocalHost,15.1,16664068096,3697393664,77.8,12187451392,277970944,6404702208,1462681600,1057607680,3141038080,428802048
567,2022-01-28,00:46:34,0.5,LocalHost,18.8,16664068096,3693912064,77.8,12190928896,274001920,6405697536,1463099392,1057615872,3141521408,428802048
568,2022-01-28,00:46:34,0.5,LocalHost,13.9,16664068096,3694313472,77.8,12190625792,274128896,6404792320,1463410688,1057615872,3141697536,428802048
569,2022-01-28,00:46:35,0.5,LocalHost,12.9,16664068096,3694485504,77.8,12190429184,274292736,6404792320,1463418880,1057624064,3141722112,428802048
570,2022-01-28,00:46:35,0.5,LocalHost,14.5,16664068096,3695001600,77.8,12189798400,274546688,6404792320,1463656448,1057624064,3142098944,428802048
571,2022-01-28,00:46:36,0.5,LocalHost,13.7,16664068096,3694678016,77.8,12190162944,274051072,6404796416,1463820288,1057640448,3142213632,428802048
572,2022-01-28,00:46:36,0.5,LocalHost,13.7,16664068096,3695779840,77.8,12189077504,274767872,6404632576,1464201216,1057665024,3142557696,428802048
573,2022-01-28,00:46:37,0.5,LocalHost,16.3,16664068096,3695517696,77.8,12189376512,274444288,6404657152,1464238080,1057673216,3142574080,428802048
574,2022-01-28,00:46:37,0.5,LocalHost,14.7,16664068096,3695820800,77.8,12189044736,274501632,6404796416,1464451072,1057673216,3142848512,428802048
575,2022-01-28,00:46:38,0.5,LocalHost,14.2,16664068096,3695730688,77.8,12189126656,274149376,6404722688,1464705024,1057673216,3143118848,428802048
576,2022-01-28,00:46:38,0.5,LocalHost,15.6,16664068096,3695939584,77.8,12188917760,274219008,6404808704,1464832000,1057673216,3143258112,428802048
577,2022-01-28,00:46:39,0.5,LocalHost,20.6,16664068096,3696041984,77.8,12188790784,274255872,6404808704,1464893440,1057681408,3143340032,428802048
578,2022-01-28,00:46:39,0.5,LocalHost,17.6,16664068096,3696238592,77.8,12188585984,274083840,6404812800,1465257984,1057681408,3143716864,428802048
579,2022-01-28,00:46:40,0.5,LocalHost,22.2,16664068096,3696177152,77.8,12188577792,273956864,6404759552,1465311232,1057681408,3143852032,428802048
580,2022-01-28,00:46:40,0.5,LocalHost,19.2,16664068096,3696123904,77.8,12188643328,273752064,6404808704,1465458688,1057689600,3143983104,428802048
581,2022-01-28,00:46:41,0.5,LocalHost,20.3,16664068096,3695996928,77.8,12188774400,273494016,6404784128,1465577472,1057689600,3144110080,428802048
582,2022-01-28,00:46:41,0.5,LocalHost,16.3,16664068096,3696672768,77.8,12188139520,273592320,6404845568,1466142720,1057705984,3144630272,428802048
583,2022-01-28,00:46:42,0.5,LocalHost,17.6,16664068096,3696869376,77.8,12188061696,273473536,6404870144,1466433536,1057730560,3144802304,428802048
584,2022-01-28,00:46:42,0.5,LocalHost,15.5,16664068096,3697029120,77.8,12187865088,273530880,6404870144,1466535936,1057746944,3144925184,428802048
585,2022-01-28,00:46:43,0.5,LocalHost,17.5,16664068096,3697000448,77.8,12187832320,273309696,6404878336,1466712064,1057746944,3145179136,428802048
586,2022-01-28,00:46:43,0.5,LocalHost,16.2,16664068096,3696959488,77.8,12187807744,273174528,6404734976,1466798080,1057746944,3145338880,428802048
587,2022-01-28,00:46:44,0.5,LocalHost,18.6,16664068096,3696959488,77.8,12187820032,272986112,6404878336,1466978304,1057755136,3145506816,428802048
588,2022-01-28,00:46:44,0.5,LocalHost,22.8,16664068096,3695583232,77.8,12189315072,271126528,6405484544,1467363328,1057755136,3145871360,428806144
589,2022-01-28,00:46:45,0.5,LocalHost,22.2,16664068096,3695616000,77.8,12189257728,271122432,6405058560,1467432960,1057755136,3145932800,428806144
590,2022-01-28,00:46:45,0.5,LocalHost,23.8,16664068096,3695988736,77.8,12188827648,271208448,6404915200,1467703296,1057755136,3146276864,428802048
591,2022-01-28,00:46:46,0.5,LocalHost,22.4,16664068096,3696025600,77.8,12188762112,271241216,6404915200,1467703296,1057771520,3146293248,428802048
592,2022-01-28,00:46:46,0.5,LocalHost,20.2,16664068096,3696422912,77.8,12188348416,271208448,6404927488,1468104704,1057771520,3146739712,428802048
593,2022-01-28,00:46:47,0.5,LocalHost,17.0,16664068096,3696578560,77.8,12188270592,271093760,6404870144,1468354560,1057804288,3146899456,428802048
594,2022-01-28,00:46:47,0.5,LocalHost,21.1,16664068096,3696967680,77.8,12187951104,271327232,6404911104,1468493824,1057804288,3146985472,428802048
595,2022-01-28,00:46:48,0.5,LocalHost,18.3,16664068096,3697254400,77.8,12187541504,271396864,6404931584,1468678144,1057812480,3147317248,428802048
596,2022-01-28,00:46:48,0.5,LocalHost,25.8,16664068096,3697053696,77.8,12187762688,271036416,6404931584,1468833792,1057812480,3147456512,428802048
597,2022-01-28,00:46:49,0.5,LocalHost,22.9,16664068096,3697336320,77.8,12187537408,271171584,6404935680,1468977152,1057820672,3147538432,428802048
598,2022-01-28,00:46:49,0.5,LocalHost,27.5,16664068096,3697254400,77.8,12187586560,270843904,6404943872,1469214720,1057820672,3147816960,428802048
599,2022-01-28,00:46:50,0.5,LocalHost,21.7,16664068096,3702796288,77.8,12181934080,275988480,6398623744,1469538304,1057935360,3148210176,428802048
