iteration,date,time,measurement_period,machine/VNF,sys_cpu,totalmem,availablemem,percentmem,usedmem,freemem,activemem,inactivemem,buffers,cached,shared
0,2022-01-25,12:53:11,0.5,LocalHost,94.5,16664068096,2929639424,82.4,12847718400,178384896,5827710976,1372950528,1357918208,2280046592,535793664
1,2022-01-25,12:53:12,0.5,LocalHost,97.0,16664068096,2873421824,82.8,12912615424,180129792,5783142400,1364942848,1337798656,2233524224,527765504
2,2022-01-25,12:53:12,0.5,LocalHost,92.8,16664068096,2839932928,83.0,12945948672,178331648,5763461120,1355100160,1331044352,2208743424,527659008
3,2022-01-25,12:53:13,0.5,LocalHost,54.8,16664068096,2836742144,83.0,12949303296,183062528,5759320064,1352151040,1328414720,2203287552,527888384
4,2022-01-25,12:53:13,0.5,LocalHost,32.7,16664068096,2833993728,83.0,12951347200,180281344,5759561728,1352175616,1328427008,2204012544,528584704
5,2022-01-25,12:53:14,0.5,LocalHost,18.7,16664068096,2831007744,83.0,12953935872,177569792,5759721472,1352146944,1328427008,2204135424,528683008
6,2022-01-25,12:53:14,0.5,LocalHost,16.1,16664068096,2817196032,83.1,12960137216,185798656,5747388416,1344217088,1318760448,2199371776,536285184
7,2022-01-25,12:53:15,0.5,LocalHost,15.2,16664068096,2816352256,83.1,12960878592,184954880,5747392512,1344303104,1318760448,2199474176,536391680
8,2022-01-25,12:53:15,0.5,LocalHost,15.5,16664068096,2814160896,83.1,12961718272,179757056,5747605504,1347215360,1318760448,2203832320,536924160
9,2022-01-25,12:53:16,0.5,LocalHost,17.5,16664068096,2815852544,83.1,12960706560,176939008,5747605504,1351258112,1318760448,2207662080,537092096
10,2022-01-25,12:53:16,0.5,LocalHost,14.9,16664068096,2815021056,83.1,12960821248,171331584,5748252672,1356034048,1318776832,2213138432,537092096
11,2022-01-25,12:53:17,0.5,LocalHost,17.5,16664068096,2813259776,83.1,12963127296,165527552,5749170176,1359994880,1318793216,2216620032,537100288
12,2022-01-25,12:53:17,0.5,LocalHost,16.8,16664068096,2816466944,83.1,12969107456,162099200,5754253312,1366597632,1318817792,2214043648,528846848
13,2022-01-25,12:53:18,0.5,LocalHost,23.6,16664068096,2810937344,83.1,12975763456,176709632,5748838400,1360441344,1309122560,2202472448,527892480
14,2022-01-25,12:53:18,0.5,LocalHost,18.5,16664068096,2820034560,83.1,12964470784,185122816,5736607744,1360891904,1309122560,2205351936,528695296
15,2022-01-25,12:53:19,0.5,LocalHost,16.2,16664068096,2820214784,83.1,12964757504,184692736,5736472576,1361514496,1309122560,2205495296,528691200
16,2022-01-25,12:53:19,0.5,LocalHost,15.7,16664068096,2820993024,83.1,12963946496,185470976,5736472576,1361514496,1309130752,2205519872,528691200
17,2022-01-25,12:53:20,0.5,LocalHost,18.8,16664068096,2821406720,83.1,12963475456,185540608,5736509440,1361846272,1309130752,2205921280,528691200
18,2022-01-25,12:53:20,0.5,LocalHost,17.1,16664068096,2821468160,83.1,12963454976,185384960,5736370176,1362063360,1309130752,2206097408,528691200
19,2022-01-25,12:53:21,0.5,LocalHost,17.3,16664068096,2821861376,83.1,12963065856,185413632,5736603648,1362427904,1309130752,2206457856,528691200
20,2022-01-25,12:53:22,0.5,LocalHost,17.4,16664068096,2821713920,83.1,12963266560,185081856,5736390656,1362604032,1309130752,2206588928,528691200
21,2022-01-25,12:53:22,0.5,LocalHost,18.2,16664068096,2821697536,83.1,12963328000,184668160,5736415232,1362984960,1309147136,2206924800,528691200
22,2022-01-25,12:53:23,0.5,LocalHost,19.0,16664068096,2822610944,83.1,12962332672,185315328,5736419328,1363251200,1309171712,2207248384,528691200
23,2022-01-25,12:53:23,0.5,LocalHost,16.3,16664068096,2821902336,83.1,12962951168,184393728,5736464384,1363431424,1309171712,2207551488,528691200
24,2022-01-25,12:53:24,0.5,LocalHost,16.5,16664068096,2821984256,83.1,12962938880,184168448,5736394752,1363738624,1309171712,2207789056,528691200
25,2022-01-25,12:53:24,0.5,LocalHost,17.4,16664068096,2821869568,83.1,12963004416,183820288,5736394752,1363968000,1309171712,2208071680,528691200
26,2022-01-25,12:53:25,0.5,LocalHost,15.7,16664068096,2821849088,83.1,12963033088,183652352,5736345600,1364115456,1309179904,2208202752,528691200
27,2022-01-25,12:53:25,0.5,LocalHost,19.7,16664068096,2822221824,83.1,12962746368,183353344,5736394752,1364578304,1309179904,2208788480,528691200
28,2022-01-25,12:53:26,0.5,LocalHost,20.5,16664068096,2821709824,83.1,12963172352,182755328,5736972288,1364664320,1309179904,2208960512,528691200
29,2022-01-25,12:53:26,0.5,LocalHost,18.4,16664068096,2821931008,83.1,12963049472,182579200,5737086976,1365061632,1309179904,2209259520,528691200
30,2022-01-25,12:53:27,0.5,LocalHost,19.2,16664068096,2821799936,83.1,12963180544,182419456,5737086976,1365090304,1309179904,2209288192,528691200
31,2022-01-25,12:53:27,0.5,LocalHost,20.7,16664068096,2822070272,83.1,12962844672,182272000,5737078784,1365504000,1309179904,2209771520,528691200
32,2022-01-25,12:53:28,0.5,LocalHost,18.6,16664068096,2829484032,83.0,12962873344,189280256,5737168896,1365868544,1309229056,2202685440,521326592
33,2022-01-25,12:53:28,0.5,LocalHost,20.0,16664068096,2829139968,83.0,12963106816,188755968,5737177088,1366036480,1309245440,2202959872,521326592
34,2022-01-25,12:53:29,0.5,LocalHost,24.3,16664068096,2827681792,83.0,12964241408,186425344,5756444672,1347198976,1309245440,2204155904,521318400
35,2022-01-25,12:53:29,0.5,LocalHost,20.1,16664068096,2826661888,83.0,12965711872,184676352,5756977152,1347772416,1309245440,2204434432,521318400
36,2022-01-25,12:53:30,0.5,LocalHost,22.5,16664068096,2826977280,83.0,12965335040,184799232,5756940288,1347964928,1309253632,2204680192,521318400
37,2022-01-25,12:53:30,0.5,LocalHost,22.1,16664068096,2827214848,83.0,12965081088,184774656,5756952576,1348227072,1309253632,2204958720,521318400
38,2022-01-25,12:53:31,0.5,LocalHost,20.9,16664068096,2827112448,83.0,12965138432,184483840,5756952576,1348411392,1309253632,2205192192,521318400
39,2022-01-25,12:53:31,0.5,LocalHost,20.6,16664068096,2827407360,83.0,12964929536,184451072,5756821504,1348730880,1309253632,2205433856,521318400
40,2022-01-25,12:53:32,0.5,LocalHost,21.5,16664068096,2827608064,83.0,12964577280,184381440,5756882944,1349001216,1309253632,2205855744,521318400
41,2022-01-25,12:53:32,0.5,LocalHost,21.7,16664068096,2827452416,83.0,12964814848,184049664,5756981248,1349173248,1309253632,2205949952,521318400
42,2022-01-25,12:53:33,0.5,LocalHost,22.5,16664068096,2827952128,83.0,12964298752,184217600,5756985344,1349505024,1309253632,2206298112,521318400
43,2022-01-25,12:53:33,0.5,LocalHost,25.6,16664068096,2828009472,83.0,12964306944,183742464,5757206528,1350017024,1309294592,2206724096,521318400
44,2022-01-25,12:53:34,0.5,LocalHost,27.1,16664068096,2828779520,83.0,12963577856,184205312,5757227008,1350299648,1309310976,2206973952,521318400
45,2022-01-25,12:53:34,0.5,LocalHost,28.8,16664068096,2827264000,83.0,12965023744,182444032,5757472768,1350524928,1309310976,2207289344,521318400
46,2022-01-25,12:53:35,0.5,LocalHost,22.5,16664068096,2828144640,83.0,12964237312,182833152,5757091840,1350742016,1309319168,2207678464,521318400
47,2022-01-25,12:53:35,0.5,LocalHost,23.0,16664068096,2829094912,83.0,12963201024,183529472,5757038592,1350991872,1309319168,2208018432,521318400
48,2022-01-25,12:53:36,0.5,LocalHost,25.4,16664068096,2828529664,83.0,12963762176,182779904,5756596224,1351168000,1309319168,2208206848,521388032
49,2022-01-25,12:53:36,0.5,LocalHost,21.4,16664068096,2829090816,83.0,12963127296,183013376,5756456960,1351495680,1309319168,2208608256,521388032
50,2022-01-25,12:53:37,0.5,LocalHost,22.4,16664068096,2829201408,83.0,12962930688,182722560,5756583936,1351892992,1309319168,2209095680,521388032
51,2022-01-25,12:53:37,0.5,LocalHost,24.3,16664068096,2828746752,83.0,12963524608,182165504,5756583936,1351987200,1309319168,2209058816,521388032
52,2022-01-25,12:53:38,0.5,LocalHost,23.6,16664068096,2828689408,83.0,12963516416,182009856,5756452864,1352085504,1309319168,2209222656,521388032
53,2022-01-25,12:53:38,0.5,LocalHost,24.6,16664068096,2829103104,83.0,12963102720,181915648,5756596224,1352593408,1309319168,2209730560,521383936
54,2022-01-25,12:53:39,0.5,LocalHost,24.6,16664068096,2829586432,83.0,12962664448,182173696,5756612608,1352798208,1309351936,2209878016,521383936
55,2022-01-25,12:53:39,0.5,LocalHost,26.3,16664068096,2826948608,83.0,12965539840,178257920,5758140416,1353183232,1309360128,2210910208,521383936
56,2022-01-25,12:53:40,0.5,LocalHost,26.0,16664068096,2827108352,83.0,12965212160,178348032,5757702144,1353142272,1309368320,2211139584,521383936
57,2022-01-25,12:53:40,0.5,LocalHost,24.9,16664068096,2827026432,83.0,12965191680,178139136,5757669376,1353302016,1309368320,2211368960,521383936
58,2022-01-25,12:53:41,0.5,LocalHost,25.9,16664068096,2827206656,83.0,12965052416,178196480,5757669376,1353424896,1309368320,2211450880,521383936
59,2022-01-25,12:53:41,0.5,LocalHost,25.8,16664068096,2827632640,83.0,12964626432,178114560,5757956096,1353920512,1309368320,2211958784,521383936
60,2022-01-25,12:53:42,0.5,LocalHost,22.7,16664068096,2827522048,83.0,12964753408,177831936,5757956096,1354092544,1309368320,2212114432,521383936
61,2022-01-25,12:53:42,0.5,LocalHost,23.2,16664068096,2827448320,83.0,12964732928,177487872,5757968384,1354362880,1309368320,2212478976,521383936
62,2022-01-25,12:53:43,0.5,LocalHost,24.2,16664068096,2827603968,83.0,12964630528,177332224,5758111744,1354674176,1309368320,2212737024,521383936
63,2022-01-25,12:53:43,0.5,LocalHost,23.9,16664068096,2827636736,83.0,12964667392,176975872,5758050304,1355059200,1309368320,2213056512,521383936
64,2022-01-25,12:53:44,0.5,LocalHost,25.2,16664068096,2827825152,83.0,12964433920,177164288,5758050304,1355059200,1309368320,2213101568,521383936
65,2022-01-25,12:53:44,0.5,LocalHost,26.3,16664068096,2827800576,83.0,12964470784,176693248,5757980672,1355489280,1309417472,2213486592,521383936
66,2022-01-25,12:53:45,0.5,LocalHost,24.6,16664068096,2827968512,83.0,12964253696,176750592,5757980672,1355595776,1309442048,2213621760,521383936
67,2022-01-25,12:53:45,0.5,LocalHost,24.7,16664068096,2827743232,83.0,12964376576,176234496,5758058496,1355841536,1309442048,2214014976,521383936
68,2022-01-25,12:53:46,0.5,LocalHost,22.8,16664068096,2828095488,83.0,12964098048,176365568,5757898752,1356058624,1309442048,2214162432,521383936
69,2022-01-25,12:53:46,0.5,LocalHost,22.2,16664068096,2828251136,83.0,12963995648,176099328,5758042112,1356472320,1309442048,2214531072,521383936
70,2022-01-25,12:53:47,0.5,LocalHost,22.5,16664068096,2828374016,83.0,12963876864,176189440,5758042112,1356505088,1309442048,2214559744,521383936
71,2022-01-25,12:53:47,0.5,LocalHost,24.7,16664068096,2828460032,83.0,12963868672,175632384,5757972480,1357139968,1309442048,2215124992,521383936
72,2022-01-25,12:53:48,0.5,LocalHost,22.4,16664068096,2828333056,83.0,12963950592,175443968,5758095360,1357201408,1309442048,2215231488,521383936
73,2022-01-25,12:53:48,0.5,LocalHost,24.5,16664068096,2828853248,83.0,12963434496,175640576,5758062592,1357516800,1309442048,2215550976,521383936
74,2022-01-25,12:53:49,0.5,LocalHost,23.9,16664068096,2828972032,83.0,12963295232,175599616,5758128128,1357676544,1309442048,2215731200,521383936
75,2022-01-25,12:53:49,0.5,LocalHost,28.9,16664068096,2825318400,83.0,12967723008,184434688,5750444032,1354637312,1304752128,2207158272,520585216
76,2022-01-25,12:53:50,0.5,LocalHost,22.0,16664068096,2825154560,83.0,12967366656,183857152,5750247424,1355018240,1304784896,2208059392,521113600
77,2022-01-25,12:53:50,0.5,LocalHost,21.1,16664068096,2825920512,83.0,12966408192,184287232,5749899264,1355214848,1304793088,2208579584,521318400
78,2022-01-25,12:53:51,0.5,LocalHost,20.6,16664068096,2826088448,83.0,12966207488,184229888,5749927936,1355415552,1304793088,2208837632,521318400
79,2022-01-25,12:53:51,0.5,LocalHost,20.5,16664068096,2826604544,83.0,12965695488,184549376,5749878784,1355612160,1304793088,2209030144,521318400
80,2022-01-25,12:53:52,0.5,LocalHost,23.8,16664068096,2826469376,83.0,12965666816,184025088,5749854208,1355993088,1304793088,2209583104,521318400
81,2022-01-25,12:53:52,0.5,LocalHost,20.5,16664068096,2826694656,83.0,12965605376,183812096,5749870592,1356427264,1304793088,2209857536,521318400
82,2022-01-25,12:53:53,0.5,LocalHost,24.3,16664068096,2827051008,83.0,12965289984,184008704,5750046720,1356587008,1304793088,2209976320,521318400
83,2022-01-25,12:53:53,0.5,LocalHost,22.1,16664068096,2826989568,83.0,12965347328,183717888,5749903360,1356812288,1304793088,2210209792,521318400
84,2022-01-25,12:53:54,0.5,LocalHost,19.4,16664068096,2826858496,83.0,12965081088,183484416,5749837824,1356914688,1304793088,2210709504,521318400
85,2022-01-25,12:53:54,0.5,LocalHost,19.7,16664068096,2827190272,83.0,12965146624,183304192,5749952512,1357414400,1304817664,2210799616,521318400
86,2022-01-25,12:53:55,0.5,LocalHost,20.1,16664068096,2827358208,83.0,12964544512,183435264,5749985280,1357451264,1304825856,2211262464,521318400
87,2022-01-25,12:53:55,0.5,LocalHost,19.4,16664068096,2827935744,83.0,12964446208,183468032,5749964800,1357930496,1304850432,2211303424,521318400
88,2022-01-25,12:53:56,0.5,LocalHost,18.1,16664068096,2827460608,83.0,12964880384,182788096,5750013952,1358131200,1304858624,2211540992,521318400
89,2022-01-25,12:53:56,0.5,LocalHost,18.5,16664068096,2827685888,83.0,12964564992,182812672,5750013952,1358331904,1304858624,2211831808,521318400
90,2022-01-25,12:53:57,0.5,LocalHost,18.4,16664068096,2827862016,83.0,12964315136,182611968,5749854208,1358708736,1304858624,2212282368,521318400
91,2022-01-25,12:53:57,0.5,LocalHost,19.1,16664068096,2827509760,83.0,12964823040,182005760,5749993472,1358934016,1304858624,2212380672,521318400
92,2022-01-25,12:53:58,0.5,LocalHost,21.2,16664068096,2827636736,83.0,12964589568,181813248,5749829632,1359249408,1304858624,2212806656,521318400
93,2022-01-25,12:53:58,0.5,LocalHost,19.3,16664068096,2827538432,83.0,12964790272,181485568,5749952512,1359474688,1304858624,2212933632,521318400
94,2022-01-25,12:53:59,0.5,LocalHost,20.0,16664068096,2827939840,83.0,12964458496,181579776,5750059008,1359781888,1304858624,2213171200,521318400
95,2022-01-25,12:53:59,0.5,LocalHost,18.8,16664068096,2827874304,83.0,12964380672,181288960,5750116352,1360007168,1304875008,2213523456,521318400
96,2022-01-25,12:54:00,0.5,LocalHost,26.9,16664068096,2825637888,83.0,12966617088,177262592,5751103488,1360715776,1304891392,2215297024,521322496
97,2022-01-25,12:54:00,0.5,LocalHost,21.6,16664068096,2825453568,83.0,12966703104,175153152,5750444032,1361063936,1304891392,2217320448,521469952
98,2022-01-25,12:54:01,0.5,LocalHost,18.9,16664068096,2825871360,83.0,12966305792,175255552,5750710272,1361371136,1304915968,2217590784,521469952
99,2022-01-25,12:54:01,0.5,LocalHost,15.2,16664068096,2826371072,83.0,12965838848,175517696,5750710272,1361604608,1304924160,2217787392,521428992
100,2022-01-25,12:54:02,0.5,LocalHost,18.5,16664068096,2827128832,83.0,12965036032,175894528,5751562240,1361960960,1304924160,2218213376,521428992
101,2022-01-25,12:54:02,0.5,LocalHost,19.0,16664068096,2826731520,83.0,12965470208,175345664,5751631872,1362096128,1304924160,2218328064,521424896
102,2022-01-25,12:54:03,0.5,LocalHost,17.1,16664068096,2826645504,83.0,12965400576,175366144,5751508992,1361989632,1304924160,2218377216,521539584
103,2022-01-25,12:54:03,0.5,LocalHost,18.2,16664068096,2826326016,83.0,12965703680,174239744,5751685120,1362792448,1304924160,2219200512,521564160
104,2022-01-25,12:54:04,0.5,LocalHost,18.5,16664068096,2826395648,83.0,12965593088,174309376,5751685120,1362792448,1304924160,2219241472,521564160
105,2022-01-25,12:54:04,0.5,LocalHost,19.6,16664068096,2825031680,83.0,12966981632,172511232,5752279040,1363218432,1304924160,2219651072,521564160
106,2022-01-25,12:54:05,0.5,LocalHost,17.9,16664068096,2825023488,83.0,12967055360,172199936,5752070144,1363517440,1304940544,2219872256,521564160
107,2022-01-25,12:54:05,0.5,LocalHost,17.1,16664068096,2816913408,83.1,12967165952,163852288,5751836672,1363714048,1304956928,2228092928,529588224
108,2022-01-25,12:54:06,0.5,LocalHost,16.6,16664068096,2816749568,83.1,12967337984,163401728,5751742464,1363980288,1304956928,2228371456,529596416
109,2022-01-25,12:54:06,0.5,LocalHost,17.5,16664068096,2816909312,83.1,12967129088,163303424,5751771136,1364226048,1304981504,2228654080,529596416
110,2022-01-25,12:54:07,0.5,LocalHost,15.7,16664068096,2816892928,83.1,12967038976,162918400,5751779328,1364586496,1304989696,2229121024,529596416
111,2022-01-25,12:54:07,0.5,LocalHost,16.6,16664068096,2817536000,83.1,12966711296,163336192,5751820288,1364787200,1304989696,2229030912,529428480
112,2022-01-25,12:54:08,0.5,LocalHost,16.3,16664068096,2818191360,83.1,12966309888,163790848,5751848960,1364987904,1304989696,2228977664,529162240
113,2022-01-25,12:54:08,0.5,LocalHost,19.9,16664068096,2818060288,83.1,12966584320,163278848,5751832576,1365368832,1304989696,2229215232,528969728
114,2022-01-25,12:54:09,0.5,LocalHost,17.4,16664068096,2818351104,83.1,12966289408,163418112,5751857152,1365512192,1304989696,2229370880,528969728
115,2022-01-25,12:54:09,0.5,LocalHost,18.7,16664068096,2818109440,83.1,12966502400,162918400,5751898112,1365762048,1304989696,2229657600,528969728
116,2022-01-25,12:54:10,0.5,LocalHost,20.7,16664068096,2806980608,83.2,12978692096,195411968,5732212736,1360797696,1285840896,2204123136,527884288
117,2022-01-25,12:54:10,0.5,LocalHost,14.5,16664068096,2816888832,83.1,12968890368,204517376,5720256512,1360748544,1285873664,2204786688,527978496
118,2022-01-25,12:54:11,0.5,LocalHost,19.0,16664068096,2816528384,83.1,12968280064,204115968,5720236032,1360785408,1285873664,2205798400,528510976
119,2022-01-25,12:54:11,0.5,LocalHost,18.4,16664068096,2817245184,83.1,12967751680,204357632,5720145920,1361289216,1285881856,2206076928,528674816
120,2022-01-25,12:54:12,0.5,LocalHost,17.8,16664068096,2817056768,83.1,12967964672,203894784,5720264704,1361551360,1285890048,2206318592,528674816
121,2022-01-25,12:54:12,0.5,LocalHost,18.6,16664068096,2817306624,83.1,12967673856,204058624,5720064000,1361633280,1285898240,2206437376,528674816
122,2022-01-25,12:54:13,0.5,LocalHost,16.5,16664068096,2817445888,83.1,12967469056,203894784,5720109056,1361928192,1285898240,2206806016,528674816
123,2022-01-25,12:54:13,0.5,LocalHost,21.0,16664068096,2817490944,83.1,12967477248,203726848,5720006656,1362137088,1285898240,2206965760,528674816
124,2022-01-25,12:54:14,0.5,LocalHost,19.4,16664068096,2817564672,83.1,12967346176,203792384,5719900160,1362145280,1285898240,2207031296,528674816
125,2022-01-25,12:54:14,0.5,LocalHost,19.3,16664068096,2817814528,83.1,12966961152,203427840,5720047616,1362755584,1285898240,2207780864,528674816
126,2022-01-25,12:54:15,0.5,LocalHost,16.7,16664068096,2818072576,83.1,12966809600,203378688,5720051712,1363062784,1285906432,2207973376,528674816
127,2022-01-25,12:54:15,0.5,LocalHost,18.2,16664068096,2818015232,83.1,12966920192,202919936,5720055808,1363460096,1285914624,2208313344,528674816
128,2022-01-25,12:54:16,0.5,LocalHost,16.1,16664068096,2818441216,83.1,12966518784,203063296,5719592960,1363738624,1285922816,2208563200,528674816
129,2022-01-25,12:54:16,0.5,LocalHost,17.8,16664068096,2818211840,83.1,12966739968,202338304,5719703552,1363955712,1285922816,2209067008,528674816
130,2022-01-25,12:54:17,0.5,LocalHost,18.9,16664068096,2817892352,83.1,12967063552,201981952,5719703552,1363992576,1285939200,2209083392,528674816
131,2022-01-25,12:54:17,0.5,LocalHost,14.2,16664068096,2818138112,83.1,12966838272,201752576,5719896064,1364385792,1285955584,2209521664,528674816
132,2022-01-25,12:54:18,0.5,LocalHost,19.1,16664068096,2817802240,83.1,12967120896,201342976,5719879680,1364459520,1285963776,2209640448,528674816
133,2022-01-25,12:54:18,0.5,LocalHost,18.0,16664068096,2818211840,83.1,12966748160,201293824,5719826432,1364905984,1285963776,2210062336,528674816
134,2022-01-25,12:54:19,0.5,LocalHost,18.1,16664068096,2818379776,83.1,12966584320,201134080,5719814144,1365225472,1285963776,2210385920,528674816
135,2022-01-25,12:54:19,0.5,LocalHost,16.5,16664068096,2818793472,83.1,12966232064,201183232,5719396352,1365590016,1285963776,2210689024,528674816
136,2022-01-25,12:54:20,0.5,LocalHost,19.8,16664068096,2818736128,83.1,12966252544,200925184,5719396352,1365790720,1285971968,2210918400,528674816
137,2022-01-25,12:54:20,0.5,LocalHost,19.1,16664068096,2816389120,83.1,12968493056,198090752,5721034752,1365483520,1285971968,2211512320,528678912
138,2022-01-25,12:54:21,0.5,LocalHost,18.9,16664068096,2817368064,83.1,12967690240,198471680,5720494080,1365889024,1285980160,2211926016,528674816
139,2022-01-25,12:54:21,0.5,LocalHost,14.4,16664068096,2817359872,83.1,12967596032,198361088,5720387584,1365983232,1285988352,2212122624,528674816
140,2022-01-25,12:54:22,0.5,LocalHost,18.6,16664068096,2817499136,83.1,12967440384,198193152,5720326144,1366286336,1285988352,2212446208,528674816
141,2022-01-25,12:54:22,0.5,LocalHost,18.0,16664068096,2818048000,83.1,12966850560,198586368,5720383488,1366433792,1285996544,2212634624,528674816
142,2022-01-25,12:54:23,0.5,LocalHost,18.0,16664068096,2818023424,83.1,12966924288,198361088,5720346624,1366630400,1286004736,2212777984,528674816
143,2022-01-25,12:54:23,0.5,LocalHost,17.3,16664068096,2817495040,83.1,12967448576,197414912,5720383488,1367048192,1286021120,2213183488,528674816
144,2022-01-25,12:54:24,0.5,LocalHost,18.3,16664068096,2817998848,83.1,12966891520,197627904,5720514560,1367334912,1286021120,2213527552,528744448
145,2022-01-25,12:54:24,0.5,LocalHost,16.1,16664068096,2818375680,83.1,12966473728,197730304,5720399872,1367564288,1286021120,2213842944,528744448
146,2022-01-25,12:54:25,0.5,LocalHost,20.1,16664068096,2818686976,83.1,12966154240,197967872,5720637440,1367638016,1286029312,2213916672,528744448
147,2022-01-25,12:54:25,0.5,LocalHost,17.1,16664068096,2818555904,83.1,12966322176,197308416,5720420352,1368162304,1286029312,2214408192,528744448
148,2022-01-25,12:54:26,0.5,LocalHost,18.6,16664068096,2818850816,83.1,12966023168,197406720,5720424448,1368358912,1286029312,2214608896,528740352
149,2022-01-25,12:54:26,0.5,LocalHost,16.9,16664068096,2819112960,83.1,12965699584,197382144,5720432640,1368633344,1286037504,2214948864,528740352
150,2022-01-25,12:54:27,0.5,LocalHost,18.0,16664068096,2819227648,83.1,12965597184,197353472,5720305664,1368776704,1286053888,2215063552,528740352
151,2022-01-25,12:54:27,0.5,LocalHost,14.5,16664068096,2819899392,83.1,12965023744,197685248,5720375296,1369104384,1286053888,2215305216,528740352
152,2022-01-25,12:54:28,0.5,LocalHost,19.5,16664068096,2826240000,83.0,12966023168,203878400,5720297472,1369251840,1286062080,2208104448,521383936
153,2022-01-25,12:54:28,0.5,LocalHost,18.0,16664068096,2826432512,83.0,12965744640,203681792,5720444928,1369640960,1286070272,2208571392,521383936
154,2022-01-25,12:54:29,0.5,LocalHost,16.3,16664068096,2826584064,83.0,12965597184,203563008,5720457216,1369894912,1286078464,2208829440,521383936
155,2022-01-25,12:54:29,0.5,LocalHost,20.3,16664068096,2826805248,83.0,12965371904,203591680,5720477696,1370062848,1286078464,2209026048,521383936
156,2022-01-25,12:54:30,0.5,LocalHost,16.2,16664068096,2827083776,83.0,12965195776,203489280,5720608768,1370439680,1286086656,2209296384,521383936
157,2022-01-25,12:54:30,0.5,LocalHost,19.7,16664068096,2815254528,83.1,12977016832,191315968,5730078720,1370767360,1286086656,2209648640,521383936
158,2022-01-25,12:54:31,0.5,LocalHost,18.8,16664068096,2824159232,83.1,12968185856,199774208,5720588288,1371209728,1286086656,2210021376,521379840
159,2022-01-25,12:54:31,0.5,LocalHost,17.3,16664068096,2824220672,83.1,12968067072,199512064,5720588288,1371389952,1286086656,2210402304,521383936
160,2022-01-25,12:54:32,0.5,LocalHost,16.2,16664068096,2824560640,83.0,12967739392,199667712,5720461312,1371574272,1286094848,2210566144,521383936
161,2022-01-25,12:54:32,0.5,LocalHost,17.9,16664068096,2824687616,83.0,12967571456,199471104,5720862720,1371897856,1286103040,2210922496,521383936
162,2022-01-25,12:54:33,0.5,LocalHost,20.2,16664068096,2824740864,83.0,12967546880,199442432,5720862720,1371975680,1286103040,2210975744,521383936
163,2022-01-25,12:54:33,0.5,LocalHost,23.1,16664068096,2824962048,83.0,12967370752,199036928,5720936448,1372585984,1286119424,2211540992,521383936
164,2022-01-25,12:54:34,0.5,LocalHost,16.4,16664068096,2824724480,83.0,12967550976,198590464,5721067520,1372794880,1286127616,2211799040,521383936
165,2022-01-25,12:54:34,0.5,LocalHost,19.1,16664068096,2823974912,83.1,12968304640,197627904,5721624576,1372983296,1286135808,2211999744,521383936
166,2022-01-25,12:54:35,0.5,LocalHost,16.6,16664068096,2823745536,83.1,12968165376,197308416,5721522176,1373069312,1286144000,2212450304,521383936
167,2022-01-25,12:54:35,0.5,LocalHost,16.5,16664068096,2824626176,83.0,12967616512,197464064,5721120768,1373655040,1286144000,2212843520,521383936
168,2022-01-25,12:54:36,0.5,LocalHost,17.4,16664068096,2824593408,83.0,12967665664,197373952,5721124864,1373712384,1286144000,2212884480,521383936
169,2022-01-25,12:54:36,0.5,LocalHost,16.6,16664068096,2825613312,83.0,12966637568,197894144,5721161728,1374203904,1286144000,2213392384,521383936
170,2022-01-25,12:54:37,0.5,LocalHost,17.4,16664068096,2825273344,83.0,12966965248,197369856,5721313280,1374380032,1286144000,2213588992,521383936
171,2022-01-25,12:54:37,0.5,LocalHost,16.2,16664068096,2825019392,83.0,12967211008,196849664,5721227264,1374646272,1286176768,2213830656,521383936
172,2022-01-25,12:54:38,0.5,LocalHost,19.8,16664068096,2824945664,83.0,12967309312,196501504,5721038848,1374879744,1286176768,2214080512,521383936
173,2022-01-25,12:54:38,0.5,LocalHost,20.4,16664068096,2824925184,83.0,12967370752,196202496,5720981504,1375154176,1286176768,2214318080,521383936
174,2022-01-25,12:54:39,0.5,LocalHost,18.8,16664068096,2824904704,83.0,12967346176,196018176,5721083904,1375318016,1286184960,2214518784,521383936
175,2022-01-25,12:54:39,0.5,LocalHost,19.4,16664068096,2825207808,83.0,12967063552,195899392,5721059328,1375727616,1286201344,2214903808,521383936
176,2022-01-25,12:54:40,0.5,LocalHost,17.2,16664068096,2824941568,83.0,12967264256,195633152,5721059328,1375727616,1286217728,2214952960,521383936
177,2022-01-25,12:54:40,0.5,LocalHost,17.2,16664068096,2825043968,83.0,12967149568,195334144,5721096192,1376108544,1286217728,2215366656,521383936
178,2022-01-25,12:54:41,0.5,LocalHost,23.7,16664068096,2822041600,83.1,12970164224,192053248,5722292224,1376391168,1286217728,2215632896,521388032
179,2022-01-25,12:54:41,0.5,LocalHost,17.8,16664068096,2823729152,83.1,12968583168,192905216,5720981504,1377058816,1286217728,2216361984,521383936
180,2022-01-25,12:54:42,0.5,LocalHost,17.3,16664068096,2823614464,83.1,12968673280,192770048,5720985600,1377079296,1286217728,2216407040,521383936
181,2022-01-25,12:54:42,0.5,LocalHost,17.5,16664068096,2823880704,83.1,12968308736,192831488,5721161728,1377280000,1286234112,2216693760,521383936
182,2022-01-25,12:54:43,0.5,LocalHost,17.9,16664068096,2823970816,83.1,12968259584,192565248,5721030656,1377624064,1286250496,2216992768,521383936
183,2022-01-25,12:54:43,0.5,LocalHost,16.8,16664068096,2824249344,83.1,12967997440,192438272,5721354240,1378029568,1286250496,2217381888,521383936
184,2022-01-25,12:54:44,0.5,LocalHost,16.1,16664068096,2824183808,83.1,12968050688,192253952,5721190400,1378144256,1286258688,2217504768,521383936
185,2022-01-25,12:54:44,0.5,LocalHost,19.1,16664068096,2824454144,83.1,12967813120,192057344,5721083904,1378582528,1286258688,2217938944,521383936
186,2022-01-25,12:54:45,0.5,LocalHost,19.1,16664068096,2824740864,83.0,12967522304,192286720,5721014272,1378639872,1286275072,2217984000,521383936
187,2022-01-25,12:54:45,0.5,LocalHost,17.5,16664068096,2824458240,83.1,12967800832,191639552,5721276416,1378979840,1286283264,2218344448,521383936
188,2022-01-25,12:54:46,0.5,LocalHost,23.2,16664068096,2824802304,83.0,12967358464,191672320,5721280512,1379282944,1286283264,2218754048,521383936
189,2022-01-25,12:54:46,0.5,LocalHost,22.0,16664068096,2824765440,83.0,12967415808,191348736,5721325568,1379557376,1286283264,2219020288,521383936
190,2022-01-25,12:54:47,0.5,LocalHost,16.5,16664068096,2825482240,83.0,12966760448,191860736,5721452544,1379758080,1286283264,2219163648,521383936
191,2022-01-25,12:54:47,0.5,LocalHost,16.3,16664068096,2824548352,83.1,12967694336,190623744,5721681920,1380040704,1286283264,2219466752,521383936
192,2022-01-25,12:54:48,0.5,LocalHost,14.3,16664068096,2824572928,83.0,12967694336,190283776,5721563136,1380392960,1286307840,2219782144,521383936
193,2022-01-25,12:54:48,0.5,LocalHost,18.7,16664068096,2824986624,83.0,12967297024,190447616,5721440256,1380638720,1286307840,2220015616,521388032
194,2022-01-25,12:54:49,0.5,LocalHost,14.1,16664068096,2824667136,83.0,12967583744,189931520,5721440256,1380831232,1286307840,2220244992,521388032
195,2022-01-25,12:54:49,0.5,LocalHost,18.3,16664068096,2824654848,83.0,12967571456,189702144,5721473024,1381040128,1286324224,2220470272,521388032
196,2022-01-25,12:54:50,0.5,LocalHost,15.9,16664068096,2824622080,83.0,12967235584,189607936,5721550848,1381093376,1286332416,2220892160,521383936
197,2022-01-25,12:54:50,0.5,LocalHost,18.8,16664068096,2825203712,83.0,12966981632,189698048,5721444352,1381556224,1286348800,2221039616,521383936
198,2022-01-25,12:54:51,0.5,LocalHost,24.3,16664068096,2811068416,83.1,12981170176,175456256,5733961728,1381658624,1286356992,2221084672,521383936
199,2022-01-25,12:54:51,0.5,LocalHost,17.3,16664068096,2824081408,83.1,12968292352,187273216,5721374720,1382432768,1286356992,2222145536,521383936
200,2022-01-25,12:54:52,0.5,LocalHost,19.9,16664068096,2823819264,83.1,12968472576,186937344,5721145344,1382543360,1286356992,2222301184,521383936
201,2022-01-25,12:54:52,0.5,LocalHost,18.2,16664068096,2824298496,83.1,12967981056,186896384,5721112576,1383055360,1286356992,2222833664,521383936
202,2022-01-25,12:54:53,0.5,LocalHost,17.4,16664068096,2824503296,83.1,12967817216,187019264,5721137152,1383137280,1286356992,2222874624,521383936
203,2022-01-25,12:54:53,0.5,LocalHost,15.0,16664068096,2824876032,83.0,12967395328,186949632,5721137152,1383571456,1286373376,2223349760,521383936
204,2022-01-25,12:54:54,0.5,LocalHost,16.8,16664068096,2824994816,83.0,12967260160,186970112,5720911872,1383665664,1286373376,2223464448,521383936
205,2022-01-25,12:54:54,0.5,LocalHost,18.4,16664068096,2824495104,83.1,12967784448,185995264,5721083904,1384116224,1286373376,2223915008,521383936
206,2022-01-25,12:54:55,0.5,LocalHost,17.0,16664068096,2825019392,83.0,12967264256,186445824,5720981504,1384177664,1286389760,2223968256,521383936
207,2022-01-25,12:54:55,0.5,LocalHost,16.3,16664068096,2825375744,83.0,12966924288,186462208,5721063424,1384509440,1286389760,2224291840,521383936
208,2022-01-25,12:54:56,0.5,LocalHost,16.4,16664068096,2825875456,83.0,12966277120,186691584,5721063424,1384779776,1286397952,2224701440,521383936
209,2022-01-25,12:54:56,0.5,LocalHost,19.0,16664068096,2825867264,83.0,12966359040,186253312,5721075712,1385177088,1286414336,2225041408,521383936
210,2022-01-25,12:54:57,0.5,LocalHost,15.0,16664068096,2825863168,83.0,12966289408,186146816,5721075712,1385275392,1286414336,2225217536,521383936
211,2022-01-25,12:54:57,0.5,LocalHost,15.8,16664068096,2825699328,83.0,12966506496,185753600,5721083904,1385492480,1286414336,2225393664,521383936
212,2022-01-25,12:54:58,0.5,LocalHost,15.8,16664068096,2825904128,83.0,12966322176,185905152,5720932352,1385537536,1286414336,2225426432,521383936
213,2022-01-25,12:54:58,0.5,LocalHost,16.1,16664068096,2826113024,83.0,12966117376,185622528,5720875008,1386020864,1286414336,2225913856,521383936
214,2022-01-25,12:54:59,0.5,LocalHost,14.7,16664068096,2826547200,83.0,12965691392,185778176,5721116672,1386283008,1286438912,2226159616,521383936
215,2022-01-25,12:54:59,0.5,LocalHost,16.4,16664068096,2827071488,83.0,12965167104,185888768,5720965120,1386684416,1286438912,2226573312,521383936
216,2022-01-25,12:55:00,0.5,LocalHost,19.6,16664068096,2827194368,83.0,12965093376,184102912,5720952832,1386938368,1286447104,2228424704,521383936
217,2022-01-25,12:55:00,0.5,LocalHost,16.9,16664068096,2827231232,83.0,12964958208,183640064,5721100288,1387233280,1286459392,2229010432,521465856
218,2022-01-25,12:55:01,0.5,LocalHost,19.4,16664068096,2827214848,83.0,12964945920,183488512,5720961024,1387352064,1286459392,2229174272,521465856
219,2022-01-25,12:55:01,0.5,LocalHost,23.3,16664068096,2823086080,83.1,12969185280,178937856,5721989120,1387745280,1286475776,2229469184,521424896
220,2022-01-25,12:55:02,0.5,LocalHost,20.2,16664068096,2822967296,83.1,12969152512,178470912,5721649152,1387995136,1286483968,2229960704,521424896
221,2022-01-25,12:55:02,0.5,LocalHost,21.5,16664068096,2823761920,83.1,12968464384,179032064,5721489408,1388290048,1286483968,2230087680,521424896
222,2022-01-25,12:55:03,0.5,LocalHost,22.1,16664068096,2823909376,83.1,12968288256,178970624,5721329664,1388490752,1286483968,2230325248,521424896
223,2022-01-25,12:55:03,0.5,LocalHost,21.4,16664068096,2824548352,83.1,12968517632,180301824,5720768512,1388052480,1286336512,2228912128,520572928
224,2022-01-25,12:55:04,0.5,LocalHost,16.6,16664068096,2823544832,83.1,12968861696,179089408,5721255936,1388257280,1286336512,2229780480,521207808
225,2022-01-25,12:55:04,0.5,LocalHost,17.9,16664068096,2823778304,83.1,12968542208,179372032,5721636864,1388544000,1286369280,2229784576,521367552
226,2022-01-25,12:55:05,0.5,LocalHost,14.6,16664068096,2824257536,83.1,12968050688,179765248,5721272320,1388589056,1286377472,2229874688,521367552
227,2022-01-25,12:55:05,0.5,LocalHost,20.7,16664068096,2816344064,83.1,12967976960,171368448,5721108480,1389043712,1286377472,2238345216,529362944
228,2022-01-25,12:55:06,0.5,LocalHost,22.5,16664068096,2816045056,83.1,12967862272,170827776,5721100288,1389268992,1286385664,2238992384,529362944
229,2022-01-25,12:55:06,0.5,LocalHost,19.2,16664068096,2816806912,83.1,12967206912,171376640,5721108480,1389473792,1286385664,2239098880,529588224
230,2022-01-25,12:55:07,0.5,LocalHost,19.2,16664068096,2817253376,83.1,12966690816,171499520,5721030656,1389780992,1286393856,2239483904,529588224
231,2022-01-25,12:55:07,0.5,LocalHost,16.2,16664068096,2817634304,83.1,12966866944,171552768,5721116672,1390092288,1286402048,2239246336,529055744
232,2022-01-25,12:55:08,0.5,LocalHost,16.5,16664068096,2817777664,83.1,12966838272,171536384,5721071616,1390243840,1286402048,2239291392,529018880
233,2022-01-25,12:55:08,0.5,LocalHost,15.2,16664068096,2817966080,83.1,12966539264,171393024,5721047040,1390567424,1286402048,2239733760,529018880
234,2022-01-25,12:55:09,0.5,LocalHost,17.1,16664068096,2818252800,83.1,12966338560,171331584,5721079808,1390911488,1286402048,2239995904,529018880
235,2022-01-25,12:55:09,0.5,LocalHost,15.3,16664068096,2817769472,83.1,12966752256,170586112,5720932352,1391157248,1286410240,2240319488,529018880
236,2022-01-25,12:55:10,0.5,LocalHost,18.3,16664068096,2817814528,83.1,12966727680,170237952,5720985600,1391472640,1286426624,2240675840,529018880
237,2022-01-25,12:55:10,0.5,LocalHost,18.5,16664068096,2818150400,83.1,12966473728,170442752,5721206784,1391587328,1286426624,2240724992,529018880
238,2022-01-25,12:55:11,0.5,LocalHost,19.0,16664068096,2818220032,83.1,12966514688,170147840,5721145344,1391943680,1286426624,2240978944,529018880
239,2022-01-25,12:55:11,0.5,LocalHost,21.4,16664068096,2805854208,83.2,12980224000,180682752,5718089728,1385951232,1276973056,2226188288,527953920
240,2022-01-25,12:55:12,0.5,LocalHost,19.3,16664068096,2816409600,83.1,12968865792,189870080,5707493376,1387294720,1276973056,2228359168,528556032
241,2022-01-25,12:55:12,0.5,LocalHost,19.5,16664068096,2816569344,83.1,12968443904,189857792,5707210752,1387773952,1276981248,2228785152,528683008
242,2022-01-25,12:55:13,0.5,LocalHost,18.3,16664068096,2816663552,83.1,12968321024,189763584,5707333632,1387962368,1276997632,2228985856,528683008
243,2022-01-25,12:55:13,0.5,LocalHost,16.9,16664068096,2817187840,83.1,12967731200,190214144,5707247616,1388011520,1276997632,2229125120,528683008
244,2022-01-25,12:55:14,0.5,LocalHost,18.2,16664068096,2817146880,83.1,12967714816,189972480,5707247616,1388204032,1276997632,2229383168,528683008
245,2022-01-25,12:55:14,0.5,LocalHost,19.6,16664068096,2817716224,83.1,12967018496,189947904,5707345920,1388797952,1276997632,2230104064,528691200
246,2022-01-25,12:55:15,0.5,LocalHost,17.3,16664068096,2817982464,83.1,12966735872,190078976,5707456512,1388933120,1277014016,2230239232,528691200
247,2022-01-25,12:55:15,0.5,LocalHost,18.4,16664068096,2818060288,83.1,12966875136,189698048,5707145216,1389367296,1277022208,2230472704,528691200
248,2022-01-25,12:55:16,0.5,LocalHost,20.3,16664068096,2818514944,83.1,12966375424,189825024,5707132928,1389682688,1277022208,2230845440,528691200
249,2022-01-25,12:55:16,0.5,LocalHost,21.2,16664068096,2818625536,83.1,12966309888,189595648,5707059200,1389756416,1277022208,2231140352,528683008
250,2022-01-25,12:55:17,0.5,LocalHost,19.0,16664068096,2818351104,83.1,12966621184,188841984,5706903552,1390088192,1277038592,2231566336,528683008
251,2022-01-25,12:55:17,0.5,LocalHost,21.3,16664068096,2818805760,83.1,12966146048,188862464,5706870784,1390501888,1277038592,2232020992,528674816
252,2022-01-25,12:55:18,0.5,LocalHost,23.1,16664068096,2819084288,83.1,12965904384,189038592,5706752000,1390596096,1277046784,2232078336,528674816
253,2022-01-25,12:55:18,0.5,LocalHost,18.3,16664068096,2819395584,83.1,12965601280,188923904,5706919936,1390997504,1277054976,2232487936,528674816
254,2022-01-25,12:55:19,0.5,LocalHost,17.9,16664068096,2819649536,83.1,12965330944,189128704,5706940416,1391046656,1277054976,2232553472,528674816
255,2022-01-25,12:55:19,0.5,LocalHost,19.6,16664068096,2819145728,83.1,12965707776,188366848,5706874880,1391284224,1277059072,2232934400,528674816
256,2022-01-25,12:55:20,0.5,LocalHost,19.7,16664068096,2819133440,83.1,12965736448,188305408,5706874880,1391333376,1277083648,2232942592,528674816
257,2022-01-25,12:55:20,0.5,LocalHost,21.8,16664068096,2818543616,83.1,12966395904,187101184,5706801152,1391906816,1277083648,2233487360,528674816
258,2022-01-25,12:55:21,0.5,LocalHost,19.8,16664068096,2819207168,83.1,12965797888,187265024,5706813440,1392377856,1277091840,2233913344,528674816
259,2022-01-25,12:55:21,0.5,LocalHost,20.8,16664068096,2819153920,83.1,12965822464,187179008,5706952704,1392402432,1277091840,2233974784,528674816
260,2022-01-25,12:55:22,0.5,LocalHost,25.1,16664068096,2816278528,83.1,12968583168,184201216,5707640832,1392214016,1277091840,2234191872,528674816
261,2022-01-25,12:55:22,0.5,LocalHost,24.0,16664068096,2816606208,83.1,12968411136,183779328,5707284480,1392766976,1277100032,2234777600,528674816
262,2022-01-25,12:55:23,0.5,LocalHost,22.9,16664068096,2816569344,83.1,12968415232,183513088,5707317248,1392996352,1277100032,2235039744,528674816
263,2022-01-25,12:55:23,0.5,LocalHost,24.3,16664068096,2817503232,83.1,12967485440,183971840,5707198464,1393451008,1277108224,2235502592,528674816
264,2022-01-25,12:55:24,0.5,LocalHost,23.2,16664068096,2817523712,83.1,12967473152,183771136,5707378688,1393668096,1277116416,2235707392,528674816
265,2022-01-25,12:55:24,0.5,LocalHost,26.9,16664068096,2818023424,83.1,12966883328,183996416,5707235328,1393922048,1277116416,2236071936,528674816
266,2022-01-25,12:55:25,0.5,LocalHost,23.5,16664068096,2818084864,83.1,12966805504,183914496,5707235328,1394065408,1277132800,2236215296,528674816
267,2022-01-25,12:55:25,0.5,LocalHost,26.9,16664068096,2818523136,83.1,12966445056,184004608,5707390976,1394401280,1277132800,2236485632,528674816
268,2022-01-25,12:55:26,0.5,LocalHost,26.7,16664068096,2818998272,83.1,12965969920,184094720,5707415552,1394782208,1277132800,2236870656,528674816
269,2022-01-25,12:55:26,0.5,LocalHost,27.7,16664068096,2818666496,83.1,12966293504,183615488,5707378688,1394917376,1277149184,2237009920,528674816
270,2022-01-25,12:55:27,0.5,LocalHost,25.8,16664068096,2818945024,83.1,12965949440,183681024,5707390976,1395113984,1277149184,2237288448,528674816
271,2022-01-25,12:55:27,0.5,LocalHost,25.1,16664068096,2818736128,83.1,12966203392,183062528,5707399168,1395511296,1277149184,2237652992,528674816
272,2022-01-25,12:55:28,0.5,LocalHost,23.4,16664068096,2826252288,83.0,12965957632,190427136,5707223040,1395658752,1277165568,2230517760,521486336
273,2022-01-25,12:55:28,0.5,LocalHost,25.8,16664068096,2826641408,83.0,12965666816,190574592,5707296768,1395900416,1277165568,2230661120,521318400
274,2022-01-25,12:55:29,0.5,LocalHost,24.3,16664068096,2826235904,83.0,12966043648,189825024,5707317248,1396224000,1277181952,2231017472,521318400
275,2022-01-25,12:55:29,0.5,LocalHost,24.5,16664068096,2826215424,83.0,12966051840,189689856,5707403264,1396326400,1277190144,2231136256,521318400
276,2022-01-25,12:55:30,0.5,LocalHost,25.2,16664068096,2826448896,83.0,12965859328,189587456,5707370496,1396637696,1277202432,2231418880,521318400
277,2022-01-25,12:55:30,0.5,LocalHost,24.4,16664068096,2826461184,83.0,12965810176,189222912,5707374592,1397014528,1277210624,2231824384,521318400
278,2022-01-25,12:55:31,0.5,LocalHost,26.2,16664068096,2826051584,83.0,12966277120,188428288,5707550720,1397379072,1277210624,2232152064,521318400
279,2022-01-25,12:55:31,0.5,LocalHost,28.4,16664068096,2826203136,83.0,12966117376,188325888,5707665408,1397633024,1277210624,2232414208,521318400
280,2022-01-25,12:55:32,0.5,LocalHost,29.9,16664068096,2825265152,83.0,12967161856,186634240,5707943936,1398321152,1277218816,2233053184,521318400
281,2022-01-25,12:55:32,0.5,LocalHost,27.0,16664068096,2823843840,83.1,12968550400,184758272,5707759616,1398689792,1277218816,2233540608,521318400
282,2022-01-25,12:55:33,0.5,LocalHost,24.7,16664068096,2824658944,83.0,12967636992,185294848,5707673600,1398960128,1277218816,2233917440,521318400
283,2022-01-25,12:55:33,0.5,LocalHost,27.7,16664068096,2824785920,83.0,12967784448,185085952,5707673600,1399296000,1277235200,2233962496,521318400
284,2022-01-25,12:55:34,0.5,LocalHost,24.9,16664068096,2824081408,83.1,12968067072,184070144,5707399168,1399599104,1277235200,2234695680,521318400
285,2022-01-25,12:55:34,0.5,LocalHost,25.8,16664068096,2824556544,83.1,12967813120,184307712,5707735040,1399812096,1277243392,2234703872,521318400
286,2022-01-25,12:55:35,0.5,LocalHost,26.0,16664068096,2824892416,83.0,12967452672,184262656,5707489280,1399984128,1277267968,2235084800,521318400
287,2022-01-25,12:55:35,0.5,LocalHost,27.4,16664068096,2825043968,83.0,12967202816,184127488,5707423744,1400266752,1277267968,2235469824,521388032
288,2022-01-25,12:55:36,0.5,LocalHost,24.3,16664068096,2825609216,83.0,12966645760,184266752,5707374592,1400655872,1277276160,2235879424,521388032
289,2022-01-25,12:55:36,0.5,LocalHost,26.2,16664068096,2825465856,83.0,12966760448,184016896,5707382784,1400754176,1277276160,2236014592,521388032
290,2022-01-25,12:55:37,0.5,LocalHost,23.1,16664068096,2825482240,83.0,12966666240,183717888,5707403264,1401065472,1277276160,2236407808,521388032
291,2022-01-25,12:55:37,0.5,LocalHost,24.6,16664068096,2825793536,83.0,12966387712,183853056,5707403264,1401241600,1277292544,2236534784,521388032
292,2022-01-25,12:55:38,0.5,LocalHost,23.9,16664068096,2826293248,83.0,12965941248,184107008,5707280384,1401475072,1277292544,2236727296,521388032
293,2022-01-25,12:55:38,0.5,LocalHost,25.4,16664068096,2826510336,83.0,12965748736,183820288,5707309056,1401958400,1277292544,2237206528,521383936
294,2022-01-25,12:55:39,0.5,LocalHost,23.9,16664068096,2826420224,83.0,12965851136,183427072,5707800576,1402249216,1277300736,2237489152,521383936
295,2022-01-25,12:55:39,0.5,LocalHost,24.2,16664068096,2826498048,83.0,12965748736,183336960,5707812864,1402408960,1277300736,2237681664,521383936
296,2022-01-25,12:55:40,0.5,LocalHost,27.9,16664068096,2826551296,83.0,12965761024,183042048,5707776000,1402748928,1277325312,2237939712,521383936
297,2022-01-25,12:55:40,0.5,LocalHost,24.8,16664068096,2826629120,83.0,12965642240,182820864,5707624448,1403039744,1277333504,2238271488,521383936
298,2022-01-25,12:55:41,0.5,LocalHost,22.7,16664068096,2826739712,83.0,12965515264,182718464,5707837440,1403203584,1277341696,2238492672,521383936
299,2022-01-25,12:55:41,0.5,LocalHost,23.3,16664068096,2827014144,83.0,12965195776,182796288,5708046336,1403392000,1277341696,2238734336,521383936
300,2022-01-25,12:55:42,0.5,LocalHost,24.2,16664068096,2827563008,83.0,12964712448,183009280,5707882496,1403727872,1277341696,2239004672,521383936
301,2022-01-25,12:55:42,0.5,LocalHost,25.7,16664068096,2822324224,83.1,12970008576,177545216,5708533760,1403944960,1277341696,2239172608,521379840
302,2022-01-25,12:55:43,0.5,LocalHost,22.9,16664068096,2822348800,83.1,12969869312,177266688,5708062720,1404149760,1277349888,2239582208,521383936
303,2022-01-25,12:55:43,0.5,LocalHost,20.8,16664068096,2823094272,83.1,12969099264,177610752,5707952128,1404407808,1277349888,2240008192,521383936
304,2022-01-25,12:55:44,0.5,LocalHost,20.4,16664068096,2823647232,83.1,12968620032,177803264,5707968512,1404755968,1277349888,2240294912,521383936
305,2022-01-25,12:55:44,0.5,LocalHost,25.4,16664068096,2824196096,83.1,12968079360,178176000,5707968512,1404932096,1277358080,2240454656,521383936
306,2022-01-25,12:55:45,0.5,LocalHost,26.7,16664068096,2824261632,83.1,12967944192,178040832,5707968512,1405128704,1277366272,2240716800,521383936
307,2022-01-25,12:55:45,0.5,LocalHost,23.3,16664068096,2824089600,83.1,12968148992,177557504,5708025856,1405415424,1277374464,2240987136,521383936
308,2022-01-25,12:55:46,0.5,LocalHost,23.7,16664068096,2824331264,83.1,12967862272,177446912,5707927552,1405759488,1277382656,2241376256,521383936
309,2022-01-25,12:55:46,0.5,LocalHost,22.9,16664068096,2824396800,83.1,12967792640,177475584,5708156928,1405796352,1277390848,2241409024,521383936
310,2022-01-25,12:55:47,0.5,LocalHost,21.2,16664068096,2824605696,83.0,12967596032,177246208,5707935744,1406210048,1277390848,2241835008,521383936
311,2022-01-25,12:55:47,0.5,LocalHost,20.6,16664068096,2824515584,83.1,12967718912,176881664,5708279808,1406480384,1277390848,2242076672,521383936
312,2022-01-25,12:55:48,0.5,LocalHost,20.5,16664068096,2824904704,83.0,12967407616,176996352,5707931648,1406746624,1277390848,2242273280,521383936
313,2022-01-25,12:55:48,0.5,LocalHost,22.2,16664068096,2825318400,83.0,12966998016,177147904,5707952128,1406996480,1277399040,2242523136,521383936
314,2022-01-25,12:55:49,0.5,LocalHost,21.5,16664068096,2825347072,83.0,12966883328,176963584,5707948032,1407197184,1277399040,2242822144,521383936
315,2022-01-25,12:55:49,0.5,LocalHost,19.8,16664068096,2824728576,83.0,12967464960,176001024,5708070912,1407528960,1277399040,2243203072,521383936
316,2022-01-25,12:55:50,0.5,LocalHost,20.4,16664068096,2824966144,83.0,12967247872,175931392,5708058624,1407819776,1277423616,2243465216,521383936
317,2022-01-25,12:55:50,0.5,LocalHost,20.4,16664068096,2824753152,83.0,12967526400,175452160,5708070912,1408077824,1277427712,2243661824,521383936
318,2022-01-25,12:55:51,0.5,LocalHost,21.5,16664068096,2825375744,83.0,12966891520,175673344,5708021760,1408438272,1277444096,2244059136,521383936
319,2022-01-25,12:55:51,0.5,LocalHost,19.8,16664068096,2825617408,83.0,12966645760,175706112,5708025856,1408643072,1277460480,2244255744,521383936
320,2022-01-25,12:55:52,0.5,LocalHost,21.4,16664068096,2825146368,83.0,12967014400,174825472,5708161024,1409036288,1277476864,2244751360,521383936
321,2022-01-25,12:55:52,0.5,LocalHost,21.7,16664068096,2809454592,83.1,12983377920,181473280,5706735616,1403244544,1268072448,2231144448,520585216
322,2022-01-25,12:55:53,0.5,LocalHost,21.5,16664068096,2822967296,83.1,12969394176,194187264,5692780544,1404157952,1268072448,2232414208,521318400
323,2022-01-25,12:55:53,0.5,LocalHost,19.0,16664068096,2823520256,83.1,12968857600,194510848,5692801024,1404379136,1268080640,2232619008,521318400
324,2022-01-25,12:55:54,0.5,LocalHost,19.8,16664068096,2823651328,83.1,12968660992,194478080,5692788736,1404534784,1268080640,2232848384,521318400
325,2022-01-25,12:55:54,0.5,LocalHost,18.5,16664068096,2823520256,83.1,12968775680,194121728,5692796928,1404751872,1268080640,2233090048,521318400
326,2022-01-25,12:55:55,0.5,LocalHost,19.9,16664068096,2823950336,83.1,12968255488,194023424,5692796928,1405116416,1268088832,2233700352,521318400
327,2022-01-25,12:55:55,0.5,LocalHost,19.4,16664068096,2824327168,83.1,12968034304,194064384,5692608512,1405448192,1268097024,2233872384,521318400
328,2022-01-25,12:55:56,0.5,LocalHost,23.0,16664068096,2824470528,83.1,12967784448,194015232,5692796928,1405640704,1268097024,2234171392,521318400
329,2022-01-25,12:55:56,0.5,LocalHost,22.0,16664068096,2824146944,83.1,12968091648,193667072,5692874752,1405657088,1268113408,2234195968,521318400
330,2022-01-25,12:55:57,0.5,LocalHost,23.8,16664068096,2824790016,83.0,12967587840,193757184,5692788736,1406185472,1268121600,2234601472,521318400
331,2022-01-25,12:55:57,0.5,LocalHost,22.4,16664068096,2824474624,83.1,12967862272,193441792,5692788736,1406185472,1268129792,2234634240,521318400
332,2022-01-25,12:55:58,0.5,LocalHost,20.2,16664068096,2825007104,83.0,12967317504,193728512,5692796928,1406423040,1268129792,2234892288,521318400
333,2022-01-25,12:55:58,0.5,LocalHost,19.5,16664068096,2824962048,83.0,12967321600,193441792,5692575744,1406664704,1268129792,2235174912,521318400
334,2022-01-25,12:55:59,0.5,LocalHost,19.8,16664068096,2825322496,83.0,12967006208,193241088,5692862464,1407201280,1268146176,2235674624,521318400
335,2022-01-25,12:55:59,0.5,LocalHost,18.7,16664068096,2824724480,83.0,12967550976,192466944,5692944384,1407373312,1268146176,2235904000,521388032
336,2022-01-25,12:56:00,0.5,LocalHost,24.3,16664068096,2825924608,83.0,12966277120,191217664,5692833792,1407840256,1268154368,2238418944,521469952
337,2022-01-25,12:56:00,0.5,LocalHost,16.9,16664068096,2825887744,83.0,12966211584,191053824,5692833792,1407963136,1268154368,2238648320,521469952
338,2022-01-25,12:56:01,0.5,LocalHost,15.5,16664068096,2825670656,83.0,12966494208,190443520,5692907520,1408323584,1268170752,2238959616,521469952
339,2022-01-25,12:56:01,0.5,LocalHost,17.5,16664068096,2825351168,83.0,12966846464,190062592,5692907520,1408385024,1268170752,2238988288,521469952
340,2022-01-25,12:56:02,0.5,LocalHost,19.5,16664068096,2825744384,83.0,12966461440,190251008,5692751872,1408589824,1268178944,2239176704,521469952
341,2022-01-25,12:56:02,0.5,LocalHost,19.9,16664068096,2825969664,83.0,12966219776,190054400,5692899328,1408970752,1268203520,2239590400,521424896
342,2022-01-25,12:56:03,0.5,LocalHost,20.4,16664068096,2823471104,83.1,12968812544,186200064,5693554688,1409638400,1268203520,2240851968,521424896
343,2022-01-25,12:56:03,0.5,LocalHost,20.7,16664068096,2806095872,83.2,12968783872,168583168,5693554688,1409875968,1268203520,2258497536,538746880
344,2022-01-25,12:56:04,0.5,LocalHost,17.7,16664068096,2806747136,83.2,12968181760,168873984,5693521920,1410232320,1268203520,2258808832,538746880
345,2022-01-25,12:56:04,0.5,LocalHost,18.5,16664068096,2806747136,83.2,12968189952,168759296,5693788160,1410342912,1268219904,2258898944,538746880
346,2022-01-25,12:56:05,0.5,LocalHost,22.5,16664068096,2806820864,83.2,12968116224,168460288,5693452288,1410686976,1268219904,2259271680,538746880
347,2022-01-25,12:56:05,0.5,LocalHost,22.9,16664068096,2815164416,83.1,12968652800,176656384,5693497344,1410809856,1268228096,2250530816,529612800
348,2022-01-25,12:56:06,0.5,LocalHost,19.8,16664068096,2815320064,83.1,12968501248,176480256,5693374464,1411129344,1268228096,2250858496,529760256
349,2022-01-25,12:56:06,0.5,LocalHost,17.4,16664068096,2815655936,83.1,12968235008,176623616,5693636608,1411321856,1268236288,2250973184,529760256
350,2022-01-25,12:56:07,0.5,LocalHost,14.7,16664068096,2815959040,83.1,12967948288,176480256,5693440000,1411751936,1268236288,2251403264,529760256
351,2022-01-25,12:56:07,0.5,LocalHost,16.8,16664068096,2816131072,83.1,12968374272,176357376,5693456384,1412022272,1268252672,2251083776,529227776
352,2022-01-25,12:56:08,0.5,LocalHost,16.1,16664068096,2816835584,83.1,12967710720,176771072,5693394944,1412313088,1268260864,2251325440,529158144
353,2022-01-25,12:56:08,0.5,LocalHost,17.1,16664068096,2816425984,83.1,12968116224,176332800,5693435904,1412333568,1268260864,2251358208,529158144
354,2022-01-25,12:56:09,0.5,LocalHost,19.1,16664068096,2816675840,83.1,12967718912,176222208,5693427712,1412677632,1268260864,2251866112,529158144
355,2022-01-25,12:56:09,0.5,LocalHost,18.9,16664068096,2816741376,83.1,12967636992,176271360,5693259776,1412685824,1268277248,2251882496,529158144
356,2022-01-25,12:56:10,0.5,LocalHost,19.5,16664068096,2816516096,83.1,12967972864,175448064,5693689856,1413283840,1268277248,2252369920,529125376
357,2022-01-25,12:56:10,0.5,LocalHost,18.1,16664068096,2816471040,83.1,12968079360,175296512,5693644800,1413378048,1268285440,2252406784,529125376
358,2022-01-25,12:56:11,0.5,LocalHost,18.4,16664068096,2816598016,83.1,12967886848,174964736,5693669376,1413820416,1268285440,2252931072,529125376
359,2022-01-25,12:56:11,0.5,LocalHost,17.0,16664068096,2816131072,83.1,12968390656,174317568,5693669376,1414000640,1268285440,2253074432,529125376
360,2022-01-25,12:56:12,0.5,LocalHost,17.4,16664068096,2816606208,83.1,12967936000,174383104,5693571072,1414402048,1268293632,2253455360,529125376
361,2022-01-25,12:56:12,0.5,LocalHost,19.4,16664068096,2816266240,83.1,12968239104,173944832,5693571072,1414500352,1268293632,2253590528,529125376
362,2022-01-25,12:56:13,0.5,LocalHost,21.4,16664068096,2814869504,83.1,12971012096,197304320,5679390720,1409310720,1258889216,2236862464,527892480
363,2022-01-25,12:56:13,0.5,LocalHost,19.2,16664068096,2815471616,83.1,12970352640,197767168,5678964736,1409478656,1258905600,2237042688,527888384
364,2022-01-25,12:56:14,0.5,LocalHost,16.3,16664068096,2815459328,83.1,12969517056,197505024,5678358528,1409765376,1258905600,2238140416,528691200
365,2022-01-25,12:56:14,0.5,LocalHost,17.6,16664068096,2816856064,83.1,12968103936,198901760,5677293568,1409765376,1258913792,2238148608,528691200
366,2022-01-25,12:56:15,0.5,LocalHost,17.9,16664068096,2817388544,83.1,12967510016,198795264,5677662208,1410396160,1258913792,2238849024,528691200
367,2022-01-25,12:56:15,0.5,LocalHost,18.1,16664068096,2817114112,83.1,12967739392,198512640,5677662208,1410400256,1258921984,2238894080,528691200
368,2022-01-25,12:56:16,0.5,LocalHost,15.9,16664068096,2817703936,83.1,12967223296,198537216,5677629440,1410940928,1258921984,2239385600,528683008
369,2022-01-25,12:56:16,0.5,LocalHost,18.6,16664068096,2817839104,83.1,12967141376,198238208,5677629440,1411104768,1258921984,2239766528,528683008
370,2022-01-25,12:56:17,0.5,LocalHost,17.1,16664068096,2818256896,83.1,12966629376,198299648,5677645824,1411461120,1258921984,2240217088,528674816
371,2022-01-25,12:56:17,0.5,LocalHost,15.6,16664068096,2818564096,83.1,12966428672,198356992,5677703168,1411710976,1258930176,2240352256,528674816
372,2022-01-25,12:56:18,0.5,LocalHost,18.1,16664068096,2818732032,83.1,12966125568,198258688,5677600768,1411964928,1258938368,2240745472,528674816
373,2022-01-25,12:56:18,0.5,LocalHost,17.1,16664068096,2819264512,83.1,12965613568,198615040,5677801472,1412132864,1258946560,2240892928,528674816
374,2022-01-25,12:56:19,0.5,LocalHost,18.4,16664068096,2819440640,83.1,12965568512,198258688,5677699072,1412653056,1258954752,2241286144,528674816
375,2022-01-25,12:56:19,0.5,LocalHost,18.6,16664068096,2818740224,83.1,12966211584,197382144,5677707264,1412829184,1258954752,2241519616,528674816
376,2022-01-25,12:56:20,0.5,LocalHost,18.9,16664068096,2819141632,83.1,12965785600,197484544,5677740032,1413107712,1258962944,2241835008,528674816
377,2022-01-25,12:56:20,0.5,LocalHost,16.8,16664068096,2819289088,83.1,12965662720,197509120,5677740032,1413230592,1258971136,2241925120,528674816
378,2022-01-25,12:56:21,0.5,LocalHost,16.9,16664068096,2819121152,83.1,12965752832,196968448,5677756416,1413578752,1258971136,2242375680,528674816
379,2022-01-25,12:56:21,0.5,LocalHost,17.4,16664068096,2818949120,83.1,12966019072,196562944,5677555712,1413812224,1258971136,2242514944,528674816
380,2022-01-25,12:56:22,0.5,LocalHost,17.0,16664068096,2819362816,83.1,12965556224,196710400,5677715456,1414062080,1258971136,2242830336,528674816
381,2022-01-25,12:56:22,0.5,LocalHost,17.0,16664068096,2819190784,83.1,12965728256,196296704,5677727744,1414299648,1258971136,2243072000,528674816
382,2022-01-25,12:56:23,0.5,LocalHost,19.5,16664068096,2819514368,83.1,12965502976,196227072,5677764608,1414692864,1258979328,2243358720,528674816
383,2022-01-25,12:56:23,0.5,LocalHost,22.2,16664068096,2816950272,83.1,12968165376,191930368,5678252032,1416101888,1258987520,2244984832,528674816
384,2022-01-25,12:56:24,0.5,LocalHost,19.2,16664068096,2817449984,83.1,12967464960,191938560,5678084096,1416450048,1258995712,2245668864,528744448
385,2022-01-25,12:56:24,0.5,LocalHost,21.6,16664068096,2817630208,83.1,12967292928,191983616,5678088192,1416585216,1259012096,2245779456,528744448
386,2022-01-25,12:56:25,0.5,LocalHost,21.6,16664068096,2818007040,83.1,12966912000,191938560,5678129152,1416986624,1259012096,2246205440,528744448
387,2022-01-25,12:56:25,0.5,LocalHost,17.5,16664068096,2817531904,83.1,12967374848,191229952,5678149632,1417199616,1259028480,2246434816,528740352
388,2022-01-25,12:56:26,0.5,LocalHost,17.5,16664068096,2817716224,83.1,12967198720,191066112,5678186496,1417531392,1259028480,2246774784,528740352
389,2022-01-25,12:56:26,0.5,LocalHost,18.0,16664068096,2818097152,83.1,12966809600,191447040,5678010368,1417531392,1259028480,2246782976,528740352
390,2022-01-25,12:56:27,0.5,LocalHost,17.3,16664068096,2817671168,83.1,12967165952,190550016,5677969408,1417977856,1259028480,2247323648,528740352
391,2022-01-25,12:56:27,0.5,LocalHost,15.6,16664068096,2818015232,83.1,12966891520,190726144,5678108672,1418145792,1259028480,2247421952,528740352
392,2022-01-25,12:56:28,0.5,LocalHost,15.3,16664068096,2824183808,83.1,12968120320,196517888,5678149632,1418518528,1259028480,2240401408,521383936
393,2022-01-25,12:56:28,0.5,LocalHost,17.9,16664068096,2824429568,83.1,12967878656,196427776,5677989888,1418842112,1259053056,2240708608,521383936
394,2022-01-25,12:56:29,0.5,LocalHost,17.2,16664068096,2824273920,83.1,12968071168,196001792,5678149632,1419091968,1259053056,2240942080,521383936
395,2022-01-25,12:56:29,0.5,LocalHost,18.4,16664068096,2824552448,83.1,12967743488,196251648,5678149632,1419120640,1259069440,2241003520,521383936
396,2022-01-25,12:56:30,0.5,LocalHost,20.2,16664068096,2824437760,83.1,12967772160,195743744,5678133248,1419489280,1259077632,2241474560,521383936
397,2022-01-25,12:56:30,0.5,LocalHost,20.5,16664068096,2824769536,83.0,12967477248,195801088,5678145536,1419747328,1259102208,2241687552,521383936
398,2022-01-25,12:56:31,0.5,LocalHost,18.5,16664068096,2824581120,83.0,12967677952,195227648,5678186496,1420120064,1259102208,2242060288,521383936
399,2022-01-25,12:56:31,0.5,LocalHost,17.8,16664068096,2825195520,83.0,12966985728,195760128,5678366720,1420197888,1259102208,2242220032,521383936
400,2022-01-25,12:56:32,0.5,LocalHost,17.9,16664068096,2825109504,83.0,12967133184,195227648,5678182400,1420619776,1259102208,2242605056,521383936
401,2022-01-25,12:56:32,0.5,LocalHost,19.9,16664068096,2825428992,83.0,12966825984,195403776,5678190592,1420754944,1259102208,2242736128,521383936
402,2022-01-25,12:56:33,0.5,LocalHost,16.2,16664068096,2825342976,83.0,12966883328,194936832,5678211072,1421131776,1259102208,2243145728,521383936
403,2022-01-25,12:56:33,0.5,LocalHost,21.9,16664068096,2822164480,83.1,12970065920,190861312,5679857664,1420972032,1259102208,2244038656,521379840
404,2022-01-25,12:56:34,0.5,LocalHost,18.9,16664068096,2822873088,83.1,12969443328,191057920,5679222784,1421402112,1259126784,2244440064,521383936
405,2022-01-25,12:56:34,0.5,LocalHost,19.1,16664068096,2823421952,83.1,12968919040,191430656,5679460352,1421557760,1259126784,2244591616,521383936
406,2022-01-25,12:56:35,0.5,LocalHost,19.2,16664068096,2823553024,83.1,12968730624,190959616,5679919104,1421881344,1259151360,2245226496,521383936
407,2022-01-25,12:56:35,0.5,LocalHost,16.8,16664068096,2823479296,83.1,12968812544,190803968,5679808512,1421950976,1259184128,2245267456,521383936
408,2022-01-25,12:56:36,0.5,LocalHost,16.2,16664068096,2824056832,83.1,12968091648,191025152,5679865856,1422282752,1259184128,2245767168,521383936
409,2022-01-25,12:56:36,0.5,LocalHost,17.6,16664068096,2824044544,83.1,12968087552,190799872,5679874048,1422491648,1259184128,2245996544,521383936
410,2022-01-25,12:56:37,0.5,LocalHost,20.9,16664068096,2824589312,83.0,12967616512,190959616,5679820800,1422872576,1259184128,2246307840,521383936
411,2022-01-25,12:56:37,0.5,LocalHost,25.2,16664068096,2824212480,83.1,12967976960,190447616,5679878144,1423003648,1259184128,2246459392,521383936
412,2022-01-25,12:56:38,0.5,LocalHost,17.8,16664068096,2825031680,83.0,12967161856,190926848,5679796224,1423335424,1259184128,2246795264,521383936
413,2022-01-25,12:56:38,0.5,LocalHost,16.5,16664068096,2825035776,83.0,12967178240,190586880,5679849472,1423659008,1259184128,2247118848,521383936
414,2022-01-25,12:56:39,0.5,LocalHost,19.3,16664068096,2825162752,83.0,12967043072,190410752,5679878144,1423958016,1259184128,2247430144,521383936
415,2022-01-25,12:56:39,0.5,LocalHost,15.1,16664068096,2824859648,83.0,12967337984,190070784,5680062464,1423990784,1259208704,2247450624,521383936
416,2022-01-25,12:56:40,0.5,LocalHost,18.1,16664068096,2825416704,83.0,12966825984,190160896,5679849472,1424437248,1259216896,2247864320,521383936
417,2022-01-25,12:56:40,0.5,LocalHost,18.9,16664068096,2825183232,83.0,12967030784,189779968,5679857664,1424568320,1259233280,2248024064,521383936
418,2022-01-25,12:56:41,0.5,LocalHost,18.0,16664068096,2825568256,83.0,12966670336,189702144,5679943680,1424990208,1259257856,2248437760,521383936
419,2022-01-25,12:56:41,0.5,LocalHost,16.0,16664068096,2825490432,83.0,12966690816,189423616,5679767552,1425182720,1259257856,2248695808,521383936
420,2022-01-25,12:56:42,0.5,LocalHost,18.3,16664068096,2825801728,83.0,12966412288,189444096,5679878144,1425453056,1259257856,2248953856,521383936
421,2022-01-25,12:56:42,0.5,LocalHost,17.9,16664068096,2825674752,83.0,12966543360,189194240,5679878144,1425575936,1259257856,2249072640,521383936
422,2022-01-25,12:56:43,0.5,LocalHost,19.0,16664068096,2825555968,83.0,12966666240,188637184,5679931392,1426006016,1259257856,2249506816,521383936
423,2022-01-25,12:56:43,0.5,LocalHost,18.6,16664068096,2825789440,83.0,12966432768,188661760,5679587328,1426206720,1259257856,2249715712,521383936
424,2022-01-25,12:56:44,0.5,LocalHost,22.3,16664068096,2823548928,83.1,12968779776,185749504,5680087040,1426796544,1259257856,2250280960,521383936
425,2022-01-25,12:56:44,0.5,LocalHost,19.5,16664068096,2823606272,83.1,12968685568,185806848,5680087040,1426796544,1259266048,2250309632,521383936
426,2022-01-25,12:56:45,0.5,LocalHost,18.7,16664068096,2824015872,83.1,12968230912,185724928,5680111616,1427271680,1259282432,2250829824,521383936
427,2022-01-25,12:56:45,0.5,LocalHost,15.0,16664068096,2823913472,83.1,12968308736,185622528,5680111616,1427271680,1259282432,2250854400,521383936
428,2022-01-25,12:56:46,0.5,LocalHost,17.6,16664068096,2824040448,83.1,12968202240,185208832,5680107520,1427771392,1259290624,2251366400,521383936
429,2022-01-25,12:56:46,0.5,LocalHost,16.2,16664068096,2824232960,83.1,12968067072,185192448,5679964160,1427963904,1259311104,2251497472,521383936
430,2022-01-25,12:56:47,0.5,LocalHost,20.7,16664068096,2824609792,83.0,12967591936,185233408,5679910912,1428283392,1259311104,2251931648,521383936
431,2022-01-25,12:56:47,0.5,LocalHost,18.4,16664068096,2824409088,83.1,12967821312,184975360,5679620096,1428340736,1259311104,2251960320,521383936
432,2022-01-25,12:56:48,0.5,LocalHost,18.6,16664068096,2824425472,83.1,12967874560,184492032,5679632384,1428824064,1259311104,2252390400,521388032
433,2022-01-25,12:56:48,0.5,LocalHost,18.3,16664068096,2824830976,83.0,12967477248,184844288,5679849472,1428877312,1259311104,2252435456,521388032
434,2022-01-25,12:56:49,0.5,LocalHost,16.6,16664068096,2825506816,83.0,12966760448,185061376,5679878144,1429323776,1259311104,2252935168,521388032
435,2022-01-25,12:56:49,0.5,LocalHost,14.9,16664068096,2825478144,83.0,12966715392,184868864,5679849472,1429479424,1259311104,2253172736,521388032
436,2022-01-25,12:56:50,0.5,LocalHost,17.8,16664068096,2826137600,83.0,12966088704,185167872,5679853568,1429831680,1259327488,2253484032,521383936
437,2022-01-25,12:56:50,0.5,LocalHost,20.2,16664068096,2825596928,83.0,12966666240,184528896,5679738880,1429925888,1259335680,2253537280,521383936
438,2022-01-25,12:56:51,0.5,LocalHost,17.5,16664068096,2825723904,83.0,12966522880,184119296,5679869952,1430409216,1259335680,2254090240,521383936
439,2022-01-25,12:56:51,0.5,LocalHost,16.3,16664068096,2826031104,83.0,12966227968,184225792,5679927296,1430605824,1259360256,2254254080,521383936
440,2022-01-25,12:56:52,0.5,LocalHost,16.2,16664068096,2826309632,83.0,12965990400,183926784,5679865856,1431142400,1259368448,2254782464,521383936
441,2022-01-25,12:56:52,0.5,LocalHost,15.9,16664068096,2826027008,83.0,12966227968,183644160,5679865856,1431142400,1259368448,2254827520,521383936
442,2022-01-25,12:56:53,0.5,LocalHost,18.1,16664068096,2826141696,83.0,12966068224,183377920,5680033792,1431502848,1259368448,2255253504,521383936
443,2022-01-25,12:56:53,0.5,LocalHost,17.9,16664068096,2826444800,83.0,12965617664,183377920,5679677440,1431805952,1259368448,2255704064,521383936
444,2022-01-25,12:56:54,0.5,LocalHost,20.5,16664068096,2822905856,83.1,12969246720,179097600,5680316416,1432461312,1259368448,2256355328,521383936
445,2022-01-25,12:56:54,0.5,LocalHost,17.4,16664068096,2823364608,83.1,12968853504,179101696,5680136192,1432756224,1259372544,2256740352,521383936
446,2022-01-25,12:56:55,0.5,LocalHost,15.3,16664068096,2823598080,83.1,12968722432,178925568,5680279552,1433133056,1259380736,2257039360,521383936
447,2022-01-25,12:56:55,0.5,LocalHost,16.8,16664068096,2823577600,83.1,12968652800,178774016,5680279552,1433255936,1259388928,2257252352,521383936
448,2022-01-25,12:56:56,0.5,LocalHost,20.2,16664068096,2824056832,83.1,12968218624,178999296,5680156672,1433489408,1259405312,2257444864,521383936
449,2022-01-25,12:56:56,0.5,LocalHost,17.6,16664068096,2823643136,83.1,12968579072,178454528,5680275456,1433616384,1259405312,2257629184,521383936
450,2022-01-25,12:56:57,0.5,LocalHost,16.1,16664068096,2824331264,83.1,12967976960,178659328,5680308224,1434083328,1259421696,2258010112,521383936
451,2022-01-25,12:56:57,0.5,LocalHost,16.2,16664068096,2825146368,83.0,12967124992,179281920,5680340992,1434271744,1259438080,2258223104,521383936
452,2022-01-25,12:56:58,0.5,LocalHost,17.0,16664068096,2824871936,83.0,12967317504,178765824,5680316416,1434464256,1259438080,2258546688,521383936
453,2022-01-25,12:56:58,0.5,LocalHost,16.3,16664068096,2825146368,83.0,12967055360,178790400,5680316416,1434710016,1259438080,2258784256,521383936
454,2022-01-25,12:56:59,0.5,LocalHost,18.2,16664068096,2825175040,83.0,12967075840,178442240,5680349184,1435078656,1259438080,2259111936,521383936
455,2022-01-25,12:56:59,0.5,LocalHost,14.9,16664068096,2825449472,83.0,12966756352,178704384,5680263168,1435082752,1259438080,2259169280,521383936
456,2022-01-25,12:57:00,0.5,LocalHost,21.7,16664068096,2825244672,83.0,12966907904,176132096,5680455680,1435660288,1259446272,2261581824,521465856
457,2022-01-25,12:57:00,0.5,LocalHost,19.3,16664068096,2825801728,83.0,12966387712,176410624,5680328704,1435934720,1259446272,2261823488,521465856
458,2022-01-25,12:57:01,0.5,LocalHost,16.8,16664068096,2825609216,83.0,12966526976,176033792,5680377856,1436110848,1259462656,2262044672,521465856
459,2022-01-25,12:57:01,0.5,LocalHost,16.6,16664068096,2825883648,83.0,12966264832,175980544,5680394240,1436418048,1259470848,2262351872,521424896
460,2022-01-25,12:57:02,0.5,LocalHost,16.7,16664068096,2826371072,83.0,12965789696,176164864,5680472064,1436717056,1259470848,2262642688,521424896
461,2022-01-25,12:57:02,0.5,LocalHost,17.6,16664068096,2826420224,83.0,12965740544,176205824,5680472064,1436725248,1259487232,2262634496,521424896
462,2022-01-25,12:57:03,0.5,LocalHost,18.5,16664068096,2826469376,83.0,12965793792,175669248,5680320512,1437270016,1259491328,2263113728,521424896
463,2022-01-25,12:57:03,0.5,LocalHost,20.2,16664068096,2826223616,83.0,12965830656,175177728,5680214016,1437503488,1259491328,2263568384,521564160
464,2022-01-25,12:57:04,0.5,LocalHost,24.3,16664068096,2817875968,83.1,12974198784,166445056,5686472704,1437884416,1259491328,2263932928,521564160
465,2022-01-25,12:57:04,0.5,LocalHost,22.0,16664068096,2824429568,83.1,12968787968,175534080,5678997504,1436774400,1259048960,2260697088,520765440
466,2022-01-25,12:57:05,0.5,LocalHost,17.1,16664068096,2824626176,83.0,12967780352,175169536,5678882816,1437351936,1259048960,2262069248,521318400
467,2022-01-25,12:57:05,0.5,LocalHost,20.4,16664068096,2816434176,83.1,12967727104,166969344,5678891008,1437360128,1259057152,2270314496,529305600
468,2022-01-25,12:57:06,0.5,LocalHost,18.6,16664068096,2816512000,83.1,12967567360,166580224,5678649344,1437802496,1259057152,2270863360,529567744
469,2022-01-25,12:57:06,0.5,LocalHost,17.0,16664068096,2816909312,83.1,12967186432,166821888,5678649344,1437954048,1259065344,2270994432,529567744
470,2022-01-25,12:57:07,0.5,LocalHost,18.4,16664068096,2817093632,83.1,12967018496,166580224,5678792704,1438367744,1259081728,2271387648,529567744
471,2022-01-25,12:57:07,0.5,LocalHost,16.1,16664068096,2817282048,83.1,12966785024,166531072,5678817280,1438593024,1259089920,2271662080,529567744
472,2022-01-25,12:57:08,0.5,LocalHost,15.1,16664068096,2817736704,83.1,12967043072,166703104,5678813184,1438851072,1259098112,2271223808,528928768
473,2022-01-25,12:57:08,0.5,LocalHost,18.5,16664068096,2817806336,83.1,12966989824,166514688,5678858240,1439105024,1259106304,2271457280,528928768
474,2022-01-25,12:57:09,0.5,LocalHost,20.7,16664068096,2818596864,83.1,12966060032,167120896,5678825472,1439277056,1259106304,2271780864,528928768
475,2022-01-25,12:57:09,0.5,LocalHost,18.2,16664068096,2818347008,83.1,12966215680,166584320,5678833664,1439330304,1259106304,2272161792,528928768
476,2022-01-25,12:57:10,0.5,LocalHost,18.2,16664068096,2818379776,83.1,12966326272,166076416,5678813184,1439862784,1259106304,2272559104,528928768
477,2022-01-25,12:57:10,0.5,LocalHost,14.3,16664068096,2818224128,83.1,12966440960,165818368,5678813184,1439961088,1259114496,2272694272,528928768
478,2022-01-25,12:57:11,0.5,LocalHost,16.0,16664068096,2818977792,83.1,12965650432,166174720,5678678016,1440321536,1259114496,2273128448,528928768
479,2022-01-25,12:57:11,0.5,LocalHost,20.1,16664068096,2818445312,83.1,12966162432,165416960,5679194112,1440542720,1259114496,2273374208,528928768
480,2022-01-25,12:57:12,0.5,LocalHost,20.0,16664068096,2818899968,83.1,12965888000,165367808,5678780416,1441038336,1259122688,2273689600,528932864
481,2022-01-25,12:57:12,0.5,LocalHost,18.6,16664068096,2818199552,83.1,12966498304,164585472,5678923776,1441116160,1259147264,2273837056,528932864
482,2022-01-25,12:57:13,0.5,LocalHost,18.1,16664068096,2818564096,83.1,12966125568,164552704,5678952448,1441472512,1259147264,2274242560,528932864
483,2022-01-25,12:57:13,0.5,LocalHost,18.5,16664068096,2818572288,83.1,12966162432,164372480,5678952448,1441656832,1259163648,2274369536,528932864
484,2022-01-25,12:57:14,0.5,LocalHost,18.5,16664068096,2818768896,83.1,12965896192,164220928,5678804992,1441980416,1259171840,2274779136,528928768
485,2022-01-25,12:57:14,0.5,LocalHost,21.5,16664068096,2809221120,83.1,12976099328,177963008,5675954176,1433280512,1249820672,2260185088,528130048
486,2022-01-25,12:57:15,0.5,LocalHost,21.5,16664068096,2814783488,83.1,12970237952,182300672,5667917824,1433931776,1249820672,2261708800,528674816
487,2022-01-25,12:57:15,0.5,LocalHost,20.1,16664068096,2815332352,83.1,12969652224,182849536,5667655680,1433931776,1249828864,2261737472,528674816
488,2022-01-25,12:57:16,0.5,LocalHost,19.4,16664068096,2815164416,83.1,12969832448,182202368,5667942400,1434402816,1249828864,2262204416,528674816
489,2022-01-25,12:57:16,0.5,LocalHost,24.0,16664068096,2814926848,83.1,12970041344,181452800,5667946496,1434529792,1249828864,2262745088,528674816
490,2022-01-25,12:57:17,0.5,LocalHost,19.5,16664068096,2815709184,83.1,12969263104,181923840,5667794944,1434828800,1249837056,2263044096,528674816
491,2022-01-25,12:57:17,0.5,LocalHost,19.9,16664068096,2816032768,83.1,12968914944,182034432,5667893248,1435041792,1249845248,2263273472,528674816
492,2022-01-25,12:57:18,0.5,LocalHost,20.5,16664068096,2816520192,83.1,12968484864,182157312,5667852288,1435389952,1249853440,2263572480,528674816
493,2022-01-25,12:57:18,0.5,LocalHost,19.5,16664068096,2816016384,83.1,12968976384,181518336,5667700736,1435525120,1249853440,2263719936,528674816
494,2022-01-25,12:57:19,0.5,LocalHost,21.2,16664068096,2816548864,83.1,12968435712,181665792,5667655680,1435901952,1249861632,2264104960,528674816
495,2022-01-25,12:57:19,0.5,LocalHost,23.1,16664068096,2816425984,83.1,12968542208,181420032,5667655680,1436024832,1249869824,2264236032,528674816
496,2022-01-25,12:57:20,0.5,LocalHost,21.1,16664068096,2816565248,83.1,12968456192,181084160,5667397632,1436483584,1249869824,2264657920,528674816
497,2022-01-25,12:57:20,0.5,LocalHost,19.0,16664068096,2816765952,83.1,12968235008,181043200,5667594240,1436717056,1249878016,2264911872,528674816
498,2022-01-25,12:57:21,0.5,LocalHost,23.0,16664068096,2817159168,83.1,12967796736,181190656,5667647488,1436962816,1249878016,2265202688,528674816
499,2022-01-25,12:57:21,0.5,LocalHost,21.6,16664068096,2816573440,83.1,12968316928,180420608,5667647488,1437147136,1249878016,2265452544,528674816
500,2022-01-25,12:57:22,0.5,LocalHost,20.3,16664068096,2817163264,83.1,12967763968,180707328,5667463168,1437437952,1249878016,2265718784,528674816
501,2022-01-25,12:57:22,0.5,LocalHost,22.8,16664068096,2817101824,83.1,12967858176,180486144,5667627008,1437597696,1249894400,2265829376,528674816
502,2022-01-25,12:57:23,0.5,LocalHost,23.7,16664068096,2817425408,83.1,12967555072,180342784,5667717120,1438040064,1249910784,2266259456,528674816
503,2022-01-25,12:57:23,0.5,LocalHost,27.9,16664068096,2817634304,83.1,12967366656,180375552,5667520512,1438212096,1249927168,2266398720,528674816
504,2022-01-25,12:57:24,0.5,LocalHost,23.8,16664068096,2817945600,83.1,12967018496,180408320,5667700736,1438466048,1249927168,2266714112,528674816
505,2022-01-25,12:57:24,0.5,LocalHost,24.3,16664068096,2817916928,83.1,12967043072,180056064,5667700736,1438781440,1249935360,2267033600,528674816
506,2022-01-25,12:57:25,0.5,LocalHost,28.1,16664068096,2815737856,83.1,12969332736,176959488,5670199296,1437720576,1249951744,2267824128,528678912
507,2022-01-25,12:57:25,0.5,LocalHost,21.5,16664068096,2815483904,83.1,12969553920,176586752,5669974016,1437847552,1249984512,2267942912,528678912
508,2022-01-25,12:57:26,0.5,LocalHost,23.1,16664068096,2816536576,83.1,12968423424,177438720,5669810176,1438023680,1249984512,2268221440,528674816
509,2022-01-25,12:57:26,0.5,LocalHost,23.2,16664068096,2816548864,83.1,12968386560,177324032,5669810176,1438146560,1249984512,2268372992,528674816
510,2022-01-25,12:57:27,0.5,LocalHost,24.5,16664068096,2817036288,83.1,12967903232,177405952,5669752832,1438543872,1249984512,2268774400,528674816
511,2022-01-25,12:57:27,0.5,LocalHost,25.5,16664068096,2816696320,83.1,12968230912,176934912,5669752832,1438666752,1249984512,2268917760,528674816
512,2022-01-25,12:57:28,0.5,LocalHost,24.5,16664068096,2824941568,83.0,12967473152,184606720,5669855232,1439223808,1250000896,2261987328,521318400
513,2022-01-25,12:57:28,0.5,LocalHost,24.8,16664068096,2824347648,83.1,12968005632,183934976,5669867520,1439289344,1250041856,2262085632,521318400
514,2022-01-25,12:57:29,0.5,LocalHost,25.9,16664068096,2824962048,83.0,12967428096,184090624,5669830656,1439707136,1250041856,2262507520,521318400
515,2022-01-25,12:57:29,0.5,LocalHost,27.0,16664068096,2824859648,83.0,12967530496,183988224,5669830656,1439707136,1250041856,2262507520,521318400
516,2022-01-25,12:57:30,0.5,LocalHost,27.7,16664068096,2825125888,83.0,12967231488,183726080,5669638144,1440206848,1250050048,2263060480,521318400
517,2022-01-25,12:57:30,0.5,LocalHost,24.2,16664068096,2825412608,83.0,12966977536,183922688,5670031360,1440288768,1250099200,2263068672,521318400
518,2022-01-25,12:57:31,0.5,LocalHost,25.4,16664068096,2825453568,83.0,12966830080,183599104,5669888000,1440612352,1250099200,2263539712,521318400
519,2022-01-25,12:57:31,0.5,LocalHost,21.6,16664068096,2825191424,83.0,12967174144,183218176,5669892096,1440731136,1250099200,2263576576,521318400
520,2022-01-25,12:57:32,0.5,LocalHost,24.3,16664068096,2825048064,83.0,12967301120,182579200,5669892096,1441189888,1250123776,2264064000,521318400
521,2022-01-25,12:57:32,0.5,LocalHost,28.4,16664068096,2825109504,83.0,12967227392,182276096,5669900288,1441542144,1250123776,2264440832,521318400
522,2022-01-25,12:57:33,0.5,LocalHost,24.6,16664068096,2825670656,83.0,12966592512,182718464,5669851136,1441660928,1250123776,2264633344,521318400
523,2022-01-25,12:57:33,0.5,LocalHost,24.3,16664068096,2825261056,83.0,12967059456,181891072,5669904384,1442050048,1250140160,2264977408,521318400
524,2022-01-25,12:57:34,0.5,LocalHost,26.9,16664068096,2825572352,83.0,12966801408,181768192,5669924864,1442455552,1250156544,2265341952,521318400
525,2022-01-25,12:57:34,0.5,LocalHost,28.9,16664068096,2823229440,83.1,12969123840,179392512,5670223872,1442480128,1250156544,2265395200,521318400
526,2022-01-25,12:57:35,0.5,LocalHost,25.3,16664068096,2811965440,83.1,12980436992,167567360,5680783360,1442988032,1250156544,2265907200,521318400
527,2022-01-25,12:57:35,0.5,LocalHost,24.3,16664068096,2821894144,83.1,12970500096,177258496,5670371328,1443094528,1250164736,2266144768,521322496
528,2022-01-25,12:57:36,0.5,LocalHost,24.8,16664068096,2822770688,83.1,12969492480,177770496,5670158336,1443438592,1250189312,2266615808,521388032
529,2022-01-25,12:57:36,0.5,LocalHost,23.4,16664068096,2822443008,83.1,12969787392,177414144,5670162432,1443446784,1250189312,2266677248,521388032
530,2022-01-25,12:57:37,0.5,LocalHost,22.5,16664068096,2822828032,83.1,12969385984,177205248,5670363136,1444024320,1250189312,2267287552,521388032
531,2022-01-25,12:57:37,0.5,LocalHost,22.3,16664068096,2822811648,83.1,12969439232,177123328,5670367232,1444089856,1250205696,2267299840,521388032
532,2022-01-25,12:57:38,0.5,LocalHost,24.3,16664068096,2823348224,83.1,12968906752,177205248,5670146048,1444536320,1250205696,2267750400,521383936
533,2022-01-25,12:57:38,0.5,LocalHost,23.1,16664068096,2823528448,83.1,12968710144,177082368,5670195200,1444835328,1250205696,2268069888,521383936
534,2022-01-25,12:57:39,0.5,LocalHost,21.5,16664068096,2823729152,83.1,12968542208,177184768,5670047744,1445060608,1250230272,2268110848,521383936
535,2022-01-25,12:57:39,0.5,LocalHost,23.3,16664068096,2824073216,83.1,12968206336,177250304,5670072320,1445310464,1250230272,2268381184,521383936
536,2022-01-25,12:57:40,0.5,LocalHost,23.8,16664068096,2824093696,83.1,12968165376,176988160,5670215680,1445580800,1250230272,2268684288,521383936
537,2022-01-25,12:57:40,0.5,LocalHost,22.4,16664068096,2824269824,83.1,12967923712,177164288,5670215680,1445580800,1250238464,2268741632,521383936
538,2022-01-25,12:57:41,0.5,LocalHost,21.4,16664068096,2824757248,83.0,12967485440,177102848,5670047744,1446113280,1250246656,2269233152,521383936
539,2022-01-25,12:57:41,0.5,LocalHost,23.0,16664068096,2824998912,83.0,12967288832,177033216,5670182912,1446391808,1250263040,2269483008,521383936
540,2022-01-25,12:57:42,0.5,LocalHost,21.1,16664068096,2825297920,83.0,12966965248,177135616,5670195200,1446580224,1250263040,2269704192,521383936
541,2022-01-25,12:57:42,0.5,LocalHost,24.2,16664068096,2825113600,83.0,12967129088,176656384,5669969920,1446862848,1250263040,2270019584,521383936
542,2022-01-25,12:57:43,0.5,LocalHost,25.7,16664068096,2825801728,83.0,12966416384,177111040,5670051840,1447079936,1250279424,2270261248,521383936
543,2022-01-25,12:57:43,0.5,LocalHost,21.7,16664068096,2825056256,83.0,12967186432,176115712,5669953536,1447325696,1250279424,2270486528,521383936
544,2022-01-25,12:57:44,0.5,LocalHost,20.6,16664068096,2825420800,83.0,12966776832,176197632,5670338560,1447591936,1250279424,2270814208,521383936
545,2022-01-25,12:57:44,0.5,LocalHost,20.6,16664068096,2825322496,83.0,12966776832,176033792,5670338560,1447653376,1250295808,2270961664,521383936
546,2022-01-25,12:57:45,0.5,LocalHost,23.0,16664068096,2825527296,83.0,12966682624,175714304,5669998592,1448169472,1250295808,2271375360,521383936
547,2022-01-25,12:57:45,0.5,LocalHost,24.3,16664068096,2822737920,83.1,12970209280,186028032,5664407552,1443278848,1245704192,2262126592,520585216
548,2022-01-25,12:57:46,0.5,LocalHost,19.6,16664068096,2822762496,83.1,12969598976,185638912,5663858688,1443356672,1245704192,2263126016,521318400
549,2022-01-25,12:57:46,0.5,LocalHost,19.8,16664068096,2822717440,83.1,12969631744,185327616,5663858688,1443479552,1245720576,2263388160,521318400
550,2022-01-25,12:57:47,0.5,LocalHost,23.9,16664068096,2823958528,83.1,12968407040,186224640,5663977472,1443799040,1245728768,2263707648,521318400
551,2022-01-25,12:57:47,0.5,LocalHost,20.5,16664068096,2824265728,83.1,12968112128,186396672,5664088064,1443934208,1245728768,2263830528,521318400
552,2022-01-25,12:57:48,0.5,LocalHost,20.2,16664068096,2824114176,83.1,12968198144,185901056,5664129024,1444265984,1245728768,2264240128,521318400
553,2022-01-25,12:57:48,0.5,LocalHost,19.1,16664068096,2824314880,83.1,12968017920,186032128,5664006144,1444335616,1245736960,2264281088,521318400
554,2022-01-25,12:57:49,0.5,LocalHost,20.8,16664068096,2824478720,83.1,12967878656,185765888,5664083968,1444749312,1245736960,2264686592,521318400
555,2022-01-25,12:57:49,0.5,LocalHost,19.0,16664068096,2825125888,83.0,12967194624,186413056,5664083968,1444749312,1245736960,2264723456,521318400
556,2022-01-25,12:57:50,0.5,LocalHost,21.6,16664068096,2824704000,83.0,12967649280,185307136,5663891456,1445380096,1245769728,2265341952,521318400
557,2022-01-25,12:57:50,0.5,LocalHost,19.7,16664068096,2824572928,83.0,12967727104,184983552,5663891456,1445564416,1245777920,2265579520,521318400
558,2022-01-25,12:57:51,0.5,LocalHost,18.8,16664068096,2824761344,83.0,12967510016,184975360,5664153600,1445732352,1245777920,2265804800,521318400
559,2022-01-25,12:57:51,0.5,LocalHost,21.0,16664068096,2824843264,83.0,12967395328,184852480,5663944704,1445933056,1245777920,2266042368,521318400
560,2022-01-25,12:57:52,0.5,LocalHost,21.2,16664068096,2824749056,83.0,12967567360,184360960,5664096256,1446326272,1245786112,2266353664,521318400
561,2022-01-25,12:57:52,0.5,LocalHost,17.0,16664068096,2825117696,83.0,12967174144,184393728,5664100352,1446662144,1245802496,2266697728,521318400
562,2022-01-25,12:57:53,0.5,LocalHost,19.8,16664068096,2825273344,83.0,12967084032,184127488,5664030720,1447059456,1245802496,2267054080,521318400
563,2022-01-25,12:57:53,0.5,LocalHost,19.7,16664068096,2825314304,83.0,12967043072,183820288,5664153600,1447403520,1245802496,2267402240,521318400
564,2022-01-25,12:57:54,0.5,LocalHost,19.0,16664068096,2825719808,83.0,12966584320,183984128,5664202752,1447636992,1245810688,2267688960,521318400
565,2022-01-25,12:57:54,0.5,LocalHost,17.9,16664068096,2825400320,83.0,12966834176,183590912,5664206848,1447706624,1245810688,2267832320,521318400
566,2022-01-25,12:57:55,0.5,LocalHost,19.4,16664068096,2825326592,83.0,12966989824,183136256,5664190464,1448075264,1245818880,2268123136,521318400
567,2022-01-25,12:57:55,0.5,LocalHost,19.4,16664068096,2812108800,83.1,12980187136,168943616,5674766336,1449033728,1245835264,2269102080,521318400
568,2022-01-25,12:57:56,0.5,LocalHost,20.0,16664068096,2823270400,83.1,12969132032,178933760,5664985088,1449480192,1245835264,2270167040,521318400
569,2022-01-25,12:57:56,0.5,LocalHost,18.9,16664068096,2823684096,83.1,12968677376,179331072,5664911360,1449496576,1245835264,2270224384,521318400
570,2022-01-25,12:57:57,0.5,LocalHost,18.6,16664068096,2823376896,83.1,12968927232,178577408,5664915456,1449934848,1245843456,2270720000,521318400
571,2022-01-25,12:57:57,0.5,LocalHost,17.5,16664068096,2823884800,83.1,12968366080,178941952,5665128448,1450074112,1245843456,2270916608,521318400
572,2022-01-25,12:57:58,0.5,LocalHost,17.4,16664068096,2824310784,83.1,12968058880,178999296,5664894976,1450426368,1245851648,2271158272,521318400
573,2022-01-25,12:57:58,0.5,LocalHost,17.5,16664068096,2823798784,83.1,12968513536,178294784,5664894976,1450610688,1245851648,2271408128,521318400
574,2022-01-25,12:57:59,0.5,LocalHost,21.2,16664068096,2823929856,83.1,12968382464,178126848,5664960512,1450893312,1245859840,2271698944,521318400
575,2022-01-25,12:57:59,0.5,LocalHost,16.7,16664068096,2824499200,83.1,12967776256,178384896,5665124352,1451188224,1245859840,2272047104,521318400
576,2022-01-25,12:58:00,0.5,LocalHost,23.2,16664068096,2825134080,83.0,12967071744,176513024,5664993280,1451544576,1245868032,2274615296,521469952
577,2022-01-25,12:58:00,0.5,LocalHost,18.5,16664068096,2824216576,83.1,12967931904,175570944,5664997376,1451569152,1245876224,2274689024,521469952
578,2022-01-25,12:58:01,0.5,LocalHost,16.8,16664068096,2824515584,83.1,12967661568,175366144,5665230848,1452048384,1245892608,2275147776,521469952
579,2022-01-25,12:58:01,0.5,LocalHost,17.0,16664068096,2824544256,83.1,12967501824,175083520,5665247232,1452343296,1245892608,2275590144,521469952
580,2022-01-25,12:58:02,0.5,LocalHost,21.7,16664068096,2824765440,83.0,12967444480,175038464,5665050624,1452589056,1245900800,2275684352,521424896
581,2022-01-25,12:58:02,0.5,LocalHost,20.6,16664068096,2824130560,83.1,12968046592,174391296,5665054720,1452597248,1245900800,2275729408,521424896
582,2022-01-25,12:58:03,0.5,LocalHost,18.4,16664068096,2824880128,83.0,12967256064,174641152,5665026048,1453084672,1245900800,2276270080,521424896
583,2022-01-25,12:58:03,0.5,LocalHost,16.9,16664068096,2824835072,83.0,12967538688,174292992,5665026048,1453383680,1245917184,2276319232,521424896
584,2022-01-25,12:58:04,0.5,LocalHost,18.3,16664068096,2824605696,83.0,12967510016,173600768,5665038336,1453817856,1245917184,2277040128,521564160
585,2022-01-25,12:58:04,0.5,LocalHost,16.4,16664068096,2824392704,83.1,12967759872,173195264,5665882112,1454002176,1245941760,2277171200,521564160
586,2022-01-25,12:58:05,0.5,LocalHost,19.3,16664068096,2824495104,83.1,12967673856,172867584,5665071104,1454366720,1245941760,2277584896,521564160
587,2022-01-25,12:58:05,0.5,LocalHost,18.5,16664068096,2817126400,83.1,12967014400,165257216,5665079296,1454596096,1245949952,2285846528,529551360
588,2022-01-25,12:58:06,0.5,LocalHost,22.1,16664068096,2818535424,83.1,12966035456,192925696,5654732800,1443385344,1236594688,2268512256,529145856
589,2022-01-25,12:58:06,0.5,LocalHost,17.4,16664068096,2818895872,83.1,12965597184,193179648,5654654976,1443528704,1236611072,2268680192,529145856
590,2022-01-25,12:58:07,0.5,LocalHost,20.4,16664068096,2819354624,83.1,12965175296,193241088,5654650880,1443762176,1236643840,2269007872,529141760
591,2022-01-25,12:58:07,0.5,LocalHost,18.7,16664068096,2819399680,83.1,12965076992,193011712,5654650880,1444036608,1236643840,2269335552,529141760
592,2022-01-25,12:58:08,0.5,LocalHost,17.2,16664068096,2820300800,83.1,12964622336,193720320,5654818816,1444212736,1236643840,2269081600,528683008
593,2022-01-25,12:58:08,0.5,LocalHost,21.8,16664068096,2819903488,83.1,12965003264,193159168,5654720512,1444364288,1236643840,2269261824,528683008
594,2022-01-25,12:58:09,0.5,LocalHost,18.1,16664068096,2820366336,83.1,12964483072,193282048,5654880256,1444696064,1236652032,2269650944,528683008
595,2022-01-25,12:58:09,0.5,LocalHost,17.7,16664068096,2820079616,83.1,12964810752,192528384,5654880256,1444880384,1236652032,2270076928,528683008
596,2022-01-25,12:58:10,0.5,LocalHost,18.4,16664068096,2820747264,83.1,12964261888,192638976,5654609920,1445367808,1236684800,2270482432,528683008
597,2022-01-25,12:58:10,0.5,LocalHost,17.3,16664068096,2820521984,83.1,12964433920,192364544,5654740992,1445396480,1236692992,2270576640,528683008
598,2022-01-25,12:58:11,0.5,LocalHost,18.5,16664068096,2821128192,83.1,12963835904,192573440,5654581248,1445785600,1236692992,2270965760,528683008
599,2022-01-25,12:58:11,0.5,LocalHost,16.2,16664068096,2827280384,83.0,12957745152,198422528,5648195584,1446072320,1236692992,2271207424,528683008
