iteration,measurement_period,machine/VNF,RAMTotal,RAMFree,RAMAvailable,RAM_usage
1,0.1,LocalHost,16288168,2309356,6814184,9474316
2,0.1,LocalHost,16288168,2303096,6807988,9492624
3,0.1,LocalHost,16288168,2292240,6797132,9491044
4,0.1,LocalHost,16288168,2287412,6792304,9495864
5,0.1,LocalHost,16288168,2275000,6779064,9509128
6,0.1,LocalHost,16288168,2267200,6772092,9516076
7,0.1,LocalHost,16288168,2256792,6761336,9527028
8,0.1,LocalHost,16288168,2247860,6752752,9535416
9,0.1,LocalHost,16288168,2243512,6748404,9539944
10,0.1,LocalHost,16288168,2242120,6746788,9541688
11,0.1,LocalHost,16288168,2241812,6745952,9542216
12,0.1,LocalHost,16288168,2241000,6745928,9542508
13,0.1,LocalHost,16288168,2241028,6745648,9542796
14,0.1,LocalHost,16288168,2240704,6745356,9542812
15,0.1,LocalHost,16288168,2240428,6745356,9542812
16,0.1,LocalHost,16288168,2240208,6745136,9543032
17,0.1,LocalHost,16288168,2240316,6745364,9542804
18,0.1,LocalHost,16288168,2240540,6745600,9542568
19,0.1,LocalHost,16288168,2240524,6745584,9542584
20,0.1,LocalHost,16288168,2240208,6745268,9544916
21,0.1,LocalHost,16288168,2247088,6752148,9536020
22,0.1,LocalHost,16288168,2247168,6752228,9535940
23,0.1,LocalHost,16288168,2247420,6752164,9536004
24,0.1,LocalHost,16288168,2246968,6752028,9536416
25,0.1,LocalHost,16288168,2246924,6751984,9536184
26,0.1,LocalHost,16288168,2246932,6752212,9535956
27,0.1,LocalHost,16288168,2246236,6751304,9536864
28,0.1,LocalHost,16288168,2246464,6751540,9536960
29,0.1,LocalHost,16288168,2246132,6750896,9537272
30,0.1,LocalHost,16288168,2245472,6750548,9537620
31,0.1,LocalHost,16288168,2245172,6750248,9537660
32,0.1,LocalHost,16288168,2245172,6750248,9537920
33,0.1,LocalHost,16288168,2245140,6750216,9537952
34,0.1,LocalHost,16288168,2245360,6750436,9537732
35,0.1,LocalHost,16288168,2245544,6750624,9537544
36,0.1,LocalHost,16288168,2245588,6750668,9537500
37,0.1,LocalHost,16288168,2245612,6750692,9537476
38,0.1,LocalHost,16288168,2245644,6750724,9537444
39,0.1,LocalHost,16288168,2245832,6750912,9537256
40,0.1,LocalHost,16288168,2244588,6749668,9538500
41,0.1,LocalHost,16288168,2243040,6748120,9540048
42,0.1,LocalHost,16288168,2243292,6748568,9539600
43,0.1,LocalHost,16288168,2243616,6748696,9539472
44,0.1,LocalHost,16288168,2243352,6748432,9539864
45,0.1,LocalHost,16288168,2243320,6748400,9539768
46,0.1,LocalHost,16288168,2243344,6748432,9539736
47,0.1,LocalHost,16288168,2243360,6748140,9540028
48,0.1,LocalHost,16288168,2242808,6747896,9540272
49,0.1,LocalHost,16288168,2242840,6747928,9540240
50,0.1,LocalHost,16288168,2242888,6747984,9540184
51,0.1,LocalHost,16288168,2242888,6748268,9539900
52,0.1,LocalHost,16288168,2243188,6748284,9540176
53,0.1,LocalHost,16288168,2242844,6747972,9539880
54,0.1,LocalHost,16288168,2245248,6750376,9537792
55,0.1,LocalHost,16288168,2245296,6750428,9537544
56,0.1,LocalHost,16288168,2245704,6750560,9537608
57,0.1,LocalHost,16288168,2245160,6750292,9537568
58,0.1,LocalHost,16288168,2245500,6750248,9537920
59,0.1,LocalHost,16288168,2243792,6749120,9539048
60,0.1,LocalHost,16288168,2243640,6748772,9539396
61,0.1,LocalHost,16288168,2243972,6749104,9538944
62,0.1,LocalHost,16288168,2244196,6749328,9539100
63,0.1,LocalHost,16288168,2240888,6745972,9542700
64,0.1,LocalHost,16288168,2243176,6748040,9540128
65,0.1,LocalHost,16288168,2243160,6748292,9539680
66,0.1,LocalHost,16288168,2243732,6748564,9539604
67,0.1,LocalHost,16288168,2243536,6748668,9539800
68,0.1,LocalHost,16288168,2243452,6748584,9539584
69,0.1,LocalHost,16288168,2243444,6748576,9539592
70,0.1,LocalHost,16288168,2239468,6748760,9539408
71,0.1,LocalHost,16288168,2243624,6748724,9539428
72,0.1,LocalHost,16288168,2243608,6747904,9540264
73,0.1,LocalHost,16288168,2243268,6748412,9539756
74,0.1,LocalHost,16288168,2243276,6748584,9539584
75,0.1,LocalHost,16288168,2243496,6748652,9539256
76,0.1,LocalHost,16288168,2243472,6748824,9539344
77,0.1,LocalHost,16288168,2243676,6748832,9539636
78,0.1,LocalHost,16288168,2243092,6748248,9539920
79,0.1,LocalHost,16288168,2244004,6749160,9539284
80,0.1,LocalHost,16288168,2243752,6748908,9539260
81,0.1,LocalHost,16288168,2243972,6749128,9539040
82,0.1,LocalHost,16288168,2243948,6749104,9539064
83,0.1,LocalHost,16288168,2243924,6749084,9539084
84,0.1,LocalHost,16288168,2244200,6749360,9538808
85,0.1,LocalHost,16288168,2244200,6749360,9538808
86,0.1,LocalHost,16288168,2245508,6750668,9537500
87,0.1,LocalHost,16288168,2244020,6749180,9538988
88,0.1,LocalHost,16288168,2243832,6749000,9538908
89,0.1,LocalHost,16288168,2244156,6749324,9538648
90,0.1,LocalHost,16288168,2243524,6748692,9539784
91,0.1,LocalHost,16288168,2243256,6748424,9539744
92,0.1,LocalHost,16288168,2241584,6746448,9541720
93,0.1,LocalHost,16288168,2241280,6746660,9541508
94,0.1,LocalHost,16288168,2241736,6746924,9541244
95,0.1,LocalHost,16288168,2241736,6747144,9541024
96,0.1,LocalHost,16288168,2241664,6746876,9541096
97,0.1,LocalHost,16288168,2241924,6747136,9540836
98,0.1,LocalHost,16288168,2241940,6746852,9541316
99,0.1,LocalHost,16288168,2242876,6748088,9540080
100,0.1,LocalHost,16288168,2242436,6747844,9540324
101,0.1,LocalHost,16288168,2242332,6747244,9540728
102,0.1,LocalHost,16288168,2242656,6747868,9540300
103,0.1,LocalHost,16288168,2242664,6747244,9540924
104,0.1,LocalHost,16288168,2241724,6746936,9541548
105,0.1,LocalHost,16288168,2243020,6747924,9540244
106,0.1,LocalHost,16288168,2242712,6748120,9540048
107,0.1,LocalHost,16288168,2242924,6748136,9539836
108,0.1,LocalHost,16288168,2243004,6748216,9539952
109,0.1,LocalHost,16288168,2242960,6748172,9539996
110,0.1,LocalHost,16288168,2241424,6746636,9541076
111,0.1,LocalHost,16288168,2241732,6746660,9541508
112,0.1,LocalHost,16288168,2241412,6746820,9541348
113,0.1,LocalHost,16288168,2241428,6746644,9541524
114,0.1,LocalHost,16288168,2242124,6747340,9540828
115,0.1,LocalHost,16288168,2242196,6747412,9540756
116,0.1,LocalHost,16288168,2241832,6747048,9541120
117,0.1,LocalHost,16288168,2241856,6747236,9540932
118,0.1,LocalHost,16288168,2241988,6747204,9540964
119,0.1,LocalHost,16288168,2241752,6746968,9541200
120,0.1,LocalHost,16288168,2242084,6747304,9540864
121,0.1,LocalHost,16288168,2242140,6747360,9540808
122,0.1,LocalHost,16288168,2241736,6746972,9541196
123,0.1,LocalHost,16288168,2241704,6747136,9541032
124,0.1,LocalHost,16288168,2242344,6748468,9544032
125,0.1,LocalHost,16288168,2241492,6746728,9541440
126,0.1,LocalHost,16288168,2244460,6749696,9538472
127,0.1,LocalHost,16288168,2244408,6749644,9538524
128,0.1,LocalHost,16288168,2244368,6749288,9538880
129,0.1,LocalHost,16288168,2244248,6749176,9538992
130,0.1,LocalHost,16288168,2243948,6749184,9539192
131,0.1,LocalHost,16288168,2243788,6749024,9539144
132,0.1,LocalHost,16288168,2243528,6748620,9539288
133,0.1,LocalHost,16288168,2243644,6749024,9539144
134,0.1,LocalHost,16288168,2243800,6749036,9539132
135,0.1,LocalHost,16288168,2243800,6749036,9539132
136,0.1,LocalHost,16288168,2242656,6747896,9540492
137,0.1,LocalHost,16288168,2242484,6747740,9540428
138,0.1,LocalHost,16288168,2240972,6746228,9542252
139,0.1,LocalHost,16288168,2241688,6746968,9541200
140,0.1,LocalHost,16288168,2242164,6747444,9540724
141,0.1,LocalHost,16288168,2241896,6747176,9540992
142,0.1,LocalHost,16288168,2241548,6746840,9541132
143,0.1,LocalHost,16288168,2241856,6747548,9540620
144,0.1,LocalHost,16288168,2242476,6747768,9540400
145,0.1,LocalHost,16288168,2242476,6747768,9540400
146,0.1,LocalHost,16288168,2242492,6747508,9540660
147,0.1,LocalHost,16288168,2241948,6747240,9540928
148,0.1,LocalHost,16288168,2242336,6747596,9540572
149,0.1,LocalHost,16288168,2242240,6747532,9540440
150,0.1,LocalHost,16288168,2242420,6747436,9540472
151,0.1,LocalHost,16288168,2242760,6747776,9540392
152,0.1,LocalHost,16288168,2242572,6748060,9540372
153,0.1,LocalHost,16288168,2242316,6747212,9540956
154,0.1,LocalHost,16288168,2242132,6747424,9540744
155,0.1,LocalHost,16288168,2241612,6747104,9541064
156,0.1,LocalHost,16288168,2237788,6746724,9541444
157,0.1,LocalHost,16288168,2241780,6747076,9541092
158,0.1,LocalHost,16288168,2242300,6747596,9540572
159,0.1,LocalHost,16288168,2242300,6747596,9540376
160,0.1,LocalHost,16288168,2242584,6747880,9540028
161,0.1,LocalHost,16288168,2242908,6748204,9539964
162,0.1,LocalHost,16288168,2241932,6746968,9541200
163,0.1,LocalHost,16288168,2241704,6747000,9541168
164,0.1,LocalHost,16288168,2241908,6746944,9541248
165,0.1,LocalHost,16288168,2241896,6747212,9540956
166,0.1,LocalHost,16288168,2241936,6747252,9540720
167,0.1,LocalHost,16288168,2242220,6747536,9540592
168,0.1,LocalHost,16288168,2242292,6747608,9540560
169,0.1,LocalHost,16288168,2242308,6747624,9540536
170,0.1,LocalHost,16288168,2242292,6747608,9540560
171,0.1,LocalHost,16288168,2242204,6747520,9540648
172,0.1,LocalHost,16288168,2242276,6747592,9540576
173,0.1,LocalHost,16288168,2242384,6747700,9540468
174,0.1,LocalHost,16288168,2242384,6747704,9540464
175,0.1,LocalHost,16288168,2242376,6747324,9540844
176,0.1,LocalHost,16288168,2242028,6747348,9540820
177,0.1,LocalHost,16288168,2242192,6747512,9540656
178,0.1,LocalHost,16288168,2242224,6747544,9540624
179,0.1,LocalHost,16288168,2242376,6747704,9540464
180,0.1,LocalHost,16288168,2242384,6747128,9541040
181,0.1,LocalHost,16288168,2241644,6746712,9541456
182,0.1,LocalHost,16288168,2241948,6747300,9540868
183,0.1,LocalHost,16288168,2241940,6747300,9540672
184,0.1,LocalHost,16288168,2238648,6744016,9543956
185,0.1,LocalHost,16288168,2243972,6748836,9539332
186,0.1,LocalHost,16288168,2243620,6748988,9538984
187,0.1,LocalHost,16288168,2244052,6749420,9538748
188,0.1,LocalHost,16288168,2244180,6749224,9538944
189,0.1,LocalHost,16288168,2243572,6748940,9539120
190,0.1,LocalHost,16288168,2243756,6749124,9539044
191,0.1,LocalHost,16288168,2244260,6749628,9538540
192,0.1,LocalHost,16288168,2244000,6749368,9538800
193,0.1,LocalHost,16288168,2243648,6749020,9539148
194,0.1,LocalHost,16288168,2243648,6748712,9539456
195,0.1,LocalHost,16288168,2245108,6750480,9537688
196,0.1,LocalHost,16288168,2244460,6749832,9538336
197,0.1,LocalHost,16288168,2244396,6749768,9538400
198,0.1,LocalHost,16288168,2244660,6750032,9538136
199,0.1,LocalHost,16288168,2244480,6749980,9538188
200,0.1,LocalHost,16288168,2244324,6749824,9538344
201,0.1,LocalHost,16288168,2244420,6750116,9538052
202,0.1,LocalHost,16288168,2245384,6750884,9537284
203,0.1,LocalHost,16288168,2245376,6750780,9537388
204,0.1,LocalHost,16288168,2245240,6750748,9537420
205,0.1,LocalHost,16288168,2245288,6750796,9537372
206,0.1,LocalHost,16288168,2244924,6750148,9538020
207,0.1,LocalHost,16288168,2244352,6750104,9538064
208,0.1,LocalHost,16288168,2244320,6749836,9538332
209,0.1,LocalHost,16288168,2244116,6749552,9538616
210,0.1,LocalHost,16288168,2244036,6749552,9538616
211,0.1,LocalHost,16288168,2243876,6749392,9538776
212,0.1,LocalHost,16288168,2244160,6749676,9538492
213,0.1,LocalHost,16288168,2244192,6749708,9538460
214,0.1,LocalHost,16288168,2244192,6749708,9538460
215,0.1,LocalHost,16288168,2244192,6749712,9538456
216,0.1,LocalHost,16288168,2244428,6749860,9538616
217,0.1,LocalHost,16288168,2244368,6749896,9538272
218,0.1,LocalHost,16288168,2244532,6750060,9538108
219,0.1,LocalHost,16288168,2244136,6749668,9538800
220,0.1,LocalHost,16288168,2244112,6749644,9538524
221,0.1,LocalHost,16288168,2244144,6749708,9538460
222,0.1,LocalHost,16288168,2244232,6749808,9538360
223,0.1,LocalHost,16288168,2244272,6749848,9538320
224,0.1,LocalHost,16288168,2244020,6749760,9538408
225,0.1,LocalHost,16288168,2244224,6749880,9538540
226,0.1,LocalHost,16288168,2244248,6749856,9538312
227,0.1,LocalHost,16288168,2244256,6749864,9538304
228,0.1,LocalHost,16288168,2244516,6750124,9538044
229,0.1,LocalHost,16288168,2244520,6750136,9538032
230,0.1,LocalHost,16288168,2244600,6750224,9537944
231,0.1,LocalHost,16288168,2244608,6750232,9537936
232,0.1,LocalHost,16288168,2244640,6750264,9537904
233,0.1,LocalHost,16288168,2244568,6750192,9537976
234,0.1,LocalHost,16288168,2244416,6750044,9538124
235,0.1,LocalHost,16288168,2244400,6750028,9538140
236,0.1,LocalHost,16288168,2243164,6748792,9539376
237,0.1,LocalHost,16288168,2242928,6748816,9539352
238,0.1,LocalHost,16288168,2243520,6749080,9539088
239,0.1,LocalHost,16288168,2243380,6748924,9539244
240,0.1,LocalHost,16288168,2243364,6748996,9538912
241,0.1,LocalHost,16288168,2243768,6749400,9538768
242,0.1,LocalHost,16288168,2243292,6748924,9539244
243,0.1,LocalHost,16288168,2240252,6750044,9537928
244,0.1,LocalHost,16288168,2244104,6750192,9538480
245,0.1,LocalHost,16288168,2242668,6747796,9537000
246,0.1,LocalHost,16288168,2245252,6750888,9537280
247,0.1,LocalHost,16288168,2245264,6751012,9536896
248,0.1,LocalHost,16288168,2245640,6750884,9537284
249,0.1,LocalHost,16288168,2244736,6750388,9537780
250,0.1,LocalHost,16288168,2244688,6750340,9537904
251,0.1,LocalHost,16288168,2245448,6751104,9537064
252,0.1,LocalHost,16288168,2245672,6751328,9537148
253,0.1,LocalHost,16288168,2245364,6750988,9537180
254,0.1,LocalHost,16288168,2245444,6751100,9537068
255,0.1,LocalHost,16288168,2245444,6751296,9536872
256,0.1,LocalHost,16288168,2245836,6751492,9536676
257,0.1,LocalHost,16288168,2245884,6751540,9536628
258,0.1,LocalHost,16288168,2245972,6751824,9536848
259,0.1,LocalHost,16288168,2245576,6751232,9536936
260,0.1,LocalHost,16288168,2244624,6750288,9537880
261,0.1,LocalHost,16288168,2245056,6750720,9537448
262,0.1,LocalHost,16288168,2245056,6750720,9537448
263,0.1,LocalHost,16288168,2244864,6750528,9537640
264,0.1,LocalHost,16288168,2244984,6750648,9537520
265,0.1,LocalHost,16288168,2245276,6750940,9537228
266,0.1,LocalHost,16288168,2245260,6750924,9537244
267,0.1,LocalHost,16288168,2245204,6750512,9537656
268,0.1,LocalHost,16288168,2245180,6750552,9537616
269,0.1,LocalHost,16288168,2244872,6750556,9537612
270,0.1,LocalHost,16288168,2244808,6750492,9537676
271,0.1,LocalHost,16288168,2244808,6750492,9537676
272,0.1,LocalHost,16288168,2244468,6749872,9538800
273,0.1,LocalHost,16288168,2243664,6749356,9538748
274,0.1,LocalHost,16288168,2243712,6749124,9539044
275,0.1,LocalHost,16288168,2243448,6749144,9539024
276,0.1,LocalHost,16288168,2243780,6749676,9538492
277,0.1,LocalHost,16288168,2243996,6749696,9538472
278,0.1,LocalHost,16288168,2243956,6749664,9538504
279,0.1,LocalHost,16288168,2243988,6749696,9538472
280,0.1,LocalHost,16288168,2244020,6749992,9538176
281,0.1,LocalHost,16288168,2244220,6749936,9538232
282,0.1,LocalHost,16288168,2243968,6749688,9538480
283,0.1,LocalHost,16288168,2243740,6749428,9538740
284,0.1,LocalHost,16288168,2243652,6749380,9538788
285,0.1,LocalHost,16288168,2243588,6749316,9538852
286,0.1,LocalHost,16288168,2243960,6749688,9538480
287,0.1,LocalHost,16288168,2243952,6749680,9540504
288,0.1,LocalHost,16288168,2243976,6749704,9538464
289,0.1,LocalHost,16288168,2243492,6749220,9538948
290,0.1,LocalHost,16288168,2243656,6749580,9538588
291,0.1,LocalHost,16288168,2243544,6749272,9538896
292,0.1,LocalHost,16288168,2243420,6749156,9539012
293,0.1,LocalHost,16288168,2243608,6749344,9538824
294,0.1,LocalHost,16288168,2244204,6749944,9538224
295,0.1,LocalHost,16288168,2243760,6749508,9538660
296,0.1,LocalHost,16288168,2243728,6749476,9538692
297,0.1,LocalHost,16288168,2243768,6749516,9538652
298,0.1,LocalHost,16288168,2243652,6749400,9538768
299,0.1,LocalHost,16288168,2242880,6748628,9539540
300,0.1,LocalHost,16288168,2242864,6748612,9539556
301,0.1,LocalHost,16288168,2242864,6748612,9539556
302,0.1,LocalHost,16288168,2243008,6748756,9539412
303,0.1,LocalHost,16288168,2243204,6748952,9539216
304,0.1,LocalHost,16288168,2243048,6748796,9539372
305,0.1,LocalHost,16288168,2243032,6748780,9539388
306,0.1,LocalHost,16288168,2242932,6748680,9539488
307,0.1,LocalHost,16288168,2239444,6745192,9543276
308,0.1,LocalHost,16288168,2242712,6748460,9540072
309,0.1,LocalHost,16288168,2242444,6748192,9539976
310,0.1,LocalHost,16288168,2242584,6748332,9539836
311,0.1,LocalHost,16288168,2242480,6748228,9540152
312,0.1,LocalHost,16288168,2242500,6747960,9540208
313,0.1,LocalHost,16288168,2242160,6747912,9540256
314,0.1,LocalHost,16288168,2241844,6747596,9540572
315,0.1,LocalHost,16288168,2241844,6747792,9540376
316,0.1,LocalHost,16288168,2242168,6747620,9540548
317,0.1,LocalHost,16288168,2242072,6747060,9541108
318,0.1,LocalHost,16288168,2240988,6746472,9541696
319,0.1,LocalHost,16288168,2240168,6745936,9542232
320,0.1,LocalHost,16288168,2239376,6745164,9542744
321,0.1,LocalHost,16288168,2239008,6744808,9543360
322,0.1,LocalHost,16288168,2239252,6745052,9543116
323,0.1,LocalHost,16288168,2239536,6745336,9542832
324,0.1,LocalHost,16288168,2239584,6745584,9542584
325,0.1,LocalHost,16288168,2240300,6746104,9542064
326,0.1,LocalHost,16288168,2240508,6746312,9541856
327,0.1,LocalHost,16288168,2239832,6745832,9542336
328,0.1,LocalHost,16288168,2239784,6745588,9542580
329,0.1,LocalHost,16288168,2239780,6745584,9542584
330,0.1,LocalHost,16288168,2239860,6745664,9542504
331,0.1,LocalHost,16288168,2239876,6745680,9542488
332,0.1,LocalHost,16288168,2240420,6746224,9541944
333,0.1,LocalHost,16288168,2240404,6746184,9541984
334,0.1,LocalHost,16288168,2240196,6746000,9541712
335,0.1,LocalHost,16288168,2240648,6746452,9541716
336,0.1,LocalHost,16288168,2241452,6747468,9540700
337,0.1,LocalHost,16288168,2241840,6747660,9540620
338,0.1,LocalHost,16288168,2242020,6747988,9540196
339,0.1,LocalHost,16288168,2242384,6748404,9539764
340,0.1,LocalHost,16288168,2242760,6748584,9539584
341,0.1,LocalHost,16288168,2242760,6748584,9539584
342,0.1,LocalHost,16288168,2242776,6748600,9539592
343,0.1,LocalHost,16288168,2242776,6748600,9539568
344,0.1,LocalHost,16288168,2242856,6748680,9539488
345,0.1,LocalHost,16288168,2242896,6748720,9539448
346,0.1,LocalHost,16288168,2242524,6748348,9539820
347,0.1,LocalHost,16288168,2242736,6748560,9539608
348,0.1,LocalHost,16288168,2242744,6748568,9539600
349,0.1,LocalHost,16288168,2242752,6748576,9539592
350,0.1,LocalHost,16288168,2242704,6748528,9539592
351,0.1,LocalHost,16288168,2242752,6748576,9539844
352,0.1,LocalHost,16288168,2242524,6748348,9539820
353,0.1,LocalHost,16288168,2242436,6748260,9539908
354,0.1,LocalHost,16288168,2242420,6748248,9539920
355,0.1,LocalHost,16288168,2242444,6748272,9539896
356,0.1,LocalHost,16288168,2242524,6748352,9539620
357,0.1,LocalHost,16288168,2242736,6748564,9539604
358,0.1,LocalHost,16288168,2242740,6748572,9539596
359,0.1,LocalHost,16288168,2242740,6748572,9539596
360,0.1,LocalHost,16288168,2242740,6748572,9539596
361,0.1,LocalHost,16288168,2242772,6748604,9539564
362,0.1,LocalHost,16288168,2242300,6748140,9539832
363,0.1,LocalHost,16288168,2242188,6748028,9540192
364,0.1,LocalHost,16288168,2242512,6748396,9539772
365,0.1,LocalHost,16288168,2241672,6747556,9540352
366,0.1,LocalHost,16288168,2241704,6747588,9540580
367,0.1,LocalHost,16288168,2241712,6747596,9540572
368,0.1,LocalHost,16288168,2243552,6749436,9539236
369,0.1,LocalHost,16288168,2243280,6749164,9539004
370,0.1,LocalHost,16288168,2243564,6749448,9538720
371,0.1,LocalHost,16288168,2243580,6749464,9538704
372,0.1,LocalHost,16288168,2243776,6749660,9538792
373,0.1,LocalHost,16288168,2243544,6749428,9538740
374,0.1,LocalHost,16288168,2243536,6749420,9538748
375,0.1,LocalHost,16288168,2243532,6749416,9538752
376,0.1,LocalHost,16288168,2243500,6749384,9538784
377,0.1,LocalHost,16288168,2243216,6749100,9539068
378,0.1,LocalHost,16288168,2243540,6749428,9538740
379,0.1,LocalHost,16288168,2243500,6749616,9538292
380,0.1,LocalHost,16288168,2243976,6749868,9538300
381,0.1,LocalHost,16288168,2243740,6749652,9538516
382,0.1,LocalHost,16288168,2243700,6749612,9538556
383,0.1,LocalHost,16288168,2243684,6749292,9538876
384,0.1,LocalHost,16288168,2243364,6749276,9538892
385,0.1,LocalHost,16288168,2243324,6749236,9539060
386,0.1,LocalHost,16288168,2243180,6749092,9539376
387,0.1,LocalHost,16288168,2243212,6748960,9539208
388,0.1,LocalHost,16288168,2243048,6749088,9539412
389,0.1,LocalHost,16288168,2242692,6748732,9539436
390,0.1,LocalHost,16288168,2242808,6748580,9539588
391,0.1,LocalHost,16288168,2242532,6748312,9539856
392,0.1,LocalHost,16288168,2242264,6748312,9539856
393,0.1,LocalHost,16288168,2242320,6748368,9539800
394,0.1,LocalHost,16288168,2242352,6748596,9539620
395,0.1,LocalHost,16288168,2242532,6748580,9539588
396,0.1,LocalHost,16288168,2242784,6748288,9539880
397,0.1,LocalHost,16288168,2242132,6748180,9540280
398,0.1,LocalHost,16288168,2241872,6747660,9540508
399,0.1,LocalHost,16288168,2241960,6748016,9540152
400,0.1,LocalHost,16288168,2242000,6748064,9540224
401,0.1,LocalHost,16288168,2241604,6747668,9540500
402,0.1,LocalHost,16288168,2241580,6747844,9540324
403,0.1,LocalHost,16288168,2241776,6747844,9540704
404,0.1,LocalHost,16288168,2241444,6747708,9540460
405,0.1,LocalHost,16288168,2241960,6748044,9540124
406,0.1,LocalHost,16288168,2241944,6748224,9539944
407,0.1,LocalHost,16288168,2241740,6747840,9540328
408,0.1,LocalHost,16288168,2241700,6747816,9540352
409,0.1,LocalHost,16288168,2241684,6747800,9540344
410,0.1,LocalHost,16288168,2241716,6747832,9540336
411,0.1,LocalHost,16288168,2241660,6747776,9540392
412,0.1,LocalHost,16288168,2241660,6747776,9540392
413,0.1,LocalHost,16288168,2241188,6747304,9540864
414,0.1,LocalHost,16288168,2241084,6747200,9540968
415,0.1,LocalHost,16288168,2241084,6746916,9541560
416,0.1,LocalHost,16288168,2240756,6747068,9541100
417,0.1,LocalHost,16288168,2240952,6747068,9541100
418,0.1,LocalHost,16288168,2238404,6744220,9544240
419,0.1,LocalHost,16288168,2240680,6746996,9541480
420,0.1,LocalHost,16288168,2240748,6746868,9541300
421,0.1,LocalHost,16288168,2240544,6746664,9541504
422,0.1,LocalHost,16288168,2240804,6746924,9541048
423,0.1,LocalHost,16288168,2241056,6747176,9540992
424,0.1,LocalHost,16288168,2241064,6747192,9541072
425,0.1,LocalHost,16288168,2240736,6746872,9541296
426,0.1,LocalHost,16288168,2241156,6747292,9540876
427,0.1,LocalHost,16288168,2241156,6747292,9540680
428,0.1,LocalHost,16288168,2241304,6747440,9540728
429,0.1,LocalHost,16288168,2241328,6747464,9540704
430,0.1,LocalHost,16288168,2241988,6747620,9541052
431,0.1,LocalHost,16288168,2240964,6747100,9540808
432,0.1,LocalHost,16288168,2241088,6747236,9540932
433,0.1,LocalHost,16288168,2241112,6747456,9540512
434,0.1,LocalHost,16288168,2241660,6747808,9540164
435,0.1,LocalHost,16288168,2241872,6748020,9540364
436,0.1,LocalHost,16288168,2241412,6747560,9540608
437,0.1,LocalHost,16288168,2241516,6747356,9540616
438,0.1,LocalHost,16288168,2241444,6747788,9540380
439,0.1,LocalHost,16288168,2241744,6747584,9540584
440,0.1,LocalHost,16288168,2241640,6747788,9540380
441,0.1,LocalHost,16288168,2241576,6747920,9540248
442,0.1,LocalHost,16288168,2241788,6747960,9540208
443,0.1,LocalHost,16288168,2241640,6747760,9540408
444,0.1,LocalHost,16288168,2241624,6747776,9540392
445,0.1,LocalHost,16288168,2241592,6747680,9540748
446,0.1,LocalHost,16288168,2241356,6747520,9540452
447,0.1,LocalHost,16288168,2241532,6747700,9540268
448,0.1,LocalHost,16288168,2241472,6747648,9540520
449,0.1,LocalHost,16288168,2241472,6747648,9540520
450,0.1,LocalHost,16288168,2241472,6747308,9540860
451,0.1,LocalHost,16288168,2241836,6748048,9540120
452,0.1,LocalHost,16288168,2241876,6748088,9540080
453,0.1,LocalHost,16288168,2241868,6748080,9540144
454,0.1,LocalHost,16288168,2241868,6748080,9540088
455,0.1,LocalHost,16288168,2241884,6747828,9540144
456,0.1,LocalHost,16288168,2241772,6747984,9540184
457,0.1,LocalHost,16288168,2241844,6748056,9540112
458,0.1,LocalHost,16288168,2241924,6748332,9539836
459,0.1,LocalHost,16288168,2242224,6748436,9539732
460,0.1,LocalHost,16288168,2242200,6748116,9540052
461,0.1,LocalHost,16288168,2241568,6747784,9540384
462,0.1,LocalHost,16288168,2243584,6749800,9538368
463,0.1,LocalHost,16288168,2243324,6749540,9538628
464,0.1,LocalHost,16288168,2243324,6749540,9538628
465,0.1,LocalHost,16288168,2240668,6747144,9541024
466,0.1,LocalHost,16288168,2240868,6747084,9541084
467,0.1,LocalHost,16288168,2240968,6747128,9541040
468,0.1,LocalHost,16288168,2241276,6747496,9540672
469,0.1,LocalHost,16288168,2241200,6747420,9540748
470,0.1,LocalHost,16288168,2241456,6747688,9540480
471,0.1,LocalHost,16288168,2241432,6747404,9540504
472,0.1,LocalHost,16288168,2241856,6748088,9540080
473,0.1,LocalHost,16288168,2241760,6747660,9540508
474,0.1,LocalHost,16288168,2241340,6747572,9540596
475,0.1,LocalHost,16288168,2241380,6747612,9540556
476,0.1,LocalHost,16288168,2241388,6747620,9540352
477,0.1,LocalHost,16288168,2242120,6748356,9539812
478,0.1,LocalHost,16288168,2242120,6748356,9539812
479,0.1,LocalHost,16288168,2242080,6748316,9539852
480,0.1,LocalHost,16288168,2242104,6748340,9539828
481,0.1,LocalHost,16288168,2242372,6748808,9539164
482,0.1,LocalHost,16288168,2242628,6748864,9539304
483,0.1,LocalHost,16288168,2242628,6748864,9539628
484,0.1,LocalHost,16288168,2242376,6748612,9539556
485,0.1,LocalHost,16288168,2242392,6748628,9539540
486,0.1,LocalHost,16288168,2242432,6748672,9539504
487,0.1,LocalHost,16288168,2242424,6748664,9539504
488,0.1,LocalHost,16288168,2242456,6748704,9539456
489,0.1,LocalHost,16288168,2242480,6748728,9539440
490,0.1,LocalHost,16288168,2242764,6749016,9539152
491,0.1,LocalHost,16288168,2242244,6745156,9543012
492,0.1,LocalHost,16288168,2242208,6748732,9539176
493,0.1,LocalHost,16288168,2242184,6748452,9539716
494,0.1,LocalHost,16288168,2242268,6748368,9539580
495,0.1,LocalHost,16288168,2241328,6747624,9540544
496,0.1,LocalHost,16288168,2241084,6747104,9540868
497,0.1,LocalHost,16288168,2241028,6747324,9540844
498,0.1,LocalHost,16288168,2240800,6747096,9541364
499,0.1,LocalHost,16288168,2240680,6746976,9541192
500,0.1,LocalHost,16288168,2240680,6746976,9541192
501,0.1,LocalHost,16288168,2240356,6746652,9541516
502,0.1,LocalHost,16288168,2240356,6746848,9541320
503,0.1,LocalHost,16288168,2241020,6747324,9540648
504,0.1,LocalHost,16288168,2241368,6747672,9540496
505,0.1,LocalHost,16288168,2241392,6747696,9540472
506,0.1,LocalHost,16288168,2237848,6744152,9544016
507,0.1,LocalHost,16288168,2242140,6747940,9540228
508,0.1,LocalHost,16288168,2241856,6748160,9540008
509,0.1,LocalHost,16288168,2241872,6748176,9539992
510,0.1,LocalHost,16288168,2241904,6748200,9539968
511,0.1,LocalHost,16288168,2241984,6748264,9539904
512,0.1,LocalHost,16288168,2241936,6748240,9539928
513,0.1,LocalHost,16288168,2241944,6748248,9539724
514,0.1,LocalHost,16288168,2242068,6748396,9539772
515,0.1,LocalHost,16288168,2242132,6748436,9539732
516,0.1,LocalHost,16288168,2242212,6748516,9539652
517,0.1,LocalHost,16288168,2242172,6748492,9539676
518,0.1,LocalHost,16288168,2242148,6747720,9540448
519,0.1,LocalHost,16288168,2241164,6747488,9540680
520,0.1,LocalHost,16288168,2240904,6747228,9541444
521,0.1,LocalHost,16288168,2240792,6747116,9541052
522,0.1,LocalHost,16288168,2240800,6747124,9541044
523,0.1,LocalHost,16288168,2241120,6747444,9541072
524,0.1,LocalHost,16288168,2240748,6747072,9541096
525,0.1,LocalHost,16288168,2240712,6747036,9541132
526,0.1,LocalHost,16288168,2240720,6747304,9540864
527,0.1,LocalHost,16288168,2241532,6747856,9540312
528,0.1,LocalHost,16288168,2241500,6747824,9540344
529,0.1,LocalHost,16288168,2241484,6747508,9540660
530,0.1,LocalHost,16288168,2241144,6747468,9540700
531,0.1,LocalHost,16288168,2241192,6747516,9540652
532,0.1,LocalHost,16288168,2240632,6746956,9541212
533,0.1,LocalHost,16288168,2240876,6747200,9540968
534,0.1,LocalHost,16288168,2240800,6747124,9540848
535,0.1,LocalHost,16288168,2240688,6747012,9541156
536,0.1,LocalHost,16288168,2240712,6747052,9541116
537,0.1,LocalHost,16288168,2240704,6747044,9541124
538,0.1,LocalHost,16288168,2240616,6746956,9541212
539,0.1,LocalHost,16288168,2240956,6747336,9540832
540,0.1,LocalHost,16288168,2240980,6747360,9541108
541,0.1,LocalHost,16288168,2240608,6746988,9541180
542,0.1,LocalHost,16288168,2240552,6746932,9541520
543,0.1,LocalHost,16288168,2240488,6746868,9541600
544,0.1,LocalHost,16288168,2240204,6746976,9540996
545,0.1,LocalHost,16288168,2240820,6747200,9540968
546,0.1,LocalHost,16288168,2240796,6747176,9540992
547,0.1,LocalHost,16288168,2240972,6747352,9540816
548,0.1,LocalHost,16288168,2241432,6747812,9540356
549,0.1,LocalHost,16288168,2241416,6747992,9540176
550,0.1,LocalHost,16288168,2241612,6747992,9540176
551,0.1,LocalHost,16288168,2241636,6747692,9540476
552,0.1,LocalHost,16288168,2241312,6747692,9540476
553,0.1,LocalHost,16288168,2239744,6746124,9542044
554,0.1,LocalHost,16288168,2240148,6746528,9541640
555,0.1,LocalHost,16288168,2239928,6746312,9541860
556,0.1,LocalHost,16288168,2239864,6746248,9541920
557,0.1,LocalHost,16288168,2239880,6746264,9541904
558,0.1,LocalHost,16288168,2239880,6746460,9541708
559,0.1,LocalHost,16288168,2240124,6746508,9541200
560,0.1,LocalHost,16288168,2240816,6747212,9540956
561,0.1,LocalHost,16288168,2240328,6746724,9541248
562,0.1,LocalHost,16288168,2240492,6746888,9541280
563,0.1,LocalHost,16288168,2240492,6746888,9541280
564,0.1,LocalHost,16288168,2240728,6747124,9540848
565,0.1,LocalHost,16288168,2241104,6747508,9540720
566,0.1,LocalHost,16288168,2241020,6747424,9540744
567,0.1,LocalHost,16288168,2241044,6747448,9540720
568,0.1,LocalHost,16288168,2241320,6747416,9540752
569,0.1,LocalHost,16288168,2240948,6747060,9541108
570,0.1,LocalHost,16288168,2240656,6747188,9541084
571,0.1,LocalHost,16288168,2240712,6747440,9540728
572,0.1,LocalHost,16288168,2240892,6747512,9540656
573,0.1,LocalHost,16288168,2241044,6747576,9540592
574,0.1,LocalHost,16288168,2240944,6747476,9540496
575,0.1,LocalHost,16288168,2241544,6748076,9540092
576,0.1,LocalHost,16288168,2241536,6748072,9540096
577,0.1,LocalHost,16288168,2241592,6748128,9539844
578,0.1,LocalHost,16288168,2241764,6748300,9539868
579,0.1,LocalHost,16288168,2241408,6747668,9540500
580,0.1,LocalHost,16288168,2241084,6747628,9540540
581,0.1,LocalHost,16288168,2241532,6748076,9540580
582,0.1,LocalHost,16288168,2241076,6747840,9540328
583,0.1,LocalHost,16288168,2241272,6747840,9540328
584,0.1,LocalHost,16288168,2241520,6748092,9540076
585,0.1,LocalHost,16288168,2241708,6748280,9539888
586,0.1,LocalHost,16288168,2241368,6748148,9539820
587,0.1,LocalHost,16288168,2241684,6748000,9540168
588,0.1,LocalHost,16288168,2241612,6747888,9540280
589,0.1,LocalHost,16288168,2241012,6747596,9540572
590,0.1,LocalHost,16288168,2240556,6747140,9541028
591,0.1,LocalHost,16288168,2240556,6747140,9541028
592,0.1,LocalHost,16288168,2240556,6747140,9541028
593,0.1,LocalHost,16288168,2240820,6747404,9540568
594,0.1,LocalHost,16288168,2240940,6747784,9540708
595,0.1,LocalHost,16288168,2240860,6747448,9540720
596,0.1,LocalHost,16288168,2240852,6747440,9540728
597,0.1,LocalHost,16288168,2240648,6747236,9540932
598,0.1,LocalHost,16288168,2240648,6746944,9541224
599,0.1,LocalHost,16288168,2240196,6746980,9541188
600,0.1,LocalHost,16288168,2240588,6747176,9540992
601,0.1,LocalHost,16288168,2240944,6747532,9540636
602,0.1,LocalHost,16288168,2240936,6747524,9540644
603,0.1,LocalHost,16288168,2241116,6747704,9540464
604,0.1,LocalHost,16288168,2241204,6747792,9540652
605,0.1,LocalHost,16288168,2240400,6746992,9541176
606,0.1,LocalHost,16288168,2240912,6747228,9540940
607,0.1,LocalHost,16288168,2240336,6746928,9541200
608,0.1,LocalHost,16288168,2240312,6746916,9541252
609,0.1,LocalHost,16288168,2240320,6746924,9541244
610,0.1,LocalHost,16288168,2240320,6746924,9541244
611,0.1,LocalHost,16288168,2240296,6746900,9541268
612,0.1,LocalHost,16288168,2240296,6746900,9541268
613,0.1,LocalHost,16288168,2240588,6747452,9540716
614,0.1,LocalHost,16288168,2240928,6747532,9541644
615,0.1,LocalHost,16288168,2242000,6748312,9539460
616,0.1,LocalHost,16288168,2241488,6748352,9540136
617,0.1,LocalHost,16288168,2241568,6748364,9539804
618,0.1,LocalHost,16288168,2241692,6748300,9539868
619,0.1,LocalHost,16288168,2241416,6748028,9540140
620,0.1,LocalHost,16288168,2241464,6748076,9539896
621,0.1,LocalHost,16288168,2241660,6748272,9539896
622,0.1,LocalHost,16288168,2241676,6748288,9539880
623,0.1,LocalHost,16288168,2241520,6747816,9540352
624,0.1,LocalHost,16288168,2241268,6747612,9540848
625,0.1,LocalHost,16288168,2240708,6747516,9540652
626,0.1,LocalHost,16288168,2241652,6748288,9539880
627,0.1,LocalHost,16288168,2241628,6748264,9539904
628,0.1,LocalHost,16288168,2241296,6747932,9540236
629,0.1,LocalHost,16288168,2241296,6747932,9540236
630,0.1,LocalHost,16288168,2241304,6747876,9540292
631,0.1,LocalHost,16288168,2241304,6747940,9540228
632,0.1,LocalHost,16288168,2241272,6747908,9540260
633,0.1,LocalHost,16288168,2241192,6747828,9540340
634,0.1,LocalHost,16288168,2241376,6747980,9540188
635,0.1,LocalHost,16288168,2241124,6747784,9540384
636,0.1,LocalHost,16288168,2241084,6747744,9540424
637,0.1,LocalHost,16288168,2241092,6747752,9540416
638,0.1,LocalHost,16288168,2238596,6745256,9542912
639,0.1,LocalHost,16288168,2241864,6748524,9539644
640,0.1,LocalHost,16288168,2242172,6748516,9539652
641,0.1,LocalHost,16288168,2241608,6748268,9539704
642,0.1,LocalHost,16288168,2242160,6748820,9539348
643,0.1,LocalHost,16288168,2242336,6748264,9539708
644,0.1,LocalHost,16288168,2241348,6748140,9540028
645,0.1,LocalHost,16288168,2241144,6747824,9540644
646,0.1,LocalHost,16288168,2240820,6747612,9540556
647,0.1,LocalHost,16288168,2240796,6747588,9540580
648,0.1,LocalHost,16288168,2240796,6747588,9540580
649,0.1,LocalHost,16288168,2240788,6747580,9540800
650,0.1,LocalHost,16288168,2240752,6747744,9540424
651,0.1,LocalHost,16288168,2241012,6747808,9540360
652,0.1,LocalHost,16288168,2241496,6748308,9539860
653,0.1,LocalHost,16288168,2241520,6748332,9539836
654,0.1,LocalHost,16288168,2241432,6748464,9539704
655,0.1,LocalHost,16288168,2241660,6749128,9539040
656,0.1,LocalHost,16288168,2242508,6749320,9538848
657,0.1,LocalHost,16288168,2242484,6749296,9538872
658,0.1,LocalHost,16288168,2242620,6749432,9538736
659,0.1,LocalHost,16288168,2242652,6749436,9539008
660,0.1,LocalHost,16288168,2241864,6748680,9539788
661,0.1,LocalHost,16288168,2241668,6748484,9539684
662,0.1,LocalHost,16288168,2241668,6748484,9539488
663,0.1,LocalHost,16288168,2241864,6748680,9539488
664,0.1,LocalHost,16288168,2241564,6748040,9540128
665,0.1,LocalHost,16288168,2241504,6748320,9539848
666,0.1,LocalHost,16288168,2241480,6748296,9539872
667,0.1,LocalHost,16288168,2241464,6748288,9539880
668,0.1,LocalHost,16288168,2241464,6748288,9539620
669,0.1,LocalHost,16288168,2241832,6748656,9539796
670,0.1,LocalHost,16288168,2241560,6748400,9539768
671,0.1,LocalHost,16288168,2240864,6747704,9540464
672,0.1,LocalHost,16288168,2240776,6747084,9541084
673,0.1,LocalHost,16288168,2240832,6747684,9540776
674,0.1,LocalHost,16288168,2241044,6747896,9540272
675,0.1,LocalHost,16288168,2241020,6747872,9540296
676,0.1,LocalHost,16288168,2239032,6744876,9539932
677,0.1,LocalHost,16288168,2241440,6748292,9540164
678,0.1,LocalHost,16288168,2241352,6748184,9539984
679,0.1,LocalHost,16288168,2241448,6748316,9539852
680,0.1,LocalHost,16288168,2241164,6748036,9540132
681,0.1,LocalHost,16288168,2241424,6748296,9539676
682,0.1,LocalHost,16288168,2241620,6748160,9540008
683,0.1,LocalHost,16288168,2240376,6747444,9540724
684,0.1,LocalHost,16288168,2240588,6747720,9540448
685,0.1,LocalHost,16288168,2240716,6747588,9540580
686,0.1,LocalHost,16288168,2240976,6747540,9540628
687,0.1,LocalHost,16288168,2240456,6747524,9540644
688,0.1,LocalHost,16288168,2240676,6747548,9540620
689,0.1,LocalHost,16288168,2240652,6747524,9540644
690,0.1,LocalHost,16288168,2241000,6747872,9540288
691,0.1,LocalHost,16288168,2241056,6748124,9540044
692,0.1,LocalHost,16288168,2241252,6748124,9540044
693,0.1,LocalHost,16288168,2241308,6748376,9539792
694,0.1,LocalHost,16288168,2241456,6748328,9539840
695,0.1,LocalHost,16288168,2241504,6748376,9539792
696,0.1,LocalHost,16288168,2241252,6748132,9540036
697,0.1,LocalHost,16288168,2240976,6747872,9540296
698,0.1,LocalHost,16288168,2240992,6747872,9540296
699,0.1,LocalHost,16288168,2240912,6747792,9540376
700,0.1,LocalHost,16288168,2241008,6747888,9540084
701,0.1,LocalHost,16288168,2241292,6748172,9539996
702,0.1,LocalHost,16288168,2241260,6748140,9540028
703,0.1,LocalHost,16288168,2241276,6748156,9540012
704,0.1,LocalHost,16288168,2241016,6747896,9540272
705,0.1,LocalHost,16288168,2241404,6748296,9539872
706,0.1,LocalHost,16288168,2241324,6748216,9539952
